2018-04-14 10:09:08 trace :
------------
String:
<xml><ToUserName><![CDATA[gh_3d9ec5667ec1]]></ToUserName>
<FromUserName><![CDATA[o3hgew70AxLqJ5JT5kcKBMS_ZzD4]]></FromUserName>
<CreateTime>1523671747</CreateTime>
<MsgType><![CDATA[event]]></MsgType>
<Event><![CDATA[user_view_card]]></Event>
<CardId><![CDATA[p3hgewwmNS6lAo0HM97FfGnv638c]]></CardId>
<UserCardCode><![CDATA[525679411487]]></UserCardCode>
<OuterStr><![CDATA[]]></OuterStr>
</xml>

2018-04-14 10:09:08 params :
------------
String:
array (
  'rule' => -2,
  'module' => '',
  'message' => 
  array (
    'tousername' => 'gh_3d9ec5667ec1',
    'fromusername' => 'o3hgew70AxLqJ5JT5kcKBMS_ZzD4',
    'createtime' => '1523671747',
    'msgtype' => 'event',
    'event' => 'user_view_card',
    'cardid' => 'p3hgewwmNS6lAo0HM97FfGnv638c',
    'usercardcode' => '525679411487',
    'outerstr' => '',
    'from' => 'o3hgew70AxLqJ5JT5kcKBMS_ZzD4',
    'to' => 'gh_3d9ec5667ec1',
    'time' => '1523671747',
    'type' => 'event',
  ),
)

2018-04-14 10:09:08 response :
------------

2018-04-14 16:08:13 trace :
------------
String:
<xml><ToUserName><![CDATA[gh_3d9ec5667ec1]]></ToUserName>
<FromUserName><![CDATA[o3hgew7hhXAciTaqihbS0oq8hvQc]]></FromUserName>
<CreateTime>1523693292</CreateTime>
<MsgType><![CDATA[event]]></MsgType>
<Event><![CDATA[user_view_card]]></Event>
<CardId><![CDATA[p3hgew9XkkbkwPgTsmLu8YQw8Ink]]></CardId>
<UserCardCode><![CDATA[000416174095]]></UserCardCode>
<OuterStr><![CDATA[]]></OuterStr>
</xml>

2018-04-14 16:08:13 params :
------------
String:
array (
  'rule' => -2,
  'module' => '',
  'message' => 
  array (
    'tousername' => 'gh_3d9ec5667ec1',
    'fromusername' => 'o3hgew7hhXAciTaqihbS0oq8hvQc',
    'createtime' => '1523693292',
    'msgtype' => 'event',
    'event' => 'user_view_card',
    'cardid' => 'p3hgew9XkkbkwPgTsmLu8YQw8Ink',
    'usercardcode' => '000416174095',
    'outerstr' => '',
    'from' => 'o3hgew7hhXAciTaqihbS0oq8hvQc',
    'to' => 'gh_3d9ec5667ec1',
    'time' => '1523693292',
    'type' => 'event',
  ),
)

2018-04-14 16:08:13 response :
------------

2018-04-14 16:11:34 trace :
------------
String:
<xml><ToUserName><![CDATA[gh_3d9ec5667ec1]]></ToUserName>
<FromUserName><![CDATA[o3hgew9qxMIIl2SLBjBTUKfDldj0]]></FromUserName>
<CreateTime>1523693493</CreateTime>
<MsgType><![CDATA[event]]></MsgType>
<Event><![CDATA[subscribe]]></Event>
<EventKey><![CDATA[]]></EventKey>
</xml>

2018-04-14 16:11:35 params :
------------
String:
array (
  'rule' => -2,
  'module' => '',
  'message' => 
  array (
    'tousername' => 'gh_3d9ec5667ec1',
    'fromusername' => 'o3hgew9qxMIIl2SLBjBTUKfDldj0',
    'createtime' => '1523693493',
    'msgtype' => 'event',
    'event' => 'subscribe',
    'eventkey' => '',
    'from' => 'o3hgew9qxMIIl2SLBjBTUKfDldj0',
    'to' => 'gh_3d9ec5667ec1',
    'time' => '1523693493',
    'type' => 'text',
    'redirection' => true,
    'source' => 'subscribe',
  ),
)

2018-04-14 16:11:35 response :
------------

2018-04-14 21:08:41 trace :
------------
String:
<xml><ToUserName><![CDATA[gh_3d9ec5667ec1]]></ToUserName>
<FromUserName><![CDATA[o3hgewySVyhbM49ZUDzR_xBSqoTQ]]></FromUserName>
<CreateTime>1523711319</CreateTime>
<MsgType><![CDATA[event]]></MsgType>
<Event><![CDATA[LOCATION]]></Event>
<Latitude>23.006216</Latitude>
<Longitude>113.757790</Longitude>
<Precision>29.000000</Precision>
</xml>

2018-04-14 21:08:41 params :
------------
String:
array (
  'message' => 
  array (
    'tousername' => 'gh_3d9ec5667ec1',
    'fromusername' => 'o3hgewySVyhbM49ZUDzR_xBSqoTQ',
    'createtime' => '1523711319',
    'msgtype' => 'event',
    'event' => 'LOCATION',
    'latitude' => '23.006216',
    'longitude' => '113.757790',
    'precision' => '29.000000',
    'from' => 'o3hgewySVyhbM49ZUDzR_xBSqoTQ',
    'to' => 'gh_3d9ec5667ec1',
    'time' => '1523711319',
    'type' => 'trace',
    'location_x' => '23.006216',
    'location_y' => '113.757790',
  ),
  'module' => 'default',
  'rule' => '-1',
)

2018-04-14 21:08:41 response :
------------
Array:
errno : -1 ;
message : Invaild value ;

2018-04-14 21:10:12 trace :
------------
String:
<xml><ToUserName><![CDATA[gh_3d9ec5667ec1]]></ToUserName>
<FromUserName><![CDATA[o3hgewySVyhbM49ZUDzR_xBSqoTQ]]></FromUserName>
<CreateTime>1523711411</CreateTime>
<MsgType><![CDATA[event]]></MsgType>
<Event><![CDATA[LOCATION]]></Event>
<Latitude>23.006210</Latitude>
<Longitude>113.757751</Longitude>
<Precision>29.000000</Precision>
</xml>

2018-04-14 21:10:12 params :
------------
String:
array (
  'message' => 
  array (
    'tousername' => 'gh_3d9ec5667ec1',
    'fromusername' => 'o3hgewySVyhbM49ZUDzR_xBSqoTQ',
    'createtime' => '1523711411',
    'msgtype' => 'event',
    'event' => 'LOCATION',
    'latitude' => '23.006210',
    'longitude' => '113.757751',
    'precision' => '29.000000',
    'from' => 'o3hgewySVyhbM49ZUDzR_xBSqoTQ',
    'to' => 'gh_3d9ec5667ec1',
    'time' => '1523711411',
    'type' => 'trace',
    'location_x' => '23.006210',
    'location_y' => '113.757751',
  ),
  'module' => 'default',
  'rule' => '-1',
)

2018-04-14 21:10:12 response :
------------
Array:
errno : -1 ;
message : Invaild value ;

