2018-03-07 13:36:27 trace :
------------
String:
<xml><ToUserName><![CDATA[gh_3d9ec5667ec1]]></ToUserName>
<FromUserName><![CDATA[o3hgew3sgCdtOBFkQJ5svz0HW7Es]]></FromUserName>
<CreateTime>1520400985</CreateTime>
<MsgType><![CDATA[event]]></MsgType>
<Event><![CDATA[subscribe]]></Event>
<EventKey><![CDATA[]]></EventKey>
</xml>

2018-03-07 13:36:28 params :
------------
String:
array (
  'rule' => -2,
  'module' => '',
  'message' => 
  array (
    'tousername' => 'gh_3d9ec5667ec1',
    'fromusername' => 'o3hgew3sgCdtOBFkQJ5svz0HW7Es',
    'createtime' => '1520400985',
    'msgtype' => 'event',
    'event' => 'subscribe',
    'eventkey' => '',
    'from' => 'o3hgew3sgCdtOBFkQJ5svz0HW7Es',
    'to' => 'gh_3d9ec5667ec1',
    'time' => '1520400985',
    'type' => 'text',
    'redirection' => true,
    'source' => 'subscribe',
  ),
)

2018-03-07 13:36:28 response :
------------

2018-03-07 13:36:30 trace :
------------
String:
<xml><ToUserName><![CDATA[gh_3d9ec5667ec1]]></ToUserName>
<FromUserName><![CDATA[o3hgew3sgCdtOBFkQJ5svz0HW7Es]]></FromUserName>
<CreateTime>1520400989</CreateTime>
<MsgType><![CDATA[event]]></MsgType>
<Event><![CDATA[LOCATION]]></Event>
<Latitude>23.066000</Latitude>
<Longitude>113.093819</Longitude>
<Precision>30.000000</Precision>
</xml>

2018-03-07 13:36:30 params :
------------
String:
array (
  'message' => 
  array (
    'tousername' => 'gh_3d9ec5667ec1',
    'fromusername' => 'o3hgew3sgCdtOBFkQJ5svz0HW7Es',
    'createtime' => '1520400989',
    'msgtype' => 'event',
    'event' => 'LOCATION',
    'latitude' => '23.066000',
    'longitude' => '113.093819',
    'precision' => '30.000000',
    'from' => 'o3hgew3sgCdtOBFkQJ5svz0HW7Es',
    'to' => 'gh_3d9ec5667ec1',
    'time' => '1520400989',
    'type' => 'trace',
    'location_x' => '23.066000',
    'location_y' => '113.093819',
  ),
  'module' => 'default',
  'rule' => '-1',
)

2018-03-07 13:36:30 response :
------------
Array:
errno : -1 ;
message : Invaild value ;

2018-03-07 13:38:34 trace :
------------
String:
<xml><ToUserName><![CDATA[gh_3d9ec5667ec1]]></ToUserName>
<FromUserName><![CDATA[o3hgewzuWuL0hcfk6lPzl4oqw-Yc]]></FromUserName>
<CreateTime>1520401113</CreateTime>
<MsgType><![CDATA[event]]></MsgType>
<Event><![CDATA[subscribe]]></Event>
<EventKey><![CDATA[]]></EventKey>
</xml>

2018-03-07 13:38:34 params :
------------
String:
array (
  'rule' => -2,
  'module' => '',
  'message' => 
  array (
    'tousername' => 'gh_3d9ec5667ec1',
    'fromusername' => 'o3hgewzuWuL0hcfk6lPzl4oqw-Yc',
    'createtime' => '1520401113',
    'msgtype' => 'event',
    'event' => 'subscribe',
    'eventkey' => '',
    'from' => 'o3hgewzuWuL0hcfk6lPzl4oqw-Yc',
    'to' => 'gh_3d9ec5667ec1',
    'time' => '1520401113',
    'type' => 'text',
    'redirection' => true,
    'source' => 'subscribe',
  ),
)

2018-03-07 13:38:34 response :
------------

2018-03-07 13:38:37 trace :
------------
String:
<xml><ToUserName><![CDATA[gh_3d9ec5667ec1]]></ToUserName>
<FromUserName><![CDATA[o3hgewzuWuL0hcfk6lPzl4oqw-Yc]]></FromUserName>
<CreateTime>1520401116</CreateTime>
<MsgType><![CDATA[event]]></MsgType>
<Event><![CDATA[LOCATION]]></Event>
<Latitude>23.065609</Latitude>
<Longitude>113.094109</Longitude>
<Precision>65.000000</Precision>
</xml>

2018-03-07 13:38:37 params :
------------
String:
array (
  'message' => 
  array (
    'tousername' => 'gh_3d9ec5667ec1',
    'fromusername' => 'o3hgewzuWuL0hcfk6lPzl4oqw-Yc',
    'createtime' => '1520401116',
    'msgtype' => 'event',
    'event' => 'LOCATION',
    'latitude' => '23.065609',
    'longitude' => '113.094109',
    'precision' => '65.000000',
    'from' => 'o3hgewzuWuL0hcfk6lPzl4oqw-Yc',
    'to' => 'gh_3d9ec5667ec1',
    'time' => '1520401116',
    'type' => 'trace',
    'location_x' => '23.065609',
    'location_y' => '113.094109',
  ),
  'module' => 'default',
  'rule' => '-1',
)

2018-03-07 13:38:37 response :
------------
Array:
errno : -1 ;
message : Invaild value ;

2018-03-07 13:39:19 trace :
------------
String:
<xml><ToUserName><![CDATA[gh_3d9ec5667ec1]]></ToUserName>
<FromUserName><![CDATA[o3hgew1mMrU3eVN6NGIeJk7Jl0mw]]></FromUserName>
<CreateTime>1520401158</CreateTime>
<MsgType><![CDATA[event]]></MsgType>
<Event><![CDATA[subscribe]]></Event>
<EventKey><![CDATA[]]></EventKey>
</xml>

2018-03-07 13:39:19 params :
------------
String:
array (
  'rule' => -2,
  'module' => '',
  'message' => 
  array (
    'tousername' => 'gh_3d9ec5667ec1',
    'fromusername' => 'o3hgew1mMrU3eVN6NGIeJk7Jl0mw',
    'createtime' => '1520401158',
    'msgtype' => 'event',
    'event' => 'subscribe',
    'eventkey' => '',
    'from' => 'o3hgew1mMrU3eVN6NGIeJk7Jl0mw',
    'to' => 'gh_3d9ec5667ec1',
    'time' => '1520401158',
    'type' => 'text',
    'redirection' => true,
    'source' => 'subscribe',
  ),
)

2018-03-07 13:39:19 response :
------------

2018-03-07 13:39:22 trace :
------------
String:
<xml><ToUserName><![CDATA[gh_3d9ec5667ec1]]></ToUserName>
<FromUserName><![CDATA[o3hgew1mMrU3eVN6NGIeJk7Jl0mw]]></FromUserName>
<CreateTime>1520401161</CreateTime>
<MsgType><![CDATA[event]]></MsgType>
<Event><![CDATA[LOCATION]]></Event>
<Latitude>23.066471</Latitude>
<Longitude>113.093903</Longitude>
<Precision>500.000000</Precision>
</xml>

2018-03-07 13:39:22 params :
------------
String:
array (
  'message' => 
  array (
    'tousername' => 'gh_3d9ec5667ec1',
    'fromusername' => 'o3hgew1mMrU3eVN6NGIeJk7Jl0mw',
    'createtime' => '1520401161',
    'msgtype' => 'event',
    'event' => 'LOCATION',
    'latitude' => '23.066471',
    'longitude' => '113.093903',
    'precision' => '500.000000',
    'from' => 'o3hgew1mMrU3eVN6NGIeJk7Jl0mw',
    'to' => 'gh_3d9ec5667ec1',
    'time' => '1520401161',
    'type' => 'trace',
    'location_x' => '23.066471',
    'location_y' => '113.093903',
  ),
  'module' => 'default',
  'rule' => '-1',
)

2018-03-07 13:39:22 response :
------------
Array:
errno : -1 ;
message : Invaild value ;

2018-03-07 13:41:01 trace :
------------
String:
<xml><ToUserName><![CDATA[gh_3d9ec5667ec1]]></ToUserName>
<FromUserName><![CDATA[o3hgewyflOXajm2ifhBl4AveRE9w]]></FromUserName>
<CreateTime>1520401260</CreateTime>
<MsgType><![CDATA[event]]></MsgType>
<Event><![CDATA[subscribe]]></Event>
<EventKey><![CDATA[]]></EventKey>
</xml>

2018-03-07 13:41:02 params :
------------
String:
array (
  'rule' => -2,
  'module' => '',
  'message' => 
  array (
    'tousername' => 'gh_3d9ec5667ec1',
    'fromusername' => 'o3hgewyflOXajm2ifhBl4AveRE9w',
    'createtime' => '1520401260',
    'msgtype' => 'event',
    'event' => 'subscribe',
    'eventkey' => '',
    'from' => 'o3hgewyflOXajm2ifhBl4AveRE9w',
    'to' => 'gh_3d9ec5667ec1',
    'time' => '1520401260',
    'type' => 'text',
    'redirection' => true,
    'source' => 'subscribe',
  ),
)

2018-03-07 13:41:02 response :
------------

2018-03-07 13:41:08 trace :
------------
String:
<xml><ToUserName><![CDATA[gh_3d9ec5667ec1]]></ToUserName>
<FromUserName><![CDATA[o3hgewyflOXajm2ifhBl4AveRE9w]]></FromUserName>
<CreateTime>1520401267</CreateTime>
<MsgType><![CDATA[event]]></MsgType>
<Event><![CDATA[LOCATION]]></Event>
<Latitude>23.066282</Latitude>
<Longitude>113.093910</Longitude>
<Precision>65.000000</Precision>
</xml>

2018-03-07 13:41:08 params :
------------
String:
array (
  'message' => 
  array (
    'tousername' => 'gh_3d9ec5667ec1',
    'fromusername' => 'o3hgewyflOXajm2ifhBl4AveRE9w',
    'createtime' => '1520401267',
    'msgtype' => 'event',
    'event' => 'LOCATION',
    'latitude' => '23.066282',
    'longitude' => '113.093910',
    'precision' => '65.000000',
    'from' => 'o3hgewyflOXajm2ifhBl4AveRE9w',
    'to' => 'gh_3d9ec5667ec1',
    'time' => '1520401267',
    'type' => 'trace',
    'location_x' => '23.066282',
    'location_y' => '113.093910',
  ),
  'module' => 'default',
  'rule' => '-1',
)

2018-03-07 13:41:08 response :
------------
Array:
errno : -1 ;
message : Invaild value ;

2018-03-07 13:41:23 trace :
------------
String:
<xml><ToUserName><![CDATA[gh_3d9ec5667ec1]]></ToUserName>
<FromUserName><![CDATA[o3hgewyflOXajm2ifhBl4AveRE9w]]></FromUserName>
<CreateTime>1520401282</CreateTime>
<MsgType><![CDATA[event]]></MsgType>
<Event><![CDATA[CLICK]]></Event>
<EventKey><![CDATA[会员卡]]></EventKey>
</xml>

2018-03-07 13:41:23 params :
------------
String:
array (
  'rule' => -2,
  'module' => '',
  'message' => 
  array (
    'tousername' => 'gh_3d9ec5667ec1',
    'fromusername' => 'o3hgewyflOXajm2ifhBl4AveRE9w',
    'createtime' => '1520401282',
    'msgtype' => 'event',
    'event' => 'CLICK',
    'eventkey' => '会员卡',
    'from' => 'o3hgewyflOXajm2ifhBl4AveRE9w',
    'to' => 'gh_3d9ec5667ec1',
    'time' => '1520401282',
    'type' => 'text',
    'content' => '会员卡',
    'redirection' => true,
    'source' => 'click',
  ),
)

2018-03-07 13:41:23 response :
------------

2018-03-07 13:41:28 trace :
------------
String:
<xml><ToUserName><![CDATA[gh_3d9ec5667ec1]]></ToUserName>
<FromUserName><![CDATA[o3hgewyflOXajm2ifhBl4AveRE9w]]></FromUserName>
<CreateTime>1520401287</CreateTime>
<MsgType><![CDATA[event]]></MsgType>
<Event><![CDATA[VIEW]]></Event>
<EventKey><![CDATA[https://wxapp.mctimes.cn/app/index.php?i=1&c=entry&rid=32&do=app_qd&m=meepo_xianchang]]></EventKey>
<MenuId>424736618</MenuId>
</xml>

2018-03-07 13:41:28 params :
------------
String:
array (
  'rule' => -2,
  'module' => '',
  'message' => 
  array (
    'tousername' => 'gh_3d9ec5667ec1',
    'fromusername' => 'o3hgewyflOXajm2ifhBl4AveRE9w',
    'createtime' => '1520401287',
    'msgtype' => 'event',
    'event' => 'VIEW',
    'eventkey' => 'https://wxapp.mctimes.cn/app/index.php?i=1&c=entry&rid=32&do=app_qd&m=meepo_xianchang',
    'menuid' => '424736618',
    'from' => 'o3hgewyflOXajm2ifhBl4AveRE9w',
    'to' => 'gh_3d9ec5667ec1',
    'time' => '1520401287',
    'type' => 'text',
    'content' => 'https://wxapp.mctimes.cn/app/index.php?i=1&c=entry&rid=32&do=app_qd&m=meepo_xianchang',
    'redirection' => true,
    'source' => 'VIEW',
  ),
)

2018-03-07 13:41:28 response :
------------

2018-03-07 13:41:37 trace :
------------
String:
<xml><ToUserName><![CDATA[gh_3d9ec5667ec1]]></ToUserName>
<FromUserName><![CDATA[o3hgewyflOXajm2ifhBl4AveRE9w]]></FromUserName>
<CreateTime>1520401296</CreateTime>
<MsgType><![CDATA[event]]></MsgType>
<Event><![CDATA[CLICK]]></Event>
<EventKey><![CDATA[会员卡]]></EventKey>
</xml>

2018-03-07 13:41:37 params :
------------
String:
array (
  'rule' => -2,
  'module' => '',
  'message' => 
  array (
    'tousername' => 'gh_3d9ec5667ec1',
    'fromusername' => 'o3hgewyflOXajm2ifhBl4AveRE9w',
    'createtime' => '1520401296',
    'msgtype' => 'event',
    'event' => 'CLICK',
    'eventkey' => '会员卡',
    'from' => 'o3hgewyflOXajm2ifhBl4AveRE9w',
    'to' => 'gh_3d9ec5667ec1',
    'time' => '1520401296',
    'type' => 'text',
    'content' => '会员卡',
    'redirection' => true,
    'source' => 'click',
  ),
)

2018-03-07 13:41:37 response :
------------

2018-03-07 13:44:42 trace :
------------
String:
<xml><ToUserName><![CDATA[gh_3d9ec5667ec1]]></ToUserName>
<FromUserName><![CDATA[o3hgewxdUN3i38FwdQZBeHF-wcqs]]></FromUserName>
<CreateTime>1520401481</CreateTime>
<MsgType><![CDATA[event]]></MsgType>
<Event><![CDATA[subscribe]]></Event>
<EventKey><![CDATA[]]></EventKey>
</xml>

2018-03-07 13:44:42 params :
------------
String:
array (
  'rule' => -2,
  'module' => '',
  'message' => 
  array (
    'tousername' => 'gh_3d9ec5667ec1',
    'fromusername' => 'o3hgewxdUN3i38FwdQZBeHF-wcqs',
    'createtime' => '1520401481',
    'msgtype' => 'event',
    'event' => 'subscribe',
    'eventkey' => '',
    'from' => 'o3hgewxdUN3i38FwdQZBeHF-wcqs',
    'to' => 'gh_3d9ec5667ec1',
    'time' => '1520401481',
    'type' => 'text',
    'redirection' => true,
    'source' => 'subscribe',
  ),
)

2018-03-07 13:44:42 response :
------------

2018-03-07 13:47:19 trace :
------------
String:
<xml><ToUserName><![CDATA[gh_3d9ec5667ec1]]></ToUserName>
<FromUserName><![CDATA[o3hgew-mghCad_ZgZH2TN5BU-hIs]]></FromUserName>
<CreateTime>1520401638</CreateTime>
<MsgType><![CDATA[event]]></MsgType>
<Event><![CDATA[subscribe]]></Event>
<EventKey><![CDATA[]]></EventKey>
</xml>

2018-03-07 13:47:19 params :
------------
String:
array (
  'rule' => -2,
  'module' => '',
  'message' => 
  array (
    'tousername' => 'gh_3d9ec5667ec1',
    'fromusername' => 'o3hgew-mghCad_ZgZH2TN5BU-hIs',
    'createtime' => '1520401638',
    'msgtype' => 'event',
    'event' => 'subscribe',
    'eventkey' => '',
    'from' => 'o3hgew-mghCad_ZgZH2TN5BU-hIs',
    'to' => 'gh_3d9ec5667ec1',
    'time' => '1520401638',
    'type' => 'text',
    'redirection' => true,
    'source' => 'subscribe',
  ),
)

2018-03-07 13:47:19 response :
------------

2018-03-07 13:47:22 trace :
------------
String:
<xml><ToUserName><![CDATA[gh_3d9ec5667ec1]]></ToUserName>
<FromUserName><![CDATA[o3hgew-mghCad_ZgZH2TN5BU-hIs]]></FromUserName>
<CreateTime>1520401641</CreateTime>
<MsgType><![CDATA[event]]></MsgType>
<Event><![CDATA[LOCATION]]></Event>
<Latitude>23.066128</Latitude>
<Longitude>113.093933</Longitude>
<Precision>65.000000</Precision>
</xml>

2018-03-07 13:47:22 params :
------------
String:
array (
  'message' => 
  array (
    'tousername' => 'gh_3d9ec5667ec1',
    'fromusername' => 'o3hgew-mghCad_ZgZH2TN5BU-hIs',
    'createtime' => '1520401641',
    'msgtype' => 'event',
    'event' => 'LOCATION',
    'latitude' => '23.066128',
    'longitude' => '113.093933',
    'precision' => '65.000000',
    'from' => 'o3hgew-mghCad_ZgZH2TN5BU-hIs',
    'to' => 'gh_3d9ec5667ec1',
    'time' => '1520401641',
    'type' => 'trace',
    'location_x' => '23.066128',
    'location_y' => '113.093933',
  ),
  'module' => 'default',
  'rule' => '-1',
)

2018-03-07 13:47:22 response :
------------
Array:
errno : -1 ;
message : Invaild value ;

2018-03-07 13:48:40 trace :
------------
String:
<xml><ToUserName><![CDATA[gh_3d9ec5667ec1]]></ToUserName>
<FromUserName><![CDATA[o3hgew8myMEgBozagUqZPBgmGH00]]></FromUserName>
<CreateTime>1520401719</CreateTime>
<MsgType><![CDATA[event]]></MsgType>
<Event><![CDATA[subscribe]]></Event>
<EventKey><![CDATA[]]></EventKey>
</xml>

2018-03-07 13:48:41 params :
------------
String:
array (
  'rule' => -2,
  'module' => '',
  'message' => 
  array (
    'tousername' => 'gh_3d9ec5667ec1',
    'fromusername' => 'o3hgew8myMEgBozagUqZPBgmGH00',
    'createtime' => '1520401719',
    'msgtype' => 'event',
    'event' => 'subscribe',
    'eventkey' => '',
    'from' => 'o3hgew8myMEgBozagUqZPBgmGH00',
    'to' => 'gh_3d9ec5667ec1',
    'time' => '1520401719',
    'type' => 'text',
    'redirection' => true,
    'source' => 'subscribe',
  ),
)

2018-03-07 13:48:41 response :
------------

2018-03-07 13:48:45 trace :
------------
String:
<xml><ToUserName><![CDATA[gh_3d9ec5667ec1]]></ToUserName>
<FromUserName><![CDATA[o3hgew8myMEgBozagUqZPBgmGH00]]></FromUserName>
<CreateTime>1520401724</CreateTime>
<MsgType><![CDATA[event]]></MsgType>
<Event><![CDATA[LOCATION]]></Event>
<Latitude>23.066360</Latitude>
<Longitude>113.093895</Longitude>
<Precision>220.000000</Precision>
</xml>

2018-03-07 13:48:45 params :
------------
String:
array (
  'message' => 
  array (
    'tousername' => 'gh_3d9ec5667ec1',
    'fromusername' => 'o3hgew8myMEgBozagUqZPBgmGH00',
    'createtime' => '1520401724',
    'msgtype' => 'event',
    'event' => 'LOCATION',
    'latitude' => '23.066360',
    'longitude' => '113.093895',
    'precision' => '220.000000',
    'from' => 'o3hgew8myMEgBozagUqZPBgmGH00',
    'to' => 'gh_3d9ec5667ec1',
    'time' => '1520401724',
    'type' => 'trace',
    'location_x' => '23.066360',
    'location_y' => '113.093895',
  ),
  'module' => 'default',
  'rule' => '-1',
)

2018-03-07 13:48:45 response :
------------
Array:
errno : -1 ;
message : Invaild value ;

2018-03-07 13:48:48 trace :
------------
String:
<xml><ToUserName><![CDATA[gh_3d9ec5667ec1]]></ToUserName>
<FromUserName><![CDATA[o3hgew8myMEgBozagUqZPBgmGH00]]></FromUserName>
<CreateTime>1520401727</CreateTime>
<MsgType><![CDATA[event]]></MsgType>
<Event><![CDATA[CLICK]]></Event>
<EventKey><![CDATA[会员卡]]></EventKey>
</xml>

2018-03-07 13:48:48 params :
------------
String:
array (
  'rule' => -2,
  'module' => '',
  'message' => 
  array (
    'tousername' => 'gh_3d9ec5667ec1',
    'fromusername' => 'o3hgew8myMEgBozagUqZPBgmGH00',
    'createtime' => '1520401727',
    'msgtype' => 'event',
    'event' => 'CLICK',
    'eventkey' => '会员卡',
    'from' => 'o3hgew8myMEgBozagUqZPBgmGH00',
    'to' => 'gh_3d9ec5667ec1',
    'time' => '1520401727',
    'type' => 'text',
    'content' => '会员卡',
    'redirection' => true,
    'source' => 'click',
  ),
)

2018-03-07 13:48:48 response :
------------

2018-03-07 13:48:55 trace :
------------
String:
<xml><ToUserName><![CDATA[gh_3d9ec5667ec1]]></ToUserName>
<FromUserName><![CDATA[o3hgew8myMEgBozagUqZPBgmGH00]]></FromUserName>
<CreateTime>1520401734</CreateTime>
<MsgType><![CDATA[event]]></MsgType>
<Event><![CDATA[VIEW]]></Event>
<EventKey><![CDATA[https://wxapp.mctimes.cn/app/index.php?i=1&c=entry&rid=32&do=app_qd&m=meepo_xianchang]]></EventKey>
<MenuId>424736618</MenuId>
</xml>

2018-03-07 13:48:55 params :
------------
String:
array (
  'rule' => -2,
  'module' => '',
  'message' => 
  array (
    'tousername' => 'gh_3d9ec5667ec1',
    'fromusername' => 'o3hgew8myMEgBozagUqZPBgmGH00',
    'createtime' => '1520401734',
    'msgtype' => 'event',
    'event' => 'VIEW',
    'eventkey' => 'https://wxapp.mctimes.cn/app/index.php?i=1&c=entry&rid=32&do=app_qd&m=meepo_xianchang',
    'menuid' => '424736618',
    'from' => 'o3hgew8myMEgBozagUqZPBgmGH00',
    'to' => 'gh_3d9ec5667ec1',
    'time' => '1520401734',
    'type' => 'text',
    'content' => 'https://wxapp.mctimes.cn/app/index.php?i=1&c=entry&rid=32&do=app_qd&m=meepo_xianchang',
    'redirection' => true,
    'source' => 'VIEW',
  ),
)

2018-03-07 13:48:55 response :
------------

2018-03-07 13:49:07 trace :
------------
String:
<xml><ToUserName><![CDATA[gh_3d9ec5667ec1]]></ToUserName>
<FromUserName><![CDATA[o3hgew8myMEgBozagUqZPBgmGH00]]></FromUserName>
<CreateTime>1520401746</CreateTime>
<MsgType><![CDATA[event]]></MsgType>
<Event><![CDATA[LOCATION]]></Event>
<Latitude>23.066360</Latitude>
<Longitude>113.093895</Longitude>
<Precision>220.000000</Precision>
</xml>

2018-03-07 13:49:07 params :
------------
String:
array (
  'message' => 
  array (
    'tousername' => 'gh_3d9ec5667ec1',
    'fromusername' => 'o3hgew8myMEgBozagUqZPBgmGH00',
    'createtime' => '1520401746',
    'msgtype' => 'event',
    'event' => 'LOCATION',
    'latitude' => '23.066360',
    'longitude' => '113.093895',
    'precision' => '220.000000',
    'from' => 'o3hgew8myMEgBozagUqZPBgmGH00',
    'to' => 'gh_3d9ec5667ec1',
    'time' => '1520401746',
    'type' => 'trace',
    'location_x' => '23.066360',
    'location_y' => '113.093895',
  ),
  'module' => 'default',
  'rule' => '-1',
)

2018-03-07 13:49:07 response :
------------
Array:
errno : -1 ;
message : Invaild value ;

2018-03-07 13:52:47 trace :
------------
String:
<xml><ToUserName><![CDATA[gh_3d9ec5667ec1]]></ToUserName>
<FromUserName><![CDATA[o3hgew2Gkdbth2A0RaisOD-XpmG4]]></FromUserName>
<CreateTime>1520401966</CreateTime>
<MsgType><![CDATA[event]]></MsgType>
<Event><![CDATA[subscribe]]></Event>
<EventKey><![CDATA[]]></EventKey>
</xml>

2018-03-07 13:52:47 params :
------------
String:
array (
  'rule' => -2,
  'module' => '',
  'message' => 
  array (
    'tousername' => 'gh_3d9ec5667ec1',
    'fromusername' => 'o3hgew2Gkdbth2A0RaisOD-XpmG4',
    'createtime' => '1520401966',
    'msgtype' => 'event',
    'event' => 'subscribe',
    'eventkey' => '',
    'from' => 'o3hgew2Gkdbth2A0RaisOD-XpmG4',
    'to' => 'gh_3d9ec5667ec1',
    'time' => '1520401966',
    'type' => 'text',
    'redirection' => true,
    'source' => 'subscribe',
  ),
)

2018-03-07 13:52:47 response :
------------

2018-03-07 13:53:06 trace :
------------
String:
<xml><ToUserName><![CDATA[gh_3d9ec5667ec1]]></ToUserName>
<FromUserName><![CDATA[o3hgew2Gkdbth2A0RaisOD-XpmG4]]></FromUserName>
<CreateTime>1520401985</CreateTime>
<MsgType><![CDATA[event]]></MsgType>
<Event><![CDATA[LOCATION]]></Event>
<Latitude>23.065966</Latitude>
<Longitude>113.093826</Longitude>
<Precision>30.000000</Precision>
</xml>

2018-03-07 13:53:06 params :
------------
String:
array (
  'message' => 
  array (
    'tousername' => 'gh_3d9ec5667ec1',
    'fromusername' => 'o3hgew2Gkdbth2A0RaisOD-XpmG4',
    'createtime' => '1520401985',
    'msgtype' => 'event',
    'event' => 'LOCATION',
    'latitude' => '23.065966',
    'longitude' => '113.093826',
    'precision' => '30.000000',
    'from' => 'o3hgew2Gkdbth2A0RaisOD-XpmG4',
    'to' => 'gh_3d9ec5667ec1',
    'time' => '1520401985',
    'type' => 'trace',
    'location_x' => '23.065966',
    'location_y' => '113.093826',
  ),
  'module' => 'default',
  'rule' => '-1',
)

2018-03-07 13:53:06 response :
------------
Array:
errno : -1 ;
message : Invaild value ;

2018-03-07 13:53:26 trace :
------------
String:
<xml><ToUserName><![CDATA[gh_3d9ec5667ec1]]></ToUserName>
<FromUserName><![CDATA[o3hgew2Gkdbth2A0RaisOD-XpmG4]]></FromUserName>
<CreateTime>1520402005</CreateTime>
<MsgType><![CDATA[event]]></MsgType>
<Event><![CDATA[LOCATION]]></Event>
<Latitude>23.065966</Latitude>
<Longitude>113.093826</Longitude>
<Precision>30.000000</Precision>
</xml>

2018-03-07 13:53:26 params :
------------
String:
array (
  'message' => 
  array (
    'tousername' => 'gh_3d9ec5667ec1',
    'fromusername' => 'o3hgew2Gkdbth2A0RaisOD-XpmG4',
    'createtime' => '1520402005',
    'msgtype' => 'event',
    'event' => 'LOCATION',
    'latitude' => '23.065966',
    'longitude' => '113.093826',
    'precision' => '30.000000',
    'from' => 'o3hgew2Gkdbth2A0RaisOD-XpmG4',
    'to' => 'gh_3d9ec5667ec1',
    'time' => '1520402005',
    'type' => 'trace',
    'location_x' => '23.065966',
    'location_y' => '113.093826',
  ),
  'module' => 'default',
  'rule' => '-1',
)

2018-03-07 13:53:26 response :
------------
Array:
errno : -1 ;
message : Invaild value ;

2018-03-07 13:53:33 trace :
------------
String:
<xml><ToUserName><![CDATA[gh_3d9ec5667ec1]]></ToUserName>
<FromUserName><![CDATA[o3hgew2Gkdbth2A0RaisOD-XpmG4]]></FromUserName>
<CreateTime>1520402012</CreateTime>
<MsgType><![CDATA[event]]></MsgType>
<Event><![CDATA[VIEW]]></Event>
<EventKey><![CDATA[https://wxapp.mctimes.cn/app/index.php?i=1&c=entry&rid=32&do=app_qd&m=meepo_xianchang]]></EventKey>
<MenuId>424736618</MenuId>
</xml>

2018-03-07 13:53:33 params :
------------
String:
array (
  'rule' => -2,
  'module' => '',
  'message' => 
  array (
    'tousername' => 'gh_3d9ec5667ec1',
    'fromusername' => 'o3hgew2Gkdbth2A0RaisOD-XpmG4',
    'createtime' => '1520402012',
    'msgtype' => 'event',
    'event' => 'VIEW',
    'eventkey' => 'https://wxapp.mctimes.cn/app/index.php?i=1&c=entry&rid=32&do=app_qd&m=meepo_xianchang',
    'menuid' => '424736618',
    'from' => 'o3hgew2Gkdbth2A0RaisOD-XpmG4',
    'to' => 'gh_3d9ec5667ec1',
    'time' => '1520402012',
    'type' => 'text',
    'content' => 'https://wxapp.mctimes.cn/app/index.php?i=1&c=entry&rid=32&do=app_qd&m=meepo_xianchang',
    'redirection' => true,
    'source' => 'VIEW',
  ),
)

2018-03-07 13:53:33 response :
------------

2018-03-07 13:53:37 trace :
------------
String:
<xml><ToUserName><![CDATA[gh_3d9ec5667ec1]]></ToUserName>
<FromUserName><![CDATA[o3hgew2Gkdbth2A0RaisOD-XpmG4]]></FromUserName>
<CreateTime>1520402016</CreateTime>
<MsgType><![CDATA[event]]></MsgType>
<Event><![CDATA[LOCATION]]></Event>
<Latitude>23.066040</Latitude>
<Longitude>113.093826</Longitude>
<Precision>30.000000</Precision>
</xml>

2018-03-07 13:53:37 params :
------------
String:
array (
  'message' => 
  array (
    'tousername' => 'gh_3d9ec5667ec1',
    'fromusername' => 'o3hgew2Gkdbth2A0RaisOD-XpmG4',
    'createtime' => '1520402016',
    'msgtype' => 'event',
    'event' => 'LOCATION',
    'latitude' => '23.066040',
    'longitude' => '113.093826',
    'precision' => '30.000000',
    'from' => 'o3hgew2Gkdbth2A0RaisOD-XpmG4',
    'to' => 'gh_3d9ec5667ec1',
    'time' => '1520402016',
    'type' => 'trace',
    'location_x' => '23.066040',
    'location_y' => '113.093826',
  ),
  'module' => 'default',
  'rule' => '-1',
)

2018-03-07 13:53:37 response :
------------
Array:
errno : -1 ;
message : Invaild value ;

2018-03-07 13:53:38 trace :
------------
String:
<xml><ToUserName><![CDATA[gh_3d9ec5667ec1]]></ToUserName>
<FromUserName><![CDATA[o3hgew2Gkdbth2A0RaisOD-XpmG4]]></FromUserName>
<CreateTime>1520402017</CreateTime>
<MsgType><![CDATA[event]]></MsgType>
<Event><![CDATA[CLICK]]></Event>
<EventKey><![CDATA[会员卡]]></EventKey>
</xml>

2018-03-07 13:53:38 params :
------------
String:
array (
  'rule' => -2,
  'module' => '',
  'message' => 
  array (
    'tousername' => 'gh_3d9ec5667ec1',
    'fromusername' => 'o3hgew2Gkdbth2A0RaisOD-XpmG4',
    'createtime' => '1520402017',
    'msgtype' => 'event',
    'event' => 'CLICK',
    'eventkey' => '会员卡',
    'from' => 'o3hgew2Gkdbth2A0RaisOD-XpmG4',
    'to' => 'gh_3d9ec5667ec1',
    'time' => '1520402017',
    'type' => 'text',
    'content' => '会员卡',
    'redirection' => true,
    'source' => 'click',
  ),
)

2018-03-07 13:53:38 response :
------------

2018-03-07 13:53:40 trace :
------------
String:
<xml><ToUserName><![CDATA[gh_3d9ec5667ec1]]></ToUserName>
<FromUserName><![CDATA[o3hgew2Gkdbth2A0RaisOD-XpmG4]]></FromUserName>
<CreateTime>1520402019</CreateTime>
<MsgType><![CDATA[event]]></MsgType>
<Event><![CDATA[CLICK]]></Event>
<EventKey><![CDATA[会员卡]]></EventKey>
</xml>

2018-03-07 13:53:40 params :
------------
String:
array (
  'rule' => -2,
  'module' => '',
  'message' => 
  array (
    'tousername' => 'gh_3d9ec5667ec1',
    'fromusername' => 'o3hgew2Gkdbth2A0RaisOD-XpmG4',
    'createtime' => '1520402019',
    'msgtype' => 'event',
    'event' => 'CLICK',
    'eventkey' => '会员卡',
    'from' => 'o3hgew2Gkdbth2A0RaisOD-XpmG4',
    'to' => 'gh_3d9ec5667ec1',
    'time' => '1520402019',
    'type' => 'text',
    'content' => '会员卡',
    'redirection' => true,
    'source' => 'click',
  ),
)

2018-03-07 13:53:40 response :
------------

2018-03-07 13:57:49 trace :
------------
String:
<xml><ToUserName><![CDATA[gh_3d9ec5667ec1]]></ToUserName>
<FromUserName><![CDATA[o3hgewywjbawXzsZbvoJgngP9PcA]]></FromUserName>
<CreateTime>1520402268</CreateTime>
<MsgType><![CDATA[event]]></MsgType>
<Event><![CDATA[subscribe]]></Event>
<EventKey><![CDATA[]]></EventKey>
</xml>

2018-03-07 13:57:49 params :
------------
String:
array (
  'rule' => -2,
  'module' => '',
  'message' => 
  array (
    'tousername' => 'gh_3d9ec5667ec1',
    'fromusername' => 'o3hgewywjbawXzsZbvoJgngP9PcA',
    'createtime' => '1520402268',
    'msgtype' => 'event',
    'event' => 'subscribe',
    'eventkey' => '',
    'from' => 'o3hgewywjbawXzsZbvoJgngP9PcA',
    'to' => 'gh_3d9ec5667ec1',
    'time' => '1520402268',
    'type' => 'text',
    'redirection' => true,
    'source' => 'subscribe',
  ),
)

2018-03-07 13:57:49 response :
------------

2018-03-07 13:57:54 trace :
------------
String:
<xml><ToUserName><![CDATA[gh_3d9ec5667ec1]]></ToUserName>
<FromUserName><![CDATA[o3hgewywjbawXzsZbvoJgngP9PcA]]></FromUserName>
<CreateTime>1520402273</CreateTime>
<MsgType><![CDATA[event]]></MsgType>
<Event><![CDATA[LOCATION]]></Event>
<Latitude>23.066000</Latitude>
<Longitude>113.093803</Longitude>
<Precision>30.000000</Precision>
</xml>

2018-03-07 13:57:54 params :
------------
String:
array (
  'message' => 
  array (
    'tousername' => 'gh_3d9ec5667ec1',
    'fromusername' => 'o3hgewywjbawXzsZbvoJgngP9PcA',
    'createtime' => '1520402273',
    'msgtype' => 'event',
    'event' => 'LOCATION',
    'latitude' => '23.066000',
    'longitude' => '113.093803',
    'precision' => '30.000000',
    'from' => 'o3hgewywjbawXzsZbvoJgngP9PcA',
    'to' => 'gh_3d9ec5667ec1',
    'time' => '1520402273',
    'type' => 'trace',
    'location_x' => '23.066000',
    'location_y' => '113.093803',
  ),
  'module' => 'default',
  'rule' => '-1',
)

2018-03-07 13:57:54 response :
------------
Array:
errno : -1 ;
message : Invaild value ;

2018-03-07 13:57:58 trace :
------------
String:
<xml><ToUserName><![CDATA[gh_3d9ec5667ec1]]></ToUserName>
<FromUserName><![CDATA[o3hgewywjbawXzsZbvoJgngP9PcA]]></FromUserName>
<CreateTime>1520402277</CreateTime>
<MsgType><![CDATA[event]]></MsgType>
<Event><![CDATA[CLICK]]></Event>
<EventKey><![CDATA[会员卡]]></EventKey>
</xml>

2018-03-07 13:57:58 params :
------------
String:
array (
  'rule' => -2,
  'module' => '',
  'message' => 
  array (
    'tousername' => 'gh_3d9ec5667ec1',
    'fromusername' => 'o3hgewywjbawXzsZbvoJgngP9PcA',
    'createtime' => '1520402277',
    'msgtype' => 'event',
    'event' => 'CLICK',
    'eventkey' => '会员卡',
    'from' => 'o3hgewywjbawXzsZbvoJgngP9PcA',
    'to' => 'gh_3d9ec5667ec1',
    'time' => '1520402277',
    'type' => 'text',
    'content' => '会员卡',
    'redirection' => true,
    'source' => 'click',
  ),
)

2018-03-07 13:57:58 response :
------------

2018-03-07 13:58:07 trace :
------------
String:
<xml><ToUserName><![CDATA[gh_3d9ec5667ec1]]></ToUserName>
<FromUserName><![CDATA[o3hgewywjbawXzsZbvoJgngP9PcA]]></FromUserName>
<CreateTime>1520402286</CreateTime>
<MsgType><![CDATA[event]]></MsgType>
<Event><![CDATA[VIEW]]></Event>
<EventKey><![CDATA[https://wxapp.mctimes.cn/app/index.php?i=1&c=entry&rid=32&do=app_qd&m=meepo_xianchang]]></EventKey>
<MenuId>424736618</MenuId>
</xml>

2018-03-07 13:58:07 params :
------------
String:
array (
  'rule' => -2,
  'module' => '',
  'message' => 
  array (
    'tousername' => 'gh_3d9ec5667ec1',
    'fromusername' => 'o3hgewywjbawXzsZbvoJgngP9PcA',
    'createtime' => '1520402286',
    'msgtype' => 'event',
    'event' => 'VIEW',
    'eventkey' => 'https://wxapp.mctimes.cn/app/index.php?i=1&c=entry&rid=32&do=app_qd&m=meepo_xianchang',
    'menuid' => '424736618',
    'from' => 'o3hgewywjbawXzsZbvoJgngP9PcA',
    'to' => 'gh_3d9ec5667ec1',
    'time' => '1520402286',
    'type' => 'text',
    'content' => 'https://wxapp.mctimes.cn/app/index.php?i=1&c=entry&rid=32&do=app_qd&m=meepo_xianchang',
    'redirection' => true,
    'source' => 'VIEW',
  ),
)

2018-03-07 13:58:07 response :
------------

2018-03-07 13:58:21 trace :
------------
String:
<xml><ToUserName><![CDATA[gh_3d9ec5667ec1]]></ToUserName>
<FromUserName><![CDATA[o3hgewywjbawXzsZbvoJgngP9PcA]]></FromUserName>
<CreateTime>1520402300</CreateTime>
<MsgType><![CDATA[event]]></MsgType>
<Event><![CDATA[LOCATION]]></Event>
<Latitude>23.066000</Latitude>
<Longitude>113.093803</Longitude>
<Precision>30.000000</Precision>
</xml>

2018-03-07 13:58:21 params :
------------
String:
array (
  'message' => 
  array (
    'tousername' => 'gh_3d9ec5667ec1',
    'fromusername' => 'o3hgewywjbawXzsZbvoJgngP9PcA',
    'createtime' => '1520402300',
    'msgtype' => 'event',
    'event' => 'LOCATION',
    'latitude' => '23.066000',
    'longitude' => '113.093803',
    'precision' => '30.000000',
    'from' => 'o3hgewywjbawXzsZbvoJgngP9PcA',
    'to' => 'gh_3d9ec5667ec1',
    'time' => '1520402300',
    'type' => 'trace',
    'location_x' => '23.066000',
    'location_y' => '113.093803',
  ),
  'module' => 'default',
  'rule' => '-1',
)

2018-03-07 13:58:21 response :
------------
Array:
errno : -1 ;
message : Invaild value ;

2018-03-07 13:58:45 trace :
------------
String:
<xml><ToUserName><![CDATA[gh_3d9ec5667ec1]]></ToUserName>
<FromUserName><![CDATA[o3hgewywjbawXzsZbvoJgngP9PcA]]></FromUserName>
<CreateTime>1520402324</CreateTime>
<MsgType><![CDATA[event]]></MsgType>
<Event><![CDATA[LOCATION]]></Event>
<Latitude>23.066000</Latitude>
<Longitude>113.093803</Longitude>
<Precision>30.000000</Precision>
</xml>

2018-03-07 13:58:45 params :
------------
String:
array (
  'message' => 
  array (
    'tousername' => 'gh_3d9ec5667ec1',
    'fromusername' => 'o3hgewywjbawXzsZbvoJgngP9PcA',
    'createtime' => '1520402324',
    'msgtype' => 'event',
    'event' => 'LOCATION',
    'latitude' => '23.066000',
    'longitude' => '113.093803',
    'precision' => '30.000000',
    'from' => 'o3hgewywjbawXzsZbvoJgngP9PcA',
    'to' => 'gh_3d9ec5667ec1',
    'time' => '1520402324',
    'type' => 'trace',
    'location_x' => '23.066000',
    'location_y' => '113.093803',
  ),
  'module' => 'default',
  'rule' => '-1',
)

2018-03-07 13:58:45 response :
------------
Array:
errno : -1 ;
message : Invaild value ;

2018-03-07 14:06:05 trace :
------------
String:
<xml><ToUserName><![CDATA[gh_3d9ec5667ec1]]></ToUserName>
<FromUserName><![CDATA[o3hgew82fHk2OHmlev1pKmyJr9g0]]></FromUserName>
<CreateTime>1520402764</CreateTime>
<MsgType><![CDATA[event]]></MsgType>
<Event><![CDATA[subscribe]]></Event>
<EventKey><![CDATA[]]></EventKey>
</xml>

2018-03-07 14:06:05 params :
------------
String:
array (
  'rule' => -2,
  'module' => '',
  'message' => 
  array (
    'tousername' => 'gh_3d9ec5667ec1',
    'fromusername' => 'o3hgew82fHk2OHmlev1pKmyJr9g0',
    'createtime' => '1520402764',
    'msgtype' => 'event',
    'event' => 'subscribe',
    'eventkey' => '',
    'from' => 'o3hgew82fHk2OHmlev1pKmyJr9g0',
    'to' => 'gh_3d9ec5667ec1',
    'time' => '1520402764',
    'type' => 'text',
    'redirection' => true,
    'source' => 'subscribe',
  ),
)

2018-03-07 14:06:05 response :
------------

2018-03-07 14:06:09 trace :
------------
String:
<xml><ToUserName><![CDATA[gh_3d9ec5667ec1]]></ToUserName>
<FromUserName><![CDATA[o3hgew82fHk2OHmlev1pKmyJr9g0]]></FromUserName>
<CreateTime>1520402767</CreateTime>
<MsgType><![CDATA[event]]></MsgType>
<Event><![CDATA[LOCATION]]></Event>
<Latitude>23.065969</Latitude>
<Longitude>113.093834</Longitude>
<Precision>30.000000</Precision>
</xml>

2018-03-07 14:06:09 params :
------------
String:
array (
  'message' => 
  array (
    'tousername' => 'gh_3d9ec5667ec1',
    'fromusername' => 'o3hgew82fHk2OHmlev1pKmyJr9g0',
    'createtime' => '1520402767',
    'msgtype' => 'event',
    'event' => 'LOCATION',
    'latitude' => '23.065969',
    'longitude' => '113.093834',
    'precision' => '30.000000',
    'from' => 'o3hgew82fHk2OHmlev1pKmyJr9g0',
    'to' => 'gh_3d9ec5667ec1',
    'time' => '1520402767',
    'type' => 'trace',
    'location_x' => '23.065969',
    'location_y' => '113.093834',
  ),
  'module' => 'default',
  'rule' => '-1',
)

2018-03-07 14:06:09 response :
------------
Array:
errno : -1 ;
message : Invaild value ;

2018-03-07 14:13:43 trace :
------------
String:
<xml><ToUserName><![CDATA[gh_3d9ec5667ec1]]></ToUserName>
<FromUserName><![CDATA[o3hgew2A5DMa_AQS1FFVRl7B0-2I]]></FromUserName>
<CreateTime>1520403222</CreateTime>
<MsgType><![CDATA[event]]></MsgType>
<Event><![CDATA[subscribe]]></Event>
<EventKey><![CDATA[]]></EventKey>
</xml>

2018-03-07 14:13:44 params :
------------
String:
array (
  'rule' => -2,
  'module' => '',
  'message' => 
  array (
    'tousername' => 'gh_3d9ec5667ec1',
    'fromusername' => 'o3hgew2A5DMa_AQS1FFVRl7B0-2I',
    'createtime' => '1520403222',
    'msgtype' => 'event',
    'event' => 'subscribe',
    'eventkey' => '',
    'from' => 'o3hgew2A5DMa_AQS1FFVRl7B0-2I',
    'to' => 'gh_3d9ec5667ec1',
    'time' => '1520403222',
    'type' => 'text',
    'redirection' => true,
    'source' => 'subscribe',
  ),
)

2018-03-07 14:13:44 response :
------------

2018-03-07 14:13:47 trace :
------------
String:
<xml><ToUserName><![CDATA[gh_3d9ec5667ec1]]></ToUserName>
<FromUserName><![CDATA[o3hgew2A5DMa_AQS1FFVRl7B0-2I]]></FromUserName>
<CreateTime>1520403226</CreateTime>
<MsgType><![CDATA[event]]></MsgType>
<Event><![CDATA[LOCATION]]></Event>
<Latitude>23.066069</Latitude>
<Longitude>113.093895</Longitude>
<Precision>65.000000</Precision>
</xml>

2018-03-07 14:13:47 params :
------------
String:
array (
  'message' => 
  array (
    'tousername' => 'gh_3d9ec5667ec1',
    'fromusername' => 'o3hgew2A5DMa_AQS1FFVRl7B0-2I',
    'createtime' => '1520403226',
    'msgtype' => 'event',
    'event' => 'LOCATION',
    'latitude' => '23.066069',
    'longitude' => '113.093895',
    'precision' => '65.000000',
    'from' => 'o3hgew2A5DMa_AQS1FFVRl7B0-2I',
    'to' => 'gh_3d9ec5667ec1',
    'time' => '1520403226',
    'type' => 'trace',
    'location_x' => '23.066069',
    'location_y' => '113.093895',
  ),
  'module' => 'default',
  'rule' => '-1',
)

2018-03-07 14:13:47 response :
------------
Array:
errno : -1 ;
message : Invaild value ;

2018-03-07 14:13:50 trace :
------------
String:
<xml><ToUserName><![CDATA[gh_3d9ec5667ec1]]></ToUserName>
<FromUserName><![CDATA[o3hgew2A5DMa_AQS1FFVRl7B0-2I]]></FromUserName>
<CreateTime>1520403229</CreateTime>
<MsgType><![CDATA[event]]></MsgType>
<Event><![CDATA[CLICK]]></Event>
<EventKey><![CDATA[会员卡]]></EventKey>
</xml>

2018-03-07 14:13:50 params :
------------
String:
array (
  'rule' => -2,
  'module' => '',
  'message' => 
  array (
    'tousername' => 'gh_3d9ec5667ec1',
    'fromusername' => 'o3hgew2A5DMa_AQS1FFVRl7B0-2I',
    'createtime' => '1520403229',
    'msgtype' => 'event',
    'event' => 'CLICK',
    'eventkey' => '会员卡',
    'from' => 'o3hgew2A5DMa_AQS1FFVRl7B0-2I',
    'to' => 'gh_3d9ec5667ec1',
    'time' => '1520403229',
    'type' => 'text',
    'content' => '会员卡',
    'redirection' => true,
    'source' => 'click',
  ),
)

2018-03-07 14:13:50 response :
------------

2018-03-07 14:28:42 trace :
------------
String:
<xml><ToUserName><![CDATA[gh_3d9ec5667ec1]]></ToUserName>
<FromUserName><![CDATA[o3hgew3ls1-kUnKmrPaNq1EMnJ-Y]]></FromUserName>
<CreateTime>1520404121</CreateTime>
<MsgType><![CDATA[event]]></MsgType>
<Event><![CDATA[subscribe]]></Event>
<EventKey><![CDATA[]]></EventKey>
</xml>

2018-03-07 14:28:43 params :
------------
String:
array (
  'rule' => -2,
  'module' => '',
  'message' => 
  array (
    'tousername' => 'gh_3d9ec5667ec1',
    'fromusername' => 'o3hgew3ls1-kUnKmrPaNq1EMnJ-Y',
    'createtime' => '1520404121',
    'msgtype' => 'event',
    'event' => 'subscribe',
    'eventkey' => '',
    'from' => 'o3hgew3ls1-kUnKmrPaNq1EMnJ-Y',
    'to' => 'gh_3d9ec5667ec1',
    'time' => '1520404121',
    'type' => 'text',
    'redirection' => true,
    'source' => 'subscribe',
  ),
)

2018-03-07 14:28:43 response :
------------

2018-03-07 15:29:17 trace :
------------
String:
<xml><ToUserName><![CDATA[gh_3d9ec5667ec1]]></ToUserName>
<FromUserName><![CDATA[o3hgewz8kNOVN0PREnsusgS9oNWs]]></FromUserName>
<CreateTime>1520407756</CreateTime>
<MsgType><![CDATA[event]]></MsgType>
<Event><![CDATA[subscribe]]></Event>
<EventKey><![CDATA[]]></EventKey>
</xml>

2018-03-07 15:29:18 params :
------------
String:
array (
  'rule' => -2,
  'module' => '',
  'message' => 
  array (
    'tousername' => 'gh_3d9ec5667ec1',
    'fromusername' => 'o3hgewz8kNOVN0PREnsusgS9oNWs',
    'createtime' => '1520407756',
    'msgtype' => 'event',
    'event' => 'subscribe',
    'eventkey' => '',
    'from' => 'o3hgewz8kNOVN0PREnsusgS9oNWs',
    'to' => 'gh_3d9ec5667ec1',
    'time' => '1520407756',
    'type' => 'text',
    'redirection' => true,
    'source' => 'subscribe',
  ),
)

2018-03-07 15:29:18 response :
------------

2018-03-07 15:29:19 trace :
------------
String:
<xml><ToUserName><![CDATA[gh_3d9ec5667ec1]]></ToUserName>
<FromUserName><![CDATA[o3hgewz8kNOVN0PREnsusgS9oNWs]]></FromUserName>
<CreateTime>1520407758</CreateTime>
<MsgType><![CDATA[event]]></MsgType>
<Event><![CDATA[LOCATION]]></Event>
<Latitude>23.066460</Latitude>
<Longitude>113.093895</Longitude>
<Precision>220.000000</Precision>
</xml>

2018-03-07 15:29:19 params :
------------
String:
array (
  'message' => 
  array (
    'tousername' => 'gh_3d9ec5667ec1',
    'fromusername' => 'o3hgewz8kNOVN0PREnsusgS9oNWs',
    'createtime' => '1520407758',
    'msgtype' => 'event',
    'event' => 'LOCATION',
    'latitude' => '23.066460',
    'longitude' => '113.093895',
    'precision' => '220.000000',
    'from' => 'o3hgewz8kNOVN0PREnsusgS9oNWs',
    'to' => 'gh_3d9ec5667ec1',
    'time' => '1520407758',
    'type' => 'trace',
    'location_x' => '23.066460',
    'location_y' => '113.093895',
  ),
  'module' => 'default',
  'rule' => '-1',
)

2018-03-07 15:29:19 response :
------------
Array:
errno : -1 ;
message : Invaild value ;

2018-03-07 15:29:21 trace :
------------
String:
<xml><ToUserName><![CDATA[gh_3d9ec5667ec1]]></ToUserName>
<FromUserName><![CDATA[o3hgewz8kNOVN0PREnsusgS9oNWs]]></FromUserName>
<CreateTime>1520407760</CreateTime>
<MsgType><![CDATA[event]]></MsgType>
<Event><![CDATA[CLICK]]></Event>
<EventKey><![CDATA[会员卡]]></EventKey>
</xml>

2018-03-07 15:29:21 params :
------------
String:
array (
  'rule' => -2,
  'module' => '',
  'message' => 
  array (
    'tousername' => 'gh_3d9ec5667ec1',
    'fromusername' => 'o3hgewz8kNOVN0PREnsusgS9oNWs',
    'createtime' => '1520407760',
    'msgtype' => 'event',
    'event' => 'CLICK',
    'eventkey' => '会员卡',
    'from' => 'o3hgewz8kNOVN0PREnsusgS9oNWs',
    'to' => 'gh_3d9ec5667ec1',
    'time' => '1520407760',
    'type' => 'text',
    'content' => '会员卡',
    'redirection' => true,
    'source' => 'click',
  ),
)

2018-03-07 15:29:21 response :
------------

2018-03-07 16:14:38 trace :
------------
String:
<xml><ToUserName><![CDATA[gh_3d9ec5667ec1]]></ToUserName>
<FromUserName><![CDATA[o3hgew42zOSCUPEmBPShIu3erHds]]></FromUserName>
<CreateTime>1520410477</CreateTime>
<MsgType><![CDATA[event]]></MsgType>
<Event><![CDATA[subscribe]]></Event>
<EventKey><![CDATA[]]></EventKey>
</xml>

2018-03-07 16:14:39 params :
------------
String:
array (
  'rule' => -2,
  'module' => '',
  'message' => 
  array (
    'tousername' => 'gh_3d9ec5667ec1',
    'fromusername' => 'o3hgew42zOSCUPEmBPShIu3erHds',
    'createtime' => '1520410477',
    'msgtype' => 'event',
    'event' => 'subscribe',
    'eventkey' => '',
    'from' => 'o3hgew42zOSCUPEmBPShIu3erHds',
    'to' => 'gh_3d9ec5667ec1',
    'time' => '1520410477',
    'type' => 'text',
    'redirection' => true,
    'source' => 'subscribe',
  ),
)

2018-03-07 16:14:39 response :
------------

2018-03-07 16:14:44 trace :
------------
String:
<xml><ToUserName><![CDATA[gh_3d9ec5667ec1]]></ToUserName>
<FromUserName><![CDATA[o3hgew42zOSCUPEmBPShIu3erHds]]></FromUserName>
<CreateTime>1520410483</CreateTime>
<MsgType><![CDATA[event]]></MsgType>
<Event><![CDATA[VIEW]]></Event>
<EventKey><![CDATA[https://wxapp.mctimes.cn/app/index.php?i=1&c=entry&rid=32&do=app_qd&m=meepo_xianchang]]></EventKey>
<MenuId>424736618</MenuId>
</xml>

2018-03-07 16:14:44 params :
------------
String:
array (
  'rule' => -2,
  'module' => '',
  'message' => 
  array (
    'tousername' => 'gh_3d9ec5667ec1',
    'fromusername' => 'o3hgew42zOSCUPEmBPShIu3erHds',
    'createtime' => '1520410483',
    'msgtype' => 'event',
    'event' => 'VIEW',
    'eventkey' => 'https://wxapp.mctimes.cn/app/index.php?i=1&c=entry&rid=32&do=app_qd&m=meepo_xianchang',
    'menuid' => '424736618',
    'from' => 'o3hgew42zOSCUPEmBPShIu3erHds',
    'to' => 'gh_3d9ec5667ec1',
    'time' => '1520410483',
    'type' => 'text',
    'content' => 'https://wxapp.mctimes.cn/app/index.php?i=1&c=entry&rid=32&do=app_qd&m=meepo_xianchang',
    'redirection' => true,
    'source' => 'VIEW',
  ),
)

2018-03-07 16:14:44 response :
------------

2018-03-07 21:58:39 trace :
------------
String:
<xml><ToUserName><![CDATA[gh_3d9ec5667ec1]]></ToUserName>
<FromUserName><![CDATA[o3hgewywjbawXzsZbvoJgngP9PcA]]></FromUserName>
<CreateTime>1520431117</CreateTime>
<MsgType><![CDATA[event]]></MsgType>
<Event><![CDATA[CLICK]]></Event>
<EventKey><![CDATA[会员卡]]></EventKey>
</xml>

2018-03-07 21:58:39 params :
------------
String:
array (
  'rule' => -2,
  'module' => '',
  'message' => 
  array (
    'tousername' => 'gh_3d9ec5667ec1',
    'fromusername' => 'o3hgewywjbawXzsZbvoJgngP9PcA',
    'createtime' => '1520431117',
    'msgtype' => 'event',
    'event' => 'CLICK',
    'eventkey' => '会员卡',
    'from' => 'o3hgewywjbawXzsZbvoJgngP9PcA',
    'to' => 'gh_3d9ec5667ec1',
    'time' => '1520431117',
    'type' => 'text',
    'content' => '会员卡',
    'redirection' => true,
    'source' => 'click',
  ),
)

2018-03-07 21:58:39 response :
------------

2018-03-07 21:58:39 trace :
------------
String:
<xml><ToUserName><![CDATA[gh_3d9ec5667ec1]]></ToUserName>
<FromUserName><![CDATA[o3hgewywjbawXzsZbvoJgngP9PcA]]></FromUserName>
<CreateTime>1520431118</CreateTime>
<MsgType><![CDATA[event]]></MsgType>
<Event><![CDATA[LOCATION]]></Event>
<Latitude>23.133032</Latitude>
<Longitude>113.075600</Longitude>
<Precision>110.000000</Precision>
</xml>

2018-03-07 21:58:39 params :
------------
String:
array (
  'message' => 
  array (
    'tousername' => 'gh_3d9ec5667ec1',
    'fromusername' => 'o3hgewywjbawXzsZbvoJgngP9PcA',
    'createtime' => '1520431118',
    'msgtype' => 'event',
    'event' => 'LOCATION',
    'latitude' => '23.133032',
    'longitude' => '113.075600',
    'precision' => '110.000000',
    'from' => 'o3hgewywjbawXzsZbvoJgngP9PcA',
    'to' => 'gh_3d9ec5667ec1',
    'time' => '1520431118',
    'type' => 'trace',
    'location_x' => '23.133032',
    'location_y' => '113.075600',
  ),
  'module' => 'default',
  'rule' => '-1',
)

2018-03-07 21:58:39 response :
------------
Array:
errno : -1 ;
message : Invaild value ;

2018-03-07 21:58:57 trace :
------------
String:
<xml><ToUserName><![CDATA[gh_3d9ec5667ec1]]></ToUserName>
<FromUserName><![CDATA[o3hgewywjbawXzsZbvoJgngP9PcA]]></FromUserName>
<CreateTime>1520431135</CreateTime>
<MsgType><![CDATA[event]]></MsgType>
<Event><![CDATA[unsubscribe]]></Event>
<EventKey><![CDATA[]]></EventKey>
</xml>

