2018-04-25 07:26:13 trace :
------------
String:
<xml><ToUserName><![CDATA[gh_3d9ec5667ec1]]></ToUserName>
<FromUserName><![CDATA[o3hgew70AxLqJ5JT5kcKBMS_ZzD4]]></FromUserName>
<CreateTime>1524612372</CreateTime>
<MsgType><![CDATA[event]]></MsgType>
<Event><![CDATA[user_view_card]]></Event>
<CardId><![CDATA[p3hgewwmNS6lAo0HM97FfGnv638c]]></CardId>
<UserCardCode><![CDATA[525679411487]]></UserCardCode>
<OuterStr><![CDATA[]]></OuterStr>
</xml>

2018-04-25 07:26:13 params :
------------
String:
array (
  'rule' => -2,
  'module' => '',
  'message' => 
  array (
    'tousername' => 'gh_3d9ec5667ec1',
    'fromusername' => 'o3hgew70AxLqJ5JT5kcKBMS_ZzD4',
    'createtime' => '1524612372',
    'msgtype' => 'event',
    'event' => 'user_view_card',
    'cardid' => 'p3hgewwmNS6lAo0HM97FfGnv638c',
    'usercardcode' => '525679411487',
    'outerstr' => '',
    'from' => 'o3hgew70AxLqJ5JT5kcKBMS_ZzD4',
    'to' => 'gh_3d9ec5667ec1',
    'time' => '1524612372',
    'type' => 'event',
  ),
)

2018-04-25 07:26:13 response :
------------

2018-04-25 07:26:30 trace :
------------
String:
<xml><ToUserName><![CDATA[gh_3d9ec5667ec1]]></ToUserName>
<FromUserName><![CDATA[o3hgew70AxLqJ5JT5kcKBMS_ZzD4]]></FromUserName>
<CreateTime>1524612389</CreateTime>
<MsgType><![CDATA[event]]></MsgType>
<Event><![CDATA[user_view_card]]></Event>
<CardId><![CDATA[p3hgewwmNS6lAo0HM97FfGnv638c]]></CardId>
<UserCardCode><![CDATA[525679411487]]></UserCardCode>
<OuterStr><![CDATA[]]></OuterStr>
</xml>

2018-04-25 07:26:30 params :
------------
String:
array (
  'rule' => -2,
  'module' => '',
  'message' => 
  array (
    'tousername' => 'gh_3d9ec5667ec1',
    'fromusername' => 'o3hgew70AxLqJ5JT5kcKBMS_ZzD4',
    'createtime' => '1524612389',
    'msgtype' => 'event',
    'event' => 'user_view_card',
    'cardid' => 'p3hgewwmNS6lAo0HM97FfGnv638c',
    'usercardcode' => '525679411487',
    'outerstr' => '',
    'from' => 'o3hgew70AxLqJ5JT5kcKBMS_ZzD4',
    'to' => 'gh_3d9ec5667ec1',
    'time' => '1524612389',
    'type' => 'event',
  ),
)

2018-04-25 07:26:30 response :
------------

2018-04-25 14:34:59 trace :
------------
String:
<xml><ToUserName><![CDATA[gh_3d9ec5667ec1]]></ToUserName>
<FromUserName><![CDATA[o3hgewyWLu-npnsaH9FybAt5CQYU]]></FromUserName>
<CreateTime>1524638098</CreateTime>
<MsgType><![CDATA[event]]></MsgType>
<Event><![CDATA[subscribe]]></Event>
<EventKey><![CDATA[]]></EventKey>
</xml>

2018-04-25 14:35:00 params :
------------
String:
array (
  'rule' => -2,
  'module' => '',
  'message' => 
  array (
    'tousername' => 'gh_3d9ec5667ec1',
    'fromusername' => 'o3hgewyWLu-npnsaH9FybAt5CQYU',
    'createtime' => '1524638098',
    'msgtype' => 'event',
    'event' => 'subscribe',
    'eventkey' => '',
    'from' => 'o3hgewyWLu-npnsaH9FybAt5CQYU',
    'to' => 'gh_3d9ec5667ec1',
    'time' => '1524638098',
    'type' => 'text',
    'redirection' => true,
    'source' => 'subscribe',
  ),
)

2018-04-25 14:35:00 response :
------------

2018-04-25 14:35:02 trace :
------------
String:
<xml><ToUserName><![CDATA[gh_3d9ec5667ec1]]></ToUserName>
<FromUserName><![CDATA[o3hgewyWLu-npnsaH9FybAt5CQYU]]></FromUserName>
<CreateTime>1524638101</CreateTime>
<MsgType><![CDATA[event]]></MsgType>
<Event><![CDATA[LOCATION]]></Event>
<Latitude>23.124117</Latitude>
<Longitude>113.602928</Longitude>
<Precision>65.000000</Precision>
</xml>

2018-04-25 14:35:02 params :
------------
String:
array (
  'message' => 
  array (
    'tousername' => 'gh_3d9ec5667ec1',
    'fromusername' => 'o3hgewyWLu-npnsaH9FybAt5CQYU',
    'createtime' => '1524638101',
    'msgtype' => 'event',
    'event' => 'LOCATION',
    'latitude' => '23.124117',
    'longitude' => '113.602928',
    'precision' => '65.000000',
    'from' => 'o3hgewyWLu-npnsaH9FybAt5CQYU',
    'to' => 'gh_3d9ec5667ec1',
    'time' => '1524638101',
    'type' => 'trace',
    'location_x' => '23.124117',
    'location_y' => '113.602928',
  ),
  'module' => 'default',
  'rule' => '-1',
)

2018-04-25 14:35:02 response :
------------
Array:
errno : -1 ;
message : Invaild value ;

2018-04-25 15:46:41 trace :
------------
String:
<xml><ToUserName><![CDATA[gh_3d9ec5667ec1]]></ToUserName>
<FromUserName><![CDATA[o3hgew4FvgtZYfkoR-ymunWn5tuw]]></FromUserName>
<CreateTime>1524642400</CreateTime>
<MsgType><![CDATA[event]]></MsgType>
<Event><![CDATA[subscribe]]></Event>
<EventKey><![CDATA[]]></EventKey>
</xml>

2018-04-25 15:46:42 params :
------------
String:
array (
  'rule' => -2,
  'module' => '',
  'message' => 
  array (
    'tousername' => 'gh_3d9ec5667ec1',
    'fromusername' => 'o3hgew4FvgtZYfkoR-ymunWn5tuw',
    'createtime' => '1524642400',
    'msgtype' => 'event',
    'event' => 'subscribe',
    'eventkey' => '',
    'from' => 'o3hgew4FvgtZYfkoR-ymunWn5tuw',
    'to' => 'gh_3d9ec5667ec1',
    'time' => '1524642400',
    'type' => 'text',
    'redirection' => true,
    'source' => 'subscribe',
  ),
)

2018-04-25 15:46:42 response :
------------

2018-04-25 17:12:09 trace :
------------
String:
<xml><ToUserName><![CDATA[gh_3d9ec5667ec1]]></ToUserName>
<FromUserName><![CDATA[o3hgewxZ3sFy_R8rJVnE_LqNclV8]]></FromUserName>
<CreateTime>1524647528</CreateTime>
<MsgType><![CDATA[event]]></MsgType>
<Event><![CDATA[LOCATION]]></Event>
<Latitude>22.960447</Latitude>
<Longitude>113.917709</Longitude>
<Precision>26.751617</Precision>
</xml>

2018-04-25 17:12:09 params :
------------
String:
array (
  'message' => 
  array (
    'tousername' => 'gh_3d9ec5667ec1',
    'fromusername' => 'o3hgewxZ3sFy_R8rJVnE_LqNclV8',
    'createtime' => '1524647528',
    'msgtype' => 'event',
    'event' => 'LOCATION',
    'latitude' => '22.960447',
    'longitude' => '113.917709',
    'precision' => '26.751617',
    'from' => 'o3hgewxZ3sFy_R8rJVnE_LqNclV8',
    'to' => 'gh_3d9ec5667ec1',
    'time' => '1524647528',
    'type' => 'trace',
    'location_x' => '22.960447',
    'location_y' => '113.917709',
  ),
  'module' => 'default',
  'rule' => '-1',
)

2018-04-25 17:12:09 response :
------------
Array:
errno : -1 ;
message : Invaild value ;

2018-04-25 17:12:14 trace :
------------
String:
<xml><ToUserName><![CDATA[gh_3d9ec5667ec1]]></ToUserName>
<FromUserName><![CDATA[o3hgewxZ3sFy_R8rJVnE_LqNclV8]]></FromUserName>
<CreateTime>1524647533</CreateTime>
<MsgType><![CDATA[event]]></MsgType>
<Event><![CDATA[unsubscribe]]></Event>
<EventKey><![CDATA[]]></EventKey>
</xml>

2018-04-25 21:34:55 trace :
------------
String:
<xml><ToUserName><![CDATA[gh_3d9ec5667ec1]]></ToUserName>
<FromUserName><![CDATA[o3hgeww7YXD5u_dLFsPs8YhGIcyc]]></FromUserName>
<CreateTime>1524663294</CreateTime>
<MsgType><![CDATA[event]]></MsgType>
<Event><![CDATA[user_view_card]]></Event>
<CardId><![CDATA[p3hgew9XkkbkwPgTsmLu8YQw8Ink]]></CardId>
<UserCardCode><![CDATA[503846488470]]></UserCardCode>
<OuterStr><![CDATA[]]></OuterStr>
</xml>

2018-04-25 21:34:55 params :
------------
String:
array (
  'rule' => -2,
  'module' => '',
  'message' => 
  array (
    'tousername' => 'gh_3d9ec5667ec1',
    'fromusername' => 'o3hgeww7YXD5u_dLFsPs8YhGIcyc',
    'createtime' => '1524663294',
    'msgtype' => 'event',
    'event' => 'user_view_card',
    'cardid' => 'p3hgew9XkkbkwPgTsmLu8YQw8Ink',
    'usercardcode' => '503846488470',
    'outerstr' => '',
    'from' => 'o3hgeww7YXD5u_dLFsPs8YhGIcyc',
    'to' => 'gh_3d9ec5667ec1',
    'time' => '1524663294',
    'type' => 'event',
  ),
)

2018-04-25 21:34:55 response :
------------

2018-04-25 22:16:05 trace :
------------
String:
<xml><ToUserName><![CDATA[gh_3d9ec5667ec1]]></ToUserName>
<FromUserName><![CDATA[o3hgew59kjhSMNkcI_rQD40DsBqE]]></FromUserName>
<CreateTime>1524665763</CreateTime>
<MsgType><![CDATA[event]]></MsgType>
<Event><![CDATA[user_view_card]]></Event>
<CardId><![CDATA[p3hgew9XkkbkwPgTsmLu8YQw8Ink]]></CardId>
<UserCardCode><![CDATA[157404722731]]></UserCardCode>
<OuterStr><![CDATA[]]></OuterStr>
</xml>

2018-04-25 22:16:05 params :
------------
String:
array (
  'rule' => -2,
  'module' => '',
  'message' => 
  array (
    'tousername' => 'gh_3d9ec5667ec1',
    'fromusername' => 'o3hgew59kjhSMNkcI_rQD40DsBqE',
    'createtime' => '1524665763',
    'msgtype' => 'event',
    'event' => 'user_view_card',
    'cardid' => 'p3hgew9XkkbkwPgTsmLu8YQw8Ink',
    'usercardcode' => '157404722731',
    'outerstr' => '',
    'from' => 'o3hgew59kjhSMNkcI_rQD40DsBqE',
    'to' => 'gh_3d9ec5667ec1',
    'time' => '1524665763',
    'type' => 'event',
  ),
)

2018-04-25 22:16:05 response :
------------

