2018-05-18 06:57:02 trace :
------------
String:
<xml><ToUserName><![CDATA[gh_8a317808696e]]></ToUserName>
<FromUserName><![CDATA[o4s6w1P2MOXLjbrA20UcoOhVExgc]]></FromUserName>
<CreateTime>1526597820</CreateTime>
<MsgType><![CDATA[event]]></MsgType>
<Event><![CDATA[unsubscribe]]></Event>
<EventKey><![CDATA[]]></EventKey>
</xml>

2018-05-18 10:55:39 trace :
------------
String:
<xml><ToUserName><![CDATA[gh_8a317808696e]]></ToUserName>
<FromUserName><![CDATA[o4s6w1AxjztGzx2-w0P-K-fudE9I]]></FromUserName>
<CreateTime>1526612138</CreateTime>
<MsgType><![CDATA[text]]></MsgType>
<Content><![CDATA[在那里可以看到个人信息]]></Content>
<MsgId>6556749206935034827</MsgId>
</xml>

2018-05-18 10:55:39 params :
------------
String:
array (
  'rule' => -2,
  'module' => '',
  'message' => 
  array (
    'tousername' => 'gh_8a317808696e',
    'fromusername' => 'o4s6w1AxjztGzx2-w0P-K-fudE9I',
    'createtime' => '1526612138',
    'msgtype' => 'text',
    'content' => '在那里可以看到个人信息',
    'msgid' => '6556749206935034827',
    'from' => 'o4s6w1AxjztGzx2-w0P-K-fudE9I',
    'to' => 'gh_8a317808696e',
    'time' => '1526612138',
    'type' => 'text',
    'event' => NULL,
    'redirection' => false,
    'source' => NULL,
  ),
)

2018-05-18 10:55:39 response :
------------

2018-05-18 13:31:09 trace :
------------
String:
<xml><ToUserName><![CDATA[gh_8a317808696e]]></ToUserName>
<FromUserName><![CDATA[o4s6w1CYOtfvG9WRRajDey74c8ic]]></FromUserName>
<CreateTime>1526621468</CreateTime>
<MsgType><![CDATA[event]]></MsgType>
<Event><![CDATA[unsubscribe]]></Event>
<EventKey><![CDATA[]]></EventKey>
</xml>

2018-05-18 14:17:12 trace :
------------
String:
<xml><ToUserName><![CDATA[gh_a9952e35e47c]]></ToUserName>
<FromUserName><![CDATA[oyl2N1s8fNAuVsk-6M4O8r6TxHyg]]></FromUserName>
<CreateTime>1526624231</CreateTime>
<MsgType><![CDATA[event]]></MsgType>
<Event><![CDATA[VIEW]]></Event>
<EventKey><![CDATA[https://v.mctimes.cn/app/index.php?i=2&c=entry&m=ewei_shopv2&do=mobile]]></EventKey>
<MenuId>695677183</MenuId>
</xml>

2018-05-18 14:17:12 params :
------------
String:
array (
  'rule' => -2,
  'module' => '',
  'message' => 
  array (
    'tousername' => 'gh_a9952e35e47c',
    'fromusername' => 'oyl2N1s8fNAuVsk-6M4O8r6TxHyg',
    'createtime' => '1526624231',
    'msgtype' => 'event',
    'event' => 'VIEW',
    'eventkey' => 'https://v.mctimes.cn/app/index.php?i=2&c=entry&m=ewei_shopv2&do=mobile',
    'menuid' => '695677183',
    'from' => 'oyl2N1s8fNAuVsk-6M4O8r6TxHyg',
    'to' => 'gh_a9952e35e47c',
    'time' => '1526624231',
    'type' => 'text',
    'content' => 'https://v.mctimes.cn/app/index.php?i=2&c=entry&m=ewei_shopv2&do=mobile',
    'redirection' => true,
    'source' => 'VIEW',
  ),
)

2018-05-18 14:17:12 response :
------------

2018-05-18 14:19:03 trace :
------------
String:
<xml><ToUserName><![CDATA[gh_a9952e35e47c]]></ToUserName>
<FromUserName><![CDATA[oyl2N1s8fNAuVsk-6M4O8r6TxHyg]]></FromUserName>
<CreateTime>1526624342</CreateTime>
<MsgType><![CDATA[event]]></MsgType>
<Event><![CDATA[VIEW]]></Event>
<EventKey><![CDATA[https://v.mctimes.cn/app/index.php?i=2&c=entry&m=ewei_shopv2&do=mobile]]></EventKey>
<MenuId>695677183</MenuId>
</xml>

2018-05-18 14:19:03 params :
------------
String:
array (
  'rule' => -2,
  'module' => '',
  'message' => 
  array (
    'tousername' => 'gh_a9952e35e47c',
    'fromusername' => 'oyl2N1s8fNAuVsk-6M4O8r6TxHyg',
    'createtime' => '1526624342',
    'msgtype' => 'event',
    'event' => 'VIEW',
    'eventkey' => 'https://v.mctimes.cn/app/index.php?i=2&c=entry&m=ewei_shopv2&do=mobile',
    'menuid' => '695677183',
    'from' => 'oyl2N1s8fNAuVsk-6M4O8r6TxHyg',
    'to' => 'gh_a9952e35e47c',
    'time' => '1526624342',
    'type' => 'text',
    'content' => 'https://v.mctimes.cn/app/index.php?i=2&c=entry&m=ewei_shopv2&do=mobile',
    'redirection' => true,
    'source' => 'VIEW',
  ),
)

2018-05-18 14:19:03 response :
------------

2018-05-18 15:08:38 trace :
------------
String:
<xml><ToUserName><![CDATA[gh_8a317808696e]]></ToUserName>
<FromUserName><![CDATA[o4s6w1HkzUS9QsmEm0xVxlCdPymw]]></FromUserName>
<CreateTime>1526627317</CreateTime>
<MsgType><![CDATA[event]]></MsgType>
<Event><![CDATA[subscribe]]></Event>
<EventKey><![CDATA[]]></EventKey>
</xml>

2018-05-18 15:08:38 params :
------------
String:
array (
  'rule' => -2,
  'module' => '',
  'message' => 
  array (
    'tousername' => 'gh_8a317808696e',
    'fromusername' => 'o4s6w1HkzUS9QsmEm0xVxlCdPymw',
    'createtime' => '1526627317',
    'msgtype' => 'event',
    'event' => 'subscribe',
    'eventkey' => '',
    'from' => 'o4s6w1HkzUS9QsmEm0xVxlCdPymw',
    'to' => 'gh_8a317808696e',
    'time' => '1526627317',
    'type' => 'text',
    'redirection' => true,
    'source' => 'subscribe',
  ),
)

2018-05-18 15:08:38 response :
------------

2018-05-18 15:10:55 trace :
------------
String:
<xml><ToUserName><![CDATA[gh_8a317808696e]]></ToUserName>
<FromUserName><![CDATA[o4s6w1HkzUS9QsmEm0xVxlCdPymw]]></FromUserName>
<CreateTime>1526627451</CreateTime>
<MsgType><![CDATA[image]]></MsgType>
<PicUrl><![CDATA[http://mmbiz.qpic.cn/mmbiz_jpg/b7Culje5L9HeQHFQIBflicweR5GudLUKglRQsyuoDReXDqxspvnKibtic93Z4tUKwqDaMsvOaK9hHy8f9LTqMjYGg/0]]></PicUrl>
<MsgId>6556814975769261422</MsgId>
<MediaId><![CDATA[cWaMUkwUDrVdzUO3MnIlPWdNvJzi0ZfO26djXxhw0GEF3INIWhmiQpLtFZeUovNc]]></MediaId>
</xml>

2018-05-18 15:10:56 params :
------------
String:
array (
  'rule' => -2,
  'module' => '',
  'message' => 
  array (
    'tousername' => 'gh_8a317808696e',
    'fromusername' => 'o4s6w1HkzUS9QsmEm0xVxlCdPymw',
    'createtime' => '1526627451',
    'msgtype' => 'image',
    'picurl' => 'http://mmbiz.qpic.cn/mmbiz_jpg/b7Culje5L9HeQHFQIBflicweR5GudLUKglRQsyuoDReXDqxspvnKibtic93Z4tUKwqDaMsvOaK9hHy8f9LTqMjYGg/0',
    'msgid' => '6556814975769261422',
    'mediaid' => 'cWaMUkwUDrVdzUO3MnIlPWdNvJzi0ZfO26djXxhw0GEF3INIWhmiQpLtFZeUovNc',
    'from' => 'o4s6w1HkzUS9QsmEm0xVxlCdPymw',
    'to' => 'gh_8a317808696e',
    'time' => '1526627451',
    'type' => 'image',
    'event' => NULL,
    'url' => 'http://mmbiz.qpic.cn/mmbiz_jpg/b7Culje5L9HeQHFQIBflicweR5GudLUKglRQsyuoDReXDqxspvnKibtic93Z4tUKwqDaMsvOaK9hHy8f9LTqMjYGg/0',
  ),
)

2018-05-18 15:10:56 response :
------------

2018-05-18 15:11:40 trace :
------------
String:
<xml><ToUserName><![CDATA[gh_8a317808696e]]></ToUserName>
<FromUserName><![CDATA[o4s6w1HkzUS9QsmEm0xVxlCdPymw]]></FromUserName>
<CreateTime>1526627499</CreateTime>
<MsgType><![CDATA[text]]></MsgType>
<Content><![CDATA[您好，甲状腺方面的问题能咨询吗]]></Content>
<MsgId>6556815181927691711</MsgId>
</xml>

2018-05-18 15:11:40 params :
------------
String:
array (
  'rule' => -2,
  'module' => '',
  'message' => 
  array (
    'tousername' => 'gh_8a317808696e',
    'fromusername' => 'o4s6w1HkzUS9QsmEm0xVxlCdPymw',
    'createtime' => '1526627499',
    'msgtype' => 'text',
    'content' => '您好，甲状腺方面的问题能咨询吗',
    'msgid' => '6556815181927691711',
    'from' => 'o4s6w1HkzUS9QsmEm0xVxlCdPymw',
    'to' => 'gh_8a317808696e',
    'time' => '1526627499',
    'type' => 'text',
    'event' => NULL,
    'redirection' => false,
    'source' => NULL,
  ),
)

2018-05-18 15:11:40 response :
------------

2018-05-18 16:31:12 trace :
------------
String:
<xml><ToUserName><![CDATA[gh_8a317808696e]]></ToUserName>
<FromUserName><![CDATA[o4s6w1AxjztGzx2-w0P-K-fudE9I]]></FromUserName>
<CreateTime>1526632271</CreateTime>
<MsgType><![CDATA[text]]></MsgType>
<Content><![CDATA[谢谢了]]></Content>
<MsgId>6556835677511637485</MsgId>
</xml>

2018-05-18 16:31:12 params :
------------
String:
array (
  'rule' => -2,
  'module' => '',
  'message' => 
  array (
    'tousername' => 'gh_8a317808696e',
    'fromusername' => 'o4s6w1AxjztGzx2-w0P-K-fudE9I',
    'createtime' => '1526632271',
    'msgtype' => 'text',
    'content' => '谢谢了',
    'msgid' => '6556835677511637485',
    'from' => 'o4s6w1AxjztGzx2-w0P-K-fudE9I',
    'to' => 'gh_8a317808696e',
    'time' => '1526632271',
    'type' => 'text',
    'event' => NULL,
    'redirection' => false,
    'source' => NULL,
  ),
)

2018-05-18 16:31:12 response :
------------

2018-05-18 16:56:59 trace :
------------
String:
<xml><ToUserName><![CDATA[gh_8a317808696e]]></ToUserName>
<FromUserName><![CDATA[o4s6w1KMpvOuwVQDeIh1fBThigVs]]></FromUserName>
<CreateTime>1526633818</CreateTime>
<MsgType><![CDATA[event]]></MsgType>
<Event><![CDATA[subscribe]]></Event>
<EventKey><![CDATA[]]></EventKey>
</xml>

2018-05-18 16:56:59 params :
------------
String:
array (
  'rule' => -2,
  'module' => '',
  'message' => 
  array (
    'tousername' => 'gh_8a317808696e',
    'fromusername' => 'o4s6w1KMpvOuwVQDeIh1fBThigVs',
    'createtime' => '1526633818',
    'msgtype' => 'event',
    'event' => 'subscribe',
    'eventkey' => '',
    'from' => 'o4s6w1KMpvOuwVQDeIh1fBThigVs',
    'to' => 'gh_8a317808696e',
    'time' => '1526633818',
    'type' => 'text',
    'redirection' => true,
    'source' => 'subscribe',
  ),
)

2018-05-18 16:56:59 response :
------------

2018-05-18 18:18:22 trace :
------------
String:
<xml><ToUserName><![CDATA[gh_8a317808696e]]></ToUserName>
<FromUserName><![CDATA[o4s6w1KMpvOuwVQDeIh1fBThigVs]]></FromUserName>
<CreateTime>1526638700</CreateTime>
<MsgType><![CDATA[text]]></MsgType>
<Content><![CDATA[1]]></Content>
<MsgId>6556863289856396679</MsgId>
</xml>

2018-05-18 18:18:22 params :
------------
String:
array (
  'rule' => -2,
  'module' => '',
  'message' => 
  array (
    'tousername' => 'gh_8a317808696e',
    'fromusername' => 'o4s6w1KMpvOuwVQDeIh1fBThigVs',
    'createtime' => '1526638700',
    'msgtype' => 'text',
    'content' => '1',
    'msgid' => '6556863289856396679',
    'from' => 'o4s6w1KMpvOuwVQDeIh1fBThigVs',
    'to' => 'gh_8a317808696e',
    'time' => '1526638700',
    'type' => 'text',
    'event' => NULL,
    'redirection' => false,
    'source' => NULL,
  ),
)

2018-05-18 18:18:22 response :
------------

2018-05-18 18:18:59 trace :
------------
String:
<xml><ToUserName><![CDATA[gh_8a317808696e]]></ToUserName>
<FromUserName><![CDATA[o4s6w1KMpvOuwVQDeIh1fBThigVs]]></FromUserName>
<CreateTime>1526638737</CreateTime>
<MsgType><![CDATA[text]]></MsgType>
<Content><![CDATA[在线咨询]]></Content>
<MsgId>6556863448770186694</MsgId>
</xml>

2018-05-18 18:18:59 params :
------------
String:
array (
  'rule' => -2,
  'module' => '',
  'message' => 
  array (
    'tousername' => 'gh_8a317808696e',
    'fromusername' => 'o4s6w1KMpvOuwVQDeIh1fBThigVs',
    'createtime' => '1526638737',
    'msgtype' => 'text',
    'content' => '在线咨询',
    'msgid' => '6556863448770186694',
    'from' => 'o4s6w1KMpvOuwVQDeIh1fBThigVs',
    'to' => 'gh_8a317808696e',
    'time' => '1526638737',
    'type' => 'text',
    'event' => NULL,
    'redirection' => false,
    'source' => NULL,
  ),
)

2018-05-18 18:18:59 response :
------------

