2018-03-09 08:43:25 trace :
------------
String:
<xml><ToUserName><![CDATA[gh_3d9ec5667ec1]]></ToUserName>
<FromUserName><![CDATA[o3hgew6gr2Ds4IzXpwDIjus8RJcU]]></FromUserName>
<CreateTime>1520556204</CreateTime>
<MsgType><![CDATA[event]]></MsgType>
<Event><![CDATA[LOCATION]]></Event>
<Latitude>22.585392</Latitude>
<Longitude>113.853989</Longitude>
<Precision>30.000000</Precision>
</xml>

2018-03-09 08:43:25 params :
------------
String:
array (
  'message' => 
  array (
    'tousername' => 'gh_3d9ec5667ec1',
    'fromusername' => 'o3hgew6gr2Ds4IzXpwDIjus8RJcU',
    'createtime' => '1520556204',
    'msgtype' => 'event',
    'event' => 'LOCATION',
    'latitude' => '22.585392',
    'longitude' => '113.853989',
    'precision' => '30.000000',
    'from' => 'o3hgew6gr2Ds4IzXpwDIjus8RJcU',
    'to' => 'gh_3d9ec5667ec1',
    'time' => '1520556204',
    'type' => 'trace',
    'location_x' => '22.585392',
    'location_y' => '113.853989',
  ),
  'module' => 'default',
  'rule' => '-1',
)

2018-03-09 08:43:25 response :
------------
Array:
errno : -1 ;
message : Invaild value ;

2018-03-09 08:45:48 trace :
------------
String:
<xml><ToUserName><![CDATA[gh_3d9ec5667ec1]]></ToUserName>
<FromUserName><![CDATA[o3hgew6gr2Ds4IzXpwDIjus8RJcU]]></FromUserName>
<CreateTime>1520556347</CreateTime>
<MsgType><![CDATA[event]]></MsgType>
<Event><![CDATA[VIEW]]></Event>
<EventKey><![CDATA[https://wxapp.mctimes.cn/app/index.php?i=1&c=entry&rid=32&do=app_qd&m=meepo_xianchang]]></EventKey>
<MenuId>424736618</MenuId>
</xml>

2018-03-09 08:45:48 params :
------------
String:
array (
  'rule' => -2,
  'module' => '',
  'message' => 
  array (
    'tousername' => 'gh_3d9ec5667ec1',
    'fromusername' => 'o3hgew6gr2Ds4IzXpwDIjus8RJcU',
    'createtime' => '1520556347',
    'msgtype' => 'event',
    'event' => 'VIEW',
    'eventkey' => 'https://wxapp.mctimes.cn/app/index.php?i=1&c=entry&rid=32&do=app_qd&m=meepo_xianchang',
    'menuid' => '424736618',
    'from' => 'o3hgew6gr2Ds4IzXpwDIjus8RJcU',
    'to' => 'gh_3d9ec5667ec1',
    'time' => '1520556347',
    'type' => 'text',
    'content' => 'https://wxapp.mctimes.cn/app/index.php?i=1&c=entry&rid=32&do=app_qd&m=meepo_xianchang',
    'redirection' => true,
    'source' => 'VIEW',
  ),
)

2018-03-09 08:45:48 response :
------------

2018-03-09 13:26:37 trace :
------------
String:
<xml><ToUserName><![CDATA[gh_3d9ec5667ec1]]></ToUserName>
<FromUserName><![CDATA[o3hgewwyekmlBrALVbpGXLQfuJEs]]></FromUserName>
<CreateTime>1520573196</CreateTime>
<MsgType><![CDATA[event]]></MsgType>
<Event><![CDATA[subscribe]]></Event>
<EventKey><![CDATA[]]></EventKey>
</xml>

2018-03-09 13:26:38 params :
------------
String:
array (
  'rule' => -2,
  'module' => '',
  'message' => 
  array (
    'tousername' => 'gh_3d9ec5667ec1',
    'fromusername' => 'o3hgewwyekmlBrALVbpGXLQfuJEs',
    'createtime' => '1520573196',
    'msgtype' => 'event',
    'event' => 'subscribe',
    'eventkey' => '',
    'from' => 'o3hgewwyekmlBrALVbpGXLQfuJEs',
    'to' => 'gh_3d9ec5667ec1',
    'time' => '1520573196',
    'type' => 'text',
    'redirection' => true,
    'source' => 'subscribe',
  ),
)

2018-03-09 13:26:38 response :
------------

2018-03-09 13:26:40 trace :
------------
String:
<xml><ToUserName><![CDATA[gh_3d9ec5667ec1]]></ToUserName>
<FromUserName><![CDATA[o3hgewwyekmlBrALVbpGXLQfuJEs]]></FromUserName>
<CreateTime>1520573199</CreateTime>
<MsgType><![CDATA[event]]></MsgType>
<Event><![CDATA[LOCATION]]></Event>
<Latitude>22.800652</Latitude>
<Longitude>113.779884</Longitude>
<Precision>65.000000</Precision>
</xml>

2018-03-09 13:26:40 params :
------------
String:
array (
  'message' => 
  array (
    'tousername' => 'gh_3d9ec5667ec1',
    'fromusername' => 'o3hgewwyekmlBrALVbpGXLQfuJEs',
    'createtime' => '1520573199',
    'msgtype' => 'event',
    'event' => 'LOCATION',
    'latitude' => '22.800652',
    'longitude' => '113.779884',
    'precision' => '65.000000',
    'from' => 'o3hgewwyekmlBrALVbpGXLQfuJEs',
    'to' => 'gh_3d9ec5667ec1',
    'time' => '1520573199',
    'type' => 'trace',
    'location_x' => '22.800652',
    'location_y' => '113.779884',
  ),
  'module' => 'default',
  'rule' => '-1',
)

2018-03-09 13:26:40 response :
------------
Array:
errno : -1 ;
message : Invaild value ;

2018-03-09 13:26:44 trace :
------------
String:
<xml><ToUserName><![CDATA[gh_3d9ec5667ec1]]></ToUserName>
<FromUserName><![CDATA[o3hgewwyekmlBrALVbpGXLQfuJEs]]></FromUserName>
<CreateTime>1520573203</CreateTime>
<MsgType><![CDATA[event]]></MsgType>
<Event><![CDATA[LOCATION]]></Event>
<Latitude>22.800592</Latitude>
<Longitude>113.779930</Longitude>
<Precision>65.000000</Precision>
</xml>

2018-03-09 13:26:44 params :
------------
String:
array (
  'message' => 
  array (
    'tousername' => 'gh_3d9ec5667ec1',
    'fromusername' => 'o3hgewwyekmlBrALVbpGXLQfuJEs',
    'createtime' => '1520573203',
    'msgtype' => 'event',
    'event' => 'LOCATION',
    'latitude' => '22.800592',
    'longitude' => '113.779930',
    'precision' => '65.000000',
    'from' => 'o3hgewwyekmlBrALVbpGXLQfuJEs',
    'to' => 'gh_3d9ec5667ec1',
    'time' => '1520573203',
    'type' => 'trace',
    'location_x' => '22.800592',
    'location_y' => '113.779930',
  ),
  'module' => 'default',
  'rule' => '-1',
)

2018-03-09 13:26:44 response :
------------
Array:
errno : -1 ;
message : Invaild value ;

2018-03-09 13:35:26 trace :
------------
String:
<xml><ToUserName><![CDATA[gh_3d9ec5667ec1]]></ToUserName>
<FromUserName><![CDATA[o3hgew-0qKToT6hSGBTBqssloLms]]></FromUserName>
<CreateTime>1520573725</CreateTime>
<MsgType><![CDATA[event]]></MsgType>
<Event><![CDATA[subscribe]]></Event>
<EventKey><![CDATA[]]></EventKey>
</xml>

2018-03-09 13:35:27 params :
------------
String:
array (
  'rule' => -2,
  'module' => '',
  'message' => 
  array (
    'tousername' => 'gh_3d9ec5667ec1',
    'fromusername' => 'o3hgew-0qKToT6hSGBTBqssloLms',
    'createtime' => '1520573725',
    'msgtype' => 'event',
    'event' => 'subscribe',
    'eventkey' => '',
    'from' => 'o3hgew-0qKToT6hSGBTBqssloLms',
    'to' => 'gh_3d9ec5667ec1',
    'time' => '1520573725',
    'type' => 'text',
    'redirection' => true,
    'source' => 'subscribe',
  ),
)

2018-03-09 13:35:27 response :
------------

2018-03-09 13:35:32 trace :
------------
String:
<xml><ToUserName><![CDATA[gh_3d9ec5667ec1]]></ToUserName>
<FromUserName><![CDATA[o3hgew-0qKToT6hSGBTBqssloLms]]></FromUserName>
<CreateTime>1520573731</CreateTime>
<MsgType><![CDATA[event]]></MsgType>
<Event><![CDATA[LOCATION]]></Event>
<Latitude>22.800634</Latitude>
<Longitude>113.779816</Longitude>
<Precision>30.000000</Precision>
</xml>

2018-03-09 13:35:32 params :
------------
String:
array (
  'message' => 
  array (
    'tousername' => 'gh_3d9ec5667ec1',
    'fromusername' => 'o3hgew-0qKToT6hSGBTBqssloLms',
    'createtime' => '1520573731',
    'msgtype' => 'event',
    'event' => 'LOCATION',
    'latitude' => '22.800634',
    'longitude' => '113.779816',
    'precision' => '30.000000',
    'from' => 'o3hgew-0qKToT6hSGBTBqssloLms',
    'to' => 'gh_3d9ec5667ec1',
    'time' => '1520573731',
    'type' => 'trace',
    'location_x' => '22.800634',
    'location_y' => '113.779816',
  ),
  'module' => 'default',
  'rule' => '-1',
)

2018-03-09 13:35:32 response :
------------
Array:
errno : -1 ;
message : Invaild value ;

2018-03-09 13:35:36 trace :
------------
String:
<xml><ToUserName><![CDATA[gh_3d9ec5667ec1]]></ToUserName>
<FromUserName><![CDATA[o3hgew-0qKToT6hSGBTBqssloLms]]></FromUserName>
<CreateTime>1520573735</CreateTime>
<MsgType><![CDATA[event]]></MsgType>
<Event><![CDATA[CLICK]]></Event>
<EventKey><![CDATA[会员卡]]></EventKey>
</xml>

2018-03-09 13:35:36 params :
------------
String:
array (
  'rule' => -2,
  'module' => '',
  'message' => 
  array (
    'tousername' => 'gh_3d9ec5667ec1',
    'fromusername' => 'o3hgew-0qKToT6hSGBTBqssloLms',
    'createtime' => '1520573735',
    'msgtype' => 'event',
    'event' => 'CLICK',
    'eventkey' => '会员卡',
    'from' => 'o3hgew-0qKToT6hSGBTBqssloLms',
    'to' => 'gh_3d9ec5667ec1',
    'time' => '1520573735',
    'type' => 'text',
    'content' => '会员卡',
    'redirection' => true,
    'source' => 'click',
  ),
)

2018-03-09 13:35:36 response :
------------

2018-03-09 13:48:34 trace :
------------
String:
<xml><ToUserName><![CDATA[gh_3d9ec5667ec1]]></ToUserName>
<FromUserName><![CDATA[o3hgewzZfBkfcel8k4YipILoarNY]]></FromUserName>
<CreateTime>1520574513</CreateTime>
<MsgType><![CDATA[event]]></MsgType>
<Event><![CDATA[subscribe]]></Event>
<EventKey><![CDATA[]]></EventKey>
</xml>

2018-03-09 13:48:35 params :
------------
String:
array (
  'rule' => -2,
  'module' => '',
  'message' => 
  array (
    'tousername' => 'gh_3d9ec5667ec1',
    'fromusername' => 'o3hgewzZfBkfcel8k4YipILoarNY',
    'createtime' => '1520574513',
    'msgtype' => 'event',
    'event' => 'subscribe',
    'eventkey' => '',
    'from' => 'o3hgewzZfBkfcel8k4YipILoarNY',
    'to' => 'gh_3d9ec5667ec1',
    'time' => '1520574513',
    'type' => 'text',
    'redirection' => true,
    'source' => 'subscribe',
  ),
)

2018-03-09 13:48:35 response :
------------

2018-03-09 13:48:37 trace :
------------
String:
<xml><ToUserName><![CDATA[gh_3d9ec5667ec1]]></ToUserName>
<FromUserName><![CDATA[o3hgewzZfBkfcel8k4YipILoarNY]]></FromUserName>
<CreateTime>1520574516</CreateTime>
<MsgType><![CDATA[event]]></MsgType>
<Event><![CDATA[LOCATION]]></Event>
<Latitude>22.800673</Latitude>
<Longitude>113.779816</Longitude>
<Precision>65.000000</Precision>
</xml>

2018-03-09 13:48:37 params :
------------
String:
array (
  'message' => 
  array (
    'tousername' => 'gh_3d9ec5667ec1',
    'fromusername' => 'o3hgewzZfBkfcel8k4YipILoarNY',
    'createtime' => '1520574516',
    'msgtype' => 'event',
    'event' => 'LOCATION',
    'latitude' => '22.800673',
    'longitude' => '113.779816',
    'precision' => '65.000000',
    'from' => 'o3hgewzZfBkfcel8k4YipILoarNY',
    'to' => 'gh_3d9ec5667ec1',
    'time' => '1520574516',
    'type' => 'trace',
    'location_x' => '22.800673',
    'location_y' => '113.779816',
  ),
  'module' => 'default',
  'rule' => '-1',
)

2018-03-09 13:48:37 response :
------------
Array:
errno : -1 ;
message : Invaild value ;

2018-03-09 13:48:44 trace :
------------
String:
<xml><ToUserName><![CDATA[gh_3d9ec5667ec1]]></ToUserName>
<FromUserName><![CDATA[o3hgewzZfBkfcel8k4YipILoarNY]]></FromUserName>
<CreateTime>1520574523</CreateTime>
<MsgType><![CDATA[event]]></MsgType>
<Event><![CDATA[CLICK]]></Event>
<EventKey><![CDATA[会员卡]]></EventKey>
</xml>

2018-03-09 13:48:44 params :
------------
String:
array (
  'rule' => -2,
  'module' => '',
  'message' => 
  array (
    'tousername' => 'gh_3d9ec5667ec1',
    'fromusername' => 'o3hgewzZfBkfcel8k4YipILoarNY',
    'createtime' => '1520574523',
    'msgtype' => 'event',
    'event' => 'CLICK',
    'eventkey' => '会员卡',
    'from' => 'o3hgewzZfBkfcel8k4YipILoarNY',
    'to' => 'gh_3d9ec5667ec1',
    'time' => '1520574523',
    'type' => 'text',
    'content' => '会员卡',
    'redirection' => true,
    'source' => 'click',
  ),
)

2018-03-09 13:48:44 response :
------------

2018-03-09 13:48:50 trace :
------------
String:
<xml><ToUserName><![CDATA[gh_3d9ec5667ec1]]></ToUserName>
<FromUserName><![CDATA[o3hgewzZfBkfcel8k4YipILoarNY]]></FromUserName>
<CreateTime>1520574529</CreateTime>
<MsgType><![CDATA[event]]></MsgType>
<Event><![CDATA[CLICK]]></Event>
<EventKey><![CDATA[会员卡]]></EventKey>
</xml>

2018-03-09 13:48:50 params :
------------
String:
array (
  'rule' => -2,
  'module' => '',
  'message' => 
  array (
    'tousername' => 'gh_3d9ec5667ec1',
    'fromusername' => 'o3hgewzZfBkfcel8k4YipILoarNY',
    'createtime' => '1520574529',
    'msgtype' => 'event',
    'event' => 'CLICK',
    'eventkey' => '会员卡',
    'from' => 'o3hgewzZfBkfcel8k4YipILoarNY',
    'to' => 'gh_3d9ec5667ec1',
    'time' => '1520574529',
    'type' => 'text',
    'content' => '会员卡',
    'redirection' => true,
    'source' => 'click',
  ),
)

2018-03-09 13:48:50 response :
------------

2018-03-09 13:48:53 trace :
------------
String:
<xml><ToUserName><![CDATA[gh_3d9ec5667ec1]]></ToUserName>
<FromUserName><![CDATA[o3hgewzZfBkfcel8k4YipILoarNY]]></FromUserName>
<CreateTime>1520574532</CreateTime>
<MsgType><![CDATA[event]]></MsgType>
<Event><![CDATA[VIEW]]></Event>
<EventKey><![CDATA[https://wxapp.mctimes.cn/app/index.php?i=1&c=entry&rid=32&do=app_qd&m=meepo_xianchang]]></EventKey>
<MenuId>424736618</MenuId>
</xml>

2018-03-09 13:48:53 params :
------------
String:
array (
  'rule' => -2,
  'module' => '',
  'message' => 
  array (
    'tousername' => 'gh_3d9ec5667ec1',
    'fromusername' => 'o3hgewzZfBkfcel8k4YipILoarNY',
    'createtime' => '1520574532',
    'msgtype' => 'event',
    'event' => 'VIEW',
    'eventkey' => 'https://wxapp.mctimes.cn/app/index.php?i=1&c=entry&rid=32&do=app_qd&m=meepo_xianchang',
    'menuid' => '424736618',
    'from' => 'o3hgewzZfBkfcel8k4YipILoarNY',
    'to' => 'gh_3d9ec5667ec1',
    'time' => '1520574532',
    'type' => 'text',
    'content' => 'https://wxapp.mctimes.cn/app/index.php?i=1&c=entry&rid=32&do=app_qd&m=meepo_xianchang',
    'redirection' => true,
    'source' => 'VIEW',
  ),
)

2018-03-09 13:48:53 response :
------------

2018-03-09 13:49:14 trace :
------------
String:
<xml><ToUserName><![CDATA[gh_3d9ec5667ec1]]></ToUserName>
<FromUserName><![CDATA[o3hgewzZfBkfcel8k4YipILoarNY]]></FromUserName>
<CreateTime>1520574553</CreateTime>
<MsgType><![CDATA[event]]></MsgType>
<Event><![CDATA[CLICK]]></Event>
<EventKey><![CDATA[会员卡]]></EventKey>
</xml>

2018-03-09 13:49:14 params :
------------
String:
array (
  'rule' => -2,
  'module' => '',
  'message' => 
  array (
    'tousername' => 'gh_3d9ec5667ec1',
    'fromusername' => 'o3hgewzZfBkfcel8k4YipILoarNY',
    'createtime' => '1520574553',
    'msgtype' => 'event',
    'event' => 'CLICK',
    'eventkey' => '会员卡',
    'from' => 'o3hgewzZfBkfcel8k4YipILoarNY',
    'to' => 'gh_3d9ec5667ec1',
    'time' => '1520574553',
    'type' => 'text',
    'content' => '会员卡',
    'redirection' => true,
    'source' => 'click',
  ),
)

2018-03-09 13:49:14 response :
------------

2018-03-09 13:50:38 trace :
------------
String:
<xml><ToUserName><![CDATA[gh_3d9ec5667ec1]]></ToUserName>
<FromUserName><![CDATA[o3hgewzZfBkfcel8k4YipILoarNY]]></FromUserName>
<CreateTime>1520574637</CreateTime>
<MsgType><![CDATA[event]]></MsgType>
<Event><![CDATA[LOCATION]]></Event>
<Latitude>22.800676</Latitude>
<Longitude>113.779861</Longitude>
<Precision>65.000000</Precision>
</xml>

2018-03-09 13:50:38 params :
------------
String:
array (
  'message' => 
  array (
    'tousername' => 'gh_3d9ec5667ec1',
    'fromusername' => 'o3hgewzZfBkfcel8k4YipILoarNY',
    'createtime' => '1520574637',
    'msgtype' => 'event',
    'event' => 'LOCATION',
    'latitude' => '22.800676',
    'longitude' => '113.779861',
    'precision' => '65.000000',
    'from' => 'o3hgewzZfBkfcel8k4YipILoarNY',
    'to' => 'gh_3d9ec5667ec1',
    'time' => '1520574637',
    'type' => 'trace',
    'location_x' => '22.800676',
    'location_y' => '113.779861',
  ),
  'module' => 'default',
  'rule' => '-1',
)

2018-03-09 13:50:38 response :
------------
Array:
errno : -1 ;
message : Invaild value ;

2018-03-09 13:50:41 trace :
------------
String:
<xml><ToUserName><![CDATA[gh_3d9ec5667ec1]]></ToUserName>
<FromUserName><![CDATA[o3hgewzZfBkfcel8k4YipILoarNY]]></FromUserName>
<CreateTime>1520574640</CreateTime>
<MsgType><![CDATA[event]]></MsgType>
<Event><![CDATA[CLICK]]></Event>
<EventKey><![CDATA[会员卡]]></EventKey>
</xml>

2018-03-09 13:50:41 params :
------------
String:
array (
  'rule' => -2,
  'module' => '',
  'message' => 
  array (
    'tousername' => 'gh_3d9ec5667ec1',
    'fromusername' => 'o3hgewzZfBkfcel8k4YipILoarNY',
    'createtime' => '1520574640',
    'msgtype' => 'event',
    'event' => 'CLICK',
    'eventkey' => '会员卡',
    'from' => 'o3hgewzZfBkfcel8k4YipILoarNY',
    'to' => 'gh_3d9ec5667ec1',
    'time' => '1520574640',
    'type' => 'text',
    'content' => '会员卡',
    'redirection' => true,
    'source' => 'click',
  ),
)

2018-03-09 13:50:41 response :
------------

2018-03-09 13:51:38 trace :
------------
String:
<xml><ToUserName><![CDATA[gh_3d9ec5667ec1]]></ToUserName>
<FromUserName><![CDATA[o3hgew8AtdoAs6gubX_Y-5-iF0ms]]></FromUserName>
<CreateTime>1520574697</CreateTime>
<MsgType><![CDATA[event]]></MsgType>
<Event><![CDATA[subscribe]]></Event>
<EventKey><![CDATA[]]></EventKey>
</xml>

2018-03-09 13:51:39 params :
------------
String:
array (
  'rule' => -2,
  'module' => '',
  'message' => 
  array (
    'tousername' => 'gh_3d9ec5667ec1',
    'fromusername' => 'o3hgew8AtdoAs6gubX_Y-5-iF0ms',
    'createtime' => '1520574697',
    'msgtype' => 'event',
    'event' => 'subscribe',
    'eventkey' => '',
    'from' => 'o3hgew8AtdoAs6gubX_Y-5-iF0ms',
    'to' => 'gh_3d9ec5667ec1',
    'time' => '1520574697',
    'type' => 'text',
    'redirection' => true,
    'source' => 'subscribe',
  ),
)

2018-03-09 13:51:39 response :
------------

2018-03-09 14:05:02 trace :
------------
String:
<xml><ToUserName><![CDATA[gh_3d9ec5667ec1]]></ToUserName>
<FromUserName><![CDATA[o3hgew1Jnr5qKPNYe9jDqvgX46YM]]></FromUserName>
<CreateTime>1520575501</CreateTime>
<MsgType><![CDATA[event]]></MsgType>
<Event><![CDATA[subscribe]]></Event>
<EventKey><![CDATA[]]></EventKey>
</xml>

2018-03-09 14:05:02 params :
------------
String:
array (
  'rule' => -2,
  'module' => '',
  'message' => 
  array (
    'tousername' => 'gh_3d9ec5667ec1',
    'fromusername' => 'o3hgew1Jnr5qKPNYe9jDqvgX46YM',
    'createtime' => '1520575501',
    'msgtype' => 'event',
    'event' => 'subscribe',
    'eventkey' => '',
    'from' => 'o3hgew1Jnr5qKPNYe9jDqvgX46YM',
    'to' => 'gh_3d9ec5667ec1',
    'time' => '1520575501',
    'type' => 'text',
    'redirection' => true,
    'source' => 'subscribe',
  ),
)

2018-03-09 14:05:02 response :
------------

2018-03-09 14:05:04 trace :
------------
String:
<xml><ToUserName><![CDATA[gh_3d9ec5667ec1]]></ToUserName>
<FromUserName><![CDATA[o3hgew1Jnr5qKPNYe9jDqvgX46YM]]></FromUserName>
<CreateTime>1520575503</CreateTime>
<MsgType><![CDATA[event]]></MsgType>
<Event><![CDATA[LOCATION]]></Event>
<Latitude>22.800636</Latitude>
<Longitude>113.779793</Longitude>
<Precision>30.000000</Precision>
</xml>

2018-03-09 14:05:04 params :
------------
String:
array (
  'message' => 
  array (
    'tousername' => 'gh_3d9ec5667ec1',
    'fromusername' => 'o3hgew1Jnr5qKPNYe9jDqvgX46YM',
    'createtime' => '1520575503',
    'msgtype' => 'event',
    'event' => 'LOCATION',
    'latitude' => '22.800636',
    'longitude' => '113.779793',
    'precision' => '30.000000',
    'from' => 'o3hgew1Jnr5qKPNYe9jDqvgX46YM',
    'to' => 'gh_3d9ec5667ec1',
    'time' => '1520575503',
    'type' => 'trace',
    'location_x' => '22.800636',
    'location_y' => '113.779793',
  ),
  'module' => 'default',
  'rule' => '-1',
)

2018-03-09 14:05:04 response :
------------
Array:
errno : -1 ;
message : Invaild value ;

2018-03-09 14:05:06 trace :
------------
String:
<xml><ToUserName><![CDATA[gh_3d9ec5667ec1]]></ToUserName>
<FromUserName><![CDATA[o3hgew1Jnr5qKPNYe9jDqvgX46YM]]></FromUserName>
<CreateTime>1520575505</CreateTime>
<MsgType><![CDATA[event]]></MsgType>
<Event><![CDATA[CLICK]]></Event>
<EventKey><![CDATA[会员卡]]></EventKey>
</xml>

2018-03-09 14:05:06 params :
------------
String:
array (
  'rule' => -2,
  'module' => '',
  'message' => 
  array (
    'tousername' => 'gh_3d9ec5667ec1',
    'fromusername' => 'o3hgew1Jnr5qKPNYe9jDqvgX46YM',
    'createtime' => '1520575505',
    'msgtype' => 'event',
    'event' => 'CLICK',
    'eventkey' => '会员卡',
    'from' => 'o3hgew1Jnr5qKPNYe9jDqvgX46YM',
    'to' => 'gh_3d9ec5667ec1',
    'time' => '1520575505',
    'type' => 'text',
    'content' => '会员卡',
    'redirection' => true,
    'source' => 'click',
  ),
)

2018-03-09 14:05:06 response :
------------

2018-03-09 14:05:13 trace :
------------
String:
<xml><ToUserName><![CDATA[gh_3d9ec5667ec1]]></ToUserName>
<FromUserName><![CDATA[o3hgew1Jnr5qKPNYe9jDqvgX46YM]]></FromUserName>
<CreateTime>1520575512</CreateTime>
<MsgType><![CDATA[event]]></MsgType>
<Event><![CDATA[CLICK]]></Event>
<EventKey><![CDATA[会员卡]]></EventKey>
</xml>

2018-03-09 14:05:13 params :
------------
String:
array (
  'rule' => -2,
  'module' => '',
  'message' => 
  array (
    'tousername' => 'gh_3d9ec5667ec1',
    'fromusername' => 'o3hgew1Jnr5qKPNYe9jDqvgX46YM',
    'createtime' => '1520575512',
    'msgtype' => 'event',
    'event' => 'CLICK',
    'eventkey' => '会员卡',
    'from' => 'o3hgew1Jnr5qKPNYe9jDqvgX46YM',
    'to' => 'gh_3d9ec5667ec1',
    'time' => '1520575512',
    'type' => 'text',
    'content' => '会员卡',
    'redirection' => true,
    'source' => 'click',
  ),
)

2018-03-09 14:05:13 response :
------------

2018-03-09 14:11:07 trace :
------------
String:
<xml><ToUserName><![CDATA[gh_3d9ec5667ec1]]></ToUserName>
<FromUserName><![CDATA[o3hgew_EWMHHrCxPDTkCGDT1xbfM]]></FromUserName>
<CreateTime>1520575866</CreateTime>
<MsgType><![CDATA[event]]></MsgType>
<Event><![CDATA[subscribe]]></Event>
<EventKey><![CDATA[]]></EventKey>
</xml>

2018-03-09 14:11:08 params :
------------
String:
array (
  'rule' => -2,
  'module' => '',
  'message' => 
  array (
    'tousername' => 'gh_3d9ec5667ec1',
    'fromusername' => 'o3hgew_EWMHHrCxPDTkCGDT1xbfM',
    'createtime' => '1520575866',
    'msgtype' => 'event',
    'event' => 'subscribe',
    'eventkey' => '',
    'from' => 'o3hgew_EWMHHrCxPDTkCGDT1xbfM',
    'to' => 'gh_3d9ec5667ec1',
    'time' => '1520575866',
    'type' => 'text',
    'redirection' => true,
    'source' => 'subscribe',
  ),
)

2018-03-09 14:11:08 response :
------------

2018-03-09 14:11:13 trace :
------------
String:
<xml><ToUserName><![CDATA[gh_3d9ec5667ec1]]></ToUserName>
<FromUserName><![CDATA[o3hgew_EWMHHrCxPDTkCGDT1xbfM]]></FromUserName>
<CreateTime>1520575872</CreateTime>
<MsgType><![CDATA[event]]></MsgType>
<Event><![CDATA[LOCATION]]></Event>
<Latitude>22.800611</Latitude>
<Longitude>113.779655</Longitude>
<Precision>25.000000</Precision>
</xml>

2018-03-09 14:11:13 params :
------------
String:
array (
  'message' => 
  array (
    'tousername' => 'gh_3d9ec5667ec1',
    'fromusername' => 'o3hgew_EWMHHrCxPDTkCGDT1xbfM',
    'createtime' => '1520575872',
    'msgtype' => 'event',
    'event' => 'LOCATION',
    'latitude' => '22.800611',
    'longitude' => '113.779655',
    'precision' => '25.000000',
    'from' => 'o3hgew_EWMHHrCxPDTkCGDT1xbfM',
    'to' => 'gh_3d9ec5667ec1',
    'time' => '1520575872',
    'type' => 'trace',
    'location_x' => '22.800611',
    'location_y' => '113.779655',
  ),
  'module' => 'default',
  'rule' => '-1',
)

2018-03-09 14:11:13 response :
------------
Array:
errno : -1 ;
message : Invaild value ;

2018-03-09 14:11:22 trace :
------------
String:
<xml><ToUserName><![CDATA[gh_3d9ec5667ec1]]></ToUserName>
<FromUserName><![CDATA[o3hgew_EWMHHrCxPDTkCGDT1xbfM]]></FromUserName>
<CreateTime>1520575881</CreateTime>
<MsgType><![CDATA[event]]></MsgType>
<Event><![CDATA[CLICK]]></Event>
<EventKey><![CDATA[会员卡]]></EventKey>
</xml>

2018-03-09 14:11:22 params :
------------
String:
array (
  'rule' => -2,
  'module' => '',
  'message' => 
  array (
    'tousername' => 'gh_3d9ec5667ec1',
    'fromusername' => 'o3hgew_EWMHHrCxPDTkCGDT1xbfM',
    'createtime' => '1520575881',
    'msgtype' => 'event',
    'event' => 'CLICK',
    'eventkey' => '会员卡',
    'from' => 'o3hgew_EWMHHrCxPDTkCGDT1xbfM',
    'to' => 'gh_3d9ec5667ec1',
    'time' => '1520575881',
    'type' => 'text',
    'content' => '会员卡',
    'redirection' => true,
    'source' => 'click',
  ),
)

2018-03-09 14:11:22 response :
------------

2018-03-09 14:11:30 trace :
------------
String:
<xml><ToUserName><![CDATA[gh_3d9ec5667ec1]]></ToUserName>
<FromUserName><![CDATA[o3hgew_EWMHHrCxPDTkCGDT1xbfM]]></FromUserName>
<CreateTime>1520575889</CreateTime>
<MsgType><![CDATA[event]]></MsgType>
<Event><![CDATA[CLICK]]></Event>
<EventKey><![CDATA[会员卡]]></EventKey>
</xml>

2018-03-09 14:11:30 params :
------------
String:
array (
  'rule' => -2,
  'module' => '',
  'message' => 
  array (
    'tousername' => 'gh_3d9ec5667ec1',
    'fromusername' => 'o3hgew_EWMHHrCxPDTkCGDT1xbfM',
    'createtime' => '1520575889',
    'msgtype' => 'event',
    'event' => 'CLICK',
    'eventkey' => '会员卡',
    'from' => 'o3hgew_EWMHHrCxPDTkCGDT1xbfM',
    'to' => 'gh_3d9ec5667ec1',
    'time' => '1520575889',
    'type' => 'text',
    'content' => '会员卡',
    'redirection' => true,
    'source' => 'click',
  ),
)

2018-03-09 14:11:30 response :
------------

2018-03-09 14:11:45 trace :
------------
String:
<xml><ToUserName><![CDATA[gh_3d9ec5667ec1]]></ToUserName>
<FromUserName><![CDATA[o3hgew_EWMHHrCxPDTkCGDT1xbfM]]></FromUserName>
<CreateTime>1520575904</CreateTime>
<MsgType><![CDATA[event]]></MsgType>
<Event><![CDATA[unsubscribe]]></Event>
<EventKey><![CDATA[]]></EventKey>
</xml>

2018-03-09 14:12:12 trace :
------------
String:
<xml><ToUserName><![CDATA[gh_3d9ec5667ec1]]></ToUserName>
<FromUserName><![CDATA[o3hgew0vkoGRoP1Dth3iFoOTpgRU]]></FromUserName>
<CreateTime>1520575931</CreateTime>
<MsgType><![CDATA[event]]></MsgType>
<Event><![CDATA[subscribe]]></Event>
<EventKey><![CDATA[]]></EventKey>
</xml>

2018-03-09 14:12:12 params :
------------
String:
array (
  'rule' => -2,
  'module' => '',
  'message' => 
  array (
    'tousername' => 'gh_3d9ec5667ec1',
    'fromusername' => 'o3hgew0vkoGRoP1Dth3iFoOTpgRU',
    'createtime' => '1520575931',
    'msgtype' => 'event',
    'event' => 'subscribe',
    'eventkey' => '',
    'from' => 'o3hgew0vkoGRoP1Dth3iFoOTpgRU',
    'to' => 'gh_3d9ec5667ec1',
    'time' => '1520575931',
    'type' => 'text',
    'redirection' => true,
    'source' => 'subscribe',
  ),
)

2018-03-09 14:12:12 response :
------------

2018-03-09 14:12:20 trace :
------------
String:
<xml><ToUserName><![CDATA[gh_3d9ec5667ec1]]></ToUserName>
<FromUserName><![CDATA[o3hgew0vkoGRoP1Dth3iFoOTpgRU]]></FromUserName>
<CreateTime>1520575939</CreateTime>
<MsgType><![CDATA[event]]></MsgType>
<Event><![CDATA[LOCATION]]></Event>
<Latitude>22.800634</Latitude>
<Longitude>113.779793</Longitude>
<Precision>30.000000</Precision>
</xml>

2018-03-09 14:12:20 params :
------------
String:
array (
  'message' => 
  array (
    'tousername' => 'gh_3d9ec5667ec1',
    'fromusername' => 'o3hgew0vkoGRoP1Dth3iFoOTpgRU',
    'createtime' => '1520575939',
    'msgtype' => 'event',
    'event' => 'LOCATION',
    'latitude' => '22.800634',
    'longitude' => '113.779793',
    'precision' => '30.000000',
    'from' => 'o3hgew0vkoGRoP1Dth3iFoOTpgRU',
    'to' => 'gh_3d9ec5667ec1',
    'time' => '1520575939',
    'type' => 'trace',
    'location_x' => '22.800634',
    'location_y' => '113.779793',
  ),
  'module' => 'default',
  'rule' => '-1',
)

2018-03-09 14:12:20 response :
------------
Array:
errno : -1 ;
message : Invaild value ;

2018-03-09 14:12:23 trace :
------------
String:
<xml><ToUserName><![CDATA[gh_3d9ec5667ec1]]></ToUserName>
<FromUserName><![CDATA[o3hgew0vkoGRoP1Dth3iFoOTpgRU]]></FromUserName>
<CreateTime>1520575942</CreateTime>
<MsgType><![CDATA[event]]></MsgType>
<Event><![CDATA[VIEW]]></Event>
<EventKey><![CDATA[https://wxapp.mctimes.cn/app/index.php?i=1&c=entry&rid=32&do=app_qd&m=meepo_xianchang]]></EventKey>
<MenuId>424736618</MenuId>
</xml>

2018-03-09 14:12:23 params :
------------
String:
array (
  'rule' => -2,
  'module' => '',
  'message' => 
  array (
    'tousername' => 'gh_3d9ec5667ec1',
    'fromusername' => 'o3hgew0vkoGRoP1Dth3iFoOTpgRU',
    'createtime' => '1520575942',
    'msgtype' => 'event',
    'event' => 'VIEW',
    'eventkey' => 'https://wxapp.mctimes.cn/app/index.php?i=1&c=entry&rid=32&do=app_qd&m=meepo_xianchang',
    'menuid' => '424736618',
    'from' => 'o3hgew0vkoGRoP1Dth3iFoOTpgRU',
    'to' => 'gh_3d9ec5667ec1',
    'time' => '1520575942',
    'type' => 'text',
    'content' => 'https://wxapp.mctimes.cn/app/index.php?i=1&c=entry&rid=32&do=app_qd&m=meepo_xianchang',
    'redirection' => true,
    'source' => 'VIEW',
  ),
)

2018-03-09 14:12:23 response :
------------

2018-03-09 14:12:28 trace :
------------
String:
<xml><ToUserName><![CDATA[gh_3d9ec5667ec1]]></ToUserName>
<FromUserName><![CDATA[o3hgew0vkoGRoP1Dth3iFoOTpgRU]]></FromUserName>
<CreateTime>1520575947</CreateTime>
<MsgType><![CDATA[event]]></MsgType>
<Event><![CDATA[LOCATION]]></Event>
<Latitude>22.800634</Latitude>
<Longitude>113.779793</Longitude>
<Precision>30.000000</Precision>
</xml>

2018-03-09 14:12:28 params :
------------
String:
array (
  'message' => 
  array (
    'tousername' => 'gh_3d9ec5667ec1',
    'fromusername' => 'o3hgew0vkoGRoP1Dth3iFoOTpgRU',
    'createtime' => '1520575947',
    'msgtype' => 'event',
    'event' => 'LOCATION',
    'latitude' => '22.800634',
    'longitude' => '113.779793',
    'precision' => '30.000000',
    'from' => 'o3hgew0vkoGRoP1Dth3iFoOTpgRU',
    'to' => 'gh_3d9ec5667ec1',
    'time' => '1520575947',
    'type' => 'trace',
    'location_x' => '22.800634',
    'location_y' => '113.779793',
  ),
  'module' => 'default',
  'rule' => '-1',
)

2018-03-09 14:12:28 response :
------------
Array:
errno : -1 ;
message : Invaild value ;

2018-03-09 14:16:01 trace :
------------
String:
<xml><ToUserName><![CDATA[gh_3d9ec5667ec1]]></ToUserName>
<FromUserName><![CDATA[o3hgew1r7b2QaGeAlZ673nOp57A0]]></FromUserName>
<CreateTime>1520576160</CreateTime>
<MsgType><![CDATA[event]]></MsgType>
<Event><![CDATA[subscribe]]></Event>
<EventKey><![CDATA[]]></EventKey>
</xml>

2018-03-09 14:16:01 params :
------------
String:
array (
  'rule' => -2,
  'module' => '',
  'message' => 
  array (
    'tousername' => 'gh_3d9ec5667ec1',
    'fromusername' => 'o3hgew1r7b2QaGeAlZ673nOp57A0',
    'createtime' => '1520576160',
    'msgtype' => 'event',
    'event' => 'subscribe',
    'eventkey' => '',
    'from' => 'o3hgew1r7b2QaGeAlZ673nOp57A0',
    'to' => 'gh_3d9ec5667ec1',
    'time' => '1520576160',
    'type' => 'text',
    'redirection' => true,
    'source' => 'subscribe',
  ),
)

2018-03-09 14:16:01 response :
------------

2018-03-09 14:16:05 trace :
------------
String:
<xml><ToUserName><![CDATA[gh_3d9ec5667ec1]]></ToUserName>
<FromUserName><![CDATA[o3hgew1r7b2QaGeAlZ673nOp57A0]]></FromUserName>
<CreateTime>1520576164</CreateTime>
<MsgType><![CDATA[event]]></MsgType>
<Event><![CDATA[LOCATION]]></Event>
<Latitude>22.800472</Latitude>
<Longitude>113.779831</Longitude>
<Precision>65.000000</Precision>
</xml>

2018-03-09 14:16:05 params :
------------
String:
array (
  'message' => 
  array (
    'tousername' => 'gh_3d9ec5667ec1',
    'fromusername' => 'o3hgew1r7b2QaGeAlZ673nOp57A0',
    'createtime' => '1520576164',
    'msgtype' => 'event',
    'event' => 'LOCATION',
    'latitude' => '22.800472',
    'longitude' => '113.779831',
    'precision' => '65.000000',
    'from' => 'o3hgew1r7b2QaGeAlZ673nOp57A0',
    'to' => 'gh_3d9ec5667ec1',
    'time' => '1520576164',
    'type' => 'trace',
    'location_x' => '22.800472',
    'location_y' => '113.779831',
  ),
  'module' => 'default',
  'rule' => '-1',
)

2018-03-09 14:16:05 response :
------------
Array:
errno : -1 ;
message : Invaild value ;

2018-03-09 15:40:56 trace :
------------
String:
<xml><ToUserName><![CDATA[gh_3d9ec5667ec1]]></ToUserName>
<FromUserName><![CDATA[o3hgew2_Mr-HOkNd5pEJWOkw7cnc]]></FromUserName>
<CreateTime>1520581255</CreateTime>
<MsgType><![CDATA[event]]></MsgType>
<Event><![CDATA[subscribe]]></Event>
<EventKey><![CDATA[]]></EventKey>
</xml>

2018-03-09 15:40:56 params :
------------
String:
array (
  'rule' => -2,
  'module' => '',
  'message' => 
  array (
    'tousername' => 'gh_3d9ec5667ec1',
    'fromusername' => 'o3hgew2_Mr-HOkNd5pEJWOkw7cnc',
    'createtime' => '1520581255',
    'msgtype' => 'event',
    'event' => 'subscribe',
    'eventkey' => '',
    'from' => 'o3hgew2_Mr-HOkNd5pEJWOkw7cnc',
    'to' => 'gh_3d9ec5667ec1',
    'time' => '1520581255',
    'type' => 'text',
    'redirection' => true,
    'source' => 'subscribe',
  ),
)

2018-03-09 15:40:56 response :
------------

2018-03-09 15:42:03 trace :
------------
String:
<xml><ToUserName><![CDATA[gh_3d9ec5667ec1]]></ToUserName>
<FromUserName><![CDATA[o3hgewyAsSfnIXQg_x_x6M9BSik0]]></FromUserName>
<CreateTime>1520581322</CreateTime>
<MsgType><![CDATA[event]]></MsgType>
<Event><![CDATA[subscribe]]></Event>
<EventKey><![CDATA[]]></EventKey>
</xml>

2018-03-09 15:42:03 params :
------------
String:
array (
  'rule' => -2,
  'module' => '',
  'message' => 
  array (
    'tousername' => 'gh_3d9ec5667ec1',
    'fromusername' => 'o3hgewyAsSfnIXQg_x_x6M9BSik0',
    'createtime' => '1520581322',
    'msgtype' => 'event',
    'event' => 'subscribe',
    'eventkey' => '',
    'from' => 'o3hgewyAsSfnIXQg_x_x6M9BSik0',
    'to' => 'gh_3d9ec5667ec1',
    'time' => '1520581322',
    'type' => 'text',
    'redirection' => true,
    'source' => 'subscribe',
  ),
)

2018-03-09 15:42:03 response :
------------

2018-03-09 15:42:09 trace :
------------
String:
<xml><ToUserName><![CDATA[gh_3d9ec5667ec1]]></ToUserName>
<FromUserName><![CDATA[o3hgewxr8Ez3a6wfUfYdJbK0gzSU]]></FromUserName>
<CreateTime>1520581328</CreateTime>
<MsgType><![CDATA[event]]></MsgType>
<Event><![CDATA[subscribe]]></Event>
<EventKey><![CDATA[]]></EventKey>
</xml>

2018-03-09 15:42:09 params :
------------
String:
array (
  'rule' => -2,
  'module' => '',
  'message' => 
  array (
    'tousername' => 'gh_3d9ec5667ec1',
    'fromusername' => 'o3hgewxr8Ez3a6wfUfYdJbK0gzSU',
    'createtime' => '1520581328',
    'msgtype' => 'event',
    'event' => 'subscribe',
    'eventkey' => '',
    'from' => 'o3hgewxr8Ez3a6wfUfYdJbK0gzSU',
    'to' => 'gh_3d9ec5667ec1',
    'time' => '1520581328',
    'type' => 'text',
    'redirection' => true,
    'source' => 'subscribe',
  ),
)

2018-03-09 15:42:09 response :
------------

2018-03-09 15:42:11 trace :
------------
String:
<xml><ToUserName><![CDATA[gh_3d9ec5667ec1]]></ToUserName>
<FromUserName><![CDATA[o3hgewxr8Ez3a6wfUfYdJbK0gzSU]]></FromUserName>
<CreateTime>1520581330</CreateTime>
<MsgType><![CDATA[event]]></MsgType>
<Event><![CDATA[LOCATION]]></Event>
<Latitude>22.800701</Latitude>
<Longitude>113.779907</Longitude>
<Precision>65.000000</Precision>
</xml>

2018-03-09 15:42:11 params :
------------
String:
array (
  'message' => 
  array (
    'tousername' => 'gh_3d9ec5667ec1',
    'fromusername' => 'o3hgewxr8Ez3a6wfUfYdJbK0gzSU',
    'createtime' => '1520581330',
    'msgtype' => 'event',
    'event' => 'LOCATION',
    'latitude' => '22.800701',
    'longitude' => '113.779907',
    'precision' => '65.000000',
    'from' => 'o3hgewxr8Ez3a6wfUfYdJbK0gzSU',
    'to' => 'gh_3d9ec5667ec1',
    'time' => '1520581330',
    'type' => 'trace',
    'location_x' => '22.800701',
    'location_y' => '113.779907',
  ),
  'module' => 'default',
  'rule' => '-1',
)

2018-03-09 15:42:11 response :
------------
Array:
errno : -1 ;
message : Invaild value ;

2018-03-09 15:42:17 trace :
------------
String:
<xml><ToUserName><![CDATA[gh_3d9ec5667ec1]]></ToUserName>
<FromUserName><![CDATA[o3hgewxr8Ez3a6wfUfYdJbK0gzSU]]></FromUserName>
<CreateTime>1520581332</CreateTime>
<MsgType><![CDATA[event]]></MsgType>
<Event><![CDATA[CLICK]]></Event>
<EventKey><![CDATA[会员卡]]></EventKey>
</xml>

2018-03-09 15:42:17 params :
------------
String:
array (
  'rule' => -2,
  'module' => '',
  'message' => 
  array (
    'tousername' => 'gh_3d9ec5667ec1',
    'fromusername' => 'o3hgewxr8Ez3a6wfUfYdJbK0gzSU',
    'createtime' => '1520581332',
    'msgtype' => 'event',
    'event' => 'CLICK',
    'eventkey' => '会员卡',
    'from' => 'o3hgewxr8Ez3a6wfUfYdJbK0gzSU',
    'to' => 'gh_3d9ec5667ec1',
    'time' => '1520581332',
    'type' => 'text',
    'content' => '会员卡',
    'redirection' => true,
    'source' => 'click',
  ),
)

2018-03-09 15:42:17 response :
------------

2018-03-09 15:42:18 trace :
------------
String:
<xml><ToUserName><![CDATA[gh_3d9ec5667ec1]]></ToUserName>
<FromUserName><![CDATA[o3hgewxr8Ez3a6wfUfYdJbK0gzSU]]></FromUserName>
<CreateTime>1520581337</CreateTime>
<MsgType><![CDATA[event]]></MsgType>
<Event><![CDATA[VIEW]]></Event>
<EventKey><![CDATA[https://wxapp.mctimes.cn/app/index.php?i=1&c=entry&rid=32&do=app_qd&m=meepo_xianchang]]></EventKey>
<MenuId>424736618</MenuId>
</xml>

2018-03-09 15:42:18 params :
------------
String:
array (
  'rule' => -2,
  'module' => '',
  'message' => 
  array (
    'tousername' => 'gh_3d9ec5667ec1',
    'fromusername' => 'o3hgewxr8Ez3a6wfUfYdJbK0gzSU',
    'createtime' => '1520581337',
    'msgtype' => 'event',
    'event' => 'VIEW',
    'eventkey' => 'https://wxapp.mctimes.cn/app/index.php?i=1&c=entry&rid=32&do=app_qd&m=meepo_xianchang',
    'menuid' => '424736618',
    'from' => 'o3hgewxr8Ez3a6wfUfYdJbK0gzSU',
    'to' => 'gh_3d9ec5667ec1',
    'time' => '1520581337',
    'type' => 'text',
    'content' => 'https://wxapp.mctimes.cn/app/index.php?i=1&c=entry&rid=32&do=app_qd&m=meepo_xianchang',
    'redirection' => true,
    'source' => 'VIEW',
  ),
)

2018-03-09 15:42:18 response :
------------

2018-03-09 15:55:12 trace :
------------
String:
<xml><ToUserName><![CDATA[gh_3d9ec5667ec1]]></ToUserName>
<FromUserName><![CDATA[o3hgew7PYxIFbKo_E9QHWqgq7Oi8]]></FromUserName>
<CreateTime>1520582111</CreateTime>
<MsgType><![CDATA[event]]></MsgType>
<Event><![CDATA[subscribe]]></Event>
<EventKey><![CDATA[]]></EventKey>
</xml>

2018-03-09 15:55:13 params :
------------
String:
array (
  'rule' => -2,
  'module' => '',
  'message' => 
  array (
    'tousername' => 'gh_3d9ec5667ec1',
    'fromusername' => 'o3hgew7PYxIFbKo_E9QHWqgq7Oi8',
    'createtime' => '1520582111',
    'msgtype' => 'event',
    'event' => 'subscribe',
    'eventkey' => '',
    'from' => 'o3hgew7PYxIFbKo_E9QHWqgq7Oi8',
    'to' => 'gh_3d9ec5667ec1',
    'time' => '1520582111',
    'type' => 'text',
    'redirection' => true,
    'source' => 'subscribe',
  ),
)

2018-03-09 15:55:13 response :
------------

2018-03-09 15:55:16 trace :
------------
String:
<xml><ToUserName><![CDATA[gh_3d9ec5667ec1]]></ToUserName>
<FromUserName><![CDATA[o3hgew7PYxIFbKo_E9QHWqgq7Oi8]]></FromUserName>
<CreateTime>1520582115</CreateTime>
<MsgType><![CDATA[event]]></MsgType>
<Event><![CDATA[LOCATION]]></Event>
<Latitude>22.800482</Latitude>
<Longitude>113.779816</Longitude>
<Precision>30.000000</Precision>
</xml>

2018-03-09 15:55:16 params :
------------
String:
array (
  'message' => 
  array (
    'tousername' => 'gh_3d9ec5667ec1',
    'fromusername' => 'o3hgew7PYxIFbKo_E9QHWqgq7Oi8',
    'createtime' => '1520582115',
    'msgtype' => 'event',
    'event' => 'LOCATION',
    'latitude' => '22.800482',
    'longitude' => '113.779816',
    'precision' => '30.000000',
    'from' => 'o3hgew7PYxIFbKo_E9QHWqgq7Oi8',
    'to' => 'gh_3d9ec5667ec1',
    'time' => '1520582115',
    'type' => 'trace',
    'location_x' => '22.800482',
    'location_y' => '113.779816',
  ),
  'module' => 'default',
  'rule' => '-1',
)

2018-03-09 15:55:16 response :
------------
Array:
errno : -1 ;
message : Invaild value ;

2018-03-09 15:55:23 trace :
------------
String:
<xml><ToUserName><![CDATA[gh_3d9ec5667ec1]]></ToUserName>
<FromUserName><![CDATA[o3hgew7PYxIFbKo_E9QHWqgq7Oi8]]></FromUserName>
<CreateTime>1520582122</CreateTime>
<MsgType><![CDATA[event]]></MsgType>
<Event><![CDATA[CLICK]]></Event>
<EventKey><![CDATA[会员卡]]></EventKey>
</xml>

2018-03-09 15:55:23 params :
------------
String:
array (
  'rule' => -2,
  'module' => '',
  'message' => 
  array (
    'tousername' => 'gh_3d9ec5667ec1',
    'fromusername' => 'o3hgew7PYxIFbKo_E9QHWqgq7Oi8',
    'createtime' => '1520582122',
    'msgtype' => 'event',
    'event' => 'CLICK',
    'eventkey' => '会员卡',
    'from' => 'o3hgew7PYxIFbKo_E9QHWqgq7Oi8',
    'to' => 'gh_3d9ec5667ec1',
    'time' => '1520582122',
    'type' => 'text',
    'content' => '会员卡',
    'redirection' => true,
    'source' => 'click',
  ),
)

2018-03-09 15:55:23 response :
------------

2018-03-09 15:56:04 trace :
------------
String:
<xml><ToUserName><![CDATA[gh_3d9ec5667ec1]]></ToUserName>
<FromUserName><![CDATA[o3hgew7PYxIFbKo_E9QHWqgq7Oi8]]></FromUserName>
<CreateTime>1520582163</CreateTime>
<MsgType><![CDATA[event]]></MsgType>
<Event><![CDATA[LOCATION]]></Event>
<Latitude>22.800482</Latitude>
<Longitude>113.779816</Longitude>
<Precision>30.000000</Precision>
</xml>

2018-03-09 15:56:04 params :
------------
String:
array (
  'message' => 
  array (
    'tousername' => 'gh_3d9ec5667ec1',
    'fromusername' => 'o3hgew7PYxIFbKo_E9QHWqgq7Oi8',
    'createtime' => '1520582163',
    'msgtype' => 'event',
    'event' => 'LOCATION',
    'latitude' => '22.800482',
    'longitude' => '113.779816',
    'precision' => '30.000000',
    'from' => 'o3hgew7PYxIFbKo_E9QHWqgq7Oi8',
    'to' => 'gh_3d9ec5667ec1',
    'time' => '1520582163',
    'type' => 'trace',
    'location_x' => '22.800482',
    'location_y' => '113.779816',
  ),
  'module' => 'default',
  'rule' => '-1',
)

2018-03-09 15:56:04 response :
------------
Array:
errno : -1 ;
message : Invaild value ;

2018-03-09 15:59:08 trace :
------------
String:
<xml><ToUserName><![CDATA[gh_3d9ec5667ec1]]></ToUserName>
<FromUserName><![CDATA[o3hgew-PHUEJ5JS81mPNJnhnpIT8]]></FromUserName>
<CreateTime>1520582347</CreateTime>
<MsgType><![CDATA[event]]></MsgType>
<Event><![CDATA[subscribe]]></Event>
<EventKey><![CDATA[]]></EventKey>
</xml>

2018-03-09 15:59:09 params :
------------
String:
array (
  'rule' => -2,
  'module' => '',
  'message' => 
  array (
    'tousername' => 'gh_3d9ec5667ec1',
    'fromusername' => 'o3hgew-PHUEJ5JS81mPNJnhnpIT8',
    'createtime' => '1520582347',
    'msgtype' => 'event',
    'event' => 'subscribe',
    'eventkey' => '',
    'from' => 'o3hgew-PHUEJ5JS81mPNJnhnpIT8',
    'to' => 'gh_3d9ec5667ec1',
    'time' => '1520582347',
    'type' => 'text',
    'redirection' => true,
    'source' => 'subscribe',
  ),
)

2018-03-09 15:59:09 response :
------------

2018-03-09 15:59:10 trace :
------------
String:
<xml><ToUserName><![CDATA[gh_3d9ec5667ec1]]></ToUserName>
<FromUserName><![CDATA[o3hgew-PHUEJ5JS81mPNJnhnpIT8]]></FromUserName>
<CreateTime>1520582349</CreateTime>
<MsgType><![CDATA[event]]></MsgType>
<Event><![CDATA[LOCATION]]></Event>
<Latitude>22.800650</Latitude>
<Longitude>113.779831</Longitude>
<Precision>30.000000</Precision>
</xml>

2018-03-09 15:59:10 params :
------------
String:
array (
  'message' => 
  array (
    'tousername' => 'gh_3d9ec5667ec1',
    'fromusername' => 'o3hgew-PHUEJ5JS81mPNJnhnpIT8',
    'createtime' => '1520582349',
    'msgtype' => 'event',
    'event' => 'LOCATION',
    'latitude' => '22.800650',
    'longitude' => '113.779831',
    'precision' => '30.000000',
    'from' => 'o3hgew-PHUEJ5JS81mPNJnhnpIT8',
    'to' => 'gh_3d9ec5667ec1',
    'time' => '1520582349',
    'type' => 'trace',
    'location_x' => '22.800650',
    'location_y' => '113.779831',
  ),
  'module' => 'default',
  'rule' => '-1',
)

2018-03-09 15:59:10 response :
------------
Array:
errno : -1 ;
message : Invaild value ;

2018-03-09 16:35:20 trace :
------------
String:
<xml><ToUserName><![CDATA[gh_3d9ec5667ec1]]></ToUserName>
<FromUserName><![CDATA[o3hgew54sLDy6C3Y-kS6d4Bt6a8Y]]></FromUserName>
<CreateTime>1520584519</CreateTime>
<MsgType><![CDATA[event]]></MsgType>
<Event><![CDATA[subscribe]]></Event>
<EventKey><![CDATA[]]></EventKey>
</xml>

2018-03-09 16:35:20 params :
------------
String:
array (
  'rule' => -2,
  'module' => '',
  'message' => 
  array (
    'tousername' => 'gh_3d9ec5667ec1',
    'fromusername' => 'o3hgew54sLDy6C3Y-kS6d4Bt6a8Y',
    'createtime' => '1520584519',
    'msgtype' => 'event',
    'event' => 'subscribe',
    'eventkey' => '',
    'from' => 'o3hgew54sLDy6C3Y-kS6d4Bt6a8Y',
    'to' => 'gh_3d9ec5667ec1',
    'time' => '1520584519',
    'type' => 'text',
    'redirection' => true,
    'source' => 'subscribe',
  ),
)

2018-03-09 16:35:20 response :
------------

2018-03-09 21:09:07 trace :
------------
String:
<xml><ToUserName><![CDATA[gh_3d9ec5667ec1]]></ToUserName>
<FromUserName><![CDATA[o3hgewwoODsWBct35HHjN1auODno]]></FromUserName>
<CreateTime>1520600945</CreateTime>
<MsgType><![CDATA[event]]></MsgType>
<Event><![CDATA[user_view_card]]></Event>
<CardId><![CDATA[p3hgew9XkkbkwPgTsmLu8YQw8Ink]]></CardId>
<UserCardCode><![CDATA[243018795474]]></UserCardCode>
<OuterStr><![CDATA[]]></OuterStr>
</xml>

2018-03-09 21:09:07 params :
------------
String:
array (
  'rule' => -2,
  'module' => '',
  'message' => 
  array (
    'tousername' => 'gh_3d9ec5667ec1',
    'fromusername' => 'o3hgewwoODsWBct35HHjN1auODno',
    'createtime' => '1520600945',
    'msgtype' => 'event',
    'event' => 'user_view_card',
    'cardid' => 'p3hgew9XkkbkwPgTsmLu8YQw8Ink',
    'usercardcode' => '243018795474',
    'outerstr' => '',
    'from' => 'o3hgewwoODsWBct35HHjN1auODno',
    'to' => 'gh_3d9ec5667ec1',
    'time' => '1520600945',
    'type' => 'event',
  ),
)

2018-03-09 21:09:07 response :
------------

2018-03-09 21:43:25 trace :
------------
String:
<xml><ToUserName><![CDATA[gh_3d9ec5667ec1]]></ToUserName>
<FromUserName><![CDATA[o3hgew1Jnr5qKPNYe9jDqvgX46YM]]></FromUserName>
<CreateTime>1520603004</CreateTime>
<MsgType><![CDATA[event]]></MsgType>
<Event><![CDATA[CLICK]]></Event>
<EventKey><![CDATA[会员卡]]></EventKey>
</xml>

2018-03-09 21:43:25 params :
------------
String:
array (
  'rule' => -2,
  'module' => '',
  'message' => 
  array (
    'tousername' => 'gh_3d9ec5667ec1',
    'fromusername' => 'o3hgew1Jnr5qKPNYe9jDqvgX46YM',
    'createtime' => '1520603004',
    'msgtype' => 'event',
    'event' => 'CLICK',
    'eventkey' => '会员卡',
    'from' => 'o3hgew1Jnr5qKPNYe9jDqvgX46YM',
    'to' => 'gh_3d9ec5667ec1',
    'time' => '1520603004',
    'type' => 'text',
    'content' => '会员卡',
    'redirection' => true,
    'source' => 'click',
  ),
)

2018-03-09 21:43:25 response :
------------

2018-03-09 21:43:26 trace :
------------
String:
<xml><ToUserName><![CDATA[gh_3d9ec5667ec1]]></ToUserName>
<FromUserName><![CDATA[o3hgew1Jnr5qKPNYe9jDqvgX46YM]]></FromUserName>
<CreateTime>1520603004</CreateTime>
<MsgType><![CDATA[event]]></MsgType>
<Event><![CDATA[LOCATION]]></Event>
<Latitude>22.791201</Latitude>
<Longitude>113.800652</Longitude>
<Precision>30.000000</Precision>
</xml>

2018-03-09 21:43:26 params :
------------
String:
array (
  'message' => 
  array (
    'tousername' => 'gh_3d9ec5667ec1',
    'fromusername' => 'o3hgew1Jnr5qKPNYe9jDqvgX46YM',
    'createtime' => '1520603004',
    'msgtype' => 'event',
    'event' => 'LOCATION',
    'latitude' => '22.791201',
    'longitude' => '113.800652',
    'precision' => '30.000000',
    'from' => 'o3hgew1Jnr5qKPNYe9jDqvgX46YM',
    'to' => 'gh_3d9ec5667ec1',
    'time' => '1520603004',
    'type' => 'trace',
    'location_x' => '22.791201',
    'location_y' => '113.800652',
  ),
  'module' => 'default',
  'rule' => '-1',
)

2018-03-09 21:43:26 response :
------------
Array:
errno : -1 ;
message : Invaild value ;

2018-03-09 21:44:10 trace :
------------
String:
<xml><ToUserName><![CDATA[gh_3d9ec5667ec1]]></ToUserName>
<FromUserName><![CDATA[o3hgew1Jnr5qKPNYe9jDqvgX46YM]]></FromUserName>
<CreateTime>1520603048</CreateTime>
<MsgType><![CDATA[event]]></MsgType>
<Event><![CDATA[LOCATION]]></Event>
<Latitude>22.791201</Latitude>
<Longitude>113.800652</Longitude>
<Precision>30.000000</Precision>
</xml>

2018-03-09 21:44:10 params :
------------
String:
array (
  'message' => 
  array (
    'tousername' => 'gh_3d9ec5667ec1',
    'fromusername' => 'o3hgew1Jnr5qKPNYe9jDqvgX46YM',
    'createtime' => '1520603048',
    'msgtype' => 'event',
    'event' => 'LOCATION',
    'latitude' => '22.791201',
    'longitude' => '113.800652',
    'precision' => '30.000000',
    'from' => 'o3hgew1Jnr5qKPNYe9jDqvgX46YM',
    'to' => 'gh_3d9ec5667ec1',
    'time' => '1520603048',
    'type' => 'trace',
    'location_x' => '22.791201',
    'location_y' => '113.800652',
  ),
  'module' => 'default',
  'rule' => '-1',
)

2018-03-09 21:44:10 response :
------------
Array:
errno : -1 ;
message : Invaild value ;

