2018-06-15 01:15:00 trace :
------------
String:
<xml><ToUserName><![CDATA[gh_3d9ec5667ec1]]></ToUserName>
<FromUserName><![CDATA[o3hgew4PUHR1wChoHKIxut1Aa0-4]]></FromUserName>
<CreateTime>1528996500</CreateTime>
<MsgType><![CDATA[event]]></MsgType>
<Event><![CDATA[user_view_card]]></Event>
<CardId><![CDATA[p3hgewwmNS6lAo0HM97FfGnv638c]]></CardId>
<UserCardCode><![CDATA[038099360572]]></UserCardCode>
<OuterStr><![CDATA[]]></OuterStr>
</xml>

2018-06-15 01:15:00 params :
------------
String:
array (
  'rule' => -2,
  'module' => '',
  'message' => 
  array (
    'tousername' => 'gh_3d9ec5667ec1',
    'fromusername' => 'o3hgew4PUHR1wChoHKIxut1Aa0-4',
    'createtime' => '1528996500',
    'msgtype' => 'event',
    'event' => 'user_view_card',
    'cardid' => 'p3hgewwmNS6lAo0HM97FfGnv638c',
    'usercardcode' => '038099360572',
    'outerstr' => '',
    'from' => 'o3hgew4PUHR1wChoHKIxut1Aa0-4',
    'to' => 'gh_3d9ec5667ec1',
    'time' => '1528996500',
    'type' => 'event',
  ),
)

2018-06-15 01:15:00 response :
------------

2018-06-15 08:31:41 trace :
------------
String:
<xml><ToUserName><![CDATA[gh_8a317808696e]]></ToUserName>
<FromUserName><![CDATA[o4s6w1PA6JDnyrJWneE0qCUxCzOo]]></FromUserName>
<CreateTime>1529022701</CreateTime>
<MsgType><![CDATA[event]]></MsgType>
<Event><![CDATA[TEMPLATESENDJOBFINISH]]></Event>
<MsgID>325988531753320448</MsgID>
<Status><![CDATA[success]]></Status>
</xml>

2018-06-15 08:31:41 params :
------------
String:
array (
  'rule' => -2,
  'module' => '',
  'message' => 
  array (
    'tousername' => 'gh_8a317808696e',
    'fromusername' => 'o4s6w1PA6JDnyrJWneE0qCUxCzOo',
    'createtime' => '1529022701',
    'msgtype' => 'event',
    'event' => 'TEMPLATESENDJOBFINISH',
    'msgid' => '325988531753320448',
    'status' => 'success',
    'from' => 'o4s6w1PA6JDnyrJWneE0qCUxCzOo',
    'to' => 'gh_8a317808696e',
    'time' => '1529022701',
    'type' => 'event',
  ),
)

2018-06-15 08:31:41 response :
------------

2018-06-15 08:40:42 trace :
------------
String:
<xml><ToUserName><![CDATA[gh_8a317808696e]]></ToUserName>
<FromUserName><![CDATA[o4s6w1I-dTq3PedPz4j0pvb6Hj7Y]]></FromUserName>
<CreateTime>1529023242</CreateTime>
<MsgType><![CDATA[event]]></MsgType>
<Event><![CDATA[TEMPLATESENDJOBFINISH]]></Event>
<MsgID>325997606213877762</MsgID>
<Status><![CDATA[success]]></Status>
</xml>

2018-06-15 08:40:42 params :
------------
String:
array (
  'rule' => -2,
  'module' => '',
  'message' => 
  array (
    'tousername' => 'gh_8a317808696e',
    'fromusername' => 'o4s6w1I-dTq3PedPz4j0pvb6Hj7Y',
    'createtime' => '1529023242',
    'msgtype' => 'event',
    'event' => 'TEMPLATESENDJOBFINISH',
    'msgid' => '325997606213877762',
    'status' => 'success',
    'from' => 'o4s6w1I-dTq3PedPz4j0pvb6Hj7Y',
    'to' => 'gh_8a317808696e',
    'time' => '1529023242',
    'type' => 'event',
  ),
)

2018-06-15 08:40:42 response :
------------

2018-06-15 09:28:23 trace :
------------
String:
<xml><ToUserName><![CDATA[gh_8a317808696e]]></ToUserName>
<FromUserName><![CDATA[o4s6w1I-dTq3PedPz4j0pvb6Hj7Y]]></FromUserName>
<CreateTime>1529026103</CreateTime>
<MsgType><![CDATA[event]]></MsgType>
<Event><![CDATA[TEMPLATESENDJOBFINISH]]></Event>
<MsgID>326045598614650882</MsgID>
<Status><![CDATA[success]]></Status>
</xml>

2018-06-15 09:28:23 params :
------------
String:
array (
  'rule' => -2,
  'module' => '',
  'message' => 
  array (
    'tousername' => 'gh_8a317808696e',
    'fromusername' => 'o4s6w1I-dTq3PedPz4j0pvb6Hj7Y',
    'createtime' => '1529026103',
    'msgtype' => 'event',
    'event' => 'TEMPLATESENDJOBFINISH',
    'msgid' => '326045598614650882',
    'status' => 'success',
    'from' => 'o4s6w1I-dTq3PedPz4j0pvb6Hj7Y',
    'to' => 'gh_8a317808696e',
    'time' => '1529026103',
    'type' => 'event',
  ),
)

2018-06-15 09:28:23 response :
------------

2018-06-15 09:32:01 trace :
------------
String:
<xml><ToUserName><![CDATA[gh_8a317808696e]]></ToUserName>
<FromUserName><![CDATA[o4s6w1PA6JDnyrJWneE0qCUxCzOo]]></FromUserName>
<CreateTime>1529026321</CreateTime>
<MsgType><![CDATA[event]]></MsgType>
<Event><![CDATA[TEMPLATESENDJOBFINISH]]></Event>
<MsgID>326049264570597376</MsgID>
<Status><![CDATA[success]]></Status>
</xml>

2018-06-15 09:32:01 params :
------------
String:
array (
  'rule' => -2,
  'module' => '',
  'message' => 
  array (
    'tousername' => 'gh_8a317808696e',
    'fromusername' => 'o4s6w1PA6JDnyrJWneE0qCUxCzOo',
    'createtime' => '1529026321',
    'msgtype' => 'event',
    'event' => 'TEMPLATESENDJOBFINISH',
    'msgid' => '326049264570597376',
    'status' => 'success',
    'from' => 'o4s6w1PA6JDnyrJWneE0qCUxCzOo',
    'to' => 'gh_8a317808696e',
    'time' => '1529026321',
    'type' => 'event',
  ),
)

2018-06-15 09:32:01 response :
------------

2018-06-15 09:35:32 trace :
------------
String:
<xml><ToUserName><![CDATA[gh_8a317808696e]]></ToUserName>
<FromUserName><![CDATA[o4s6w1PA6JDnyrJWneE0qCUxCzOo]]></FromUserName>
<CreateTime>1529026531</CreateTime>
<MsgType><![CDATA[event]]></MsgType>
<Event><![CDATA[TEMPLATESENDJOBFINISH]]></Event>
<MsgID>326052790638084097</MsgID>
<Status><![CDATA[success]]></Status>
</xml>

2018-06-15 09:35:32 params :
------------
String:
array (
  'rule' => -2,
  'module' => '',
  'message' => 
  array (
    'tousername' => 'gh_8a317808696e',
    'fromusername' => 'o4s6w1PA6JDnyrJWneE0qCUxCzOo',
    'createtime' => '1529026531',
    'msgtype' => 'event',
    'event' => 'TEMPLATESENDJOBFINISH',
    'msgid' => '326052790638084097',
    'status' => 'success',
    'from' => 'o4s6w1PA6JDnyrJWneE0qCUxCzOo',
    'to' => 'gh_8a317808696e',
    'time' => '1529026531',
    'type' => 'event',
  ),
)

2018-06-15 09:35:32 response :
------------

2018-06-15 09:36:32 trace :
------------
String:
<xml><ToUserName><![CDATA[gh_8a317808696e]]></ToUserName>
<FromUserName><![CDATA[o4s6w1I-dTq3PedPz4j0pvb6Hj7Y]]></FromUserName>
<CreateTime>1529026592</CreateTime>
<MsgType><![CDATA[event]]></MsgType>
<Event><![CDATA[TEMPLATESENDJOBFINISH]]></Event>
<MsgID>326053810172690435</MsgID>
<Status><![CDATA[success]]></Status>
</xml>

2018-06-15 09:36:32 params :
------------
String:
array (
  'rule' => -2,
  'module' => '',
  'message' => 
  array (
    'tousername' => 'gh_8a317808696e',
    'fromusername' => 'o4s6w1I-dTq3PedPz4j0pvb6Hj7Y',
    'createtime' => '1529026592',
    'msgtype' => 'event',
    'event' => 'TEMPLATESENDJOBFINISH',
    'msgid' => '326053810172690435',
    'status' => 'success',
    'from' => 'o4s6w1I-dTq3PedPz4j0pvb6Hj7Y',
    'to' => 'gh_8a317808696e',
    'time' => '1529026592',
    'type' => 'event',
  ),
)

2018-06-15 09:36:32 response :
------------

2018-06-15 09:37:36 trace :
------------
String:
<xml><ToUserName><![CDATA[gh_8a317808696e]]></ToUserName>
<FromUserName><![CDATA[o4s6w1PA6JDnyrJWneE0qCUxCzOo]]></FromUserName>
<CreateTime>1529026656</CreateTime>
<MsgType><![CDATA[event]]></MsgType>
<Event><![CDATA[TEMPLATESENDJOBFINISH]]></Event>
<MsgID>326054880760430596</MsgID>
<Status><![CDATA[success]]></Status>
</xml>

2018-06-15 09:37:36 params :
------------
String:
array (
  'rule' => -2,
  'module' => '',
  'message' => 
  array (
    'tousername' => 'gh_8a317808696e',
    'fromusername' => 'o4s6w1PA6JDnyrJWneE0qCUxCzOo',
    'createtime' => '1529026656',
    'msgtype' => 'event',
    'event' => 'TEMPLATESENDJOBFINISH',
    'msgid' => '326054880760430596',
    'status' => 'success',
    'from' => 'o4s6w1PA6JDnyrJWneE0qCUxCzOo',
    'to' => 'gh_8a317808696e',
    'time' => '1529026656',
    'type' => 'event',
  ),
)

2018-06-15 09:37:36 response :
------------

2018-06-15 10:27:36 trace :
------------
String:
<xml><ToUserName><![CDATA[gh_8a317808696e]]></ToUserName>
<FromUserName><![CDATA[o4s6w1A8s2qMp86Z6rsFmQJvN6z0]]></FromUserName>
<CreateTime>1529029656</CreateTime>
<MsgType><![CDATA[text]]></MsgType>
<Content><![CDATA[不行]]></Content>
<MsgId>6567132367685768083</MsgId>
</xml>

2018-06-15 10:27:36 params :
------------
String:
array (
  'rule' => -2,
  'module' => '',
  'message' => 
  array (
    'tousername' => 'gh_8a317808696e',
    'fromusername' => 'o4s6w1A8s2qMp86Z6rsFmQJvN6z0',
    'createtime' => '1529029656',
    'msgtype' => 'text',
    'content' => '不行',
    'msgid' => '6567132367685768083',
    'from' => 'o4s6w1A8s2qMp86Z6rsFmQJvN6z0',
    'to' => 'gh_8a317808696e',
    'time' => '1529029656',
    'type' => 'text',
    'event' => NULL,
    'redirection' => false,
    'source' => NULL,
  ),
)

2018-06-15 10:27:36 response :
------------

2018-06-15 10:27:48 trace :
------------
String:
<xml><ToUserName><![CDATA[gh_8a317808696e]]></ToUserName>
<FromUserName><![CDATA[o4s6w1A8s2qMp86Z6rsFmQJvN6z0]]></FromUserName>
<CreateTime>1529029668</CreateTime>
<MsgType><![CDATA[text]]></MsgType>
<Content><![CDATA[重复取消好几次了]]></Content>
<MsgId>6567132419225375659</MsgId>
</xml>

2018-06-15 10:27:48 params :
------------
String:
array (
  'rule' => -2,
  'module' => '',
  'message' => 
  array (
    'tousername' => 'gh_8a317808696e',
    'fromusername' => 'o4s6w1A8s2qMp86Z6rsFmQJvN6z0',
    'createtime' => '1529029668',
    'msgtype' => 'text',
    'content' => '重复取消好几次了',
    'msgid' => '6567132419225375659',
    'from' => 'o4s6w1A8s2qMp86Z6rsFmQJvN6z0',
    'to' => 'gh_8a317808696e',
    'time' => '1529029668',
    'type' => 'text',
    'event' => NULL,
    'redirection' => false,
    'source' => NULL,
  ),
)

2018-06-15 10:27:48 response :
------------

2018-06-15 10:27:51 trace :
------------
String:
<xml><ToUserName><![CDATA[gh_8a317808696e]]></ToUserName>
<FromUserName><![CDATA[o4s6w1A8s2qMp86Z6rsFmQJvN6z0]]></FromUserName>
<CreateTime>1529029670</CreateTime>
<MsgType><![CDATA[text]]></MsgType>
<Content><![CDATA[还是这样]]></Content>
<MsgId>6567132427815310254</MsgId>
</xml>

2018-06-15 10:27:51 params :
------------
String:
array (
  'rule' => -2,
  'module' => '',
  'message' => 
  array (
    'tousername' => 'gh_8a317808696e',
    'fromusername' => 'o4s6w1A8s2qMp86Z6rsFmQJvN6z0',
    'createtime' => '1529029670',
    'msgtype' => 'text',
    'content' => '还是这样',
    'msgid' => '6567132427815310254',
    'from' => 'o4s6w1A8s2qMp86Z6rsFmQJvN6z0',
    'to' => 'gh_8a317808696e',
    'time' => '1529029670',
    'type' => 'text',
    'event' => NULL,
    'redirection' => false,
    'source' => NULL,
  ),
)

2018-06-15 10:27:51 response :
------------

2018-06-15 10:28:12 trace :
------------
String:
<xml><ToUserName><![CDATA[gh_8a317808696e]]></ToUserName>
<FromUserName><![CDATA[o4s6w1A8s2qMp86Z6rsFmQJvN6z0]]></FromUserName>
<CreateTime>1529029692</CreateTime>
<MsgType><![CDATA[text]]></MsgType>
<Content><![CDATA[删掉了]]></Content>
<MsgId>6567132522304590796</MsgId>
</xml>

2018-06-15 10:28:12 params :
------------
String:
array (
  'rule' => -2,
  'module' => '',
  'message' => 
  array (
    'tousername' => 'gh_8a317808696e',
    'fromusername' => 'o4s6w1A8s2qMp86Z6rsFmQJvN6z0',
    'createtime' => '1529029692',
    'msgtype' => 'text',
    'content' => '删掉了',
    'msgid' => '6567132522304590796',
    'from' => 'o4s6w1A8s2qMp86Z6rsFmQJvN6z0',
    'to' => 'gh_8a317808696e',
    'time' => '1529029692',
    'type' => 'text',
    'event' => NULL,
    'redirection' => false,
    'source' => NULL,
  ),
)

2018-06-15 10:28:12 response :
------------

2018-06-15 10:28:25 trace :
------------
String:
<xml><ToUserName><![CDATA[gh_8a317808696e]]></ToUserName>
<FromUserName><![CDATA[o4s6w1A8s2qMp86Z6rsFmQJvN6z0]]></FromUserName>
<CreateTime>1529029704</CreateTime>
<MsgType><![CDATA[text]]></MsgType>
<Content><![CDATA[然后又重新添加]]></Content>
<MsgId>6567132573844198378</MsgId>
</xml>

2018-06-15 10:28:25 params :
------------
String:
array (
  'rule' => -2,
  'module' => '',
  'message' => 
  array (
    'tousername' => 'gh_8a317808696e',
    'fromusername' => 'o4s6w1A8s2qMp86Z6rsFmQJvN6z0',
    'createtime' => '1529029704',
    'msgtype' => 'text',
    'content' => '然后又重新添加',
    'msgid' => '6567132573844198378',
    'from' => 'o4s6w1A8s2qMp86Z6rsFmQJvN6z0',
    'to' => 'gh_8a317808696e',
    'time' => '1529029704',
    'type' => 'text',
    'event' => NULL,
    'redirection' => false,
    'source' => NULL,
  ),
)

2018-06-15 10:28:25 response :
------------

2018-06-15 10:28:28 trace :
------------
String:
<xml><ToUserName><![CDATA[gh_8a317808696e]]></ToUserName>
<FromUserName><![CDATA[o4s6w1A8s2qMp86Z6rsFmQJvN6z0]]></FromUserName>
<CreateTime>1529029708</CreateTime>
<MsgType><![CDATA[text]]></MsgType>
<Content><![CDATA[还是一样的]]></Content>
<MsgId>6567132591024067571</MsgId>
</xml>

2018-06-15 10:28:28 params :
------------
String:
array (
  'rule' => -2,
  'module' => '',
  'message' => 
  array (
    'tousername' => 'gh_8a317808696e',
    'fromusername' => 'o4s6w1A8s2qMp86Z6rsFmQJvN6z0',
    'createtime' => '1529029708',
    'msgtype' => 'text',
    'content' => '还是一样的',
    'msgid' => '6567132591024067571',
    'from' => 'o4s6w1A8s2qMp86Z6rsFmQJvN6z0',
    'to' => 'gh_8a317808696e',
    'time' => '1529029708',
    'type' => 'text',
    'event' => NULL,
    'redirection' => false,
    'source' => NULL,
  ),
)

2018-06-15 10:28:28 response :
------------

2018-06-15 10:28:47 trace :
------------
String:
<xml><ToUserName><![CDATA[gh_8a317808696e]]></ToUserName>
<FromUserName><![CDATA[o4s6w1A8s2qMp86Z6rsFmQJvN6z0]]></FromUserName>
<CreateTime>1529029727</CreateTime>
<MsgType><![CDATA[text]]></MsgType>
<Content><![CDATA[我试了好几天了]]></Content>
<MsgId>6567132672628446221</MsgId>
</xml>

2018-06-15 10:28:47 params :
------------
String:
array (
  'rule' => -2,
  'module' => '',
  'message' => 
  array (
    'tousername' => 'gh_8a317808696e',
    'fromusername' => 'o4s6w1A8s2qMp86Z6rsFmQJvN6z0',
    'createtime' => '1529029727',
    'msgtype' => 'text',
    'content' => '我试了好几天了',
    'msgid' => '6567132672628446221',
    'from' => 'o4s6w1A8s2qMp86Z6rsFmQJvN6z0',
    'to' => 'gh_8a317808696e',
    'time' => '1529029727',
    'type' => 'text',
    'event' => NULL,
    'redirection' => false,
    'source' => NULL,
  ),
)

2018-06-15 10:28:47 response :
------------

2018-06-15 10:28:58 trace :
------------
String:
<xml><ToUserName><![CDATA[gh_8a317808696e]]></ToUserName>
<FromUserName><![CDATA[o4s6w1A8s2qMp86Z6rsFmQJvN6z0]]></FromUserName>
<CreateTime>1529029738</CreateTime>
<MsgType><![CDATA[text]]></MsgType>
<Content><![CDATA[实在不行才给你们发的消息]]></Content>
<MsgId>6567132719873086500</MsgId>
</xml>

2018-06-15 10:28:58 params :
------------
String:
array (
  'rule' => -2,
  'module' => '',
  'message' => 
  array (
    'tousername' => 'gh_8a317808696e',
    'fromusername' => 'o4s6w1A8s2qMp86Z6rsFmQJvN6z0',
    'createtime' => '1529029738',
    'msgtype' => 'text',
    'content' => '实在不行才给你们发的消息',
    'msgid' => '6567132719873086500',
    'from' => 'o4s6w1A8s2qMp86Z6rsFmQJvN6z0',
    'to' => 'gh_8a317808696e',
    'time' => '1529029738',
    'type' => 'text',
    'event' => NULL,
    'redirection' => false,
    'source' => NULL,
  ),
)

2018-06-15 10:28:58 response :
------------

2018-06-15 10:30:52 trace :
------------
String:
<xml><ToUserName><![CDATA[gh_8a317808696e]]></ToUserName>
<FromUserName><![CDATA[o4s6w1A8s2qMp86Z6rsFmQJvN6z0]]></FromUserName>
<CreateTime>1529029851</CreateTime>
<MsgType><![CDATA[text]]></MsgType>
<Content><![CDATA[谢谢你]]></Content>
<MsgId>6567133205204391105</MsgId>
</xml>

2018-06-15 10:30:52 params :
------------
String:
array (
  'rule' => -2,
  'module' => '',
  'message' => 
  array (
    'tousername' => 'gh_8a317808696e',
    'fromusername' => 'o4s6w1A8s2qMp86Z6rsFmQJvN6z0',
    'createtime' => '1529029851',
    'msgtype' => 'text',
    'content' => '谢谢你',
    'msgid' => '6567133205204391105',
    'from' => 'o4s6w1A8s2qMp86Z6rsFmQJvN6z0',
    'to' => 'gh_8a317808696e',
    'time' => '1529029851',
    'type' => 'text',
    'event' => NULL,
    'redirection' => false,
    'source' => NULL,
  ),
)

2018-06-15 10:30:52 response :
------------

2018-06-15 10:34:45 trace :
------------
String:
<xml><ToUserName><![CDATA[gh_8a317808696e]]></ToUserName>
<FromUserName><![CDATA[o4s6w1A8s2qMp86Z6rsFmQJvN6z0]]></FromUserName>
<CreateTime>1529030084</CreateTime>
<MsgType><![CDATA[text]]></MsgType>
<Content><![CDATA[修好好了]]></Content>
<MsgId>6567134205931771618</MsgId>
</xml>

2018-06-15 10:34:45 params :
------------
String:
array (
  'rule' => -2,
  'module' => '',
  'message' => 
  array (
    'tousername' => 'gh_8a317808696e',
    'fromusername' => 'o4s6w1A8s2qMp86Z6rsFmQJvN6z0',
    'createtime' => '1529030084',
    'msgtype' => 'text',
    'content' => '修好好了',
    'msgid' => '6567134205931771618',
    'from' => 'o4s6w1A8s2qMp86Z6rsFmQJvN6z0',
    'to' => 'gh_8a317808696e',
    'time' => '1529030084',
    'type' => 'text',
    'event' => NULL,
    'redirection' => false,
    'source' => NULL,
  ),
)

2018-06-15 10:34:45 response :
------------

2018-06-15 10:34:46 trace :
------------
String:
<xml><ToUserName><![CDATA[gh_8a317808696e]]></ToUserName>
<FromUserName><![CDATA[o4s6w1A8s2qMp86Z6rsFmQJvN6z0]]></FromUserName>
<CreateTime>1529030086</CreateTime>
<MsgType><![CDATA[text]]></MsgType>
<Content><![CDATA[兔]]></Content>
<MsgId>6567134214521706235</MsgId>
</xml>

2018-06-15 10:34:46 params :
------------
String:
array (
  'rule' => -2,
  'module' => '',
  'message' => 
  array (
    'tousername' => 'gh_8a317808696e',
    'fromusername' => 'o4s6w1A8s2qMp86Z6rsFmQJvN6z0',
    'createtime' => '1529030086',
    'msgtype' => 'text',
    'content' => '兔',
    'msgid' => '6567134214521706235',
    'from' => 'o4s6w1A8s2qMp86Z6rsFmQJvN6z0',
    'to' => 'gh_8a317808696e',
    'time' => '1529030086',
    'type' => 'text',
    'event' => NULL,
    'redirection' => false,
    'source' => NULL,
  ),
)

2018-06-15 10:34:46 response :
------------

2018-06-15 10:36:25 trace :
------------
String:
<xml><ToUserName><![CDATA[gh_8a317808696e]]></ToUserName>
<FromUserName><![CDATA[o4s6w1A8s2qMp86Z6rsFmQJvN6z0]]></FromUserName>
<CreateTime>1529030185</CreateTime>
<MsgType><![CDATA[text]]></MsgType>
<Content><![CDATA[还是不行]]></Content>
<MsgId>6567134639723469048</MsgId>
</xml>

2018-06-15 10:36:26 params :
------------
String:
array (
  'rule' => -2,
  'module' => '',
  'message' => 
  array (
    'tousername' => 'gh_8a317808696e',
    'fromusername' => 'o4s6w1A8s2qMp86Z6rsFmQJvN6z0',
    'createtime' => '1529030185',
    'msgtype' => 'text',
    'content' => '还是不行',
    'msgid' => '6567134639723469048',
    'from' => 'o4s6w1A8s2qMp86Z6rsFmQJvN6z0',
    'to' => 'gh_8a317808696e',
    'time' => '1529030185',
    'type' => 'text',
    'event' => NULL,
    'redirection' => false,
    'source' => NULL,
  ),
)

2018-06-15 10:36:26 response :
------------

2018-06-15 10:36:30 trace :
------------
String:
<xml><ToUserName><![CDATA[gh_8a317808696e]]></ToUserName>
<FromUserName><![CDATA[o4s6w1A8s2qMp86Z6rsFmQJvN6z0]]></FromUserName>
<CreateTime>1529030189</CreateTime>
<MsgType><![CDATA[image]]></MsgType>
<PicUrl><![CDATA[http://mmbiz.qpic.cn/mmbiz_jpg/0AJETibKwH4ECOKukqicsajqMbwMoib1C6PceicgWJVwtpebSBHUicY7LLJB7948yPDFwX2YngFtacYGj2qC7yUIxlw/0]]></PicUrl>
<MsgId>6567134656903338239</MsgId>
<MediaId><![CDATA[jGEnYWj8Qq4cd8xPWt1SzlfJAfteo_0oGQwUV3Jll7oSLY2WBJX-47kyX4or5eea]]></MediaId>
</xml>

2018-06-15 10:36:31 params :
------------
String:
array (
  'rule' => -2,
  'module' => '',
  'message' => 
  array (
    'tousername' => 'gh_8a317808696e',
    'fromusername' => 'o4s6w1A8s2qMp86Z6rsFmQJvN6z0',
    'createtime' => '1529030189',
    'msgtype' => 'image',
    'picurl' => 'http://mmbiz.qpic.cn/mmbiz_jpg/0AJETibKwH4ECOKukqicsajqMbwMoib1C6PceicgWJVwtpebSBHUicY7LLJB7948yPDFwX2YngFtacYGj2qC7yUIxlw/0',
    'msgid' => '6567134656903338239',
    'mediaid' => 'jGEnYWj8Qq4cd8xPWt1SzlfJAfteo_0oGQwUV3Jll7oSLY2WBJX-47kyX4or5eea',
    'from' => 'o4s6w1A8s2qMp86Z6rsFmQJvN6z0',
    'to' => 'gh_8a317808696e',
    'time' => '1529030189',
    'type' => 'image',
    'event' => NULL,
    'url' => 'http://mmbiz.qpic.cn/mmbiz_jpg/0AJETibKwH4ECOKukqicsajqMbwMoib1C6PceicgWJVwtpebSBHUicY7LLJB7948yPDFwX2YngFtacYGj2qC7yUIxlw/0',
  ),
)

2018-06-15 10:36:31 response :
------------

2018-06-15 10:36:44 trace :
------------
String:
<xml><ToUserName><![CDATA[gh_8a317808696e]]></ToUserName>
<FromUserName><![CDATA[o4s6w1A8s2qMp86Z6rsFmQJvN6z0]]></FromUserName>
<CreateTime>1529030203</CreateTime>
<MsgType><![CDATA[text]]></MsgType>
<Content><![CDATA[我这个微信有毒吗/::-|/::-|/::-|]]></Content>
<MsgId>6567134717032880416</MsgId>
</xml>

2018-06-15 10:36:44 params :
------------
String:
array (
  'rule' => -2,
  'module' => '',
  'message' => 
  array (
    'tousername' => 'gh_8a317808696e',
    'fromusername' => 'o4s6w1A8s2qMp86Z6rsFmQJvN6z0',
    'createtime' => '1529030203',
    'msgtype' => 'text',
    'content' => '我这个微信有毒吗/::-|/::-|/::-|',
    'msgid' => '6567134717032880416',
    'from' => 'o4s6w1A8s2qMp86Z6rsFmQJvN6z0',
    'to' => 'gh_8a317808696e',
    'time' => '1529030203',
    'type' => 'text',
    'event' => NULL,
    'redirection' => false,
    'source' => NULL,
  ),
)

2018-06-15 10:36:44 response :
------------

2018-06-15 10:43:33 trace :
------------
String:
<xml><ToUserName><![CDATA[gh_8a317808696e]]></ToUserName>
<FromUserName><![CDATA[o4s6w1A8s2qMp86Z6rsFmQJvN6z0]]></FromUserName>
<CreateTime>1529030613</CreateTime>
<MsgType><![CDATA[text]]></MsgType>
<Content><![CDATA[可以了，谢谢]]></Content>
<MsgId>6567136477969472607</MsgId>
</xml>

2018-06-15 10:43:33 params :
------------
String:
array (
  'rule' => -2,
  'module' => '',
  'message' => 
  array (
    'tousername' => 'gh_8a317808696e',
    'fromusername' => 'o4s6w1A8s2qMp86Z6rsFmQJvN6z0',
    'createtime' => '1529030613',
    'msgtype' => 'text',
    'content' => '可以了，谢谢',
    'msgid' => '6567136477969472607',
    'from' => 'o4s6w1A8s2qMp86Z6rsFmQJvN6z0',
    'to' => 'gh_8a317808696e',
    'time' => '1529030613',
    'type' => 'text',
    'event' => NULL,
    'redirection' => false,
    'source' => NULL,
  ),
)

2018-06-15 10:43:33 response :
------------

2018-06-15 10:43:40 trace :
------------
String:
<xml><ToUserName><![CDATA[gh_8a317808696e]]></ToUserName>
<FromUserName><![CDATA[o4s6w1A8s2qMp86Z6rsFmQJvN6z0]]></FromUserName>
<CreateTime>1529030619</CreateTime>
<MsgType><![CDATA[text]]></MsgType>
<Content><![CDATA[【收到不支持的消息类型，暂无法显示】]]></Content>
<MsgId>6567136503739276390</MsgId>
</xml>

2018-06-15 10:43:40 params :
------------
String:
array (
  'rule' => -2,
  'module' => '',
  'message' => 
  array (
    'tousername' => 'gh_8a317808696e',
    'fromusername' => 'o4s6w1A8s2qMp86Z6rsFmQJvN6z0',
    'createtime' => '1529030619',
    'msgtype' => 'text',
    'content' => '【收到不支持的消息类型，暂无法显示】',
    'msgid' => '6567136503739276390',
    'from' => 'o4s6w1A8s2qMp86Z6rsFmQJvN6z0',
    'to' => 'gh_8a317808696e',
    'time' => '1529030619',
    'type' => 'text',
    'event' => NULL,
    'redirection' => false,
    'source' => NULL,
  ),
)

2018-06-15 10:43:40 response :
------------

2018-06-15 10:43:50 trace :
------------
String:
<xml><ToUserName><![CDATA[gh_8a317808696e]]></ToUserName>
<FromUserName><![CDATA[o4s6w1A8s2qMp86Z6rsFmQJvN6z0]]></FromUserName>
<CreateTime>1529030630</CreateTime>
<MsgType><![CDATA[text]]></MsgType>
<Content><![CDATA[我能不能改网名了？]]></Content>
<MsgId>6567136550983916663</MsgId>
</xml>

2018-06-15 10:43:50 params :
------------
String:
array (
  'rule' => -2,
  'module' => '',
  'message' => 
  array (
    'tousername' => 'gh_8a317808696e',
    'fromusername' => 'o4s6w1A8s2qMp86Z6rsFmQJvN6z0',
    'createtime' => '1529030630',
    'msgtype' => 'text',
    'content' => '我能不能改网名了？',
    'msgid' => '6567136550983916663',
    'from' => 'o4s6w1A8s2qMp86Z6rsFmQJvN6z0',
    'to' => 'gh_8a317808696e',
    'time' => '1529030630',
    'type' => 'text',
    'event' => NULL,
    'redirection' => false,
    'source' => NULL,
  ),
)

2018-06-15 10:43:50 response :
------------

2018-06-15 10:46:01 trace :
------------
String:
<xml><ToUserName><![CDATA[gh_8a317808696e]]></ToUserName>
<FromUserName><![CDATA[o4s6w1A8s2qMp86Z6rsFmQJvN6z0]]></FromUserName>
<CreateTime>1529030760</CreateTime>
<MsgType><![CDATA[text]]></MsgType>
<Content><![CDATA[【收到不支持的消息类型，暂无法显示】]]></Content>
<MsgId>6567137109329665374</MsgId>
</xml>

2018-06-15 10:46:01 params :
------------
String:
array (
  'rule' => -2,
  'module' => '',
  'message' => 
  array (
    'tousername' => 'gh_8a317808696e',
    'fromusername' => 'o4s6w1A8s2qMp86Z6rsFmQJvN6z0',
    'createtime' => '1529030760',
    'msgtype' => 'text',
    'content' => '【收到不支持的消息类型，暂无法显示】',
    'msgid' => '6567137109329665374',
    'from' => 'o4s6w1A8s2qMp86Z6rsFmQJvN6z0',
    'to' => 'gh_8a317808696e',
    'time' => '1529030760',
    'type' => 'text',
    'event' => NULL,
    'redirection' => false,
    'source' => NULL,
  ),
)

2018-06-15 10:46:01 response :
------------

2018-06-15 10:47:27 trace :
------------
String:
<xml><ToUserName><![CDATA[gh_8a317808696e]]></ToUserName>
<FromUserName><![CDATA[o4s6w1A8s2qMp86Z6rsFmQJvN6z0]]></FromUserName>
<CreateTime>1529030847</CreateTime>
<MsgType><![CDATA[text]]></MsgType>
<Content><![CDATA[谢谢，]]></Content>
<MsgId>6567137482991820286</MsgId>
</xml>

2018-06-15 10:47:27 params :
------------
String:
array (
  'rule' => -2,
  'module' => '',
  'message' => 
  array (
    'tousername' => 'gh_8a317808696e',
    'fromusername' => 'o4s6w1A8s2qMp86Z6rsFmQJvN6z0',
    'createtime' => '1529030847',
    'msgtype' => 'text',
    'content' => '谢谢，',
    'msgid' => '6567137482991820286',
    'from' => 'o4s6w1A8s2qMp86Z6rsFmQJvN6z0',
    'to' => 'gh_8a317808696e',
    'time' => '1529030847',
    'type' => 'text',
    'event' => NULL,
    'redirection' => false,
    'source' => NULL,
  ),
)

2018-06-15 10:47:27 response :
------------

2018-06-15 10:47:32 trace :
------------
String:
<xml><ToUserName><![CDATA[gh_8a317808696e]]></ToUserName>
<FromUserName><![CDATA[o4s6w1A8s2qMp86Z6rsFmQJvN6z0]]></FromUserName>
<CreateTime>1529030852</CreateTime>
<MsgType><![CDATA[text]]></MsgType>
<Content><![CDATA[【收到不支持的消息类型，暂无法显示】]]></Content>
<MsgId>6567137504466656774</MsgId>
</xml>

2018-06-15 10:47:32 params :
------------
String:
array (
  'rule' => -2,
  'module' => '',
  'message' => 
  array (
    'tousername' => 'gh_8a317808696e',
    'fromusername' => 'o4s6w1A8s2qMp86Z6rsFmQJvN6z0',
    'createtime' => '1529030852',
    'msgtype' => 'text',
    'content' => '【收到不支持的消息类型，暂无法显示】',
    'msgid' => '6567137504466656774',
    'from' => 'o4s6w1A8s2qMp86Z6rsFmQJvN6z0',
    'to' => 'gh_8a317808696e',
    'time' => '1529030852',
    'type' => 'text',
    'event' => NULL,
    'redirection' => false,
    'source' => NULL,
  ),
)

2018-06-15 10:47:32 response :
------------

2018-06-15 10:50:38 trace :
------------
String:
<xml><ToUserName><![CDATA[gh_8a317808696e]]></ToUserName>
<FromUserName><![CDATA[o4s6w1A8s2qMp86Z6rsFmQJvN6z0]]></FromUserName>
<CreateTime>1529031038</CreateTime>
<MsgType><![CDATA[text]]></MsgType>
<Content><![CDATA[祝你端午节快乐哟，多吃粽子，我就不打扰你了，拜拜咯]]></Content>
<MsgId>6567138303330574166</MsgId>
</xml>

2018-06-15 10:50:38 params :
------------
String:
array (
  'rule' => -2,
  'module' => '',
  'message' => 
  array (
    'tousername' => 'gh_8a317808696e',
    'fromusername' => 'o4s6w1A8s2qMp86Z6rsFmQJvN6z0',
    'createtime' => '1529031038',
    'msgtype' => 'text',
    'content' => '祝你端午节快乐哟，多吃粽子，我就不打扰你了，拜拜咯',
    'msgid' => '6567138303330574166',
    'from' => 'o4s6w1A8s2qMp86Z6rsFmQJvN6z0',
    'to' => 'gh_8a317808696e',
    'time' => '1529031038',
    'type' => 'text',
    'event' => NULL,
    'redirection' => false,
    'source' => NULL,
  ),
)

2018-06-15 10:50:38 response :
------------

2018-06-15 10:50:41 trace :
------------
String:
<xml><ToUserName><![CDATA[gh_8a317808696e]]></ToUserName>
<FromUserName><![CDATA[o4s6w1A8s2qMp86Z6rsFmQJvN6z0]]></FromUserName>
<CreateTime>1529031040</CreateTime>
<MsgType><![CDATA[text]]></MsgType>
<Content><![CDATA[【收到不支持的消息类型，暂无法显示】]]></Content>
<MsgId>6567138311920508762</MsgId>
</xml>

2018-06-15 10:50:41 params :
------------
String:
array (
  'rule' => -2,
  'module' => '',
  'message' => 
  array (
    'tousername' => 'gh_8a317808696e',
    'fromusername' => 'o4s6w1A8s2qMp86Z6rsFmQJvN6z0',
    'createtime' => '1529031040',
    'msgtype' => 'text',
    'content' => '【收到不支持的消息类型，暂无法显示】',
    'msgid' => '6567138311920508762',
    'from' => 'o4s6w1A8s2qMp86Z6rsFmQJvN6z0',
    'to' => 'gh_8a317808696e',
    'time' => '1529031040',
    'type' => 'text',
    'event' => NULL,
    'redirection' => false,
    'source' => NULL,
  ),
)

2018-06-15 10:50:41 response :
------------

2018-06-15 11:37:23 trace :
------------
String:
<xml><ToUserName><![CDATA[gh_8a317808696e]]></ToUserName>
<FromUserName><![CDATA[o4s6w1Ihlmeto28-8_pFoxecH3B0]]></FromUserName>
<CreateTime>1529033842</CreateTime>
<MsgType><![CDATA[event]]></MsgType>
<Event><![CDATA[subscribe]]></Event>
<EventKey><![CDATA[]]></EventKey>
</xml>

2018-06-15 11:37:23 params :
------------
String:
array (
  'message' => 
  array (
    'tousername' => 'gh_8a317808696e',
    'fromusername' => 'o4s6w1Ihlmeto28-8_pFoxecH3B0',
    'createtime' => '1529033842',
    'msgtype' => 'event',
    'event' => 'subscribe',
    'eventkey' => '',
    'from' => 'o4s6w1Ihlmeto28-8_pFoxecH3B0',
    'to' => 'gh_8a317808696e',
    'time' => '1529033842',
    'type' => 'text',
    'redirection' => true,
    'source' => 'subscribe',
    'content' => '咨询',
  ),
  'module' => 'reply',
  'rule' => '15',
  'priority' => '0',
  'keyword' => 
  array (
    'id' => '21',
    'rid' => '15',
    'uniacid' => '3',
    'module' => 'reply',
    'content' => '咨询',
    'type' => '1',
    'displayorder' => '0',
    'status' => '1',
    'reply_type' => 
    array (
      0 => 'basic',
    ),
  ),
  'reply_type' => 
  array (
    0 => 'basic',
  ),
)

2018-06-15 11:37:23 response :
------------
Array:
FromUserName : gh_8a317808696e ;
ToUserName : o4s6w1Ihlmeto28-8_pFoxecH3B0 ;
MsgType : text ;
Content : 欢迎关注全V健康！/可爱/可爱
点击下方“开始咨询”进入首页就可以找医生咨询啦！ ;

2018-06-15 11:54:58 trace :
------------
String:
<xml><ToUserName><![CDATA[gh_8a317808696e]]></ToUserName>
<FromUserName><![CDATA[o4s6w1PA6JDnyrJWneE0qCUxCzOo]]></FromUserName>
<CreateTime>1529034898</CreateTime>
<MsgType><![CDATA[event]]></MsgType>
<Event><![CDATA[TEMPLATESENDJOBFINISH]]></Event>
<MsgID>326193153474428929</MsgID>
<Status><![CDATA[success]]></Status>
</xml>

2018-06-15 11:54:58 params :
------------
String:
array (
  'rule' => -2,
  'module' => '',
  'message' => 
  array (
    'tousername' => 'gh_8a317808696e',
    'fromusername' => 'o4s6w1PA6JDnyrJWneE0qCUxCzOo',
    'createtime' => '1529034898',
    'msgtype' => 'event',
    'event' => 'TEMPLATESENDJOBFINISH',
    'msgid' => '326193153474428929',
    'status' => 'success',
    'from' => 'o4s6w1PA6JDnyrJWneE0qCUxCzOo',
    'to' => 'gh_8a317808696e',
    'time' => '1529034898',
    'type' => 'event',
  ),
)

2018-06-15 11:54:58 response :
------------

2018-06-15 20:18:43 trace :
------------
String:
<xml><ToUserName><![CDATA[gh_8a317808696e]]></ToUserName>
<FromUserName><![CDATA[o4s6w1J4m9-3bRYli010c449hd8E]]></FromUserName>
<CreateTime>1529065123</CreateTime>
<MsgType><![CDATA[event]]></MsgType>
<Event><![CDATA[unsubscribe]]></Event>
<EventKey><![CDATA[]]></EventKey>
</xml>

2018-06-15 22:48:32 trace :
------------
String:
<xml><ToUserName><![CDATA[gh_8a317808696e]]></ToUserName>
<FromUserName><![CDATA[o4s6w1KMpvOuwVQDeIh1fBThigVs]]></FromUserName>
<CreateTime>1529074112</CreateTime>
<MsgType><![CDATA[event]]></MsgType>
<Event><![CDATA[unsubscribe]]></Event>
<EventKey><![CDATA[]]></EventKey>
</xml>

