2018-06-26 00:33:00 trace :
------------
String:
<xml><ToUserName><![CDATA[gh_8a317808696e]]></ToUserName>
<FromUserName><![CDATA[o4s6w1A8s2qMp86Z6rsFmQJvN6z0]]></FromUserName>
<CreateTime>1529944380</CreateTime>
<MsgType><![CDATA[event]]></MsgType>
<Event><![CDATA[TEMPLATESENDJOBFINISH]]></Event>
<MsgID>341451735459463168</MsgID>
<Status><![CDATA[success]]></Status>
</xml>

2018-06-26 00:33:00 params :
------------
String:
array (
  'rule' => -2,
  'module' => '',
  'message' => 
  array (
    'tousername' => 'gh_8a317808696e',
    'fromusername' => 'o4s6w1A8s2qMp86Z6rsFmQJvN6z0',
    'createtime' => '1529944380',
    'msgtype' => 'event',
    'event' => 'TEMPLATESENDJOBFINISH',
    'msgid' => '341451735459463168',
    'status' => 'success',
    'from' => 'o4s6w1A8s2qMp86Z6rsFmQJvN6z0',
    'to' => 'gh_8a317808696e',
    'time' => '1529944380',
    'type' => 'event',
  ),
)

2018-06-26 00:33:00 response :
------------

2018-06-26 07:03:51 trace :
------------
String:
<xml><ToUserName><![CDATA[gh_8a317808696e]]></ToUserName>
<FromUserName><![CDATA[o4s6w1PA6JDnyrJWneE0qCUxCzOo]]></FromUserName>
<CreateTime>1529967831</CreateTime>
<MsgType><![CDATA[event]]></MsgType>
<Event><![CDATA[TEMPLATESENDJOBFINISH]]></Event>
<MsgID>341845180653109251</MsgID>
<Status><![CDATA[success]]></Status>
</xml>

2018-06-26 07:03:51 params :
------------
String:
array (
  'rule' => -2,
  'module' => '',
  'message' => 
  array (
    'tousername' => 'gh_8a317808696e',
    'fromusername' => 'o4s6w1PA6JDnyrJWneE0qCUxCzOo',
    'createtime' => '1529967831',
    'msgtype' => 'event',
    'event' => 'TEMPLATESENDJOBFINISH',
    'msgid' => '341845180653109251',
    'status' => 'success',
    'from' => 'o4s6w1PA6JDnyrJWneE0qCUxCzOo',
    'to' => 'gh_8a317808696e',
    'time' => '1529967831',
    'type' => 'event',
  ),
)

2018-06-26 07:03:51 response :
------------

2018-06-26 07:04:48 trace :
------------
String:
<xml><ToUserName><![CDATA[gh_8a317808696e]]></ToUserName>
<FromUserName><![CDATA[o4s6w1A8s2qMp86Z6rsFmQJvN6z0]]></FromUserName>
<CreateTime>1529967888</CreateTime>
<MsgType><![CDATA[event]]></MsgType>
<Event><![CDATA[TEMPLATESENDJOBFINISH]]></Event>
<MsgID>341846135192715265</MsgID>
<Status><![CDATA[success]]></Status>
</xml>

2018-06-26 07:04:48 params :
------------
String:
array (
  'rule' => -2,
  'module' => '',
  'message' => 
  array (
    'tousername' => 'gh_8a317808696e',
    'fromusername' => 'o4s6w1A8s2qMp86Z6rsFmQJvN6z0',
    'createtime' => '1529967888',
    'msgtype' => 'event',
    'event' => 'TEMPLATESENDJOBFINISH',
    'msgid' => '341846135192715265',
    'status' => 'success',
    'from' => 'o4s6w1A8s2qMp86Z6rsFmQJvN6z0',
    'to' => 'gh_8a317808696e',
    'time' => '1529967888',
    'type' => 'event',
  ),
)

2018-06-26 07:04:48 response :
------------

2018-06-26 07:11:59 trace :
------------
String:
<xml><ToUserName><![CDATA[gh_8a317808696e]]></ToUserName>
<FromUserName><![CDATA[o4s6w1PA6JDnyrJWneE0qCUxCzOo]]></FromUserName>
<CreateTime>1529968319</CreateTime>
<MsgType><![CDATA[event]]></MsgType>
<Event><![CDATA[TEMPLATESENDJOBFINISH]]></Event>
<MsgID>341853361894719488</MsgID>
<Status><![CDATA[success]]></Status>
</xml>

2018-06-26 07:11:59 params :
------------
String:
array (
  'rule' => -2,
  'module' => '',
  'message' => 
  array (
    'tousername' => 'gh_8a317808696e',
    'fromusername' => 'o4s6w1PA6JDnyrJWneE0qCUxCzOo',
    'createtime' => '1529968319',
    'msgtype' => 'event',
    'event' => 'TEMPLATESENDJOBFINISH',
    'msgid' => '341853361894719488',
    'status' => 'success',
    'from' => 'o4s6w1PA6JDnyrJWneE0qCUxCzOo',
    'to' => 'gh_8a317808696e',
    'time' => '1529968319',
    'type' => 'event',
  ),
)

2018-06-26 07:11:59 response :
------------

2018-06-26 07:13:36 trace :
------------
String:
<xml><ToUserName><![CDATA[gh_8a317808696e]]></ToUserName>
<FromUserName><![CDATA[o4s6w1A8s2qMp86Z6rsFmQJvN6z0]]></FromUserName>
<CreateTime>1529968416</CreateTime>
<MsgType><![CDATA[event]]></MsgType>
<Event><![CDATA[TEMPLATESENDJOBFINISH]]></Event>
<MsgID>341854984956051456</MsgID>
<Status><![CDATA[success]]></Status>
</xml>

2018-06-26 07:13:36 params :
------------
String:
array (
  'rule' => -2,
  'module' => '',
  'message' => 
  array (
    'tousername' => 'gh_8a317808696e',
    'fromusername' => 'o4s6w1A8s2qMp86Z6rsFmQJvN6z0',
    'createtime' => '1529968416',
    'msgtype' => 'event',
    'event' => 'TEMPLATESENDJOBFINISH',
    'msgid' => '341854984956051456',
    'status' => 'success',
    'from' => 'o4s6w1A8s2qMp86Z6rsFmQJvN6z0',
    'to' => 'gh_8a317808696e',
    'time' => '1529968416',
    'type' => 'event',
  ),
)

2018-06-26 07:13:36 response :
------------

2018-06-26 08:50:49 trace :
------------
String:
<xml><ToUserName><![CDATA[gh_8a317808696e]]></ToUserName>
<FromUserName><![CDATA[o4s6w1ET-GsH99VBZiISYvK5kwHE]]></FromUserName>
<CreateTime>1529974249</CreateTime>
<MsgType><![CDATA[event]]></MsgType>
<Event><![CDATA[TEMPLATESENDJOBFINISH]]></Event>
<MsgID>341952853537079297</MsgID>
<Status><![CDATA[success]]></Status>
</xml>

2018-06-26 08:50:49 params :
------------
String:
array (
  'rule' => -2,
  'module' => '',
  'message' => 
  array (
    'tousername' => 'gh_8a317808696e',
    'fromusername' => 'o4s6w1ET-GsH99VBZiISYvK5kwHE',
    'createtime' => '1529974249',
    'msgtype' => 'event',
    'event' => 'TEMPLATESENDJOBFINISH',
    'msgid' => '341952853537079297',
    'status' => 'success',
    'from' => 'o4s6w1ET-GsH99VBZiISYvK5kwHE',
    'to' => 'gh_8a317808696e',
    'time' => '1529974249',
    'type' => 'event',
  ),
)

2018-06-26 08:50:49 response :
------------

2018-06-26 08:54:27 trace :
------------
String:
<xml><ToUserName><![CDATA[gh_8a317808696e]]></ToUserName>
<FromUserName><![CDATA[o4s6w1ET-GsH99VBZiISYvK5kwHE]]></FromUserName>
<CreateTime>1529974467</CreateTime>
<MsgType><![CDATA[event]]></MsgType>
<Event><![CDATA[TEMPLATESENDJOBFINISH]]></Event>
<MsgID>341956508621357057</MsgID>
<Status><![CDATA[success]]></Status>
</xml>

2018-06-26 08:54:27 params :
------------
String:
array (
  'rule' => -2,
  'module' => '',
  'message' => 
  array (
    'tousername' => 'gh_8a317808696e',
    'fromusername' => 'o4s6w1ET-GsH99VBZiISYvK5kwHE',
    'createtime' => '1529974467',
    'msgtype' => 'event',
    'event' => 'TEMPLATESENDJOBFINISH',
    'msgid' => '341956508621357057',
    'status' => 'success',
    'from' => 'o4s6w1ET-GsH99VBZiISYvK5kwHE',
    'to' => 'gh_8a317808696e',
    'time' => '1529974467',
    'type' => 'event',
  ),
)

2018-06-26 08:54:27 response :
------------

2018-06-26 09:07:53 trace :
------------
String:
<xml><ToUserName><![CDATA[gh_8a317808696e]]></ToUserName>
<FromUserName><![CDATA[o4s6w1HYRd8jhxAwt6S6WE81cku0]]></FromUserName>
<CreateTime>1529975272</CreateTime>
<MsgType><![CDATA[event]]></MsgType>
<Event><![CDATA[subscribe]]></Event>
<EventKey><![CDATA[]]></EventKey>
</xml>

2018-06-26 09:07:54 params :
------------
String:
array (
  'message' => 
  array (
    'tousername' => 'gh_8a317808696e',
    'fromusername' => 'o4s6w1HYRd8jhxAwt6S6WE81cku0',
    'createtime' => '1529975272',
    'msgtype' => 'event',
    'event' => 'subscribe',
    'eventkey' => '',
    'from' => 'o4s6w1HYRd8jhxAwt6S6WE81cku0',
    'to' => 'gh_8a317808696e',
    'time' => '1529975272',
    'type' => 'text',
    'redirection' => true,
    'source' => 'subscribe',
    'content' => '咨询',
  ),
  'module' => 'reply',
  'rule' => '15',
  'priority' => '0',
  'keyword' => 
  array (
    'id' => '21',
    'rid' => '15',
    'uniacid' => '3',
    'module' => 'reply',
    'content' => '咨询',
    'type' => '1',
    'displayorder' => '0',
    'status' => '1',
    'reply_type' => 
    array (
      0 => 'basic',
    ),
  ),
  'reply_type' => 
  array (
    0 => 'basic',
  ),
)

2018-06-26 09:07:54 response :
------------
Array:
FromUserName : gh_8a317808696e ;
ToUserName : o4s6w1HYRd8jhxAwt6S6WE81cku0 ;
MsgType : text ;
Content : 欢迎关注全V健康！/可爱/可爱
点击下方“开始咨询”进入首页就可以找医生咨询啦！ ;

2018-06-26 09:15:36 trace :
------------
String:
<xml><ToUserName><![CDATA[gh_8a317808696e]]></ToUserName>
<FromUserName><![CDATA[o4s6w1Hxv4EAs7fsrDA2qPm32nW4]]></FromUserName>
<CreateTime>1529975736</CreateTime>
<MsgType><![CDATA[event]]></MsgType>
<Event><![CDATA[subscribe]]></Event>
<EventKey><![CDATA[]]></EventKey>
</xml>

2018-06-26 09:15:36 params :
------------
String:
array (
  'message' => 
  array (
    'tousername' => 'gh_8a317808696e',
    'fromusername' => 'o4s6w1Hxv4EAs7fsrDA2qPm32nW4',
    'createtime' => '1529975736',
    'msgtype' => 'event',
    'event' => 'subscribe',
    'eventkey' => '',
    'from' => 'o4s6w1Hxv4EAs7fsrDA2qPm32nW4',
    'to' => 'gh_8a317808696e',
    'time' => '1529975736',
    'type' => 'text',
    'redirection' => true,
    'source' => 'subscribe',
    'content' => '咨询',
  ),
  'module' => 'reply',
  'rule' => '15',
  'priority' => '0',
  'keyword' => 
  array (
    'id' => '21',
    'rid' => '15',
    'uniacid' => '3',
    'module' => 'reply',
    'content' => '咨询',
    'type' => '1',
    'displayorder' => '0',
    'status' => '1',
    'reply_type' => 
    array (
      0 => 'basic',
    ),
  ),
  'reply_type' => 
  array (
    0 => 'basic',
  ),
)

2018-06-26 09:15:36 response :
------------
Array:
FromUserName : gh_8a317808696e ;
ToUserName : o4s6w1Hxv4EAs7fsrDA2qPm32nW4 ;
MsgType : text ;
Content : 欢迎关注全V健康！/可爱/可爱
点击下方“开始咨询”进入首页就可以找医生咨询啦！ ;

2018-06-26 09:18:58 trace :
------------
String:
<xml><ToUserName><![CDATA[gh_8a317808696e]]></ToUserName>
<FromUserName><![CDATA[o4s6w1KRgYeO7_OF3blJDWX-RVVs]]></FromUserName>
<CreateTime>1529975937</CreateTime>
<MsgType><![CDATA[text]]></MsgType>
<Content><![CDATA[你好 如果提前到了可以早点进去吗]]></Content>
<MsgId>6571196613635074835</MsgId>
</xml>

2018-06-26 09:18:58 params :
------------
String:
array (
  'rule' => -2,
  'module' => '',
  'message' => 
  array (
    'tousername' => 'gh_8a317808696e',
    'fromusername' => 'o4s6w1KRgYeO7_OF3blJDWX-RVVs',
    'createtime' => '1529975937',
    'msgtype' => 'text',
    'content' => '你好 如果提前到了可以早点进去吗',
    'msgid' => '6571196613635074835',
    'from' => 'o4s6w1KRgYeO7_OF3blJDWX-RVVs',
    'to' => 'gh_8a317808696e',
    'time' => '1529975937',
    'type' => 'text',
    'event' => NULL,
    'redirection' => false,
    'source' => NULL,
  ),
)

2018-06-26 09:18:58 response :
------------

2018-06-26 09:26:35 trace :
------------
String:
<xml><ToUserName><![CDATA[gh_8a317808696e]]></ToUserName>
<FromUserName><![CDATA[o4s6w1C052RoflsfO2bbzru8AkwY]]></FromUserName>
<CreateTime>1529976395</CreateTime>
<MsgType><![CDATA[event]]></MsgType>
<Event><![CDATA[subscribe]]></Event>
<EventKey><![CDATA[]]></EventKey>
</xml>

2018-06-26 09:26:36 params :
------------
String:
array (
  'message' => 
  array (
    'tousername' => 'gh_8a317808696e',
    'fromusername' => 'o4s6w1C052RoflsfO2bbzru8AkwY',
    'createtime' => '1529976395',
    'msgtype' => 'event',
    'event' => 'subscribe',
    'eventkey' => '',
    'from' => 'o4s6w1C052RoflsfO2bbzru8AkwY',
    'to' => 'gh_8a317808696e',
    'time' => '1529976395',
    'type' => 'text',
    'redirection' => true,
    'source' => 'subscribe',
    'content' => '咨询',
  ),
  'module' => 'reply',
  'rule' => '15',
  'priority' => '0',
  'keyword' => 
  array (
    'id' => '21',
    'rid' => '15',
    'uniacid' => '3',
    'module' => 'reply',
    'content' => '咨询',
    'type' => '1',
    'displayorder' => '0',
    'status' => '1',
    'reply_type' => 
    array (
      0 => 'basic',
    ),
  ),
  'reply_type' => 
  array (
    0 => 'basic',
  ),
)

2018-06-26 09:26:36 response :
------------
Array:
FromUserName : gh_8a317808696e ;
ToUserName : o4s6w1C052RoflsfO2bbzru8AkwY ;
MsgType : text ;
Content : 欢迎关注全V健康！/可爱/可爱
点击下方“开始咨询”进入首页就可以找医生咨询啦！ ;

2018-06-26 09:33:45 trace :
------------
String:
<xml><ToUserName><![CDATA[gh_8a317808696e]]></ToUserName>
<FromUserName><![CDATA[o4s6w1DiqiWnB5VKNoytebEDl1Nc]]></FromUserName>
<CreateTime>1529976825</CreateTime>
<MsgType><![CDATA[event]]></MsgType>
<Event><![CDATA[TEMPLATESENDJOBFINISH]]></Event>
<MsgID>341996069145903106</MsgID>
<Status><![CDATA[success]]></Status>
</xml>

2018-06-26 09:33:45 params :
------------
String:
array (
  'rule' => -2,
  'module' => '',
  'message' => 
  array (
    'tousername' => 'gh_8a317808696e',
    'fromusername' => 'o4s6w1DiqiWnB5VKNoytebEDl1Nc',
    'createtime' => '1529976825',
    'msgtype' => 'event',
    'event' => 'TEMPLATESENDJOBFINISH',
    'msgid' => '341996069145903106',
    'status' => 'success',
    'from' => 'o4s6w1DiqiWnB5VKNoytebEDl1Nc',
    'to' => 'gh_8a317808696e',
    'time' => '1529976825',
    'type' => 'event',
  ),
)

2018-06-26 09:33:45 response :
------------

2018-06-26 09:39:20 trace :
------------
String:
<xml><ToUserName><![CDATA[gh_8a317808696e]]></ToUserName>
<FromUserName><![CDATA[o4s6w1FbcO_y5geZA5kYsRJ6p_f4]]></FromUserName>
<CreateTime>1529977160</CreateTime>
<MsgType><![CDATA[event]]></MsgType>
<Event><![CDATA[subscribe]]></Event>
<EventKey><![CDATA[]]></EventKey>
</xml>

2018-06-26 09:39:20 params :
------------
String:
array (
  'message' => 
  array (
    'tousername' => 'gh_8a317808696e',
    'fromusername' => 'o4s6w1FbcO_y5geZA5kYsRJ6p_f4',
    'createtime' => '1529977160',
    'msgtype' => 'event',
    'event' => 'subscribe',
    'eventkey' => '',
    'from' => 'o4s6w1FbcO_y5geZA5kYsRJ6p_f4',
    'to' => 'gh_8a317808696e',
    'time' => '1529977160',
    'type' => 'text',
    'redirection' => true,
    'source' => 'subscribe',
    'content' => '咨询',
  ),
  'module' => 'reply',
  'rule' => '15',
  'priority' => '0',
  'keyword' => 
  array (
    'id' => '21',
    'rid' => '15',
    'uniacid' => '3',
    'module' => 'reply',
    'content' => '咨询',
    'type' => '1',
    'displayorder' => '0',
    'status' => '1',
    'reply_type' => 
    array (
      0 => 'basic',
    ),
  ),
  'reply_type' => 
  array (
    0 => 'basic',
  ),
)

2018-06-26 09:39:20 response :
------------
Array:
FromUserName : gh_8a317808696e ;
ToUserName : o4s6w1FbcO_y5geZA5kYsRJ6p_f4 ;
MsgType : text ;
Content : 欢迎关注全V健康！/可爱/可爱
点击下方“开始咨询”进入首页就可以找医生咨询啦！ ;

2018-06-26 09:48:27 trace :
------------
String:
<xml><ToUserName><![CDATA[gh_8a317808696e]]></ToUserName>
<FromUserName><![CDATA[o4s6w1N1yZOWE6z7Vz6G6CqWrHvQ]]></FromUserName>
<CreateTime>1529977707</CreateTime>
<MsgType><![CDATA[event]]></MsgType>
<Event><![CDATA[subscribe]]></Event>
<EventKey><![CDATA[]]></EventKey>
</xml>

2018-06-26 09:48:28 params :
------------
String:
array (
  'message' => 
  array (
    'tousername' => 'gh_8a317808696e',
    'fromusername' => 'o4s6w1N1yZOWE6z7Vz6G6CqWrHvQ',
    'createtime' => '1529977707',
    'msgtype' => 'event',
    'event' => 'subscribe',
    'eventkey' => '',
    'from' => 'o4s6w1N1yZOWE6z7Vz6G6CqWrHvQ',
    'to' => 'gh_8a317808696e',
    'time' => '1529977707',
    'type' => 'text',
    'redirection' => true,
    'source' => 'subscribe',
    'content' => '咨询',
  ),
  'module' => 'reply',
  'rule' => '15',
  'priority' => '0',
  'keyword' => 
  array (
    'id' => '21',
    'rid' => '15',
    'uniacid' => '3',
    'module' => 'reply',
    'content' => '咨询',
    'type' => '1',
    'displayorder' => '0',
    'status' => '1',
    'reply_type' => 
    array (
      0 => 'basic',
    ),
  ),
  'reply_type' => 
  array (
    0 => 'basic',
  ),
)

2018-06-26 09:48:28 response :
------------
Array:
FromUserName : gh_8a317808696e ;
ToUserName : o4s6w1N1yZOWE6z7Vz6G6CqWrHvQ ;
MsgType : text ;
Content : 欢迎关注全V健康！/可爱/可爱
点击下方“开始咨询”进入首页就可以找医生咨询啦！ ;

2018-06-26 09:53:57 trace :
------------
String:
<xml><ToUserName><![CDATA[gh_8a317808696e]]></ToUserName>
<FromUserName><![CDATA[o4s6w1I2Fs6II5SiCddqWqjmalys]]></FromUserName>
<CreateTime>1529978036</CreateTime>
<MsgType><![CDATA[event]]></MsgType>
<Event><![CDATA[subscribe]]></Event>
<EventKey><![CDATA[]]></EventKey>
</xml>

2018-06-26 09:53:57 params :
------------
String:
array (
  'message' => 
  array (
    'tousername' => 'gh_8a317808696e',
    'fromusername' => 'o4s6w1I2Fs6II5SiCddqWqjmalys',
    'createtime' => '1529978036',
    'msgtype' => 'event',
    'event' => 'subscribe',
    'eventkey' => '',
    'from' => 'o4s6w1I2Fs6II5SiCddqWqjmalys',
    'to' => 'gh_8a317808696e',
    'time' => '1529978036',
    'type' => 'text',
    'redirection' => true,
    'source' => 'subscribe',
    'content' => '咨询',
  ),
  'module' => 'reply',
  'rule' => '15',
  'priority' => '0',
  'keyword' => 
  array (
    'id' => '21',
    'rid' => '15',
    'uniacid' => '3',
    'module' => 'reply',
    'content' => '咨询',
    'type' => '1',
    'displayorder' => '0',
    'status' => '1',
    'reply_type' => 
    array (
      0 => 'basic',
    ),
  ),
  'reply_type' => 
  array (
    0 => 'basic',
  ),
)

2018-06-26 09:53:57 response :
------------
Array:
FromUserName : gh_8a317808696e ;
ToUserName : o4s6w1I2Fs6II5SiCddqWqjmalys ;
MsgType : text ;
Content : 欢迎关注全V健康！/可爱/可爱
点击下方“开始咨询”进入首页就可以找医生咨询啦！ ;

2018-06-26 10:09:23 trace :
------------
String:
<xml><ToUserName><![CDATA[gh_8a317808696e]]></ToUserName>
<FromUserName><![CDATA[o4s6w1Drxo9_kkm2sC2MhYkszLkE]]></FromUserName>
<CreateTime>1529978962</CreateTime>
<MsgType><![CDATA[event]]></MsgType>
<Event><![CDATA[subscribe]]></Event>
<EventKey><![CDATA[]]></EventKey>
</xml>

2018-06-26 10:09:24 params :
------------
String:
array (
  'message' => 
  array (
    'tousername' => 'gh_8a317808696e',
    'fromusername' => 'o4s6w1Drxo9_kkm2sC2MhYkszLkE',
    'createtime' => '1529978962',
    'msgtype' => 'event',
    'event' => 'subscribe',
    'eventkey' => '',
    'from' => 'o4s6w1Drxo9_kkm2sC2MhYkszLkE',
    'to' => 'gh_8a317808696e',
    'time' => '1529978962',
    'type' => 'text',
    'redirection' => true,
    'source' => 'subscribe',
    'content' => '咨询',
  ),
  'module' => 'reply',
  'rule' => '15',
  'priority' => '0',
  'keyword' => 
  array (
    'id' => '21',
    'rid' => '15',
    'uniacid' => '3',
    'module' => 'reply',
    'content' => '咨询',
    'type' => '1',
    'displayorder' => '0',
    'status' => '1',
    'reply_type' => 
    array (
      0 => 'basic',
    ),
  ),
  'reply_type' => 
  array (
    0 => 'basic',
  ),
)

2018-06-26 10:09:24 response :
------------
Array:
FromUserName : gh_8a317808696e ;
ToUserName : o4s6w1Drxo9_kkm2sC2MhYkszLkE ;
MsgType : text ;
Content : 欢迎关注全V健康！/可爱/可爱
点击下方“开始咨询”进入首页就可以找医生咨询啦！ ;

2018-06-26 10:17:23 trace :
------------
String:
<xml><ToUserName><![CDATA[gh_8a317808696e]]></ToUserName>
<FromUserName><![CDATA[o4s6w1Ixc0wbLP9fwt0pyAEhg6mE]]></FromUserName>
<CreateTime>1529979442</CreateTime>
<MsgType><![CDATA[event]]></MsgType>
<Event><![CDATA[subscribe]]></Event>
<EventKey><![CDATA[]]></EventKey>
</xml>

2018-06-26 10:17:24 params :
------------
String:
array (
  'message' => 
  array (
    'tousername' => 'gh_8a317808696e',
    'fromusername' => 'o4s6w1Ixc0wbLP9fwt0pyAEhg6mE',
    'createtime' => '1529979442',
    'msgtype' => 'event',
    'event' => 'subscribe',
    'eventkey' => '',
    'from' => 'o4s6w1Ixc0wbLP9fwt0pyAEhg6mE',
    'to' => 'gh_8a317808696e',
    'time' => '1529979442',
    'type' => 'text',
    'redirection' => true,
    'source' => 'subscribe',
    'content' => '咨询',
  ),
  'module' => 'reply',
  'rule' => '15',
  'priority' => '0',
  'keyword' => 
  array (
    'id' => '21',
    'rid' => '15',
    'uniacid' => '3',
    'module' => 'reply',
    'content' => '咨询',
    'type' => '1',
    'displayorder' => '0',
    'status' => '1',
    'reply_type' => 
    array (
      0 => 'basic',
    ),
  ),
  'reply_type' => 
  array (
    0 => 'basic',
  ),
)

2018-06-26 10:17:24 response :
------------
Array:
FromUserName : gh_8a317808696e ;
ToUserName : o4s6w1Ixc0wbLP9fwt0pyAEhg6mE ;
MsgType : text ;
Content : 欢迎关注全V健康！/可爱/可爱
点击下方“开始咨询”进入首页就可以找医生咨询啦！ ;

2018-06-26 10:34:14 trace :
------------
String:
<xml><ToUserName><![CDATA[gh_8a317808696e]]></ToUserName>
<FromUserName><![CDATA[o4s6w1JPNkEiaxSlk6gH0ZlGHqAI]]></FromUserName>
<CreateTime>1529980454</CreateTime>
<MsgType><![CDATA[event]]></MsgType>
<Event><![CDATA[subscribe]]></Event>
<EventKey><![CDATA[]]></EventKey>
</xml>

2018-06-26 10:34:14 params :
------------
String:
array (
  'message' => 
  array (
    'tousername' => 'gh_8a317808696e',
    'fromusername' => 'o4s6w1JPNkEiaxSlk6gH0ZlGHqAI',
    'createtime' => '1529980454',
    'msgtype' => 'event',
    'event' => 'subscribe',
    'eventkey' => '',
    'from' => 'o4s6w1JPNkEiaxSlk6gH0ZlGHqAI',
    'to' => 'gh_8a317808696e',
    'time' => '1529980454',
    'type' => 'text',
    'redirection' => true,
    'source' => 'subscribe',
    'content' => '咨询',
  ),
  'module' => 'reply',
  'rule' => '15',
  'priority' => '0',
  'keyword' => 
  array (
    'id' => '21',
    'rid' => '15',
    'uniacid' => '3',
    'module' => 'reply',
    'content' => '咨询',
    'type' => '1',
    'displayorder' => '0',
    'status' => '1',
    'reply_type' => 
    array (
      0 => 'basic',
    ),
  ),
  'reply_type' => 
  array (
    0 => 'basic',
  ),
)

2018-06-26 10:34:14 response :
------------
Array:
FromUserName : gh_8a317808696e ;
ToUserName : o4s6w1JPNkEiaxSlk6gH0ZlGHqAI ;
MsgType : text ;
Content : 欢迎关注全V健康！/可爱/可爱
点击下方“开始咨询”进入首页就可以找医生咨询啦！ ;

2018-06-26 10:40:15 trace :
------------
String:
<xml><ToUserName><![CDATA[gh_8a317808696e]]></ToUserName>
<FromUserName><![CDATA[o4s6w1PNDTOEl5hu7Dy4vFZ5Iq-g]]></FromUserName>
<CreateTime>1529980815</CreateTime>
<MsgType><![CDATA[event]]></MsgType>
<Event><![CDATA[subscribe]]></Event>
<EventKey><![CDATA[]]></EventKey>
</xml>

2018-06-26 10:40:15 params :
------------
String:
array (
  'message' => 
  array (
    'tousername' => 'gh_8a317808696e',
    'fromusername' => 'o4s6w1PNDTOEl5hu7Dy4vFZ5Iq-g',
    'createtime' => '1529980815',
    'msgtype' => 'event',
    'event' => 'subscribe',
    'eventkey' => '',
    'from' => 'o4s6w1PNDTOEl5hu7Dy4vFZ5Iq-g',
    'to' => 'gh_8a317808696e',
    'time' => '1529980815',
    'type' => 'text',
    'redirection' => true,
    'source' => 'subscribe',
    'content' => '咨询',
  ),
  'module' => 'reply',
  'rule' => '15',
  'priority' => '0',
  'keyword' => 
  array (
    'id' => '21',
    'rid' => '15',
    'uniacid' => '3',
    'module' => 'reply',
    'content' => '咨询',
    'type' => '1',
    'displayorder' => '0',
    'status' => '1',
    'reply_type' => 
    array (
      0 => 'basic',
    ),
  ),
  'reply_type' => 
  array (
    0 => 'basic',
  ),
)

2018-06-26 10:40:15 response :
------------
Array:
FromUserName : gh_8a317808696e ;
ToUserName : o4s6w1PNDTOEl5hu7Dy4vFZ5Iq-g ;
MsgType : text ;
Content : 欢迎关注全V健康！/可爱/可爱
点击下方“开始咨询”进入首页就可以找医生咨询啦！ ;

2018-06-26 10:48:35 trace :
------------
String:
<xml><ToUserName><![CDATA[gh_8a317808696e]]></ToUserName>
<FromUserName><![CDATA[o4s6w1JQLTBmsv1LKHaTBH11R6GU]]></FromUserName>
<CreateTime>1529981315</CreateTime>
<MsgType><![CDATA[event]]></MsgType>
<Event><![CDATA[subscribe]]></Event>
<EventKey><![CDATA[]]></EventKey>
</xml>

2018-06-26 10:48:35 params :
------------
String:
array (
  'message' => 
  array (
    'tousername' => 'gh_8a317808696e',
    'fromusername' => 'o4s6w1JQLTBmsv1LKHaTBH11R6GU',
    'createtime' => '1529981315',
    'msgtype' => 'event',
    'event' => 'subscribe',
    'eventkey' => '',
    'from' => 'o4s6w1JQLTBmsv1LKHaTBH11R6GU',
    'to' => 'gh_8a317808696e',
    'time' => '1529981315',
    'type' => 'text',
    'redirection' => true,
    'source' => 'subscribe',
    'content' => '咨询',
  ),
  'module' => 'reply',
  'rule' => '15',
  'priority' => '0',
  'keyword' => 
  array (
    'id' => '21',
    'rid' => '15',
    'uniacid' => '3',
    'module' => 'reply',
    'content' => '咨询',
    'type' => '1',
    'displayorder' => '0',
    'status' => '1',
    'reply_type' => 
    array (
      0 => 'basic',
    ),
  ),
  'reply_type' => 
  array (
    0 => 'basic',
  ),
)

2018-06-26 10:48:35 response :
------------
Array:
FromUserName : gh_8a317808696e ;
ToUserName : o4s6w1JQLTBmsv1LKHaTBH11R6GU ;
MsgType : text ;
Content : 欢迎关注全V健康！/可爱/可爱
点击下方“开始咨询”进入首页就可以找医生咨询啦！ ;

2018-06-26 11:11:39 trace :
------------
String:
<xml><ToUserName><![CDATA[gh_8a317808696e]]></ToUserName>
<FromUserName><![CDATA[o4s6w1AwBv0WZV0KPGQhTl18zF0A]]></FromUserName>
<CreateTime>1529982699</CreateTime>
<MsgType><![CDATA[event]]></MsgType>
<Event><![CDATA[subscribe]]></Event>
<EventKey><![CDATA[]]></EventKey>
</xml>

2018-06-26 11:11:40 params :
------------
String:
array (
  'message' => 
  array (
    'tousername' => 'gh_8a317808696e',
    'fromusername' => 'o4s6w1AwBv0WZV0KPGQhTl18zF0A',
    'createtime' => '1529982699',
    'msgtype' => 'event',
    'event' => 'subscribe',
    'eventkey' => '',
    'from' => 'o4s6w1AwBv0WZV0KPGQhTl18zF0A',
    'to' => 'gh_8a317808696e',
    'time' => '1529982699',
    'type' => 'text',
    'redirection' => true,
    'source' => 'subscribe',
    'content' => '咨询',
  ),
  'module' => 'reply',
  'rule' => '15',
  'priority' => '0',
  'keyword' => 
  array (
    'id' => '21',
    'rid' => '15',
    'uniacid' => '3',
    'module' => 'reply',
    'content' => '咨询',
    'type' => '1',
    'displayorder' => '0',
    'status' => '1',
    'reply_type' => 
    array (
      0 => 'basic',
    ),
  ),
  'reply_type' => 
  array (
    0 => 'basic',
  ),
)

2018-06-26 11:11:40 response :
------------
Array:
FromUserName : gh_8a317808696e ;
ToUserName : o4s6w1AwBv0WZV0KPGQhTl18zF0A ;
MsgType : text ;
Content : 欢迎关注全V健康！/可爱/可爱
点击下方“开始咨询”进入首页就可以找医生咨询啦！ ;

2018-06-26 11:14:44 trace :
------------
String:
<xml><ToUserName><![CDATA[gh_8a317808696e]]></ToUserName>
<FromUserName><![CDATA[o4s6w1C01nwMY_XW1kIQk3LEaMnE]]></FromUserName>
<CreateTime>1529982884</CreateTime>
<MsgType><![CDATA[event]]></MsgType>
<Event><![CDATA[subscribe]]></Event>
<EventKey><![CDATA[]]></EventKey>
</xml>

2018-06-26 11:14:44 params :
------------
String:
array (
  'message' => 
  array (
    'tousername' => 'gh_8a317808696e',
    'fromusername' => 'o4s6w1C01nwMY_XW1kIQk3LEaMnE',
    'createtime' => '1529982884',
    'msgtype' => 'event',
    'event' => 'subscribe',
    'eventkey' => '',
    'from' => 'o4s6w1C01nwMY_XW1kIQk3LEaMnE',
    'to' => 'gh_8a317808696e',
    'time' => '1529982884',
    'type' => 'text',
    'redirection' => true,
    'source' => 'subscribe',
    'content' => '咨询',
  ),
  'module' => 'reply',
  'rule' => '15',
  'priority' => '0',
  'keyword' => 
  array (
    'id' => '21',
    'rid' => '15',
    'uniacid' => '3',
    'module' => 'reply',
    'content' => '咨询',
    'type' => '1',
    'displayorder' => '0',
    'status' => '1',
    'reply_type' => 
    array (
      0 => 'basic',
    ),
  ),
  'reply_type' => 
  array (
    0 => 'basic',
  ),
)

2018-06-26 11:14:44 response :
------------
Array:
FromUserName : gh_8a317808696e ;
ToUserName : o4s6w1C01nwMY_XW1kIQk3LEaMnE ;
MsgType : text ;
Content : 欢迎关注全V健康！/可爱/可爱
点击下方“开始咨询”进入首页就可以找医生咨询啦！ ;

2018-06-26 11:19:52 trace :
------------
String:
<xml><ToUserName><![CDATA[gh_8a317808696e]]></ToUserName>
<FromUserName><![CDATA[o4s6w1KleUc7-_LeBEcbAuK7TjYI]]></FromUserName>
<CreateTime>1529983192</CreateTime>
<MsgType><![CDATA[event]]></MsgType>
<Event><![CDATA[subscribe]]></Event>
<EventKey><![CDATA[]]></EventKey>
</xml>

2018-06-26 11:19:52 params :
------------
String:
array (
  'message' => 
  array (
    'tousername' => 'gh_8a317808696e',
    'fromusername' => 'o4s6w1KleUc7-_LeBEcbAuK7TjYI',
    'createtime' => '1529983192',
    'msgtype' => 'event',
    'event' => 'subscribe',
    'eventkey' => '',
    'from' => 'o4s6w1KleUc7-_LeBEcbAuK7TjYI',
    'to' => 'gh_8a317808696e',
    'time' => '1529983192',
    'type' => 'text',
    'redirection' => true,
    'source' => 'subscribe',
    'content' => '咨询',
  ),
  'module' => 'reply',
  'rule' => '15',
  'priority' => '0',
  'keyword' => 
  array (
    'id' => '21',
    'rid' => '15',
    'uniacid' => '3',
    'module' => 'reply',
    'content' => '咨询',
    'type' => '1',
    'displayorder' => '0',
    'status' => '1',
    'reply_type' => 
    array (
      0 => 'basic',
    ),
  ),
  'reply_type' => 
  array (
    0 => 'basic',
  ),
)

2018-06-26 11:19:52 response :
------------
Array:
FromUserName : gh_8a317808696e ;
ToUserName : o4s6w1KleUc7-_LeBEcbAuK7TjYI ;
MsgType : text ;
Content : 欢迎关注全V健康！/可爱/可爱
点击下方“开始咨询”进入首页就可以找医生咨询啦！ ;

2018-06-26 11:30:43 trace :
------------
String:
<xml><ToUserName><![CDATA[gh_8a317808696e]]></ToUserName>
<FromUserName><![CDATA[o4s6w1GcxN_ja176Y1Ske6i4BVAI]]></FromUserName>
<CreateTime>1529983843</CreateTime>
<MsgType><![CDATA[event]]></MsgType>
<Event><![CDATA[subscribe]]></Event>
<EventKey><![CDATA[]]></EventKey>
</xml>

2018-06-26 11:30:43 params :
------------
String:
array (
  'message' => 
  array (
    'tousername' => 'gh_8a317808696e',
    'fromusername' => 'o4s6w1GcxN_ja176Y1Ske6i4BVAI',
    'createtime' => '1529983843',
    'msgtype' => 'event',
    'event' => 'subscribe',
    'eventkey' => '',
    'from' => 'o4s6w1GcxN_ja176Y1Ske6i4BVAI',
    'to' => 'gh_8a317808696e',
    'time' => '1529983843',
    'type' => 'text',
    'redirection' => true,
    'source' => 'subscribe',
    'content' => '咨询',
  ),
  'module' => 'reply',
  'rule' => '15',
  'priority' => '0',
  'keyword' => 
  array (
    'id' => '21',
    'rid' => '15',
    'uniacid' => '3',
    'module' => 'reply',
    'content' => '咨询',
    'type' => '1',
    'displayorder' => '0',
    'status' => '1',
    'reply_type' => 
    array (
      0 => 'basic',
    ),
  ),
  'reply_type' => 
  array (
    0 => 'basic',
  ),
)

2018-06-26 11:30:43 response :
------------
Array:
FromUserName : gh_8a317808696e ;
ToUserName : o4s6w1GcxN_ja176Y1Ske6i4BVAI ;
MsgType : text ;
Content : 欢迎关注全V健康！/可爱/可爱
点击下方“开始咨询”进入首页就可以找医生咨询啦！ ;

2018-06-26 11:34:33 trace :
------------
String:
<xml><ToUserName><![CDATA[gh_8a317808696e]]></ToUserName>
<FromUserName><![CDATA[o4s6w1K0o16RlMq8zgH9qWqxA5kg]]></FromUserName>
<CreateTime>1529984073</CreateTime>
<MsgType><![CDATA[event]]></MsgType>
<Event><![CDATA[subscribe]]></Event>
<EventKey><![CDATA[]]></EventKey>
</xml>

2018-06-26 11:34:33 params :
------------
String:
array (
  'message' => 
  array (
    'tousername' => 'gh_8a317808696e',
    'fromusername' => 'o4s6w1K0o16RlMq8zgH9qWqxA5kg',
    'createtime' => '1529984073',
    'msgtype' => 'event',
    'event' => 'subscribe',
    'eventkey' => '',
    'from' => 'o4s6w1K0o16RlMq8zgH9qWqxA5kg',
    'to' => 'gh_8a317808696e',
    'time' => '1529984073',
    'type' => 'text',
    'redirection' => true,
    'source' => 'subscribe',
    'content' => '咨询',
  ),
  'module' => 'reply',
  'rule' => '15',
  'priority' => '0',
  'keyword' => 
  array (
    'id' => '21',
    'rid' => '15',
    'uniacid' => '3',
    'module' => 'reply',
    'content' => '咨询',
    'type' => '1',
    'displayorder' => '0',
    'status' => '1',
    'reply_type' => 
    array (
      0 => 'basic',
    ),
  ),
  'reply_type' => 
  array (
    0 => 'basic',
  ),
)

2018-06-26 11:34:33 response :
------------
Array:
FromUserName : gh_8a317808696e ;
ToUserName : o4s6w1K0o16RlMq8zgH9qWqxA5kg ;
MsgType : text ;
Content : 欢迎关注全V健康！/可爱/可爱
点击下方“开始咨询”进入首页就可以找医生咨询啦！ ;

2018-06-26 11:36:25 trace :
------------
String:
<xml><ToUserName><![CDATA[gh_8a317808696e]]></ToUserName>
<FromUserName><![CDATA[o4s6w1C048OEjcG1sNUNGruC6-ZU]]></FromUserName>
<CreateTime>1529984185</CreateTime>
<MsgType><![CDATA[event]]></MsgType>
<Event><![CDATA[subscribe]]></Event>
<EventKey><![CDATA[]]></EventKey>
</xml>

2018-06-26 11:36:25 params :
------------
String:
array (
  'message' => 
  array (
    'tousername' => 'gh_8a317808696e',
    'fromusername' => 'o4s6w1C048OEjcG1sNUNGruC6-ZU',
    'createtime' => '1529984185',
    'msgtype' => 'event',
    'event' => 'subscribe',
    'eventkey' => '',
    'from' => 'o4s6w1C048OEjcG1sNUNGruC6-ZU',
    'to' => 'gh_8a317808696e',
    'time' => '1529984185',
    'type' => 'text',
    'redirection' => true,
    'source' => 'subscribe',
    'content' => '咨询',
  ),
  'module' => 'reply',
  'rule' => '15',
  'priority' => '0',
  'keyword' => 
  array (
    'id' => '21',
    'rid' => '15',
    'uniacid' => '3',
    'module' => 'reply',
    'content' => '咨询',
    'type' => '1',
    'displayorder' => '0',
    'status' => '1',
    'reply_type' => 
    array (
      0 => 'basic',
    ),
  ),
  'reply_type' => 
  array (
    0 => 'basic',
  ),
)

2018-06-26 11:36:25 response :
------------
Array:
FromUserName : gh_8a317808696e ;
ToUserName : o4s6w1C048OEjcG1sNUNGruC6-ZU ;
MsgType : text ;
Content : 欢迎关注全V健康！/可爱/可爱
点击下方“开始咨询”进入首页就可以找医生咨询啦！ ;

2018-06-26 12:17:39 trace :
------------
String:
<xml><ToUserName><![CDATA[gh_8a317808696e]]></ToUserName>
<FromUserName><![CDATA[o4s6w1I-dTq3PedPz4j0pvb6Hj7Y]]></FromUserName>
<CreateTime>1529986659</CreateTime>
<MsgType><![CDATA[event]]></MsgType>
<Event><![CDATA[TEMPLATESENDJOBFINISH]]></Event>
<MsgID>342161056304562176</MsgID>
<Status><![CDATA[success]]></Status>
</xml>

2018-06-26 12:17:39 params :
------------
String:
array (
  'rule' => -2,
  'module' => '',
  'message' => 
  array (
    'tousername' => 'gh_8a317808696e',
    'fromusername' => 'o4s6w1I-dTq3PedPz4j0pvb6Hj7Y',
    'createtime' => '1529986659',
    'msgtype' => 'event',
    'event' => 'TEMPLATESENDJOBFINISH',
    'msgid' => '342161056304562176',
    'status' => 'success',
    'from' => 'o4s6w1I-dTq3PedPz4j0pvb6Hj7Y',
    'to' => 'gh_8a317808696e',
    'time' => '1529986659',
    'type' => 'event',
  ),
)

2018-06-26 12:17:39 response :
------------

2018-06-26 13:09:55 trace :
------------
String:
<xml><ToUserName><![CDATA[gh_8a317808696e]]></ToUserName>
<FromUserName><![CDATA[o4s6w1DiqiWnB5VKNoytebEDl1Nc]]></FromUserName>
<CreateTime>1529989795</CreateTime>
<MsgType><![CDATA[event]]></MsgType>
<Event><![CDATA[TEMPLATESENDJOBFINISH]]></Event>
<MsgID>342213668580458496</MsgID>
<Status><![CDATA[success]]></Status>
</xml>

2018-06-26 13:09:55 params :
------------
String:
array (
  'rule' => -2,
  'module' => '',
  'message' => 
  array (
    'tousername' => 'gh_8a317808696e',
    'fromusername' => 'o4s6w1DiqiWnB5VKNoytebEDl1Nc',
    'createtime' => '1529989795',
    'msgtype' => 'event',
    'event' => 'TEMPLATESENDJOBFINISH',
    'msgid' => '342213668580458496',
    'status' => 'success',
    'from' => 'o4s6w1DiqiWnB5VKNoytebEDl1Nc',
    'to' => 'gh_8a317808696e',
    'time' => '1529989795',
    'type' => 'event',
  ),
)

2018-06-26 13:09:55 response :
------------

2018-06-26 13:17:04 trace :
------------
String:
<xml><ToUserName><![CDATA[gh_8a317808696e]]></ToUserName>
<FromUserName><![CDATA[o4s6w1PA6JDnyrJWneE0qCUxCzOo]]></FromUserName>
<CreateTime>1529990223</CreateTime>
<MsgType><![CDATA[event]]></MsgType>
<Event><![CDATA[TEMPLATESENDJOBFINISH]]></Event>
<MsgID>342220859446001664</MsgID>
<Status><![CDATA[success]]></Status>
</xml>

2018-06-26 13:17:04 params :
------------
String:
array (
  'rule' => -2,
  'module' => '',
  'message' => 
  array (
    'tousername' => 'gh_8a317808696e',
    'fromusername' => 'o4s6w1PA6JDnyrJWneE0qCUxCzOo',
    'createtime' => '1529990223',
    'msgtype' => 'event',
    'event' => 'TEMPLATESENDJOBFINISH',
    'msgid' => '342220859446001664',
    'status' => 'success',
    'from' => 'o4s6w1PA6JDnyrJWneE0qCUxCzOo',
    'to' => 'gh_8a317808696e',
    'time' => '1529990223',
    'type' => 'event',
  ),
)

2018-06-26 13:17:04 response :
------------

2018-06-26 13:22:51 trace :
------------
String:
<xml><ToUserName><![CDATA[gh_8a317808696e]]></ToUserName>
<FromUserName><![CDATA[o4s6w1DiqiWnB5VKNoytebEDl1Nc]]></FromUserName>
<CreateTime>1529990571</CreateTime>
<MsgType><![CDATA[event]]></MsgType>
<Event><![CDATA[TEMPLATESENDJOBFINISH]]></Event>
<MsgID>342226683187003393</MsgID>
<Status><![CDATA[success]]></Status>
</xml>

2018-06-26 13:22:51 params :
------------
String:
array (
  'rule' => -2,
  'module' => '',
  'message' => 
  array (
    'tousername' => 'gh_8a317808696e',
    'fromusername' => 'o4s6w1DiqiWnB5VKNoytebEDl1Nc',
    'createtime' => '1529990571',
    'msgtype' => 'event',
    'event' => 'TEMPLATESENDJOBFINISH',
    'msgid' => '342226683187003393',
    'status' => 'success',
    'from' => 'o4s6w1DiqiWnB5VKNoytebEDl1Nc',
    'to' => 'gh_8a317808696e',
    'time' => '1529990571',
    'type' => 'event',
  ),
)

2018-06-26 13:22:51 response :
------------

2018-06-26 13:24:19 trace :
------------
String:
<xml><ToUserName><![CDATA[gh_8a317808696e]]></ToUserName>
<FromUserName><![CDATA[o4s6w1PA6JDnyrJWneE0qCUxCzOo]]></FromUserName>
<CreateTime>1529990659</CreateTime>
<MsgType><![CDATA[event]]></MsgType>
<Event><![CDATA[TEMPLATESENDJOBFINISH]]></Event>
<MsgID>342228165235703811</MsgID>
<Status><![CDATA[success]]></Status>
</xml>

2018-06-26 13:24:19 params :
------------
String:
array (
  'rule' => -2,
  'module' => '',
  'message' => 
  array (
    'tousername' => 'gh_8a317808696e',
    'fromusername' => 'o4s6w1PA6JDnyrJWneE0qCUxCzOo',
    'createtime' => '1529990659',
    'msgtype' => 'event',
    'event' => 'TEMPLATESENDJOBFINISH',
    'msgid' => '342228165235703811',
    'status' => 'success',
    'from' => 'o4s6w1PA6JDnyrJWneE0qCUxCzOo',
    'to' => 'gh_8a317808696e',
    'time' => '1529990659',
    'type' => 'event',
  ),
)

2018-06-26 13:24:19 response :
------------

2018-06-26 13:31:54 trace :
------------
String:
<xml><ToUserName><![CDATA[gh_8a317808696e]]></ToUserName>
<FromUserName><![CDATA[o4s6w1I-dTq3PedPz4j0pvb6Hj7Y]]></FromUserName>
<CreateTime>1529991114</CreateTime>
<MsgType><![CDATA[event]]></MsgType>
<Event><![CDATA[TEMPLATESENDJOBFINISH]]></Event>
<MsgID>342235795513507842</MsgID>
<Status><![CDATA[success]]></Status>
</xml>

2018-06-26 13:31:54 params :
------------
String:
array (
  'rule' => -2,
  'module' => '',
  'message' => 
  array (
    'tousername' => 'gh_8a317808696e',
    'fromusername' => 'o4s6w1I-dTq3PedPz4j0pvb6Hj7Y',
    'createtime' => '1529991114',
    'msgtype' => 'event',
    'event' => 'TEMPLATESENDJOBFINISH',
    'msgid' => '342235795513507842',
    'status' => 'success',
    'from' => 'o4s6w1I-dTq3PedPz4j0pvb6Hj7Y',
    'to' => 'gh_8a317808696e',
    'time' => '1529991114',
    'type' => 'event',
  ),
)

2018-06-26 13:31:54 response :
------------

2018-06-26 13:36:52 trace :
------------
String:
<xml><ToUserName><![CDATA[gh_8a317808696e]]></ToUserName>
<FromUserName><![CDATA[o4s6w1DiqiWnB5VKNoytebEDl1Nc]]></FromUserName>
<CreateTime>1529991412</CreateTime>
<MsgType><![CDATA[event]]></MsgType>
<Event><![CDATA[TEMPLATESENDJOBFINISH]]></Event>
<MsgID>342240796583755776</MsgID>
<Status><![CDATA[success]]></Status>
</xml>

2018-06-26 13:36:52 params :
------------
String:
array (
  'rule' => -2,
  'module' => '',
  'message' => 
  array (
    'tousername' => 'gh_8a317808696e',
    'fromusername' => 'o4s6w1DiqiWnB5VKNoytebEDl1Nc',
    'createtime' => '1529991412',
    'msgtype' => 'event',
    'event' => 'TEMPLATESENDJOBFINISH',
    'msgid' => '342240796583755776',
    'status' => 'success',
    'from' => 'o4s6w1DiqiWnB5VKNoytebEDl1Nc',
    'to' => 'gh_8a317808696e',
    'time' => '1529991412',
    'type' => 'event',
  ),
)

2018-06-26 13:36:52 response :
------------

2018-06-26 13:48:17 trace :
------------
String:
<xml><ToUserName><![CDATA[gh_8a317808696e]]></ToUserName>
<FromUserName><![CDATA[o4s6w1DiqiWnB5VKNoytebEDl1Nc]]></FromUserName>
<CreateTime>1529992096</CreateTime>
<MsgType><![CDATA[event]]></MsgType>
<Event><![CDATA[TEMPLATESENDJOBFINISH]]></Event>
<MsgID>342252283222130690</MsgID>
<Status><![CDATA[success]]></Status>
</xml>

2018-06-26 13:48:17 params :
------------
String:
array (
  'rule' => -2,
  'module' => '',
  'message' => 
  array (
    'tousername' => 'gh_8a317808696e',
    'fromusername' => 'o4s6w1DiqiWnB5VKNoytebEDl1Nc',
    'createtime' => '1529992096',
    'msgtype' => 'event',
    'event' => 'TEMPLATESENDJOBFINISH',
    'msgid' => '342252283222130690',
    'status' => 'success',
    'from' => 'o4s6w1DiqiWnB5VKNoytebEDl1Nc',
    'to' => 'gh_8a317808696e',
    'time' => '1529992096',
    'type' => 'event',
  ),
)

2018-06-26 13:48:17 response :
------------

2018-06-26 15:10:12 trace :
------------
String:
<xml><ToUserName><![CDATA[gh_8a317808696e]]></ToUserName>
<FromUserName><![CDATA[o4s6w1KleUc7-_LeBEcbAuK7TjYI]]></FromUserName>
<CreateTime>1529997012</CreateTime>
<MsgType><![CDATA[text]]></MsgType>
<Content><![CDATA[你好？]]></Content>
<MsgId>6571287130070870603</MsgId>
</xml>

2018-06-26 15:10:12 params :
------------
String:
array (
  'rule' => -2,
  'module' => '',
  'message' => 
  array (
    'tousername' => 'gh_8a317808696e',
    'fromusername' => 'o4s6w1KleUc7-_LeBEcbAuK7TjYI',
    'createtime' => '1529997012',
    'msgtype' => 'text',
    'content' => '你好？',
    'msgid' => '6571287130070870603',
    'from' => 'o4s6w1KleUc7-_LeBEcbAuK7TjYI',
    'to' => 'gh_8a317808696e',
    'time' => '1529997012',
    'type' => 'text',
    'event' => NULL,
    'redirection' => false,
    'source' => NULL,
  ),
)

2018-06-26 15:10:12 response :
------------

2018-06-26 15:11:16 trace :
------------
String:
<xml><ToUserName><![CDATA[gh_8a317808696e]]></ToUserName>
<FromUserName><![CDATA[o4s6w1KleUc7-_LeBEcbAuK7TjYI]]></FromUserName>
<CreateTime>1529997075</CreateTime>
<MsgType><![CDATA[text]]></MsgType>
<Content><![CDATA[预约当面咨询，交了钱没有预约成功]]></Content>
<MsgId>6571287400653810366</MsgId>
</xml>

2018-06-26 15:11:16 params :
------------
String:
array (
  'rule' => -2,
  'module' => '',
  'message' => 
  array (
    'tousername' => 'gh_8a317808696e',
    'fromusername' => 'o4s6w1KleUc7-_LeBEcbAuK7TjYI',
    'createtime' => '1529997075',
    'msgtype' => 'text',
    'content' => '预约当面咨询，交了钱没有预约成功',
    'msgid' => '6571287400653810366',
    'from' => 'o4s6w1KleUc7-_LeBEcbAuK7TjYI',
    'to' => 'gh_8a317808696e',
    'time' => '1529997075',
    'type' => 'text',
    'event' => NULL,
    'redirection' => false,
    'source' => NULL,
  ),
)

2018-06-26 15:11:16 response :
------------

2018-06-26 16:31:19 trace :
------------
String:
<xml><ToUserName><![CDATA[gh_8a317808696e]]></ToUserName>
<FromUserName><![CDATA[o4s6w1I7yYepqjPjd48veVqVR8-E]]></FromUserName>
<CreateTime>1530001879</CreateTime>
<MsgType><![CDATA[event]]></MsgType>
<Event><![CDATA[unsubscribe]]></Event>
<EventKey><![CDATA[]]></EventKey>
</xml>

2018-06-26 16:37:38 trace :
------------
String:
<xml><ToUserName><![CDATA[gh_8a317808696e]]></ToUserName>
<FromUserName><![CDATA[o4s6w1I7yYepqjPjd48veVqVR8-E]]></FromUserName>
<CreateTime>1530002257</CreateTime>
<MsgType><![CDATA[event]]></MsgType>
<Event><![CDATA[subscribe]]></Event>
<EventKey><![CDATA[]]></EventKey>
</xml>

2018-06-26 16:37:38 params :
------------
String:
array (
  'message' => 
  array (
    'tousername' => 'gh_8a317808696e',
    'fromusername' => 'o4s6w1I7yYepqjPjd48veVqVR8-E',
    'createtime' => '1530002257',
    'msgtype' => 'event',
    'event' => 'subscribe',
    'eventkey' => '',
    'from' => 'o4s6w1I7yYepqjPjd48veVqVR8-E',
    'to' => 'gh_8a317808696e',
    'time' => '1530002257',
    'type' => 'text',
    'redirection' => true,
    'source' => 'subscribe',
    'content' => '咨询',
  ),
  'module' => 'reply',
  'rule' => '15',
  'priority' => '0',
  'keyword' => 
  array (
    'id' => '21',
    'rid' => '15',
    'uniacid' => '3',
    'module' => 'reply',
    'content' => '咨询',
    'type' => '1',
    'displayorder' => '0',
    'status' => '1',
    'reply_type' => 
    array (
      0 => 'basic',
    ),
  ),
  'reply_type' => 
  array (
    0 => 'basic',
  ),
)

2018-06-26 16:37:38 response :
------------
Array:
FromUserName : gh_8a317808696e ;
ToUserName : o4s6w1I7yYepqjPjd48veVqVR8-E ;
MsgType : text ;
Content : 欢迎关注全V健康！/可爱/可爱
点击下方“开始咨询”进入首页就可以找医生咨询啦！ ;

2018-06-26 16:42:57 trace :
------------
String:
<xml><ToUserName><![CDATA[gh_8a317808696e]]></ToUserName>
<FromUserName><![CDATA[o4s6w1I7yYepqjPjd48veVqVR8-E]]></FromUserName>
<CreateTime>1530002576</CreateTime>
<MsgType><![CDATA[event]]></MsgType>
<Event><![CDATA[unsubscribe]]></Event>
<EventKey><![CDATA[]]></EventKey>
</xml>

2018-06-26 16:51:42 trace :
------------
String:
<xml><ToUserName><![CDATA[gh_8a317808696e]]></ToUserName>
<FromUserName><![CDATA[o4s6w1EhprSoULoBgatWelEC_Mog]]></FromUserName>
<CreateTime>1530003102</CreateTime>
<MsgType><![CDATA[event]]></MsgType>
<Event><![CDATA[subscribe]]></Event>
<EventKey><![CDATA[]]></EventKey>
</xml>

2018-06-26 16:51:42 params :
------------
String:
array (
  'message' => 
  array (
    'tousername' => 'gh_8a317808696e',
    'fromusername' => 'o4s6w1EhprSoULoBgatWelEC_Mog',
    'createtime' => '1530003102',
    'msgtype' => 'event',
    'event' => 'subscribe',
    'eventkey' => '',
    'from' => 'o4s6w1EhprSoULoBgatWelEC_Mog',
    'to' => 'gh_8a317808696e',
    'time' => '1530003102',
    'type' => 'text',
    'redirection' => true,
    'source' => 'subscribe',
    'content' => '咨询',
  ),
  'module' => 'reply',
  'rule' => '15',
  'priority' => '0',
  'keyword' => 
  array (
    'id' => '21',
    'rid' => '15',
    'uniacid' => '3',
    'module' => 'reply',
    'content' => '咨询',
    'type' => '1',
    'displayorder' => '0',
    'status' => '1',
    'reply_type' => 
    array (
      0 => 'basic',
    ),
  ),
  'reply_type' => 
  array (
    0 => 'basic',
  ),
)

2018-06-26 16:51:42 response :
------------
Array:
FromUserName : gh_8a317808696e ;
ToUserName : o4s6w1EhprSoULoBgatWelEC_Mog ;
MsgType : text ;
Content : 欢迎关注全V健康！/可爱/可爱
点击下方“开始咨询”进入首页就可以找医生咨询啦！ ;

2018-06-26 16:53:01 trace :
------------
String:
<xml><ToUserName><![CDATA[gh_8a317808696e]]></ToUserName>
<FromUserName><![CDATA[o4s6w1G6XXHjdt3cigU6jJ4WGruo]]></FromUserName>
<CreateTime>1530003180</CreateTime>
<MsgType><![CDATA[event]]></MsgType>
<Event><![CDATA[subscribe]]></Event>
<EventKey><![CDATA[]]></EventKey>
</xml>

2018-06-26 16:53:01 params :
------------
String:
array (
  'message' => 
  array (
    'tousername' => 'gh_8a317808696e',
    'fromusername' => 'o4s6w1G6XXHjdt3cigU6jJ4WGruo',
    'createtime' => '1530003180',
    'msgtype' => 'event',
    'event' => 'subscribe',
    'eventkey' => '',
    'from' => 'o4s6w1G6XXHjdt3cigU6jJ4WGruo',
    'to' => 'gh_8a317808696e',
    'time' => '1530003180',
    'type' => 'text',
    'redirection' => true,
    'source' => 'subscribe',
    'content' => '咨询',
  ),
  'module' => 'reply',
  'rule' => '15',
  'priority' => '0',
  'keyword' => 
  array (
    'id' => '21',
    'rid' => '15',
    'uniacid' => '3',
    'module' => 'reply',
    'content' => '咨询',
    'type' => '1',
    'displayorder' => '0',
    'status' => '1',
    'reply_type' => 
    array (
      0 => 'basic',
    ),
  ),
  'reply_type' => 
  array (
    0 => 'basic',
  ),
)

2018-06-26 16:53:01 response :
------------
Array:
FromUserName : gh_8a317808696e ;
ToUserName : o4s6w1G6XXHjdt3cigU6jJ4WGruo ;
MsgType : text ;
Content : 欢迎关注全V健康！/可爱/可爱
点击下方“开始咨询”进入首页就可以找医生咨询啦！ ;

2018-06-26 16:58:02 trace :
------------
String:
<xml><ToUserName><![CDATA[gh_8a317808696e]]></ToUserName>
<FromUserName><![CDATA[o4s6w1I7yYepqjPjd48veVqVR8-E]]></FromUserName>
<CreateTime>1530003482</CreateTime>
<MsgType><![CDATA[event]]></MsgType>
<Event><![CDATA[subscribe]]></Event>
<EventKey><![CDATA[]]></EventKey>
</xml>

2018-06-26 16:58:02 params :
------------
String:
array (
  'message' => 
  array (
    'tousername' => 'gh_8a317808696e',
    'fromusername' => 'o4s6w1I7yYepqjPjd48veVqVR8-E',
    'createtime' => '1530003482',
    'msgtype' => 'event',
    'event' => 'subscribe',
    'eventkey' => '',
    'from' => 'o4s6w1I7yYepqjPjd48veVqVR8-E',
    'to' => 'gh_8a317808696e',
    'time' => '1530003482',
    'type' => 'text',
    'redirection' => true,
    'source' => 'subscribe',
    'content' => '咨询',
  ),
  'module' => 'reply',
  'rule' => '15',
  'priority' => '0',
  'keyword' => 
  array (
    'id' => '21',
    'rid' => '15',
    'uniacid' => '3',
    'module' => 'reply',
    'content' => '咨询',
    'type' => '1',
    'displayorder' => '0',
    'status' => '1',
    'reply_type' => 
    array (
      0 => 'basic',
    ),
  ),
  'reply_type' => 
  array (
    0 => 'basic',
  ),
)

2018-06-26 16:58:02 response :
------------
Array:
FromUserName : gh_8a317808696e ;
ToUserName : o4s6w1I7yYepqjPjd48veVqVR8-E ;
MsgType : text ;
Content : 欢迎关注全V健康！/可爱/可爱
点击下方“开始咨询”进入首页就可以找医生咨询啦！ ;

2018-06-26 17:11:25 trace :
------------
String:
<xml><ToUserName><![CDATA[gh_8a317808696e]]></ToUserName>
<FromUserName><![CDATA[o4s6w1JUZzl9Oo69_fpMA_Pkiw3I]]></FromUserName>
<CreateTime>1530004284</CreateTime>
<MsgType><![CDATA[event]]></MsgType>
<Event><![CDATA[subscribe]]></Event>
<EventKey><![CDATA[]]></EventKey>
</xml>

2018-06-26 17:11:25 params :
------------
String:
array (
  'message' => 
  array (
    'tousername' => 'gh_8a317808696e',
    'fromusername' => 'o4s6w1JUZzl9Oo69_fpMA_Pkiw3I',
    'createtime' => '1530004284',
    'msgtype' => 'event',
    'event' => 'subscribe',
    'eventkey' => '',
    'from' => 'o4s6w1JUZzl9Oo69_fpMA_Pkiw3I',
    'to' => 'gh_8a317808696e',
    'time' => '1530004284',
    'type' => 'text',
    'redirection' => true,
    'source' => 'subscribe',
    'content' => '咨询',
  ),
  'module' => 'reply',
  'rule' => '15',
  'priority' => '0',
  'keyword' => 
  array (
    'id' => '21',
    'rid' => '15',
    'uniacid' => '3',
    'module' => 'reply',
    'content' => '咨询',
    'type' => '1',
    'displayorder' => '0',
    'status' => '1',
    'reply_type' => 
    array (
      0 => 'basic',
    ),
  ),
  'reply_type' => 
  array (
    0 => 'basic',
  ),
)

2018-06-26 17:11:25 response :
------------
Array:
FromUserName : gh_8a317808696e ;
ToUserName : o4s6w1JUZzl9Oo69_fpMA_Pkiw3I ;
MsgType : text ;
Content : 欢迎关注全V健康！/可爱/可爱
点击下方“开始咨询”进入首页就可以找医生咨询啦！ ;

2018-06-26 17:16:07 trace :
------------
String:
<xml><ToUserName><![CDATA[gh_8a317808696e]]></ToUserName>
<FromUserName><![CDATA[o4s6w1JUZzl9Oo69_fpMA_Pkiw3I]]></FromUserName>
<CreateTime>1530004566</CreateTime>
<MsgType><![CDATA[text]]></MsgType>
<Content><![CDATA[您好]]></Content>
<MsgId>6571319574253839871</MsgId>
</xml>

2018-06-26 17:16:07 params :
------------
String:
array (
  'rule' => -2,
  'module' => '',
  'message' => 
  array (
    'tousername' => 'gh_8a317808696e',
    'fromusername' => 'o4s6w1JUZzl9Oo69_fpMA_Pkiw3I',
    'createtime' => '1530004566',
    'msgtype' => 'text',
    'content' => '您好',
    'msgid' => '6571319574253839871',
    'from' => 'o4s6w1JUZzl9Oo69_fpMA_Pkiw3I',
    'to' => 'gh_8a317808696e',
    'time' => '1530004566',
    'type' => 'text',
    'event' => NULL,
    'redirection' => false,
    'source' => NULL,
  ),
)

2018-06-26 17:16:07 response :
------------

2018-06-26 18:42:41 trace :
------------
String:
<xml><ToUserName><![CDATA[gh_8a317808696e]]></ToUserName>
<FromUserName><![CDATA[o4s6w1K9vNvUmKqAoIRMK8HCV0O4]]></FromUserName>
<CreateTime>1530009760</CreateTime>
<MsgType><![CDATA[event]]></MsgType>
<Event><![CDATA[TEMPLATESENDJOBFINISH]]></Event>
<MsgID>342548632744312832</MsgID>
<Status><![CDATA[success]]></Status>
</xml>

2018-06-26 18:42:41 params :
------------
String:
array (
  'rule' => -2,
  'module' => '',
  'message' => 
  array (
    'tousername' => 'gh_8a317808696e',
    'fromusername' => 'o4s6w1K9vNvUmKqAoIRMK8HCV0O4',
    'createtime' => '1530009760',
    'msgtype' => 'event',
    'event' => 'TEMPLATESENDJOBFINISH',
    'msgid' => '342548632744312832',
    'status' => 'success',
    'from' => 'o4s6w1K9vNvUmKqAoIRMK8HCV0O4',
    'to' => 'gh_8a317808696e',
    'time' => '1530009760',
    'type' => 'event',
  ),
)

2018-06-26 18:42:41 response :
------------

2018-06-26 20:03:43 trace :
------------
String:
<xml><ToUserName><![CDATA[gh_8a317808696e]]></ToUserName>
<FromUserName><![CDATA[o4s6w1FDEa5GlMpmDpNXrYu8C1MM]]></FromUserName>
<CreateTime>1530014622</CreateTime>
<MsgType><![CDATA[event]]></MsgType>
<Event><![CDATA[subscribe]]></Event>
<EventKey><![CDATA[]]></EventKey>
</xml>

2018-06-26 20:03:44 params :
------------
String:
array (
  'message' => 
  array (
    'tousername' => 'gh_8a317808696e',
    'fromusername' => 'o4s6w1FDEa5GlMpmDpNXrYu8C1MM',
    'createtime' => '1530014622',
    'msgtype' => 'event',
    'event' => 'subscribe',
    'eventkey' => '',
    'from' => 'o4s6w1FDEa5GlMpmDpNXrYu8C1MM',
    'to' => 'gh_8a317808696e',
    'time' => '1530014622',
    'type' => 'text',
    'redirection' => true,
    'source' => 'subscribe',
    'content' => '咨询',
  ),
  'module' => 'reply',
  'rule' => '15',
  'priority' => '0',
  'keyword' => 
  array (
    'id' => '21',
    'rid' => '15',
    'uniacid' => '3',
    'module' => 'reply',
    'content' => '咨询',
    'type' => '1',
    'displayorder' => '0',
    'status' => '1',
    'reply_type' => 
    array (
      0 => 'basic',
    ),
  ),
  'reply_type' => 
  array (
    0 => 'basic',
  ),
)

2018-06-26 20:03:44 response :
------------
Array:
FromUserName : gh_8a317808696e ;
ToUserName : o4s6w1FDEa5GlMpmDpNXrYu8C1MM ;
MsgType : text ;
Content : 欢迎关注全V健康！/可爱/可爱
点击下方“开始咨询”进入首页就可以找医生咨询啦！ ;

2018-06-26 23:16:42 trace :
------------
String:
<xml><ToUserName><![CDATA[gh_8a317808696e]]></ToUserName>
<FromUserName><![CDATA[o4s6w1I-dTq3PedPz4j0pvb6Hj7Y]]></FromUserName>
<CreateTime>1530026202</CreateTime>
<MsgType><![CDATA[event]]></MsgType>
<Event><![CDATA[TEMPLATESENDJOBFINISH]]></Event>
<MsgID>342824480961298432</MsgID>
<Status><![CDATA[success]]></Status>
</xml>

2018-06-26 23:16:42 params :
------------
String:
array (
  'rule' => -2,
  'module' => '',
  'message' => 
  array (
    'tousername' => 'gh_8a317808696e',
    'fromusername' => 'o4s6w1I-dTq3PedPz4j0pvb6Hj7Y',
    'createtime' => '1530026202',
    'msgtype' => 'event',
    'event' => 'TEMPLATESENDJOBFINISH',
    'msgid' => '342824480961298432',
    'status' => 'success',
    'from' => 'o4s6w1I-dTq3PedPz4j0pvb6Hj7Y',
    'to' => 'gh_8a317808696e',
    'time' => '1530026202',
    'type' => 'event',
  ),
)

2018-06-26 23:16:42 response :
------------

