2018-06-05 08:05:30 trace :
------------
String:
<xml><ToUserName><![CDATA[gh_8a317808696e]]></ToUserName>
<FromUserName><![CDATA[o4s6w1PXtG6A7De1rMQq-JLEhCfE]]></FromUserName>
<CreateTime>1528157130</CreateTime>
<MsgType><![CDATA[event]]></MsgType>
<Event><![CDATA[VIEW]]></Event>
<EventKey><![CDATA[https://v.mctimes.cn/app/index.php?i=3&c=entry&m=rr_vv3&do=mobile]]></EventKey>
<MenuId>548989418</MenuId>
</xml>

2018-06-05 08:05:30 params :
------------
String:
array (
  'rule' => -2,
  'module' => '',
  'message' => 
  array (
    'tousername' => 'gh_8a317808696e',
    'fromusername' => 'o4s6w1PXtG6A7De1rMQq-JLEhCfE',
    'createtime' => '1528157130',
    'msgtype' => 'event',
    'event' => 'VIEW',
    'eventkey' => 'https://v.mctimes.cn/app/index.php?i=3&c=entry&m=rr_vv3&do=mobile',
    'menuid' => '548989418',
    'from' => 'o4s6w1PXtG6A7De1rMQq-JLEhCfE',
    'to' => 'gh_8a317808696e',
    'time' => '1528157130',
    'type' => 'text',
    'content' => 'https://v.mctimes.cn/app/index.php?i=3&c=entry&m=rr_vv3&do=mobile',
    'redirection' => true,
    'source' => 'VIEW',
  ),
)

2018-06-05 08:05:30 response :
------------

2018-06-05 08:06:53 trace :
------------
String:
<xml><ToUserName><![CDATA[gh_8a317808696e]]></ToUserName>
<FromUserName><![CDATA[o4s6w1PXtG6A7De1rMQq-JLEhCfE]]></FromUserName>
<CreateTime>1528157213</CreateTime>
<MsgType><![CDATA[event]]></MsgType>
<Event><![CDATA[VIEW]]></Event>
<EventKey><![CDATA[https://v.mctimes.cn/app/index.php?i=3&c=entry&m=rr_vv3&do=mobile]]></EventKey>
<MenuId>548989418</MenuId>
</xml>

2018-06-05 08:06:53 params :
------------
String:
array (
  'rule' => -2,
  'module' => '',
  'message' => 
  array (
    'tousername' => 'gh_8a317808696e',
    'fromusername' => 'o4s6w1PXtG6A7De1rMQq-JLEhCfE',
    'createtime' => '1528157213',
    'msgtype' => 'event',
    'event' => 'VIEW',
    'eventkey' => 'https://v.mctimes.cn/app/index.php?i=3&c=entry&m=rr_vv3&do=mobile',
    'menuid' => '548989418',
    'from' => 'o4s6w1PXtG6A7De1rMQq-JLEhCfE',
    'to' => 'gh_8a317808696e',
    'time' => '1528157213',
    'type' => 'text',
    'content' => 'https://v.mctimes.cn/app/index.php?i=3&c=entry&m=rr_vv3&do=mobile',
    'redirection' => true,
    'source' => 'VIEW',
  ),
)

2018-06-05 08:06:53 response :
------------

2018-06-05 08:49:29 trace :
------------
String:
<xml><ToUserName><![CDATA[gh_8a317808696e]]></ToUserName>
<FromUserName><![CDATA[o4s6w1EZ0jqZjtzk8D5WpgBY2d9Q]]></FromUserName>
<CreateTime>1528159769</CreateTime>
<MsgType><![CDATA[event]]></MsgType>
<Event><![CDATA[VIEW]]></Event>
<EventKey><![CDATA[https://v.mctimes.cn/app/index.php?i=3&c=entry&m=rr_vv3&do=mobile]]></EventKey>
<MenuId>548989418</MenuId>
</xml>

2018-06-05 08:49:29 params :
------------
String:
array (
  'rule' => -2,
  'module' => '',
  'message' => 
  array (
    'tousername' => 'gh_8a317808696e',
    'fromusername' => 'o4s6w1EZ0jqZjtzk8D5WpgBY2d9Q',
    'createtime' => '1528159769',
    'msgtype' => 'event',
    'event' => 'VIEW',
    'eventkey' => 'https://v.mctimes.cn/app/index.php?i=3&c=entry&m=rr_vv3&do=mobile',
    'menuid' => '548989418',
    'from' => 'o4s6w1EZ0jqZjtzk8D5WpgBY2d9Q',
    'to' => 'gh_8a317808696e',
    'time' => '1528159769',
    'type' => 'text',
    'content' => 'https://v.mctimes.cn/app/index.php?i=3&c=entry&m=rr_vv3&do=mobile',
    'redirection' => true,
    'source' => 'VIEW',
  ),
)

2018-06-05 08:49:29 response :
------------

2018-06-05 08:53:53 trace :
------------
String:
<xml><ToUserName><![CDATA[gh_8a317808696e]]></ToUserName>
<FromUserName><![CDATA[o4s6w1FlQEwYUoe10TmqhWCYuNi0]]></FromUserName>
<CreateTime>1528160033</CreateTime>
<MsgType><![CDATA[event]]></MsgType>
<Event><![CDATA[VIEW]]></Event>
<EventKey><![CDATA[https://v.mctimes.cn/app/index.php?i=3&c=entry&m=rr_vv3&do=mobile]]></EventKey>
<MenuId>548989418</MenuId>
</xml>

2018-06-05 08:53:53 params :
------------
String:
array (
  'rule' => -2,
  'module' => '',
  'message' => 
  array (
    'tousername' => 'gh_8a317808696e',
    'fromusername' => 'o4s6w1FlQEwYUoe10TmqhWCYuNi0',
    'createtime' => '1528160033',
    'msgtype' => 'event',
    'event' => 'VIEW',
    'eventkey' => 'https://v.mctimes.cn/app/index.php?i=3&c=entry&m=rr_vv3&do=mobile',
    'menuid' => '548989418',
    'from' => 'o4s6w1FlQEwYUoe10TmqhWCYuNi0',
    'to' => 'gh_8a317808696e',
    'time' => '1528160033',
    'type' => 'text',
    'content' => 'https://v.mctimes.cn/app/index.php?i=3&c=entry&m=rr_vv3&do=mobile',
    'redirection' => true,
    'source' => 'VIEW',
  ),
)

2018-06-05 08:53:53 response :
------------

2018-06-05 08:58:48 trace :
------------
String:
<xml><ToUserName><![CDATA[gh_8a317808696e]]></ToUserName>
<FromUserName><![CDATA[o4s6w1H3woHEvOaCAaeWo_bwobtg]]></FromUserName>
<CreateTime>1528160327</CreateTime>
<MsgType><![CDATA[event]]></MsgType>
<Event><![CDATA[unsubscribe]]></Event>
<EventKey><![CDATA[]]></EventKey>
</xml>

2018-06-05 09:01:36 trace :
------------
String:
<xml><ToUserName><![CDATA[gh_8a317808696e]]></ToUserName>
<FromUserName><![CDATA[o4s6w1LT64nM-3El-MgA9TLlFjs4]]></FromUserName>
<CreateTime>1528160496</CreateTime>
<MsgType><![CDATA[event]]></MsgType>
<Event><![CDATA[VIEW]]></Event>
<EventKey><![CDATA[https://v.mctimes.cn/app/index.php?i=3&c=entry&m=rr_vv3&do=mobile]]></EventKey>
<MenuId>548989418</MenuId>
</xml>

2018-06-05 09:01:36 params :
------------
String:
array (
  'rule' => -2,
  'module' => '',
  'message' => 
  array (
    'tousername' => 'gh_8a317808696e',
    'fromusername' => 'o4s6w1LT64nM-3El-MgA9TLlFjs4',
    'createtime' => '1528160496',
    'msgtype' => 'event',
    'event' => 'VIEW',
    'eventkey' => 'https://v.mctimes.cn/app/index.php?i=3&c=entry&m=rr_vv3&do=mobile',
    'menuid' => '548989418',
    'from' => 'o4s6w1LT64nM-3El-MgA9TLlFjs4',
    'to' => 'gh_8a317808696e',
    'time' => '1528160496',
    'type' => 'text',
    'content' => 'https://v.mctimes.cn/app/index.php?i=3&c=entry&m=rr_vv3&do=mobile',
    'redirection' => true,
    'source' => 'VIEW',
  ),
)

2018-06-05 09:01:36 response :
------------

2018-06-05 09:51:16 trace :
------------
String:
<xml><ToUserName><![CDATA[gh_8a317808696e]]></ToUserName>
<FromUserName><![CDATA[o4s6w1I-IJAESFkFKdB49xUDLCIE]]></FromUserName>
<CreateTime>1528163476</CreateTime>
<MsgType><![CDATA[event]]></MsgType>
<Event><![CDATA[TEMPLATESENDJOBFINISH]]></Event>
<MsgID>311573118554570753</MsgID>
<Status><![CDATA[success]]></Status>
</xml>

2018-06-05 09:51:16 params :
------------
String:
array (
  'rule' => -2,
  'module' => '',
  'message' => 
  array (
    'tousername' => 'gh_8a317808696e',
    'fromusername' => 'o4s6w1I-IJAESFkFKdB49xUDLCIE',
    'createtime' => '1528163476',
    'msgtype' => 'event',
    'event' => 'TEMPLATESENDJOBFINISH',
    'msgid' => '311573118554570753',
    'status' => 'success',
    'from' => 'o4s6w1I-IJAESFkFKdB49xUDLCIE',
    'to' => 'gh_8a317808696e',
    'time' => '1528163476',
    'type' => 'event',
  ),
)

2018-06-05 09:51:16 response :
------------

2018-06-05 09:51:28 trace :
------------
String:
<xml><ToUserName><![CDATA[gh_8a317808696e]]></ToUserName>
<FromUserName><![CDATA[o4s6w1PA6JDnyrJWneE0qCUxCzOo]]></FromUserName>
<CreateTime>1528163488</CreateTime>
<MsgType><![CDATA[event]]></MsgType>
<Event><![CDATA[TEMPLATESENDJOBFINISH]]></Event>
<MsgID>311573316743856129</MsgID>
<Status><![CDATA[success]]></Status>
</xml>

2018-06-05 09:51:28 params :
------------
String:
array (
  'rule' => -2,
  'module' => '',
  'message' => 
  array (
    'tousername' => 'gh_8a317808696e',
    'fromusername' => 'o4s6w1PA6JDnyrJWneE0qCUxCzOo',
    'createtime' => '1528163488',
    'msgtype' => 'event',
    'event' => 'TEMPLATESENDJOBFINISH',
    'msgid' => '311573316743856129',
    'status' => 'success',
    'from' => 'o4s6w1PA6JDnyrJWneE0qCUxCzOo',
    'to' => 'gh_8a317808696e',
    'time' => '1528163488',
    'type' => 'event',
  ),
)

2018-06-05 09:51:28 response :
------------

2018-06-05 10:26:49 trace :
------------
String:
<xml><ToUserName><![CDATA[gh_8a317808696e]]></ToUserName>
<FromUserName><![CDATA[o4s6w1I7yYepqjPjd48veVqVR8-E]]></FromUserName>
<CreateTime>1528165609</CreateTime>
<MsgType><![CDATA[event]]></MsgType>
<Event><![CDATA[TEMPLATESENDJOBFINISH]]></Event>
<MsgID>311608902527811584</MsgID>
<Status><![CDATA[success]]></Status>
</xml>

2018-06-05 10:26:49 params :
------------
String:
array (
  'rule' => -2,
  'module' => '',
  'message' => 
  array (
    'tousername' => 'gh_8a317808696e',
    'fromusername' => 'o4s6w1I7yYepqjPjd48veVqVR8-E',
    'createtime' => '1528165609',
    'msgtype' => 'event',
    'event' => 'TEMPLATESENDJOBFINISH',
    'msgid' => '311608902527811584',
    'status' => 'success',
    'from' => 'o4s6w1I7yYepqjPjd48veVqVR8-E',
    'to' => 'gh_8a317808696e',
    'time' => '1528165609',
    'type' => 'event',
  ),
)

2018-06-05 10:26:49 response :
------------

2018-06-05 15:08:48 trace :
------------
String:
<xml><ToUserName><![CDATA[gh_8a317808696e]]></ToUserName>
<FromUserName><![CDATA[o4s6w1IuTWAjuQbYogklbc6L3gyY]]></FromUserName>
<CreateTime>1528182527</CreateTime>
<MsgType><![CDATA[event]]></MsgType>
<Event><![CDATA[subscribe]]></Event>
<EventKey><![CDATA[]]></EventKey>
</xml>

2018-06-05 15:08:48 params :
------------
String:
array (
  'rule' => -2,
  'module' => '',
  'message' => 
  array (
    'tousername' => 'gh_8a317808696e',
    'fromusername' => 'o4s6w1IuTWAjuQbYogklbc6L3gyY',
    'createtime' => '1528182527',
    'msgtype' => 'event',
    'event' => 'subscribe',
    'eventkey' => '',
    'from' => 'o4s6w1IuTWAjuQbYogklbc6L3gyY',
    'to' => 'gh_8a317808696e',
    'time' => '1528182527',
    'type' => 'text',
    'redirection' => true,
    'source' => 'subscribe',
  ),
)

2018-06-05 15:08:48 response :
------------

2018-06-05 15:15:11 trace :
------------
String:
<xml><ToUserName><![CDATA[gh_8a317808696e]]></ToUserName>
<FromUserName><![CDATA[o4s6w1FlQEwYUoe10TmqhWCYuNi0]]></FromUserName>
<CreateTime>1528182911</CreateTime>
<MsgType><![CDATA[event]]></MsgType>
<Event><![CDATA[VIEW]]></Event>
<EventKey><![CDATA[https://v.mctimes.cn/app/index.php?i=3&c=entry&m=rr_vv3&do=mobile]]></EventKey>
<MenuId>548989418</MenuId>
</xml>

2018-06-05 15:15:11 params :
------------
String:
array (
  'rule' => -2,
  'module' => '',
  'message' => 
  array (
    'tousername' => 'gh_8a317808696e',
    'fromusername' => 'o4s6w1FlQEwYUoe10TmqhWCYuNi0',
    'createtime' => '1528182911',
    'msgtype' => 'event',
    'event' => 'VIEW',
    'eventkey' => 'https://v.mctimes.cn/app/index.php?i=3&c=entry&m=rr_vv3&do=mobile',
    'menuid' => '548989418',
    'from' => 'o4s6w1FlQEwYUoe10TmqhWCYuNi0',
    'to' => 'gh_8a317808696e',
    'time' => '1528182911',
    'type' => 'text',
    'content' => 'https://v.mctimes.cn/app/index.php?i=3&c=entry&m=rr_vv3&do=mobile',
    'redirection' => true,
    'source' => 'VIEW',
  ),
)

2018-06-05 15:15:11 response :
------------

2018-06-05 15:31:54 trace :
------------
String:
<xml><ToUserName><![CDATA[gh_8a317808696e]]></ToUserName>
<FromUserName><![CDATA[o4s6w1LT64nM-3El-MgA9TLlFjs4]]></FromUserName>
<CreateTime>1528183914</CreateTime>
<MsgType><![CDATA[event]]></MsgType>
<Event><![CDATA[TEMPLATESENDJOBFINISH]]></Event>
<MsgID>311916013761462273</MsgID>
<Status><![CDATA[success]]></Status>
</xml>

2018-06-05 15:31:54 params :
------------
String:
array (
  'rule' => -2,
  'module' => '',
  'message' => 
  array (
    'tousername' => 'gh_8a317808696e',
    'fromusername' => 'o4s6w1LT64nM-3El-MgA9TLlFjs4',
    'createtime' => '1528183914',
    'msgtype' => 'event',
    'event' => 'TEMPLATESENDJOBFINISH',
    'msgid' => '311916013761462273',
    'status' => 'success',
    'from' => 'o4s6w1LT64nM-3El-MgA9TLlFjs4',
    'to' => 'gh_8a317808696e',
    'time' => '1528183914',
    'type' => 'event',
  ),
)

2018-06-05 15:31:54 response :
------------

2018-06-05 15:47:30 trace :
------------
String:
<xml><ToUserName><![CDATA[gh_8a317808696e]]></ToUserName>
<FromUserName><![CDATA[o4s6w1LT64nM-3El-MgA9TLlFjs4]]></FromUserName>
<CreateTime>1528184850</CreateTime>
<MsgType><![CDATA[event]]></MsgType>
<Event><![CDATA[TEMPLATESENDJOBFINISH]]></Event>
<MsgID>311931721044066305</MsgID>
<Status><![CDATA[success]]></Status>
</xml>

2018-06-05 15:47:30 params :
------------
String:
array (
  'rule' => -2,
  'module' => '',
  'message' => 
  array (
    'tousername' => 'gh_8a317808696e',
    'fromusername' => 'o4s6w1LT64nM-3El-MgA9TLlFjs4',
    'createtime' => '1528184850',
    'msgtype' => 'event',
    'event' => 'TEMPLATESENDJOBFINISH',
    'msgid' => '311931721044066305',
    'status' => 'success',
    'from' => 'o4s6w1LT64nM-3El-MgA9TLlFjs4',
    'to' => 'gh_8a317808696e',
    'time' => '1528184850',
    'type' => 'event',
  ),
)

2018-06-05 15:47:30 response :
------------

2018-06-05 15:59:17 trace :
------------
String:
<xml><ToUserName><![CDATA[gh_8a317808696e]]></ToUserName>
<FromUserName><![CDATA[o4s6w1GBSffmVSLuvdJ0JS3coYtg]]></FromUserName>
<CreateTime>1528185557</CreateTime>
<MsgType><![CDATA[event]]></MsgType>
<Event><![CDATA[MASSSENDJOBFINISH]]></Event>
<MsgID>1000000014</MsgID>
<Status><![CDATA[send success]]></Status>
<TotalCount>1547</TotalCount>
<FilterCount>1547</FilterCount>
<SentCount>1547</SentCount>
<ErrorCount>0</ErrorCount>
<CopyrightCheckResult><Count>0</Count>
<ResultList></ResultList>
<CheckState>0</CheckState>
</CopyrightCheckResult>
</xml>

2018-06-05 15:59:17 params :
------------
String:
array (
  'rule' => -2,
  'module' => '',
  'message' => 
  array (
    'tousername' => 'gh_8a317808696e',
    'fromusername' => 'o4s6w1GBSffmVSLuvdJ0JS3coYtg',
    'createtime' => '1528185557',
    'msgtype' => 'event',
    'event' => 'MASSSENDJOBFINISH',
    'msgid' => '1000000014',
    'status' => 'send success',
    'totalcount' => '1547',
    'filtercount' => '1547',
    'sentcount' => '1547',
    'errorcount' => '0',
    'copyrightcheckresult' => 
    array (
      'count' => '0',
      'resultlist' => '',
      'checkstate' => '0',
    ),
    'from' => 'o4s6w1GBSffmVSLuvdJ0JS3coYtg',
    'to' => 'gh_8a317808696e',
    'time' => '1528185557',
    'type' => 'event',
  ),
)

2018-06-05 15:59:17 response :
------------

2018-06-05 16:00:35 trace :
------------
String:
<xml><ToUserName><![CDATA[gh_8a317808696e]]></ToUserName>
<FromUserName><![CDATA[o4s6w1HeS7PFaao1MKZ0zwoxiUm8]]></FromUserName>
<CreateTime>1528185634</CreateTime>
<MsgType><![CDATA[event]]></MsgType>
<Event><![CDATA[VIEW]]></Event>
<EventKey><![CDATA[https://v.mctimes.cn/app/index.php?i=3&c=entry&m=rr_vv3&do=mobile]]></EventKey>
<MenuId>548989418</MenuId>
</xml>

2018-06-05 16:00:35 params :
------------
String:
array (
  'rule' => -2,
  'module' => '',
  'message' => 
  array (
    'tousername' => 'gh_8a317808696e',
    'fromusername' => 'o4s6w1HeS7PFaao1MKZ0zwoxiUm8',
    'createtime' => '1528185634',
    'msgtype' => 'event',
    'event' => 'VIEW',
    'eventkey' => 'https://v.mctimes.cn/app/index.php?i=3&c=entry&m=rr_vv3&do=mobile',
    'menuid' => '548989418',
    'from' => 'o4s6w1HeS7PFaao1MKZ0zwoxiUm8',
    'to' => 'gh_8a317808696e',
    'time' => '1528185634',
    'type' => 'text',
    'content' => 'https://v.mctimes.cn/app/index.php?i=3&c=entry&m=rr_vv3&do=mobile',
    'redirection' => true,
    'source' => 'VIEW',
  ),
)

2018-06-05 16:00:35 response :
------------

2018-06-05 16:00:38 trace :
------------
String:
<xml><ToUserName><![CDATA[gh_8a317808696e]]></ToUserName>
<FromUserName><![CDATA[o4s6w1CVSlnZvVXM0LLS9Y43OagA]]></FromUserName>
<CreateTime>1528185638</CreateTime>
<MsgType><![CDATA[event]]></MsgType>
<Event><![CDATA[VIEW]]></Event>
<EventKey><![CDATA[https://v.mctimes.cn/app/index.php?i=3&c=entry&m=rr_vv3&do=mobile]]></EventKey>
<MenuId>548989418</MenuId>
</xml>

2018-06-05 16:00:38 params :
------------
String:
array (
  'rule' => -2,
  'module' => '',
  'message' => 
  array (
    'tousername' => 'gh_8a317808696e',
    'fromusername' => 'o4s6w1CVSlnZvVXM0LLS9Y43OagA',
    'createtime' => '1528185638',
    'msgtype' => 'event',
    'event' => 'VIEW',
    'eventkey' => 'https://v.mctimes.cn/app/index.php?i=3&c=entry&m=rr_vv3&do=mobile',
    'menuid' => '548989418',
    'from' => 'o4s6w1CVSlnZvVXM0LLS9Y43OagA',
    'to' => 'gh_8a317808696e',
    'time' => '1528185638',
    'type' => 'text',
    'content' => 'https://v.mctimes.cn/app/index.php?i=3&c=entry&m=rr_vv3&do=mobile',
    'redirection' => true,
    'source' => 'VIEW',
  ),
)

2018-06-05 16:00:38 response :
------------

2018-06-05 16:01:15 trace :
------------
String:
<xml><ToUserName><![CDATA[gh_8a317808696e]]></ToUserName>
<FromUserName><![CDATA[o4s6w1PXtG6A7De1rMQq-JLEhCfE]]></FromUserName>
<CreateTime>1528185675</CreateTime>
<MsgType><![CDATA[event]]></MsgType>
<Event><![CDATA[VIEW]]></Event>
<EventKey><![CDATA[https://v.mctimes.cn/app/index.php?i=3&c=entry&m=rr_vv3&do=mobile]]></EventKey>
<MenuId>548989418</MenuId>
</xml>

2018-06-05 16:01:15 params :
------------
String:
array (
  'rule' => -2,
  'module' => '',
  'message' => 
  array (
    'tousername' => 'gh_8a317808696e',
    'fromusername' => 'o4s6w1PXtG6A7De1rMQq-JLEhCfE',
    'createtime' => '1528185675',
    'msgtype' => 'event',
    'event' => 'VIEW',
    'eventkey' => 'https://v.mctimes.cn/app/index.php?i=3&c=entry&m=rr_vv3&do=mobile',
    'menuid' => '548989418',
    'from' => 'o4s6w1PXtG6A7De1rMQq-JLEhCfE',
    'to' => 'gh_8a317808696e',
    'time' => '1528185675',
    'type' => 'text',
    'content' => 'https://v.mctimes.cn/app/index.php?i=3&c=entry&m=rr_vv3&do=mobile',
    'redirection' => true,
    'source' => 'VIEW',
  ),
)

2018-06-05 16:01:15 response :
------------

2018-06-05 16:01:17 trace :
------------
String:
<xml><ToUserName><![CDATA[gh_8a317808696e]]></ToUserName>
<FromUserName><![CDATA[o4s6w1LT64nM-3El-MgA9TLlFjs4]]></FromUserName>
<CreateTime>1528185676</CreateTime>
<MsgType><![CDATA[event]]></MsgType>
<Event><![CDATA[TEMPLATESENDJOBFINISH]]></Event>
<MsgID>311945585013948424</MsgID>
<Status><![CDATA[success]]></Status>
</xml>

2018-06-05 16:01:17 params :
------------
String:
array (
  'rule' => -2,
  'module' => '',
  'message' => 
  array (
    'tousername' => 'gh_8a317808696e',
    'fromusername' => 'o4s6w1LT64nM-3El-MgA9TLlFjs4',
    'createtime' => '1528185676',
    'msgtype' => 'event',
    'event' => 'TEMPLATESENDJOBFINISH',
    'msgid' => '311945585013948424',
    'status' => 'success',
    'from' => 'o4s6w1LT64nM-3El-MgA9TLlFjs4',
    'to' => 'gh_8a317808696e',
    'time' => '1528185676',
    'type' => 'event',
  ),
)

2018-06-05 16:01:17 response :
------------

2018-06-05 16:01:38 trace :
------------
String:
<xml><ToUserName><![CDATA[gh_8a317808696e]]></ToUserName>
<FromUserName><![CDATA[o4s6w1CuHgGWP8HB6wgszviQ9Pvc]]></FromUserName>
<CreateTime>1528185697</CreateTime>
<MsgType><![CDATA[event]]></MsgType>
<Event><![CDATA[VIEW]]></Event>
<EventKey><![CDATA[https://www.chuangrongkj.com]]></EventKey>
<MenuId>548065661</MenuId>
</xml>

2018-06-05 16:01:38 params :
------------
String:
array (
  'rule' => -2,
  'module' => '',
  'message' => 
  array (
    'tousername' => 'gh_8a317808696e',
    'fromusername' => 'o4s6w1CuHgGWP8HB6wgszviQ9Pvc',
    'createtime' => '1528185697',
    'msgtype' => 'event',
    'event' => 'VIEW',
    'eventkey' => 'https://www.chuangrongkj.com',
    'menuid' => '548065661',
    'from' => 'o4s6w1CuHgGWP8HB6wgszviQ9Pvc',
    'to' => 'gh_8a317808696e',
    'time' => '1528185697',
    'type' => 'text',
    'content' => 'https://www.chuangrongkj.com',
    'redirection' => true,
    'source' => 'VIEW',
  ),
)

2018-06-05 16:01:38 response :
------------

2018-06-05 16:02:56 trace :
------------
String:
<xml><ToUserName><![CDATA[gh_8a317808696e]]></ToUserName>
<FromUserName><![CDATA[o4s6w1PXtG6A7De1rMQq-JLEhCfE]]></FromUserName>
<CreateTime>1528185775</CreateTime>
<MsgType><![CDATA[event]]></MsgType>
<Event><![CDATA[VIEW]]></Event>
<EventKey><![CDATA[https://v.mctimes.cn/app/index.php?i=3&c=entry&m=rr_vv3&do=mobile]]></EventKey>
<MenuId>548989418</MenuId>
</xml>

2018-06-05 16:02:56 params :
------------
String:
array (
  'rule' => -2,
  'module' => '',
  'message' => 
  array (
    'tousername' => 'gh_8a317808696e',
    'fromusername' => 'o4s6w1PXtG6A7De1rMQq-JLEhCfE',
    'createtime' => '1528185775',
    'msgtype' => 'event',
    'event' => 'VIEW',
    'eventkey' => 'https://v.mctimes.cn/app/index.php?i=3&c=entry&m=rr_vv3&do=mobile',
    'menuid' => '548989418',
    'from' => 'o4s6w1PXtG6A7De1rMQq-JLEhCfE',
    'to' => 'gh_8a317808696e',
    'time' => '1528185775',
    'type' => 'text',
    'content' => 'https://v.mctimes.cn/app/index.php?i=3&c=entry&m=rr_vv3&do=mobile',
    'redirection' => true,
    'source' => 'VIEW',
  ),
)

2018-06-05 16:02:56 response :
------------

2018-06-05 16:02:58 trace :
------------
String:
<xml><ToUserName><![CDATA[gh_8a317808696e]]></ToUserName>
<FromUserName><![CDATA[o4s6w1PXtG6A7De1rMQq-JLEhCfE]]></FromUserName>
<CreateTime>1528185778</CreateTime>
<MsgType><![CDATA[event]]></MsgType>
<Event><![CDATA[VIEW]]></Event>
<EventKey><![CDATA[https://v.mctimes.cn/app/index.php?i=3&c=entry&m=rr_vv3&do=mobile]]></EventKey>
<MenuId>548989418</MenuId>
</xml>

2018-06-05 16:02:58 params :
------------
String:
array (
  'rule' => -2,
  'module' => '',
  'message' => 
  array (
    'tousername' => 'gh_8a317808696e',
    'fromusername' => 'o4s6w1PXtG6A7De1rMQq-JLEhCfE',
    'createtime' => '1528185778',
    'msgtype' => 'event',
    'event' => 'VIEW',
    'eventkey' => 'https://v.mctimes.cn/app/index.php?i=3&c=entry&m=rr_vv3&do=mobile',
    'menuid' => '548989418',
    'from' => 'o4s6w1PXtG6A7De1rMQq-JLEhCfE',
    'to' => 'gh_8a317808696e',
    'time' => '1528185778',
    'type' => 'text',
    'content' => 'https://v.mctimes.cn/app/index.php?i=3&c=entry&m=rr_vv3&do=mobile',
    'redirection' => true,
    'source' => 'VIEW',
  ),
)

2018-06-05 16:02:58 response :
------------

2018-06-05 16:03:45 trace :
------------
String:
<xml><ToUserName><![CDATA[gh_8a317808696e]]></ToUserName>
<FromUserName><![CDATA[o4s6w1ILpUrVI1_WMo7hvvbxqhPM]]></FromUserName>
<CreateTime>1528185824</CreateTime>
<MsgType><![CDATA[event]]></MsgType>
<Event><![CDATA[VIEW]]></Event>
<EventKey><![CDATA[https://v.mctimes.cn/app/index.php?i=3&c=entry&m=rr_vv3&do=mobile]]></EventKey>
<MenuId>548989418</MenuId>
</xml>

2018-06-05 16:03:45 params :
------------
String:
array (
  'rule' => -2,
  'module' => '',
  'message' => 
  array (
    'tousername' => 'gh_8a317808696e',
    'fromusername' => 'o4s6w1ILpUrVI1_WMo7hvvbxqhPM',
    'createtime' => '1528185824',
    'msgtype' => 'event',
    'event' => 'VIEW',
    'eventkey' => 'https://v.mctimes.cn/app/index.php?i=3&c=entry&m=rr_vv3&do=mobile',
    'menuid' => '548989418',
    'from' => 'o4s6w1ILpUrVI1_WMo7hvvbxqhPM',
    'to' => 'gh_8a317808696e',
    'time' => '1528185824',
    'type' => 'text',
    'content' => 'https://v.mctimes.cn/app/index.php?i=3&c=entry&m=rr_vv3&do=mobile',
    'redirection' => true,
    'source' => 'VIEW',
  ),
)

2018-06-05 16:03:45 response :
------------

2018-06-05 16:03:56 trace :
------------
String:
<xml><ToUserName><![CDATA[gh_8a317808696e]]></ToUserName>
<FromUserName><![CDATA[o4s6w1LlJYdyMa-xPOp6QzARgUvo]]></FromUserName>
<CreateTime>1528185835</CreateTime>
<MsgType><![CDATA[event]]></MsgType>
<Event><![CDATA[VIEW]]></Event>
<EventKey><![CDATA[https://v.mctimes.cn/app/index.php?i=3&c=entry&m=rr_vv3&do=mobile]]></EventKey>
<MenuId>548989418</MenuId>
</xml>

2018-06-05 16:03:56 params :
------------
String:
array (
  'rule' => -2,
  'module' => '',
  'message' => 
  array (
    'tousername' => 'gh_8a317808696e',
    'fromusername' => 'o4s6w1LlJYdyMa-xPOp6QzARgUvo',
    'createtime' => '1528185835',
    'msgtype' => 'event',
    'event' => 'VIEW',
    'eventkey' => 'https://v.mctimes.cn/app/index.php?i=3&c=entry&m=rr_vv3&do=mobile',
    'menuid' => '548989418',
    'from' => 'o4s6w1LlJYdyMa-xPOp6QzARgUvo',
    'to' => 'gh_8a317808696e',
    'time' => '1528185835',
    'type' => 'text',
    'content' => 'https://v.mctimes.cn/app/index.php?i=3&c=entry&m=rr_vv3&do=mobile',
    'redirection' => true,
    'source' => 'VIEW',
  ),
)

2018-06-05 16:03:56 response :
------------

2018-06-05 16:04:15 trace :
------------
String:
<xml><ToUserName><![CDATA[gh_8a317808696e]]></ToUserName>
<FromUserName><![CDATA[o4s6w1PTWOecasXzOtQmKP7yZHi8]]></FromUserName>
<CreateTime>1528185855</CreateTime>
<MsgType><![CDATA[event]]></MsgType>
<Event><![CDATA[VIEW]]></Event>
<EventKey><![CDATA[https://v.mctimes.cn/app/index.php?i=3&c=entry&m=rr_vv3&do=mobile]]></EventKey>
<MenuId>548989418</MenuId>
</xml>

2018-06-05 16:04:15 params :
------------
String:
array (
  'rule' => -2,
  'module' => '',
  'message' => 
  array (
    'tousername' => 'gh_8a317808696e',
    'fromusername' => 'o4s6w1PTWOecasXzOtQmKP7yZHi8',
    'createtime' => '1528185855',
    'msgtype' => 'event',
    'event' => 'VIEW',
    'eventkey' => 'https://v.mctimes.cn/app/index.php?i=3&c=entry&m=rr_vv3&do=mobile',
    'menuid' => '548989418',
    'from' => 'o4s6w1PTWOecasXzOtQmKP7yZHi8',
    'to' => 'gh_8a317808696e',
    'time' => '1528185855',
    'type' => 'text',
    'content' => 'https://v.mctimes.cn/app/index.php?i=3&c=entry&m=rr_vv3&do=mobile',
    'redirection' => true,
    'source' => 'VIEW',
  ),
)

2018-06-05 16:04:15 response :
------------

2018-06-05 16:04:51 trace :
------------
String:
<xml><ToUserName><![CDATA[gh_8a317808696e]]></ToUserName>
<FromUserName><![CDATA[o4s6w1PA6JDnyrJWneE0qCUxCzOo]]></FromUserName>
<CreateTime>1528185891</CreateTime>
<MsgType><![CDATA[event]]></MsgType>
<Event><![CDATA[TEMPLATESENDJOBFINISH]]></Event>
<MsgID>311949182720147460</MsgID>
<Status><![CDATA[success]]></Status>
</xml>

2018-06-05 16:04:51 params :
------------
String:
array (
  'rule' => -2,
  'module' => '',
  'message' => 
  array (
    'tousername' => 'gh_8a317808696e',
    'fromusername' => 'o4s6w1PA6JDnyrJWneE0qCUxCzOo',
    'createtime' => '1528185891',
    'msgtype' => 'event',
    'event' => 'TEMPLATESENDJOBFINISH',
    'msgid' => '311949182720147460',
    'status' => 'success',
    'from' => 'o4s6w1PA6JDnyrJWneE0qCUxCzOo',
    'to' => 'gh_8a317808696e',
    'time' => '1528185891',
    'type' => 'event',
  ),
)

2018-06-05 16:04:51 response :
------------

2018-06-05 16:06:55 trace :
------------
String:
<xml><ToUserName><![CDATA[gh_8a317808696e]]></ToUserName>
<FromUserName><![CDATA[o4s6w1PTWOecasXzOtQmKP7yZHi8]]></FromUserName>
<CreateTime>1528186015</CreateTime>
<MsgType><![CDATA[event]]></MsgType>
<Event><![CDATA[VIEW]]></Event>
<EventKey><![CDATA[https://v.mctimes.cn/app/index.php?i=3&c=entry&m=rr_vv3&do=mobile]]></EventKey>
<MenuId>548989418</MenuId>
</xml>

2018-06-05 16:06:55 params :
------------
String:
array (
  'rule' => -2,
  'module' => '',
  'message' => 
  array (
    'tousername' => 'gh_8a317808696e',
    'fromusername' => 'o4s6w1PTWOecasXzOtQmKP7yZHi8',
    'createtime' => '1528186015',
    'msgtype' => 'event',
    'event' => 'VIEW',
    'eventkey' => 'https://v.mctimes.cn/app/index.php?i=3&c=entry&m=rr_vv3&do=mobile',
    'menuid' => '548989418',
    'from' => 'o4s6w1PTWOecasXzOtQmKP7yZHi8',
    'to' => 'gh_8a317808696e',
    'time' => '1528186015',
    'type' => 'text',
    'content' => 'https://v.mctimes.cn/app/index.php?i=3&c=entry&m=rr_vv3&do=mobile',
    'redirection' => true,
    'source' => 'VIEW',
  ),
)

2018-06-05 16:06:55 response :
------------

2018-06-05 16:07:50 trace :
------------
String:
<xml><ToUserName><![CDATA[gh_8a317808696e]]></ToUserName>
<FromUserName><![CDATA[o4s6w1PTWOecasXzOtQmKP7yZHi8]]></FromUserName>
<CreateTime>1528186069</CreateTime>
<MsgType><![CDATA[text]]></MsgType>
<Content><![CDATA[怎么打不开了？]]></Content>
<MsgId>6563509189108300978</MsgId>
</xml>

2018-06-05 16:07:50 params :
------------
String:
array (
  'rule' => -2,
  'module' => '',
  'message' => 
  array (
    'tousername' => 'gh_8a317808696e',
    'fromusername' => 'o4s6w1PTWOecasXzOtQmKP7yZHi8',
    'createtime' => '1528186069',
    'msgtype' => 'text',
    'content' => '怎么打不开了？',
    'msgid' => '6563509189108300978',
    'from' => 'o4s6w1PTWOecasXzOtQmKP7yZHi8',
    'to' => 'gh_8a317808696e',
    'time' => '1528186069',
    'type' => 'text',
    'event' => NULL,
    'redirection' => false,
    'source' => NULL,
  ),
)

2018-06-05 16:07:50 response :
------------

2018-06-05 16:08:09 trace :
------------
String:
<xml><ToUserName><![CDATA[gh_8a317808696e]]></ToUserName>
<FromUserName><![CDATA[o4s6w1PTWOecasXzOtQmKP7yZHi8]]></FromUserName>
<CreateTime>1528186089</CreateTime>
<MsgType><![CDATA[text]]></MsgType>
<Content><![CDATA[微信已经是最新版本了呵]]></Content>
<MsgId>6563509275007646947</MsgId>
</xml>

2018-06-05 16:08:09 params :
------------
String:
array (
  'rule' => -2,
  'module' => '',
  'message' => 
  array (
    'tousername' => 'gh_8a317808696e',
    'fromusername' => 'o4s6w1PTWOecasXzOtQmKP7yZHi8',
    'createtime' => '1528186089',
    'msgtype' => 'text',
    'content' => '微信已经是最新版本了呵',
    'msgid' => '6563509275007646947',
    'from' => 'o4s6w1PTWOecasXzOtQmKP7yZHi8',
    'to' => 'gh_8a317808696e',
    'time' => '1528186089',
    'type' => 'text',
    'event' => NULL,
    'redirection' => false,
    'source' => NULL,
  ),
)

2018-06-05 16:08:09 response :
------------

2018-06-05 16:09:05 trace :
------------
String:
<xml><ToUserName><![CDATA[gh_8a317808696e]]></ToUserName>
<FromUserName><![CDATA[o4s6w1LCCWDuwptBKTwPT4TXej-M]]></FromUserName>
<CreateTime>1528186145</CreateTime>
<MsgType><![CDATA[event]]></MsgType>
<Event><![CDATA[VIEW]]></Event>
<EventKey><![CDATA[https://v.mctimes.cn/app/index.php?i=3&c=entry&m=rr_vv3&do=mobile]]></EventKey>
<MenuId>548989418</MenuId>
</xml>

2018-06-05 16:09:05 params :
------------
String:
array (
  'rule' => -2,
  'module' => '',
  'message' => 
  array (
    'tousername' => 'gh_8a317808696e',
    'fromusername' => 'o4s6w1LCCWDuwptBKTwPT4TXej-M',
    'createtime' => '1528186145',
    'msgtype' => 'event',
    'event' => 'VIEW',
    'eventkey' => 'https://v.mctimes.cn/app/index.php?i=3&c=entry&m=rr_vv3&do=mobile',
    'menuid' => '548989418',
    'from' => 'o4s6w1LCCWDuwptBKTwPT4TXej-M',
    'to' => 'gh_8a317808696e',
    'time' => '1528186145',
    'type' => 'text',
    'content' => 'https://v.mctimes.cn/app/index.php?i=3&c=entry&m=rr_vv3&do=mobile',
    'redirection' => true,
    'source' => 'VIEW',
  ),
)

2018-06-05 16:09:05 response :
------------

2018-06-05 16:10:53 trace :
------------
String:
<xml><ToUserName><![CDATA[gh_8a317808696e]]></ToUserName>
<FromUserName><![CDATA[o4s6w1PTWOecasXzOtQmKP7yZHi8]]></FromUserName>
<CreateTime>1528186253</CreateTime>
<MsgType><![CDATA[event]]></MsgType>
<Event><![CDATA[unsubscribe]]></Event>
<EventKey><![CDATA[]]></EventKey>
</xml>

2018-06-05 16:11:06 trace :
------------
String:
<xml><ToUserName><![CDATA[gh_8a317808696e]]></ToUserName>
<FromUserName><![CDATA[o4s6w1PAXQOyFzHny_XQ0fvT-kUk]]></FromUserName>
<CreateTime>1528186265</CreateTime>
<MsgType><![CDATA[event]]></MsgType>
<Event><![CDATA[VIEW]]></Event>
<EventKey><![CDATA[https://v.mctimes.cn/app/index.php?i=3&c=entry&m=rr_vv3&do=mobile]]></EventKey>
<MenuId>548989418</MenuId>
</xml>

2018-06-05 16:11:06 params :
------------
String:
array (
  'rule' => -2,
  'module' => '',
  'message' => 
  array (
    'tousername' => 'gh_8a317808696e',
    'fromusername' => 'o4s6w1PAXQOyFzHny_XQ0fvT-kUk',
    'createtime' => '1528186265',
    'msgtype' => 'event',
    'event' => 'VIEW',
    'eventkey' => 'https://v.mctimes.cn/app/index.php?i=3&c=entry&m=rr_vv3&do=mobile',
    'menuid' => '548989418',
    'from' => 'o4s6w1PAXQOyFzHny_XQ0fvT-kUk',
    'to' => 'gh_8a317808696e',
    'time' => '1528186265',
    'type' => 'text',
    'content' => 'https://v.mctimes.cn/app/index.php?i=3&c=entry&m=rr_vv3&do=mobile',
    'redirection' => true,
    'source' => 'VIEW',
  ),
)

2018-06-05 16:11:06 response :
------------

2018-06-05 16:12:03 trace :
------------
String:
<xml><ToUserName><![CDATA[gh_8a317808696e]]></ToUserName>
<FromUserName><![CDATA[o4s6w1I-dTq3PedPz4j0pvb6Hj7Y]]></FromUserName>
<CreateTime>1528186322</CreateTime>
<MsgType><![CDATA[event]]></MsgType>
<Event><![CDATA[VIEW]]></Event>
<EventKey><![CDATA[https://v.mctimes.cn/app/index.php?i=3&c=entry&m=rr_vv3&do=mobile]]></EventKey>
<MenuId>548989418</MenuId>
</xml>

2018-06-05 16:12:03 params :
------------
String:
array (
  'rule' => -2,
  'module' => '',
  'message' => 
  array (
    'tousername' => 'gh_8a317808696e',
    'fromusername' => 'o4s6w1I-dTq3PedPz4j0pvb6Hj7Y',
    'createtime' => '1528186322',
    'msgtype' => 'event',
    'event' => 'VIEW',
    'eventkey' => 'https://v.mctimes.cn/app/index.php?i=3&c=entry&m=rr_vv3&do=mobile',
    'menuid' => '548989418',
    'from' => 'o4s6w1I-dTq3PedPz4j0pvb6Hj7Y',
    'to' => 'gh_8a317808696e',
    'time' => '1528186322',
    'type' => 'text',
    'content' => 'https://v.mctimes.cn/app/index.php?i=3&c=entry&m=rr_vv3&do=mobile',
    'redirection' => true,
    'source' => 'VIEW',
  ),
)

2018-06-05 16:12:03 response :
------------

2018-06-05 16:14:56 trace :
------------
String:
<xml><ToUserName><![CDATA[gh_8a317808696e]]></ToUserName>
<FromUserName><![CDATA[o4s6w1KEDoizlVd0hOKrI3I9TTYw]]></FromUserName>
<CreateTime>1528186496</CreateTime>
<MsgType><![CDATA[event]]></MsgType>
<Event><![CDATA[VIEW]]></Event>
<EventKey><![CDATA[https://v.mctimes.cn/app/index.php?i=3&c=entry&m=rr_vv3&do=mobile]]></EventKey>
<MenuId>548989418</MenuId>
</xml>

2018-06-05 16:14:56 params :
------------
String:
array (
  'rule' => -2,
  'module' => '',
  'message' => 
  array (
    'tousername' => 'gh_8a317808696e',
    'fromusername' => 'o4s6w1KEDoizlVd0hOKrI3I9TTYw',
    'createtime' => '1528186496',
    'msgtype' => 'event',
    'event' => 'VIEW',
    'eventkey' => 'https://v.mctimes.cn/app/index.php?i=3&c=entry&m=rr_vv3&do=mobile',
    'menuid' => '548989418',
    'from' => 'o4s6w1KEDoizlVd0hOKrI3I9TTYw',
    'to' => 'gh_8a317808696e',
    'time' => '1528186496',
    'type' => 'text',
    'content' => 'https://v.mctimes.cn/app/index.php?i=3&c=entry&m=rr_vv3&do=mobile',
    'redirection' => true,
    'source' => 'VIEW',
  ),
)

2018-06-05 16:14:56 response :
------------

2018-06-05 16:15:13 trace :
------------
String:
<xml><ToUserName><![CDATA[gh_8a317808696e]]></ToUserName>
<FromUserName><![CDATA[o4s6w1ILsDvM0txctlsVsns3M16o]]></FromUserName>
<CreateTime>1528186513</CreateTime>
<MsgType><![CDATA[event]]></MsgType>
<Event><![CDATA[VIEW]]></Event>
<EventKey><![CDATA[https://v.mctimes.cn/app/index.php?i=3&c=entry&m=rr_vv3&do=mobile]]></EventKey>
<MenuId>548989418</MenuId>
</xml>

2018-06-05 16:15:13 params :
------------
String:
array (
  'rule' => -2,
  'module' => '',
  'message' => 
  array (
    'tousername' => 'gh_8a317808696e',
    'fromusername' => 'o4s6w1ILsDvM0txctlsVsns3M16o',
    'createtime' => '1528186513',
    'msgtype' => 'event',
    'event' => 'VIEW',
    'eventkey' => 'https://v.mctimes.cn/app/index.php?i=3&c=entry&m=rr_vv3&do=mobile',
    'menuid' => '548989418',
    'from' => 'o4s6w1ILsDvM0txctlsVsns3M16o',
    'to' => 'gh_8a317808696e',
    'time' => '1528186513',
    'type' => 'text',
    'content' => 'https://v.mctimes.cn/app/index.php?i=3&c=entry&m=rr_vv3&do=mobile',
    'redirection' => true,
    'source' => 'VIEW',
  ),
)

2018-06-05 16:15:13 response :
------------

2018-06-05 16:15:19 trace :
------------
String:
<xml><ToUserName><![CDATA[gh_8a317808696e]]></ToUserName>
<FromUserName><![CDATA[o4s6w1KEDoizlVd0hOKrI3I9TTYw]]></FromUserName>
<CreateTime>1528186519</CreateTime>
<MsgType><![CDATA[event]]></MsgType>
<Event><![CDATA[VIEW]]></Event>
<EventKey><![CDATA[https://v.mctimes.cn/app/index.php?i=3&c=entry&m=rr_vv3&do=mobile]]></EventKey>
<MenuId>548989418</MenuId>
</xml>

2018-06-05 16:15:19 params :
------------
String:
array (
  'rule' => -2,
  'module' => '',
  'message' => 
  array (
    'tousername' => 'gh_8a317808696e',
    'fromusername' => 'o4s6w1KEDoizlVd0hOKrI3I9TTYw',
    'createtime' => '1528186519',
    'msgtype' => 'event',
    'event' => 'VIEW',
    'eventkey' => 'https://v.mctimes.cn/app/index.php?i=3&c=entry&m=rr_vv3&do=mobile',
    'menuid' => '548989418',
    'from' => 'o4s6w1KEDoizlVd0hOKrI3I9TTYw',
    'to' => 'gh_8a317808696e',
    'time' => '1528186519',
    'type' => 'text',
    'content' => 'https://v.mctimes.cn/app/index.php?i=3&c=entry&m=rr_vv3&do=mobile',
    'redirection' => true,
    'source' => 'VIEW',
  ),
)

2018-06-05 16:15:19 response :
------------

2018-06-05 16:15:33 trace :
------------
String:
<xml><ToUserName><![CDATA[gh_8a317808696e]]></ToUserName>
<FromUserName><![CDATA[o4s6w1KEDoizlVd0hOKrI3I9TTYw]]></FromUserName>
<CreateTime>1528186532</CreateTime>
<MsgType><![CDATA[event]]></MsgType>
<Event><![CDATA[VIEW]]></Event>
<EventKey><![CDATA[https://v.mctimes.cn/app/index.php?i=3&c=entry&m=rr_vv3&do=mobile]]></EventKey>
<MenuId>548989418</MenuId>
</xml>

2018-06-05 16:15:33 params :
------------
String:
array (
  'rule' => -2,
  'module' => '',
  'message' => 
  array (
    'tousername' => 'gh_8a317808696e',
    'fromusername' => 'o4s6w1KEDoizlVd0hOKrI3I9TTYw',
    'createtime' => '1528186532',
    'msgtype' => 'event',
    'event' => 'VIEW',
    'eventkey' => 'https://v.mctimes.cn/app/index.php?i=3&c=entry&m=rr_vv3&do=mobile',
    'menuid' => '548989418',
    'from' => 'o4s6w1KEDoizlVd0hOKrI3I9TTYw',
    'to' => 'gh_8a317808696e',
    'time' => '1528186532',
    'type' => 'text',
    'content' => 'https://v.mctimes.cn/app/index.php?i=3&c=entry&m=rr_vv3&do=mobile',
    'redirection' => true,
    'source' => 'VIEW',
  ),
)

2018-06-05 16:15:33 response :
------------

2018-06-05 16:15:48 trace :
------------
String:
<xml><ToUserName><![CDATA[gh_8a317808696e]]></ToUserName>
<FromUserName><![CDATA[o4s6w1KzJ0FtDrTro988-qdYM38g]]></FromUserName>
<CreateTime>1528186548</CreateTime>
<MsgType><![CDATA[event]]></MsgType>
<Event><![CDATA[VIEW]]></Event>
<EventKey><![CDATA[https://v.mctimes.cn/app/index.php?i=3&c=entry&m=rr_vv3&do=mobile]]></EventKey>
<MenuId>548989418</MenuId>
</xml>

2018-06-05 16:15:48 params :
------------
String:
array (
  'rule' => -2,
  'module' => '',
  'message' => 
  array (
    'tousername' => 'gh_8a317808696e',
    'fromusername' => 'o4s6w1KzJ0FtDrTro988-qdYM38g',
    'createtime' => '1528186548',
    'msgtype' => 'event',
    'event' => 'VIEW',
    'eventkey' => 'https://v.mctimes.cn/app/index.php?i=3&c=entry&m=rr_vv3&do=mobile',
    'menuid' => '548989418',
    'from' => 'o4s6w1KzJ0FtDrTro988-qdYM38g',
    'to' => 'gh_8a317808696e',
    'time' => '1528186548',
    'type' => 'text',
    'content' => 'https://v.mctimes.cn/app/index.php?i=3&c=entry&m=rr_vv3&do=mobile',
    'redirection' => true,
    'source' => 'VIEW',
  ),
)

2018-06-05 16:15:48 response :
------------

2018-06-05 16:18:39 trace :
------------
String:
<xml><ToUserName><![CDATA[gh_8a317808696e]]></ToUserName>
<FromUserName><![CDATA[o4s6w1MDqnopdMD3rwueb6_Iybr4]]></FromUserName>
<CreateTime>1528186719</CreateTime>
<MsgType><![CDATA[event]]></MsgType>
<Event><![CDATA[VIEW]]></Event>
<EventKey><![CDATA[https://v.mctimes.cn/app/index.php?i=3&c=entry&m=rr_vv3&do=mobile]]></EventKey>
<MenuId>548989418</MenuId>
</xml>

2018-06-05 16:18:39 params :
------------
String:
array (
  'rule' => -2,
  'module' => '',
  'message' => 
  array (
    'tousername' => 'gh_8a317808696e',
    'fromusername' => 'o4s6w1MDqnopdMD3rwueb6_Iybr4',
    'createtime' => '1528186719',
    'msgtype' => 'event',
    'event' => 'VIEW',
    'eventkey' => 'https://v.mctimes.cn/app/index.php?i=3&c=entry&m=rr_vv3&do=mobile',
    'menuid' => '548989418',
    'from' => 'o4s6w1MDqnopdMD3rwueb6_Iybr4',
    'to' => 'gh_8a317808696e',
    'time' => '1528186719',
    'type' => 'text',
    'content' => 'https://v.mctimes.cn/app/index.php?i=3&c=entry&m=rr_vv3&do=mobile',
    'redirection' => true,
    'source' => 'VIEW',
  ),
)

2018-06-05 16:18:39 response :
------------

2018-06-05 16:20:41 trace :
------------
String:
<xml><ToUserName><![CDATA[gh_8a317808696e]]></ToUserName>
<FromUserName><![CDATA[o4s6w1KEDoizlVd0hOKrI3I9TTYw]]></FromUserName>
<CreateTime>1528186840</CreateTime>
<MsgType><![CDATA[event]]></MsgType>
<Event><![CDATA[VIEW]]></Event>
<EventKey><![CDATA[https://v.mctimes.cn/app/index.php?i=3&c=entry&m=rr_vv3&do=mobile]]></EventKey>
<MenuId>548989418</MenuId>
</xml>

2018-06-05 16:20:41 params :
------------
String:
array (
  'rule' => -2,
  'module' => '',
  'message' => 
  array (
    'tousername' => 'gh_8a317808696e',
    'fromusername' => 'o4s6w1KEDoizlVd0hOKrI3I9TTYw',
    'createtime' => '1528186840',
    'msgtype' => 'event',
    'event' => 'VIEW',
    'eventkey' => 'https://v.mctimes.cn/app/index.php?i=3&c=entry&m=rr_vv3&do=mobile',
    'menuid' => '548989418',
    'from' => 'o4s6w1KEDoizlVd0hOKrI3I9TTYw',
    'to' => 'gh_8a317808696e',
    'time' => '1528186840',
    'type' => 'text',
    'content' => 'https://v.mctimes.cn/app/index.php?i=3&c=entry&m=rr_vv3&do=mobile',
    'redirection' => true,
    'source' => 'VIEW',
  ),
)

2018-06-05 16:20:41 response :
------------

2018-06-05 16:27:57 trace :
------------
String:
<xml><ToUserName><![CDATA[gh_8a317808696e]]></ToUserName>
<FromUserName><![CDATA[o4s6w1BYjzxKK3Iokqyi9Lb58REw]]></FromUserName>
<CreateTime>1528187277</CreateTime>
<MsgType><![CDATA[event]]></MsgType>
<Event><![CDATA[unsubscribe]]></Event>
<EventKey><![CDATA[]]></EventKey>
</xml>

2018-06-05 16:29:54 trace :
------------
String:
<xml><ToUserName><![CDATA[gh_8a317808696e]]></ToUserName>
<FromUserName><![CDATA[o4s6w1G4QNIvyO5SaHaF-KEdx8p4]]></FromUserName>
<CreateTime>1528187393</CreateTime>
<MsgType><![CDATA[event]]></MsgType>
<Event><![CDATA[subscribe]]></Event>
<EventKey><![CDATA[]]></EventKey>
</xml>

2018-06-05 16:29:54 params :
------------
String:
array (
  'rule' => -2,
  'module' => '',
  'message' => 
  array (
    'tousername' => 'gh_8a317808696e',
    'fromusername' => 'o4s6w1G4QNIvyO5SaHaF-KEdx8p4',
    'createtime' => '1528187393',
    'msgtype' => 'event',
    'event' => 'subscribe',
    'eventkey' => '',
    'from' => 'o4s6w1G4QNIvyO5SaHaF-KEdx8p4',
    'to' => 'gh_8a317808696e',
    'time' => '1528187393',
    'type' => 'text',
    'redirection' => true,
    'source' => 'subscribe',
  ),
)

2018-06-05 16:29:54 response :
------------

2018-06-05 16:33:15 trace :
------------
String:
<xml><ToUserName><![CDATA[gh_8a317808696e]]></ToUserName>
<FromUserName><![CDATA[o4s6w1ND0cFTOPz4AC_ueMfUCsE4]]></FromUserName>
<CreateTime>1528187594</CreateTime>
<MsgType><![CDATA[event]]></MsgType>
<Event><![CDATA[VIEW]]></Event>
<EventKey><![CDATA[https://v.mctimes.cn/app/index.php?i=3&c=entry&m=rr_vv3&do=mobile]]></EventKey>
<MenuId>548989418</MenuId>
</xml>

2018-06-05 16:33:15 params :
------------
String:
array (
  'rule' => -2,
  'module' => '',
  'message' => 
  array (
    'tousername' => 'gh_8a317808696e',
    'fromusername' => 'o4s6w1ND0cFTOPz4AC_ueMfUCsE4',
    'createtime' => '1528187594',
    'msgtype' => 'event',
    'event' => 'VIEW',
    'eventkey' => 'https://v.mctimes.cn/app/index.php?i=3&c=entry&m=rr_vv3&do=mobile',
    'menuid' => '548989418',
    'from' => 'o4s6w1ND0cFTOPz4AC_ueMfUCsE4',
    'to' => 'gh_8a317808696e',
    'time' => '1528187594',
    'type' => 'text',
    'content' => 'https://v.mctimes.cn/app/index.php?i=3&c=entry&m=rr_vv3&do=mobile',
    'redirection' => true,
    'source' => 'VIEW',
  ),
)

2018-06-05 16:33:15 response :
------------

2018-06-05 16:38:43 trace :
------------
String:
<xml><ToUserName><![CDATA[gh_8a317808696e]]></ToUserName>
<FromUserName><![CDATA[o4s6w1FAoZF6WiiBuKu93OqlK5Fc]]></FromUserName>
<CreateTime>1528187923</CreateTime>
<MsgType><![CDATA[event]]></MsgType>
<Event><![CDATA[VIEW]]></Event>
<EventKey><![CDATA[https://v.mctimes.cn/app/index.php?i=3&c=entry&m=rr_vv3&do=mobile]]></EventKey>
<MenuId>548989418</MenuId>
</xml>

2018-06-05 16:38:43 params :
------------
String:
array (
  'rule' => -2,
  'module' => '',
  'message' => 
  array (
    'tousername' => 'gh_8a317808696e',
    'fromusername' => 'o4s6w1FAoZF6WiiBuKu93OqlK5Fc',
    'createtime' => '1528187923',
    'msgtype' => 'event',
    'event' => 'VIEW',
    'eventkey' => 'https://v.mctimes.cn/app/index.php?i=3&c=entry&m=rr_vv3&do=mobile',
    'menuid' => '548989418',
    'from' => 'o4s6w1FAoZF6WiiBuKu93OqlK5Fc',
    'to' => 'gh_8a317808696e',
    'time' => '1528187923',
    'type' => 'text',
    'content' => 'https://v.mctimes.cn/app/index.php?i=3&c=entry&m=rr_vv3&do=mobile',
    'redirection' => true,
    'source' => 'VIEW',
  ),
)

2018-06-05 16:38:43 response :
------------

2018-06-05 16:49:46 trace :
------------
String:
<xml><ToUserName><![CDATA[gh_8a317808696e]]></ToUserName>
<FromUserName><![CDATA[o4s6w1I9t2w0MMXi_hn_8cwglhlA]]></FromUserName>
<CreateTime>1528188585</CreateTime>
<MsgType><![CDATA[event]]></MsgType>
<Event><![CDATA[VIEW]]></Event>
<EventKey><![CDATA[https://v.mctimes.cn/app/index.php?i=3&c=entry&m=rr_vv3&do=mobile]]></EventKey>
<MenuId>548989418</MenuId>
</xml>

2018-06-05 16:49:46 params :
------------
String:
array (
  'rule' => -2,
  'module' => '',
  'message' => 
  array (
    'tousername' => 'gh_8a317808696e',
    'fromusername' => 'o4s6w1I9t2w0MMXi_hn_8cwglhlA',
    'createtime' => '1528188585',
    'msgtype' => 'event',
    'event' => 'VIEW',
    'eventkey' => 'https://v.mctimes.cn/app/index.php?i=3&c=entry&m=rr_vv3&do=mobile',
    'menuid' => '548989418',
    'from' => 'o4s6w1I9t2w0MMXi_hn_8cwglhlA',
    'to' => 'gh_8a317808696e',
    'time' => '1528188585',
    'type' => 'text',
    'content' => 'https://v.mctimes.cn/app/index.php?i=3&c=entry&m=rr_vv3&do=mobile',
    'redirection' => true,
    'source' => 'VIEW',
  ),
)

2018-06-05 16:49:46 response :
------------

2018-06-05 16:50:00 trace :
------------
String:
<xml><ToUserName><![CDATA[gh_3d9ec5667ec1]]></ToUserName>
<FromUserName><![CDATA[o3hgewyafy-5jyjZOj8NTaeFqZn8]]></FromUserName>
<CreateTime>1528188599</CreateTime>
<MsgType><![CDATA[event]]></MsgType>
<Event><![CDATA[user_view_card]]></Event>
<CardId><![CDATA[p3hgew9XkkbkwPgTsmLu8YQw8Ink]]></CardId>
<UserCardCode><![CDATA[388221369554]]></UserCardCode>
<OuterStr><![CDATA[]]></OuterStr>
</xml>

2018-06-05 16:50:00 params :
------------
String:
array (
  'rule' => -2,
  'module' => '',
  'message' => 
  array (
    'tousername' => 'gh_3d9ec5667ec1',
    'fromusername' => 'o3hgewyafy-5jyjZOj8NTaeFqZn8',
    'createtime' => '1528188599',
    'msgtype' => 'event',
    'event' => 'user_view_card',
    'cardid' => 'p3hgew9XkkbkwPgTsmLu8YQw8Ink',
    'usercardcode' => '388221369554',
    'outerstr' => '',
    'from' => 'o3hgewyafy-5jyjZOj8NTaeFqZn8',
    'to' => 'gh_3d9ec5667ec1',
    'time' => '1528188599',
    'type' => 'event',
  ),
)

2018-06-05 16:50:00 response :
------------

2018-06-05 16:50:05 trace :
------------
String:
<xml><ToUserName><![CDATA[gh_8a317808696e]]></ToUserName>
<FromUserName><![CDATA[o4s6w1BKd91Ue-HLExjygnl_fmHQ]]></FromUserName>
<CreateTime>1528188603</CreateTime>
<MsgType><![CDATA[event]]></MsgType>
<Event><![CDATA[VIEW]]></Event>
<EventKey><![CDATA[https://v.mctimes.cn/app/index.php?i=3&c=entry&m=rr_vv3&do=mobile]]></EventKey>
<MenuId>548989418</MenuId>
</xml>

2018-06-05 16:50:05 params :
------------
String:
array (
  'rule' => -2,
  'module' => '',
  'message' => 
  array (
    'tousername' => 'gh_8a317808696e',
    'fromusername' => 'o4s6w1BKd91Ue-HLExjygnl_fmHQ',
    'createtime' => '1528188603',
    'msgtype' => 'event',
    'event' => 'VIEW',
    'eventkey' => 'https://v.mctimes.cn/app/index.php?i=3&c=entry&m=rr_vv3&do=mobile',
    'menuid' => '548989418',
    'from' => 'o4s6w1BKd91Ue-HLExjygnl_fmHQ',
    'to' => 'gh_8a317808696e',
    'time' => '1528188603',
    'type' => 'text',
    'content' => 'https://v.mctimes.cn/app/index.php?i=3&c=entry&m=rr_vv3&do=mobile',
    'redirection' => true,
    'source' => 'VIEW',
  ),
)

2018-06-05 16:50:05 response :
------------

2018-06-05 16:55:29 trace :
------------
String:
<xml><ToUserName><![CDATA[gh_8a317808696e]]></ToUserName>
<FromUserName><![CDATA[o4s6w1GQFp-EnglamD1Q1IC-gzM0]]></FromUserName>
<CreateTime>1528188929</CreateTime>
<MsgType><![CDATA[event]]></MsgType>
<Event><![CDATA[unsubscribe]]></Event>
<EventKey><![CDATA[]]></EventKey>
</xml>

2018-06-05 17:02:16 trace :
------------
String:
<xml><ToUserName><![CDATA[gh_8a317808696e]]></ToUserName>
<FromUserName><![CDATA[o4s6w1KEDoizlVd0hOKrI3I9TTYw]]></FromUserName>
<CreateTime>1528189336</CreateTime>
<MsgType><![CDATA[event]]></MsgType>
<Event><![CDATA[VIEW]]></Event>
<EventKey><![CDATA[https://v.mctimes.cn/app/index.php?i=3&c=entry&m=rr_vv3&do=mobile]]></EventKey>
<MenuId>548989418</MenuId>
</xml>

2018-06-05 17:02:17 params :
------------
String:
array (
  'rule' => -2,
  'module' => '',
  'message' => 
  array (
    'tousername' => 'gh_8a317808696e',
    'fromusername' => 'o4s6w1KEDoizlVd0hOKrI3I9TTYw',
    'createtime' => '1528189336',
    'msgtype' => 'event',
    'event' => 'VIEW',
    'eventkey' => 'https://v.mctimes.cn/app/index.php?i=3&c=entry&m=rr_vv3&do=mobile',
    'menuid' => '548989418',
    'from' => 'o4s6w1KEDoizlVd0hOKrI3I9TTYw',
    'to' => 'gh_8a317808696e',
    'time' => '1528189336',
    'type' => 'text',
    'content' => 'https://v.mctimes.cn/app/index.php?i=3&c=entry&m=rr_vv3&do=mobile',
    'redirection' => true,
    'source' => 'VIEW',
  ),
)

2018-06-05 17:02:17 response :
------------

2018-06-05 17:17:17 trace :
------------
String:
<xml><ToUserName><![CDATA[gh_8a317808696e]]></ToUserName>
<FromUserName><![CDATA[o4s6w1Pw4Hf5gZr_x8n_d9DAT6QA]]></FromUserName>
<CreateTime>1528190237</CreateTime>
<MsgType><![CDATA[event]]></MsgType>
<Event><![CDATA[VIEW]]></Event>
<EventKey><![CDATA[https://v.mctimes.cn/app/index.php?i=3&c=entry&m=rr_vv3&do=mobile]]></EventKey>
<MenuId>548989418</MenuId>
</xml>

2018-06-05 17:17:18 params :
------------
String:
array (
  'rule' => -2,
  'module' => '',
  'message' => 
  array (
    'tousername' => 'gh_8a317808696e',
    'fromusername' => 'o4s6w1Pw4Hf5gZr_x8n_d9DAT6QA',
    'createtime' => '1528190237',
    'msgtype' => 'event',
    'event' => 'VIEW',
    'eventkey' => 'https://v.mctimes.cn/app/index.php?i=3&c=entry&m=rr_vv3&do=mobile',
    'menuid' => '548989418',
    'from' => 'o4s6w1Pw4Hf5gZr_x8n_d9DAT6QA',
    'to' => 'gh_8a317808696e',
    'time' => '1528190237',
    'type' => 'text',
    'content' => 'https://v.mctimes.cn/app/index.php?i=3&c=entry&m=rr_vv3&do=mobile',
    'redirection' => true,
    'source' => 'VIEW',
  ),
)

2018-06-05 17:17:18 response :
------------

2018-06-05 17:24:20 trace :
------------
String:
<xml><ToUserName><![CDATA[gh_8a317808696e]]></ToUserName>
<FromUserName><![CDATA[o4s6w1FxuzGWUagwuLR1FgA85Oi4]]></FromUserName>
<CreateTime>1528190660</CreateTime>
<MsgType><![CDATA[event]]></MsgType>
<Event><![CDATA[VIEW]]></Event>
<EventKey><![CDATA[https://v.mctimes.cn/app/index.php?i=3&c=entry&m=rr_vv3&do=mobile]]></EventKey>
<MenuId>548989418</MenuId>
</xml>

2018-06-05 17:24:20 params :
------------
String:
array (
  'rule' => -2,
  'module' => '',
  'message' => 
  array (
    'tousername' => 'gh_8a317808696e',
    'fromusername' => 'o4s6w1FxuzGWUagwuLR1FgA85Oi4',
    'createtime' => '1528190660',
    'msgtype' => 'event',
    'event' => 'VIEW',
    'eventkey' => 'https://v.mctimes.cn/app/index.php?i=3&c=entry&m=rr_vv3&do=mobile',
    'menuid' => '548989418',
    'from' => 'o4s6w1FxuzGWUagwuLR1FgA85Oi4',
    'to' => 'gh_8a317808696e',
    'time' => '1528190660',
    'type' => 'text',
    'content' => 'https://v.mctimes.cn/app/index.php?i=3&c=entry&m=rr_vv3&do=mobile',
    'redirection' => true,
    'source' => 'VIEW',
  ),
)

2018-06-05 17:24:20 response :
------------

2018-06-05 17:24:27 trace :
------------
String:
<xml><ToUserName><![CDATA[gh_8a317808696e]]></ToUserName>
<FromUserName><![CDATA[o4s6w1FxuzGWUagwuLR1FgA85Oi4]]></FromUserName>
<CreateTime>1528190667</CreateTime>
<MsgType><![CDATA[event]]></MsgType>
<Event><![CDATA[VIEW]]></Event>
<EventKey><![CDATA[https://v.mctimes.cn/app/index.php?i=3&c=entry&m=rr_vv3&do=mobile]]></EventKey>
<MenuId>548989418</MenuId>
</xml>

2018-06-05 17:24:27 params :
------------
String:
array (
  'rule' => -2,
  'module' => '',
  'message' => 
  array (
    'tousername' => 'gh_8a317808696e',
    'fromusername' => 'o4s6w1FxuzGWUagwuLR1FgA85Oi4',
    'createtime' => '1528190667',
    'msgtype' => 'event',
    'event' => 'VIEW',
    'eventkey' => 'https://v.mctimes.cn/app/index.php?i=3&c=entry&m=rr_vv3&do=mobile',
    'menuid' => '548989418',
    'from' => 'o4s6w1FxuzGWUagwuLR1FgA85Oi4',
    'to' => 'gh_8a317808696e',
    'time' => '1528190667',
    'type' => 'text',
    'content' => 'https://v.mctimes.cn/app/index.php?i=3&c=entry&m=rr_vv3&do=mobile',
    'redirection' => true,
    'source' => 'VIEW',
  ),
)

2018-06-05 17:24:27 response :
------------

2018-06-05 17:31:44 trace :
------------
String:
<xml><ToUserName><![CDATA[gh_8a317808696e]]></ToUserName>
<FromUserName><![CDATA[o4s6w1IzzXAl0EOG73xCCZ23vJL0]]></FromUserName>
<CreateTime>1528191104</CreateTime>
<MsgType><![CDATA[event]]></MsgType>
<Event><![CDATA[VIEW]]></Event>
<EventKey><![CDATA[https://v.mctimes.cn/app/index.php?i=3&c=entry&m=rr_vv3&do=mobile]]></EventKey>
<MenuId>548989418</MenuId>
</xml>

2018-06-05 17:31:44 params :
------------
String:
array (
  'rule' => -2,
  'module' => '',
  'message' => 
  array (
    'tousername' => 'gh_8a317808696e',
    'fromusername' => 'o4s6w1IzzXAl0EOG73xCCZ23vJL0',
    'createtime' => '1528191104',
    'msgtype' => 'event',
    'event' => 'VIEW',
    'eventkey' => 'https://v.mctimes.cn/app/index.php?i=3&c=entry&m=rr_vv3&do=mobile',
    'menuid' => '548989418',
    'from' => 'o4s6w1IzzXAl0EOG73xCCZ23vJL0',
    'to' => 'gh_8a317808696e',
    'time' => '1528191104',
    'type' => 'text',
    'content' => 'https://v.mctimes.cn/app/index.php?i=3&c=entry&m=rr_vv3&do=mobile',
    'redirection' => true,
    'source' => 'VIEW',
  ),
)

2018-06-05 17:31:44 response :
------------

2018-06-05 17:31:59 trace :
------------
String:
<xml><ToUserName><![CDATA[gh_8a317808696e]]></ToUserName>
<FromUserName><![CDATA[o4s6w1PjEMzzGrIOFYjnaOEWpcME]]></FromUserName>
<CreateTime>1528191118</CreateTime>
<MsgType><![CDATA[event]]></MsgType>
<Event><![CDATA[VIEW]]></Event>
<EventKey><![CDATA[https://v.mctimes.cn/app/index.php?i=3&c=entry&m=rr_vv3&do=mobile]]></EventKey>
<MenuId>548989418</MenuId>
</xml>

2018-06-05 17:31:59 params :
------------
String:
array (
  'rule' => -2,
  'module' => '',
  'message' => 
  array (
    'tousername' => 'gh_8a317808696e',
    'fromusername' => 'o4s6w1PjEMzzGrIOFYjnaOEWpcME',
    'createtime' => '1528191118',
    'msgtype' => 'event',
    'event' => 'VIEW',
    'eventkey' => 'https://v.mctimes.cn/app/index.php?i=3&c=entry&m=rr_vv3&do=mobile',
    'menuid' => '548989418',
    'from' => 'o4s6w1PjEMzzGrIOFYjnaOEWpcME',
    'to' => 'gh_8a317808696e',
    'time' => '1528191118',
    'type' => 'text',
    'content' => 'https://v.mctimes.cn/app/index.php?i=3&c=entry&m=rr_vv3&do=mobile',
    'redirection' => true,
    'source' => 'VIEW',
  ),
)

2018-06-05 17:31:59 response :
------------

2018-06-05 17:40:34 trace :
------------
String:
<xml><ToUserName><![CDATA[gh_8a317808696e]]></ToUserName>
<FromUserName><![CDATA[o4s6w1G_Yk5Z9N20zYxAw6Du7wNY]]></FromUserName>
<CreateTime>1528191634</CreateTime>
<MsgType><![CDATA[event]]></MsgType>
<Event><![CDATA[VIEW]]></Event>
<EventKey><![CDATA[https://v.mctimes.cn/app/index.php?i=3&c=entry&m=rr_vv3&do=mobile]]></EventKey>
<MenuId>548989418</MenuId>
</xml>

2018-06-05 17:40:34 params :
------------
String:
array (
  'rule' => -2,
  'module' => '',
  'message' => 
  array (
    'tousername' => 'gh_8a317808696e',
    'fromusername' => 'o4s6w1G_Yk5Z9N20zYxAw6Du7wNY',
    'createtime' => '1528191634',
    'msgtype' => 'event',
    'event' => 'VIEW',
    'eventkey' => 'https://v.mctimes.cn/app/index.php?i=3&c=entry&m=rr_vv3&do=mobile',
    'menuid' => '548989418',
    'from' => 'o4s6w1G_Yk5Z9N20zYxAw6Du7wNY',
    'to' => 'gh_8a317808696e',
    'time' => '1528191634',
    'type' => 'text',
    'content' => 'https://v.mctimes.cn/app/index.php?i=3&c=entry&m=rr_vv3&do=mobile',
    'redirection' => true,
    'source' => 'VIEW',
  ),
)

2018-06-05 17:40:34 response :
------------

2018-06-05 17:56:29 trace :
------------
String:
<xml><ToUserName><![CDATA[gh_8a317808696e]]></ToUserName>
<FromUserName><![CDATA[o4s6w1HEIxpyTY1clXlH_CS-AzXg]]></FromUserName>
<CreateTime>1528192588</CreateTime>
<MsgType><![CDATA[event]]></MsgType>
<Event><![CDATA[VIEW]]></Event>
<EventKey><![CDATA[https://v.mctimes.cn/app/index.php?i=3&c=entry&m=rr_vv3&do=mobile]]></EventKey>
<MenuId>548989418</MenuId>
</xml>

2018-06-05 17:56:29 params :
------------
String:
array (
  'rule' => -2,
  'module' => '',
  'message' => 
  array (
    'tousername' => 'gh_8a317808696e',
    'fromusername' => 'o4s6w1HEIxpyTY1clXlH_CS-AzXg',
    'createtime' => '1528192588',
    'msgtype' => 'event',
    'event' => 'VIEW',
    'eventkey' => 'https://v.mctimes.cn/app/index.php?i=3&c=entry&m=rr_vv3&do=mobile',
    'menuid' => '548989418',
    'from' => 'o4s6w1HEIxpyTY1clXlH_CS-AzXg',
    'to' => 'gh_8a317808696e',
    'time' => '1528192588',
    'type' => 'text',
    'content' => 'https://v.mctimes.cn/app/index.php?i=3&c=entry&m=rr_vv3&do=mobile',
    'redirection' => true,
    'source' => 'VIEW',
  ),
)

2018-06-05 17:56:29 response :
------------

2018-06-05 17:57:12 trace :
------------
String:
<xml><ToUserName><![CDATA[gh_8a317808696e]]></ToUserName>
<FromUserName><![CDATA[o4s6w1HEIxpyTY1clXlH_CS-AzXg]]></FromUserName>
<CreateTime>1528192631</CreateTime>
<MsgType><![CDATA[event]]></MsgType>
<Event><![CDATA[VIEW]]></Event>
<EventKey><![CDATA[https://v.mctimes.cn/app/index.php?i=3&c=entry&m=rr_vv3&do=mobile]]></EventKey>
<MenuId>548989418</MenuId>
</xml>

2018-06-05 17:57:12 params :
------------
String:
array (
  'rule' => -2,
  'module' => '',
  'message' => 
  array (
    'tousername' => 'gh_8a317808696e',
    'fromusername' => 'o4s6w1HEIxpyTY1clXlH_CS-AzXg',
    'createtime' => '1528192631',
    'msgtype' => 'event',
    'event' => 'VIEW',
    'eventkey' => 'https://v.mctimes.cn/app/index.php?i=3&c=entry&m=rr_vv3&do=mobile',
    'menuid' => '548989418',
    'from' => 'o4s6w1HEIxpyTY1clXlH_CS-AzXg',
    'to' => 'gh_8a317808696e',
    'time' => '1528192631',
    'type' => 'text',
    'content' => 'https://v.mctimes.cn/app/index.php?i=3&c=entry&m=rr_vv3&do=mobile',
    'redirection' => true,
    'source' => 'VIEW',
  ),
)

2018-06-05 17:57:12 response :
------------

2018-06-05 18:10:24 trace :
------------
String:
<xml><ToUserName><![CDATA[gh_8a317808696e]]></ToUserName>
<FromUserName><![CDATA[o4s6w1FlQEwYUoe10TmqhWCYuNi0]]></FromUserName>
<CreateTime>1528193423</CreateTime>
<MsgType><![CDATA[event]]></MsgType>
<Event><![CDATA[VIEW]]></Event>
<EventKey><![CDATA[https://v.mctimes.cn/app/index.php?i=3&c=entry&m=rr_vv3&do=mobile]]></EventKey>
<MenuId>548989418</MenuId>
</xml>

2018-06-05 18:10:24 params :
------------
String:
array (
  'rule' => -2,
  'module' => '',
  'message' => 
  array (
    'tousername' => 'gh_8a317808696e',
    'fromusername' => 'o4s6w1FlQEwYUoe10TmqhWCYuNi0',
    'createtime' => '1528193423',
    'msgtype' => 'event',
    'event' => 'VIEW',
    'eventkey' => 'https://v.mctimes.cn/app/index.php?i=3&c=entry&m=rr_vv3&do=mobile',
    'menuid' => '548989418',
    'from' => 'o4s6w1FlQEwYUoe10TmqhWCYuNi0',
    'to' => 'gh_8a317808696e',
    'time' => '1528193423',
    'type' => 'text',
    'content' => 'https://v.mctimes.cn/app/index.php?i=3&c=entry&m=rr_vv3&do=mobile',
    'redirection' => true,
    'source' => 'VIEW',
  ),
)

2018-06-05 18:10:24 response :
------------

2018-06-05 18:20:29 trace :
------------
String:
<xml><ToUserName><![CDATA[gh_8a317808696e]]></ToUserName>
<FromUserName><![CDATA[o4s6w1CSx3MdwjTf_R_EhOljalFE]]></FromUserName>
<CreateTime>1528194029</CreateTime>
<MsgType><![CDATA[event]]></MsgType>
<Event><![CDATA[VIEW]]></Event>
<EventKey><![CDATA[https://v.mctimes.cn/app/index.php?i=3&c=entry&m=rr_vv3&do=mobile]]></EventKey>
<MenuId>548989418</MenuId>
</xml>

2018-06-05 18:20:29 params :
------------
String:
array (
  'rule' => -2,
  'module' => '',
  'message' => 
  array (
    'tousername' => 'gh_8a317808696e',
    'fromusername' => 'o4s6w1CSx3MdwjTf_R_EhOljalFE',
    'createtime' => '1528194029',
    'msgtype' => 'event',
    'event' => 'VIEW',
    'eventkey' => 'https://v.mctimes.cn/app/index.php?i=3&c=entry&m=rr_vv3&do=mobile',
    'menuid' => '548989418',
    'from' => 'o4s6w1CSx3MdwjTf_R_EhOljalFE',
    'to' => 'gh_8a317808696e',
    'time' => '1528194029',
    'type' => 'text',
    'content' => 'https://v.mctimes.cn/app/index.php?i=3&c=entry&m=rr_vv3&do=mobile',
    'redirection' => true,
    'source' => 'VIEW',
  ),
)

2018-06-05 18:20:29 response :
------------

2018-06-05 18:21:57 trace :
------------
String:
<xml><ToUserName><![CDATA[gh_8a317808696e]]></ToUserName>
<FromUserName><![CDATA[o4s6w1HRvXbIqIM23MP7g93eLvoY]]></FromUserName>
<CreateTime>1528194117</CreateTime>
<MsgType><![CDATA[event]]></MsgType>
<Event><![CDATA[VIEW]]></Event>
<EventKey><![CDATA[https://v.mctimes.cn/app/index.php?i=3&c=entry&m=rr_vv3&do=mobile]]></EventKey>
<MenuId>548989418</MenuId>
</xml>

2018-06-05 18:21:57 params :
------------
String:
array (
  'rule' => -2,
  'module' => '',
  'message' => 
  array (
    'tousername' => 'gh_8a317808696e',
    'fromusername' => 'o4s6w1HRvXbIqIM23MP7g93eLvoY',
    'createtime' => '1528194117',
    'msgtype' => 'event',
    'event' => 'VIEW',
    'eventkey' => 'https://v.mctimes.cn/app/index.php?i=3&c=entry&m=rr_vv3&do=mobile',
    'menuid' => '548989418',
    'from' => 'o4s6w1HRvXbIqIM23MP7g93eLvoY',
    'to' => 'gh_8a317808696e',
    'time' => '1528194117',
    'type' => 'text',
    'content' => 'https://v.mctimes.cn/app/index.php?i=3&c=entry&m=rr_vv3&do=mobile',
    'redirection' => true,
    'source' => 'VIEW',
  ),
)

2018-06-05 18:21:57 response :
------------

2018-06-05 18:22:11 trace :
------------
String:
<xml><ToUserName><![CDATA[gh_8a317808696e]]></ToUserName>
<FromUserName><![CDATA[o4s6w1HRvXbIqIM23MP7g93eLvoY]]></FromUserName>
<CreateTime>1528194131</CreateTime>
<MsgType><![CDATA[event]]></MsgType>
<Event><![CDATA[VIEW]]></Event>
<EventKey><![CDATA[https://v.mctimes.cn/app/index.php?i=3&c=entry&m=rr_vv3&do=mobile]]></EventKey>
<MenuId>548989418</MenuId>
</xml>

2018-06-05 18:22:11 params :
------------
String:
array (
  'rule' => -2,
  'module' => '',
  'message' => 
  array (
    'tousername' => 'gh_8a317808696e',
    'fromusername' => 'o4s6w1HRvXbIqIM23MP7g93eLvoY',
    'createtime' => '1528194131',
    'msgtype' => 'event',
    'event' => 'VIEW',
    'eventkey' => 'https://v.mctimes.cn/app/index.php?i=3&c=entry&m=rr_vv3&do=mobile',
    'menuid' => '548989418',
    'from' => 'o4s6w1HRvXbIqIM23MP7g93eLvoY',
    'to' => 'gh_8a317808696e',
    'time' => '1528194131',
    'type' => 'text',
    'content' => 'https://v.mctimes.cn/app/index.php?i=3&c=entry&m=rr_vv3&do=mobile',
    'redirection' => true,
    'source' => 'VIEW',
  ),
)

2018-06-05 18:22:11 response :
------------

2018-06-05 18:22:43 trace :
------------
String:
<xml><ToUserName><![CDATA[gh_8a317808696e]]></ToUserName>
<FromUserName><![CDATA[o4s6w1H4Ei3T6t3i-wBDrVYkHzjw]]></FromUserName>
<CreateTime>1528194163</CreateTime>
<MsgType><![CDATA[event]]></MsgType>
<Event><![CDATA[VIEW]]></Event>
<EventKey><![CDATA[https://v.mctimes.cn/app/index.php?i=3&c=entry&m=rr_vv3&do=mobile]]></EventKey>
<MenuId>548989418</MenuId>
</xml>

2018-06-05 18:22:43 params :
------------
String:
array (
  'rule' => -2,
  'module' => '',
  'message' => 
  array (
    'tousername' => 'gh_8a317808696e',
    'fromusername' => 'o4s6w1H4Ei3T6t3i-wBDrVYkHzjw',
    'createtime' => '1528194163',
    'msgtype' => 'event',
    'event' => 'VIEW',
    'eventkey' => 'https://v.mctimes.cn/app/index.php?i=3&c=entry&m=rr_vv3&do=mobile',
    'menuid' => '548989418',
    'from' => 'o4s6w1H4Ei3T6t3i-wBDrVYkHzjw',
    'to' => 'gh_8a317808696e',
    'time' => '1528194163',
    'type' => 'text',
    'content' => 'https://v.mctimes.cn/app/index.php?i=3&c=entry&m=rr_vv3&do=mobile',
    'redirection' => true,
    'source' => 'VIEW',
  ),
)

2018-06-05 18:22:43 response :
------------

2018-06-05 18:35:36 trace :
------------
String:
<xml><ToUserName><![CDATA[gh_8a317808696e]]></ToUserName>
<FromUserName><![CDATA[o4s6w1I3XKUbYbVmfbHuu60Haw8M]]></FromUserName>
<CreateTime>1528194935</CreateTime>
<MsgType><![CDATA[event]]></MsgType>
<Event><![CDATA[VIEW]]></Event>
<EventKey><![CDATA[https://v.mctimes.cn/app/index.php?i=3&c=entry&m=rr_vv3&do=mobile]]></EventKey>
<MenuId>548989418</MenuId>
</xml>

2018-06-05 18:35:36 params :
------------
String:
array (
  'rule' => -2,
  'module' => '',
  'message' => 
  array (
    'tousername' => 'gh_8a317808696e',
    'fromusername' => 'o4s6w1I3XKUbYbVmfbHuu60Haw8M',
    'createtime' => '1528194935',
    'msgtype' => 'event',
    'event' => 'VIEW',
    'eventkey' => 'https://v.mctimes.cn/app/index.php?i=3&c=entry&m=rr_vv3&do=mobile',
    'menuid' => '548989418',
    'from' => 'o4s6w1I3XKUbYbVmfbHuu60Haw8M',
    'to' => 'gh_8a317808696e',
    'time' => '1528194935',
    'type' => 'text',
    'content' => 'https://v.mctimes.cn/app/index.php?i=3&c=entry&m=rr_vv3&do=mobile',
    'redirection' => true,
    'source' => 'VIEW',
  ),
)

2018-06-05 18:35:36 response :
------------

2018-06-05 18:35:42 trace :
------------
String:
<xml><ToUserName><![CDATA[gh_8a317808696e]]></ToUserName>
<FromUserName><![CDATA[o4s6w1BPKNgGeOzpqkIMVc85M1qU]]></FromUserName>
<CreateTime>1528194941</CreateTime>
<MsgType><![CDATA[event]]></MsgType>
<Event><![CDATA[unsubscribe]]></Event>
<EventKey><![CDATA[]]></EventKey>
</xml>

2018-06-05 18:43:08 trace :
------------
String:
<xml><ToUserName><![CDATA[gh_3d9ec5667ec1]]></ToUserName>
<FromUserName><![CDATA[o3hgew5D5N0GvTCrLlsJAYEVeZ4w]]></FromUserName>
<CreateTime>1528195388</CreateTime>
<MsgType><![CDATA[event]]></MsgType>
<Event><![CDATA[LOCATION]]></Event>
<Latitude>0.000000</Latitude>
<Longitude>0.000000</Longitude>
<Precision>0.000000</Precision>
</xml>

2018-06-05 18:43:08 params :
------------
String:
array (
  'message' => 
  array (
    'tousername' => 'gh_3d9ec5667ec1',
    'fromusername' => 'o3hgew5D5N0GvTCrLlsJAYEVeZ4w',
    'createtime' => '1528195388',
    'msgtype' => 'event',
    'event' => 'LOCATION',
    'latitude' => '0.000000',
    'longitude' => '0.000000',
    'precision' => '0.000000',
    'from' => 'o3hgew5D5N0GvTCrLlsJAYEVeZ4w',
    'to' => 'gh_3d9ec5667ec1',
    'time' => '1528195388',
    'type' => 'trace',
    'location_x' => '0.000000',
    'location_y' => '0.000000',
  ),
  'module' => 'default',
  'rule' => '-1',
)

2018-06-05 18:43:08 response :
------------
Array:
errno : -1 ;
message : Invaild value ;

2018-06-05 18:44:36 trace :
------------
String:
<xml><ToUserName><![CDATA[gh_8a317808696e]]></ToUserName>
<FromUserName><![CDATA[o4s6w1G4QNIvyO5SaHaF-KEdx8p4]]></FromUserName>
<CreateTime>1528195476</CreateTime>
<MsgType><![CDATA[event]]></MsgType>
<Event><![CDATA[VIEW]]></Event>
<EventKey><![CDATA[https://v.mctimes.cn/app/index.php?i=3&c=entry&m=rr_vv3&do=mobile]]></EventKey>
<MenuId>548989418</MenuId>
</xml>

2018-06-05 18:44:36 params :
------------
String:
array (
  'rule' => -2,
  'module' => '',
  'message' => 
  array (
    'tousername' => 'gh_8a317808696e',
    'fromusername' => 'o4s6w1G4QNIvyO5SaHaF-KEdx8p4',
    'createtime' => '1528195476',
    'msgtype' => 'event',
    'event' => 'VIEW',
    'eventkey' => 'https://v.mctimes.cn/app/index.php?i=3&c=entry&m=rr_vv3&do=mobile',
    'menuid' => '548989418',
    'from' => 'o4s6w1G4QNIvyO5SaHaF-KEdx8p4',
    'to' => 'gh_8a317808696e',
    'time' => '1528195476',
    'type' => 'text',
    'content' => 'https://v.mctimes.cn/app/index.php?i=3&c=entry&m=rr_vv3&do=mobile',
    'redirection' => true,
    'source' => 'VIEW',
  ),
)

2018-06-05 18:44:36 response :
------------

2018-06-05 19:02:31 trace :
------------
String:
<xml><ToUserName><![CDATA[gh_8a317808696e]]></ToUserName>
<FromUserName><![CDATA[o4s6w1MND8IRlyKCg6PQGn44KFZw]]></FromUserName>
<CreateTime>1528196551</CreateTime>
<MsgType><![CDATA[event]]></MsgType>
<Event><![CDATA[VIEW]]></Event>
<EventKey><![CDATA[https://v.mctimes.cn/app/index.php?i=3&c=entry&m=rr_vv3&do=mobile]]></EventKey>
<MenuId>548989418</MenuId>
</xml>

2018-06-05 19:02:31 params :
------------
String:
array (
  'rule' => -2,
  'module' => '',
  'message' => 
  array (
    'tousername' => 'gh_8a317808696e',
    'fromusername' => 'o4s6w1MND8IRlyKCg6PQGn44KFZw',
    'createtime' => '1528196551',
    'msgtype' => 'event',
    'event' => 'VIEW',
    'eventkey' => 'https://v.mctimes.cn/app/index.php?i=3&c=entry&m=rr_vv3&do=mobile',
    'menuid' => '548989418',
    'from' => 'o4s6w1MND8IRlyKCg6PQGn44KFZw',
    'to' => 'gh_8a317808696e',
    'time' => '1528196551',
    'type' => 'text',
    'content' => 'https://v.mctimes.cn/app/index.php?i=3&c=entry&m=rr_vv3&do=mobile',
    'redirection' => true,
    'source' => 'VIEW',
  ),
)

2018-06-05 19:02:31 response :
------------

2018-06-05 21:09:12 trace :
------------
String:
<xml><ToUserName><![CDATA[gh_8a317808696e]]></ToUserName>
<FromUserName><![CDATA[o4s6w1M66nXvEyCorK4jP56hPfgA]]></FromUserName>
<CreateTime>1528204151</CreateTime>
<MsgType><![CDATA[event]]></MsgType>
<Event><![CDATA[VIEW]]></Event>
<EventKey><![CDATA[https://v.mctimes.cn/app/index.php?i=3&c=entry&m=rr_vv3&do=mobile]]></EventKey>
<MenuId>548989418</MenuId>
</xml>

2018-06-05 21:09:12 params :
------------
String:
array (
  'rule' => -2,
  'module' => '',
  'message' => 
  array (
    'tousername' => 'gh_8a317808696e',
    'fromusername' => 'o4s6w1M66nXvEyCorK4jP56hPfgA',
    'createtime' => '1528204151',
    'msgtype' => 'event',
    'event' => 'VIEW',
    'eventkey' => 'https://v.mctimes.cn/app/index.php?i=3&c=entry&m=rr_vv3&do=mobile',
    'menuid' => '548989418',
    'from' => 'o4s6w1M66nXvEyCorK4jP56hPfgA',
    'to' => 'gh_8a317808696e',
    'time' => '1528204151',
    'type' => 'text',
    'content' => 'https://v.mctimes.cn/app/index.php?i=3&c=entry&m=rr_vv3&do=mobile',
    'redirection' => true,
    'source' => 'VIEW',
  ),
)

2018-06-05 21:09:12 response :
------------

2018-06-05 21:21:24 trace :
------------
String:
<xml><ToUserName><![CDATA[gh_8a317808696e]]></ToUserName>
<FromUserName><![CDATA[o4s6w1G_JhqXR6wWNvd27WQddcLE]]></FromUserName>
<CreateTime>1528204884</CreateTime>
<MsgType><![CDATA[event]]></MsgType>
<Event><![CDATA[VIEW]]></Event>
<EventKey><![CDATA[https://v.mctimes.cn/app/index.php?i=3&c=entry&m=rr_vv3&do=mobile]]></EventKey>
<MenuId>548989418</MenuId>
</xml>

2018-06-05 21:21:24 params :
------------
String:
array (
  'rule' => -2,
  'module' => '',
  'message' => 
  array (
    'tousername' => 'gh_8a317808696e',
    'fromusername' => 'o4s6w1G_JhqXR6wWNvd27WQddcLE',
    'createtime' => '1528204884',
    'msgtype' => 'event',
    'event' => 'VIEW',
    'eventkey' => 'https://v.mctimes.cn/app/index.php?i=3&c=entry&m=rr_vv3&do=mobile',
    'menuid' => '548989418',
    'from' => 'o4s6w1G_JhqXR6wWNvd27WQddcLE',
    'to' => 'gh_8a317808696e',
    'time' => '1528204884',
    'type' => 'text',
    'content' => 'https://v.mctimes.cn/app/index.php?i=3&c=entry&m=rr_vv3&do=mobile',
    'redirection' => true,
    'source' => 'VIEW',
  ),
)

2018-06-05 21:21:24 response :
------------

2018-06-05 21:22:53 trace :
------------
String:
<xml><ToUserName><![CDATA[gh_8a317808696e]]></ToUserName>
<FromUserName><![CDATA[o4s6w1ITkqB8cFDBLh0EhGiI7oV0]]></FromUserName>
<CreateTime>1528204973</CreateTime>
<MsgType><![CDATA[event]]></MsgType>
<Event><![CDATA[VIEW]]></Event>
<EventKey><![CDATA[https://v.mctimes.cn/app/index.php?i=3&c=entry&m=rr_vv3&do=mobile]]></EventKey>
<MenuId>548989418</MenuId>
</xml>

2018-06-05 21:22:53 params :
------------
String:
array (
  'rule' => -2,
  'module' => '',
  'message' => 
  array (
    'tousername' => 'gh_8a317808696e',
    'fromusername' => 'o4s6w1ITkqB8cFDBLh0EhGiI7oV0',
    'createtime' => '1528204973',
    'msgtype' => 'event',
    'event' => 'VIEW',
    'eventkey' => 'https://v.mctimes.cn/app/index.php?i=3&c=entry&m=rr_vv3&do=mobile',
    'menuid' => '548989418',
    'from' => 'o4s6w1ITkqB8cFDBLh0EhGiI7oV0',
    'to' => 'gh_8a317808696e',
    'time' => '1528204973',
    'type' => 'text',
    'content' => 'https://v.mctimes.cn/app/index.php?i=3&c=entry&m=rr_vv3&do=mobile',
    'redirection' => true,
    'source' => 'VIEW',
  ),
)

2018-06-05 21:22:53 response :
------------

2018-06-05 21:52:31 trace :
------------
String:
<xml><ToUserName><![CDATA[gh_8a317808696e]]></ToUserName>
<FromUserName><![CDATA[o4s6w1BwSGB166omQzEjX91WdyL8]]></FromUserName>
<CreateTime>1528206750</CreateTime>
<MsgType><![CDATA[event]]></MsgType>
<Event><![CDATA[VIEW]]></Event>
<EventKey><![CDATA[https://v.mctimes.cn/app/index.php?i=3&c=entry&m=rr_vv3&do=mobile]]></EventKey>
<MenuId>548989418</MenuId>
</xml>

2018-06-05 21:52:31 params :
------------
String:
array (
  'rule' => -2,
  'module' => '',
  'message' => 
  array (
    'tousername' => 'gh_8a317808696e',
    'fromusername' => 'o4s6w1BwSGB166omQzEjX91WdyL8',
    'createtime' => '1528206750',
    'msgtype' => 'event',
    'event' => 'VIEW',
    'eventkey' => 'https://v.mctimes.cn/app/index.php?i=3&c=entry&m=rr_vv3&do=mobile',
    'menuid' => '548989418',
    'from' => 'o4s6w1BwSGB166omQzEjX91WdyL8',
    'to' => 'gh_8a317808696e',
    'time' => '1528206750',
    'type' => 'text',
    'content' => 'https://v.mctimes.cn/app/index.php?i=3&c=entry&m=rr_vv3&do=mobile',
    'redirection' => true,
    'source' => 'VIEW',
  ),
)

2018-06-05 21:52:31 response :
------------

2018-06-05 21:58:56 trace :
------------
String:
<xml><ToUserName><![CDATA[gh_8a317808696e]]></ToUserName>
<FromUserName><![CDATA[o4s6w1AE-dsSktebacIh86_eWALA]]></FromUserName>
<CreateTime>1528207136</CreateTime>
<MsgType><![CDATA[event]]></MsgType>
<Event><![CDATA[VIEW]]></Event>
<EventKey><![CDATA[https://v.mctimes.cn/app/index.php?i=3&c=entry&m=rr_vv3&do=mobile]]></EventKey>
<MenuId>548989418</MenuId>
</xml>

2018-06-05 21:58:56 params :
------------
String:
array (
  'rule' => -2,
  'module' => '',
  'message' => 
  array (
    'tousername' => 'gh_8a317808696e',
    'fromusername' => 'o4s6w1AE-dsSktebacIh86_eWALA',
    'createtime' => '1528207136',
    'msgtype' => 'event',
    'event' => 'VIEW',
    'eventkey' => 'https://v.mctimes.cn/app/index.php?i=3&c=entry&m=rr_vv3&do=mobile',
    'menuid' => '548989418',
    'from' => 'o4s6w1AE-dsSktebacIh86_eWALA',
    'to' => 'gh_8a317808696e',
    'time' => '1528207136',
    'type' => 'text',
    'content' => 'https://v.mctimes.cn/app/index.php?i=3&c=entry&m=rr_vv3&do=mobile',
    'redirection' => true,
    'source' => 'VIEW',
  ),
)

2018-06-05 21:58:56 response :
------------

2018-06-05 22:05:47 trace :
------------
String:
<xml><ToUserName><![CDATA[gh_8a317808696e]]></ToUserName>
<FromUserName><![CDATA[o4s6w1BwSGB166omQzEjX91WdyL8]]></FromUserName>
<CreateTime>1528207547</CreateTime>
<MsgType><![CDATA[event]]></MsgType>
<Event><![CDATA[VIEW]]></Event>
<EventKey><![CDATA[https://v.mctimes.cn/app/index.php?i=3&c=entry&m=rr_vv3&do=mobile]]></EventKey>
<MenuId>548989418</MenuId>
</xml>

2018-06-05 22:05:47 params :
------------
String:
array (
  'rule' => -2,
  'module' => '',
  'message' => 
  array (
    'tousername' => 'gh_8a317808696e',
    'fromusername' => 'o4s6w1BwSGB166omQzEjX91WdyL8',
    'createtime' => '1528207547',
    'msgtype' => 'event',
    'event' => 'VIEW',
    'eventkey' => 'https://v.mctimes.cn/app/index.php?i=3&c=entry&m=rr_vv3&do=mobile',
    'menuid' => '548989418',
    'from' => 'o4s6w1BwSGB166omQzEjX91WdyL8',
    'to' => 'gh_8a317808696e',
    'time' => '1528207547',
    'type' => 'text',
    'content' => 'https://v.mctimes.cn/app/index.php?i=3&c=entry&m=rr_vv3&do=mobile',
    'redirection' => true,
    'source' => 'VIEW',
  ),
)

2018-06-05 22:05:47 response :
------------

2018-06-05 22:27:57 trace :
------------
String:
<xml><ToUserName><![CDATA[gh_8a317808696e]]></ToUserName>
<FromUserName><![CDATA[o4s6w1CfUERR-gpunfgYQ7zARg2Y]]></FromUserName>
<CreateTime>1528208877</CreateTime>
<MsgType><![CDATA[event]]></MsgType>
<Event><![CDATA[TEMPLATESENDJOBFINISH]]></Event>
<MsgID>312334824629174272</MsgID>
<Status><![CDATA[success]]></Status>
</xml>

2018-06-05 22:27:57 params :
------------
String:
array (
  'rule' => -2,
  'module' => '',
  'message' => 
  array (
    'tousername' => 'gh_8a317808696e',
    'fromusername' => 'o4s6w1CfUERR-gpunfgYQ7zARg2Y',
    'createtime' => '1528208877',
    'msgtype' => 'event',
    'event' => 'TEMPLATESENDJOBFINISH',
    'msgid' => '312334824629174272',
    'status' => 'success',
    'from' => 'o4s6w1CfUERR-gpunfgYQ7zARg2Y',
    'to' => 'gh_8a317808696e',
    'time' => '1528208877',
    'type' => 'event',
  ),
)

2018-06-05 22:27:57 response :
------------

2018-06-05 22:28:56 trace :
------------
String:
<xml><ToUserName><![CDATA[gh_8a317808696e]]></ToUserName>
<FromUserName><![CDATA[o4s6w1PA6JDnyrJWneE0qCUxCzOo]]></FromUserName>
<CreateTime>1528208936</CreateTime>
<MsgType><![CDATA[event]]></MsgType>
<Event><![CDATA[TEMPLATESENDJOBFINISH]]></Event>
<MsgID>312335818897358848</MsgID>
<Status><![CDATA[success]]></Status>
</xml>

2018-06-05 22:28:56 params :
------------
String:
array (
  'rule' => -2,
  'module' => '',
  'message' => 
  array (
    'tousername' => 'gh_8a317808696e',
    'fromusername' => 'o4s6w1PA6JDnyrJWneE0qCUxCzOo',
    'createtime' => '1528208936',
    'msgtype' => 'event',
    'event' => 'TEMPLATESENDJOBFINISH',
    'msgid' => '312335818897358848',
    'status' => 'success',
    'from' => 'o4s6w1PA6JDnyrJWneE0qCUxCzOo',
    'to' => 'gh_8a317808696e',
    'time' => '1528208936',
    'type' => 'event',
  ),
)

2018-06-05 22:28:56 response :
------------

2018-06-05 22:34:30 trace :
------------
String:
<xml><ToUserName><![CDATA[gh_8a317808696e]]></ToUserName>
<FromUserName><![CDATA[o4s6w1CfUERR-gpunfgYQ7zARg2Y]]></FromUserName>
<CreateTime>1528209270</CreateTime>
<MsgType><![CDATA[event]]></MsgType>
<Event><![CDATA[TEMPLATESENDJOBFINISH]]></Event>
<MsgID>312341424366518272</MsgID>
<Status><![CDATA[success]]></Status>
</xml>

2018-06-05 22:34:30 params :
------------
String:
array (
  'rule' => -2,
  'module' => '',
  'message' => 
  array (
    'tousername' => 'gh_8a317808696e',
    'fromusername' => 'o4s6w1CfUERR-gpunfgYQ7zARg2Y',
    'createtime' => '1528209270',
    'msgtype' => 'event',
    'event' => 'TEMPLATESENDJOBFINISH',
    'msgid' => '312341424366518272',
    'status' => 'success',
    'from' => 'o4s6w1CfUERR-gpunfgYQ7zARg2Y',
    'to' => 'gh_8a317808696e',
    'time' => '1528209270',
    'type' => 'event',
  ),
)

2018-06-05 22:34:30 response :
------------

2018-06-05 23:38:32 trace :
------------
String:
<xml><ToUserName><![CDATA[gh_8a317808696e]]></ToUserName>
<FromUserName><![CDATA[o4s6w1DvTLwXXzEyg8psJOciFeR4]]></FromUserName>
<CreateTime>1528213112</CreateTime>
<MsgType><![CDATA[event]]></MsgType>
<Event><![CDATA[VIEW]]></Event>
<EventKey><![CDATA[https://v.mctimes.cn/app/index.php?i=3&c=entry&m=rr_vv3&do=mobile]]></EventKey>
<MenuId>548989418</MenuId>
</xml>

2018-06-05 23:38:32 params :
------------
String:
array (
  'rule' => -2,
  'module' => '',
  'message' => 
  array (
    'tousername' => 'gh_8a317808696e',
    'fromusername' => 'o4s6w1DvTLwXXzEyg8psJOciFeR4',
    'createtime' => '1528213112',
    'msgtype' => 'event',
    'event' => 'VIEW',
    'eventkey' => 'https://v.mctimes.cn/app/index.php?i=3&c=entry&m=rr_vv3&do=mobile',
    'menuid' => '548989418',
    'from' => 'o4s6w1DvTLwXXzEyg8psJOciFeR4',
    'to' => 'gh_8a317808696e',
    'time' => '1528213112',
    'type' => 'text',
    'content' => 'https://v.mctimes.cn/app/index.php?i=3&c=entry&m=rr_vv3&do=mobile',
    'redirection' => true,
    'source' => 'VIEW',
  ),
)

2018-06-05 23:38:32 response :
------------

2018-06-05 23:38:50 trace :
------------
String:
<xml><ToUserName><![CDATA[gh_8a317808696e]]></ToUserName>
<FromUserName><![CDATA[o4s6w1DvTLwXXzEyg8psJOciFeR4]]></FromUserName>
<CreateTime>1528213130</CreateTime>
<MsgType><![CDATA[event]]></MsgType>
<Event><![CDATA[VIEW]]></Event>
<EventKey><![CDATA[https://v.mctimes.cn/app/index.php?i=3&c=entry&m=rr_vv3&do=mobile]]></EventKey>
<MenuId>548989418</MenuId>
</xml>

2018-06-05 23:38:50 params :
------------
String:
array (
  'rule' => -2,
  'module' => '',
  'message' => 
  array (
    'tousername' => 'gh_8a317808696e',
    'fromusername' => 'o4s6w1DvTLwXXzEyg8psJOciFeR4',
    'createtime' => '1528213130',
    'msgtype' => 'event',
    'event' => 'VIEW',
    'eventkey' => 'https://v.mctimes.cn/app/index.php?i=3&c=entry&m=rr_vv3&do=mobile',
    'menuid' => '548989418',
    'from' => 'o4s6w1DvTLwXXzEyg8psJOciFeR4',
    'to' => 'gh_8a317808696e',
    'time' => '1528213130',
    'type' => 'text',
    'content' => 'https://v.mctimes.cn/app/index.php?i=3&c=entry&m=rr_vv3&do=mobile',
    'redirection' => true,
    'source' => 'VIEW',
  ),
)

2018-06-05 23:38:50 response :
------------

