2018-06-09 06:53:05 trace :
------------
String:
<xml><ToUserName><![CDATA[gh_8a317808696e]]></ToUserName>
<FromUserName><![CDATA[o4s6w1PA6JDnyrJWneE0qCUxCzOo]]></FromUserName>
<CreateTime>1528498385</CreateTime>
<MsgType><![CDATA[event]]></MsgType>
<Event><![CDATA[TEMPLATESENDJOBFINISH]]></Event>
<MsgID>317191961670975488</MsgID>
<Status><![CDATA[success]]></Status>
</xml>

2018-06-09 06:53:05 params :
------------
String:
array (
  'rule' => -2,
  'module' => '',
  'message' => 
  array (
    'tousername' => 'gh_8a317808696e',
    'fromusername' => 'o4s6w1PA6JDnyrJWneE0qCUxCzOo',
    'createtime' => '1528498385',
    'msgtype' => 'event',
    'event' => 'TEMPLATESENDJOBFINISH',
    'msgid' => '317191961670975488',
    'status' => 'success',
    'from' => 'o4s6w1PA6JDnyrJWneE0qCUxCzOo',
    'to' => 'gh_8a317808696e',
    'time' => '1528498385',
    'type' => 'event',
  ),
)

2018-06-09 06:53:05 response :
------------

2018-06-09 07:00:36 trace :
------------
String:
<xml><ToUserName><![CDATA[gh_8a317808696e]]></ToUserName>
<FromUserName><![CDATA[o4s6w1ALLECDqfDNFgS2eRXvJ4NE]]></FromUserName>
<CreateTime>1528498835</CreateTime>
<MsgType><![CDATA[event]]></MsgType>
<Event><![CDATA[TEMPLATESENDJOBFINISH]]></Event>
<MsgID>317199521937473537</MsgID>
<Status><![CDATA[success]]></Status>
</xml>

2018-06-09 07:00:36 params :
------------
String:
array (
  'rule' => -2,
  'module' => '',
  'message' => 
  array (
    'tousername' => 'gh_8a317808696e',
    'fromusername' => 'o4s6w1ALLECDqfDNFgS2eRXvJ4NE',
    'createtime' => '1528498835',
    'msgtype' => 'event',
    'event' => 'TEMPLATESENDJOBFINISH',
    'msgid' => '317199521937473537',
    'status' => 'success',
    'from' => 'o4s6w1ALLECDqfDNFgS2eRXvJ4NE',
    'to' => 'gh_8a317808696e',
    'time' => '1528498835',
    'type' => 'event',
  ),
)

2018-06-09 07:00:36 response :
------------

2018-06-09 09:14:42 trace :
------------
String:
<xml><ToUserName><![CDATA[gh_8a317808696e]]></ToUserName>
<FromUserName><![CDATA[o4s6w1F3BV-4PAVHZuC88fliTO_I]]></FromUserName>
<CreateTime>1528506881</CreateTime>
<MsgType><![CDATA[event]]></MsgType>
<Event><![CDATA[subscribe]]></Event>
<EventKey><![CDATA[]]></EventKey>
</xml>

2018-06-09 09:14:42 params :
------------
String:
array (
  'message' => 
  array (
    'tousername' => 'gh_8a317808696e',
    'fromusername' => 'o4s6w1F3BV-4PAVHZuC88fliTO_I',
    'createtime' => '1528506881',
    'msgtype' => 'event',
    'event' => 'subscribe',
    'eventkey' => '',
    'from' => 'o4s6w1F3BV-4PAVHZuC88fliTO_I',
    'to' => 'gh_8a317808696e',
    'time' => '1528506881',
    'type' => 'text',
    'redirection' => true,
    'source' => 'subscribe',
    'content' => '咨询',
  ),
  'module' => 'reply',
  'rule' => '15',
  'priority' => '0',
  'keyword' => 
  array (
    'id' => '21',
    'rid' => '15',
    'uniacid' => '3',
    'module' => 'reply',
    'content' => '咨询',
    'type' => '1',
    'displayorder' => '0',
    'status' => '1',
    'reply_type' => 
    array (
      0 => 'basic',
    ),
  ),
  'reply_type' => 
  array (
    0 => 'basic',
  ),
)

2018-06-09 09:14:42 response :
------------
Array:
FromUserName : gh_8a317808696e ;
ToUserName : o4s6w1F3BV-4PAVHZuC88fliTO_I ;
MsgType : text ;
Content : 欢迎关注全V健康！/可爱/可爱
点击下方“开始咨询”进入首页就可以找医生咨询啦！ ;

2018-06-09 09:22:25 trace :
------------
String:
<xml><ToUserName><![CDATA[gh_8a317808696e]]></ToUserName>
<FromUserName><![CDATA[o4s6w1H1CJJW5qN5NY16fV7NOFrg]]></FromUserName>
<CreateTime>1528507345</CreateTime>
<MsgType><![CDATA[event]]></MsgType>
<Event><![CDATA[TEMPLATESENDJOBFINISH]]></Event>
<MsgID>317342282338877441</MsgID>
<Status><![CDATA[success]]></Status>
</xml>

2018-06-09 09:22:25 params :
------------
String:
array (
  'rule' => -2,
  'module' => '',
  'message' => 
  array (
    'tousername' => 'gh_8a317808696e',
    'fromusername' => 'o4s6w1H1CJJW5qN5NY16fV7NOFrg',
    'createtime' => '1528507345',
    'msgtype' => 'event',
    'event' => 'TEMPLATESENDJOBFINISH',
    'msgid' => '317342282338877441',
    'status' => 'success',
    'from' => 'o4s6w1H1CJJW5qN5NY16fV7NOFrg',
    'to' => 'gh_8a317808696e',
    'time' => '1528507345',
    'type' => 'event',
  ),
)

2018-06-09 09:22:25 response :
------------

2018-06-09 09:24:48 trace :
------------
String:
<xml><ToUserName><![CDATA[gh_8a317808696e]]></ToUserName>
<FromUserName><![CDATA[o4s6w1LF-wm56ZgM2iVj_F87Cy5Q]]></FromUserName>
<CreateTime>1528507487</CreateTime>
<MsgType><![CDATA[event]]></MsgType>
<Event><![CDATA[TEMPLATESENDJOBFINISH]]></Event>
<MsgID>317344677118459906</MsgID>
<Status><![CDATA[success]]></Status>
</xml>

2018-06-09 09:24:48 params :
------------
String:
array (
  'rule' => -2,
  'module' => '',
  'message' => 
  array (
    'tousername' => 'gh_8a317808696e',
    'fromusername' => 'o4s6w1LF-wm56ZgM2iVj_F87Cy5Q',
    'createtime' => '1528507487',
    'msgtype' => 'event',
    'event' => 'TEMPLATESENDJOBFINISH',
    'msgid' => '317344677118459906',
    'status' => 'success',
    'from' => 'o4s6w1LF-wm56ZgM2iVj_F87Cy5Q',
    'to' => 'gh_8a317808696e',
    'time' => '1528507487',
    'type' => 'event',
  ),
)

2018-06-09 09:24:48 response :
------------

2018-06-09 09:31:03 trace :
------------
String:
<xml><ToUserName><![CDATA[gh_8a317808696e]]></ToUserName>
<FromUserName><![CDATA[o4s6w1H1CJJW5qN5NY16fV7NOFrg]]></FromUserName>
<CreateTime>1528507863</CreateTime>
<MsgType><![CDATA[event]]></MsgType>
<Event><![CDATA[TEMPLATESENDJOBFINISH]]></Event>
<MsgID>317350972550889474</MsgID>
<Status><![CDATA[success]]></Status>
</xml>

2018-06-09 09:31:03 params :
------------
String:
array (
  'rule' => -2,
  'module' => '',
  'message' => 
  array (
    'tousername' => 'gh_8a317808696e',
    'fromusername' => 'o4s6w1H1CJJW5qN5NY16fV7NOFrg',
    'createtime' => '1528507863',
    'msgtype' => 'event',
    'event' => 'TEMPLATESENDJOBFINISH',
    'msgid' => '317350972550889474',
    'status' => 'success',
    'from' => 'o4s6w1H1CJJW5qN5NY16fV7NOFrg',
    'to' => 'gh_8a317808696e',
    'time' => '1528507863',
    'type' => 'event',
  ),
)

2018-06-09 09:31:03 response :
------------

2018-06-09 09:37:06 trace :
------------
String:
<xml><ToUserName><![CDATA[gh_8a317808696e]]></ToUserName>
<FromUserName><![CDATA[o4s6w1LF-wm56ZgM2iVj_F87Cy5Q]]></FromUserName>
<CreateTime>1528508226</CreateTime>
<MsgType><![CDATA[event]]></MsgType>
<Event><![CDATA[TEMPLATESENDJOBFINISH]]></Event>
<MsgID>317357061673435137</MsgID>
<Status><![CDATA[success]]></Status>
</xml>

2018-06-09 09:37:06 params :
------------
String:
array (
  'rule' => -2,
  'module' => '',
  'message' => 
  array (
    'tousername' => 'gh_8a317808696e',
    'fromusername' => 'o4s6w1LF-wm56ZgM2iVj_F87Cy5Q',
    'createtime' => '1528508226',
    'msgtype' => 'event',
    'event' => 'TEMPLATESENDJOBFINISH',
    'msgid' => '317357061673435137',
    'status' => 'success',
    'from' => 'o4s6w1LF-wm56ZgM2iVj_F87Cy5Q',
    'to' => 'gh_8a317808696e',
    'time' => '1528508226',
    'type' => 'event',
  ),
)

2018-06-09 09:37:06 response :
------------

2018-06-09 09:39:08 trace :
------------
String:
<xml><ToUserName><![CDATA[gh_8a317808696e]]></ToUserName>
<FromUserName><![CDATA[o4s6w1H1CJJW5qN5NY16fV7NOFrg]]></FromUserName>
<CreateTime>1528508348</CreateTime>
<MsgType><![CDATA[event]]></MsgType>
<Event><![CDATA[TEMPLATESENDJOBFINISH]]></Event>
<MsgID>317359115238457349</MsgID>
<Status><![CDATA[success]]></Status>
</xml>

2018-06-09 09:39:08 params :
------------
String:
array (
  'rule' => -2,
  'module' => '',
  'message' => 
  array (
    'tousername' => 'gh_8a317808696e',
    'fromusername' => 'o4s6w1H1CJJW5qN5NY16fV7NOFrg',
    'createtime' => '1528508348',
    'msgtype' => 'event',
    'event' => 'TEMPLATESENDJOBFINISH',
    'msgid' => '317359115238457349',
    'status' => 'success',
    'from' => 'o4s6w1H1CJJW5qN5NY16fV7NOFrg',
    'to' => 'gh_8a317808696e',
    'time' => '1528508348',
    'type' => 'event',
  ),
)

2018-06-09 09:39:08 response :
------------

2018-06-09 09:45:22 trace :
------------
String:
<xml><ToUserName><![CDATA[gh_8a317808696e]]></ToUserName>
<FromUserName><![CDATA[o4s6w1LF-wm56ZgM2iVj_F87Cy5Q]]></FromUserName>
<CreateTime>1528508722</CreateTime>
<MsgType><![CDATA[text]]></MsgType>
<Content><![CDATA[主页]]></Content>
<MsgId>6564894973191636105</MsgId>
</xml>

2018-06-09 09:45:22 params :
------------
String:
array (
  'rule' => -2,
  'module' => '',
  'message' => 
  array (
    'tousername' => 'gh_8a317808696e',
    'fromusername' => 'o4s6w1LF-wm56ZgM2iVj_F87Cy5Q',
    'createtime' => '1528508722',
    'msgtype' => 'text',
    'content' => '主页',
    'msgid' => '6564894973191636105',
    'from' => 'o4s6w1LF-wm56ZgM2iVj_F87Cy5Q',
    'to' => 'gh_8a317808696e',
    'time' => '1528508722',
    'type' => 'text',
    'event' => NULL,
    'redirection' => false,
    'source' => NULL,
  ),
)

2018-06-09 09:45:22 response :
------------

2018-06-09 09:47:12 trace :
------------
String:
<xml><ToUserName><![CDATA[gh_8a317808696e]]></ToUserName>
<FromUserName><![CDATA[o4s6w1LF-wm56ZgM2iVj_F87Cy5Q]]></FromUserName>
<CreateTime>1528508832</CreateTime>
<MsgType><![CDATA[text]]></MsgType>
<Content><![CDATA[我们自己不能以患者身份进入主页面吗？有病人问我如何操作，我自己都不熟悉患者界面]]></Content>
<MsgId>6564895445638038870</MsgId>
</xml>

2018-06-09 09:47:12 params :
------------
String:
array (
  'rule' => -2,
  'module' => '',
  'message' => 
  array (
    'tousername' => 'gh_8a317808696e',
    'fromusername' => 'o4s6w1LF-wm56ZgM2iVj_F87Cy5Q',
    'createtime' => '1528508832',
    'msgtype' => 'text',
    'content' => '我们自己不能以患者身份进入主页面吗？有病人问我如何操作，我自己都不熟悉患者界面',
    'msgid' => '6564895445638038870',
    'from' => 'o4s6w1LF-wm56ZgM2iVj_F87Cy5Q',
    'to' => 'gh_8a317808696e',
    'time' => '1528508832',
    'type' => 'text',
    'event' => NULL,
    'redirection' => false,
    'source' => NULL,
  ),
)

2018-06-09 09:47:12 response :
------------

2018-06-09 09:58:54 trace :
------------
String:
<xml><ToUserName><![CDATA[gh_8a317808696e]]></ToUserName>
<FromUserName><![CDATA[o4s6w1AFQWG2L36pD2Sm6woZravU]]></FromUserName>
<CreateTime>1528509533</CreateTime>
<MsgType><![CDATA[event]]></MsgType>
<Event><![CDATA[subscribe]]></Event>
<EventKey><![CDATA[]]></EventKey>
</xml>

2018-06-09 09:58:54 params :
------------
String:
array (
  'message' => 
  array (
    'tousername' => 'gh_8a317808696e',
    'fromusername' => 'o4s6w1AFQWG2L36pD2Sm6woZravU',
    'createtime' => '1528509533',
    'msgtype' => 'event',
    'event' => 'subscribe',
    'eventkey' => '',
    'from' => 'o4s6w1AFQWG2L36pD2Sm6woZravU',
    'to' => 'gh_8a317808696e',
    'time' => '1528509533',
    'type' => 'text',
    'redirection' => true,
    'source' => 'subscribe',
    'content' => '咨询',
  ),
  'module' => 'reply',
  'rule' => '15',
  'priority' => '0',
  'keyword' => 
  array (
    'id' => '21',
    'rid' => '15',
    'uniacid' => '3',
    'module' => 'reply',
    'content' => '咨询',
    'type' => '1',
    'displayorder' => '0',
    'status' => '1',
    'reply_type' => 
    array (
      0 => 'basic',
    ),
  ),
  'reply_type' => 
  array (
    0 => 'basic',
  ),
)

2018-06-09 09:58:54 response :
------------
Array:
FromUserName : gh_8a317808696e ;
ToUserName : o4s6w1AFQWG2L36pD2Sm6woZravU ;
MsgType : text ;
Content : 欢迎关注全V健康！/可爱/可爱
点击下方“开始咨询”进入首页就可以找医生咨询啦！ ;

2018-06-09 11:30:10 trace :
------------
String:
<xml><ToUserName><![CDATA[gh_8a317808696e]]></ToUserName>
<FromUserName><![CDATA[o4s6w1HvbfFPUlj3YCMjZxWK86jM]]></FromUserName>
<CreateTime>1528515010</CreateTime>
<MsgType><![CDATA[event]]></MsgType>
<Event><![CDATA[subscribe]]></Event>
<EventKey><![CDATA[]]></EventKey>
</xml>

2018-06-09 11:30:10 params :
------------
String:
array (
  'message' => 
  array (
    'tousername' => 'gh_8a317808696e',
    'fromusername' => 'o4s6w1HvbfFPUlj3YCMjZxWK86jM',
    'createtime' => '1528515010',
    'msgtype' => 'event',
    'event' => 'subscribe',
    'eventkey' => '',
    'from' => 'o4s6w1HvbfFPUlj3YCMjZxWK86jM',
    'to' => 'gh_8a317808696e',
    'time' => '1528515010',
    'type' => 'text',
    'redirection' => true,
    'source' => 'subscribe',
    'content' => '咨询',
  ),
  'module' => 'reply',
  'rule' => '15',
  'priority' => '0',
  'keyword' => 
  array (
    'id' => '21',
    'rid' => '15',
    'uniacid' => '3',
    'module' => 'reply',
    'content' => '咨询',
    'type' => '1',
    'displayorder' => '0',
    'status' => '1',
    'reply_type' => 
    array (
      0 => 'basic',
    ),
  ),
  'reply_type' => 
  array (
    0 => 'basic',
  ),
)

2018-06-09 11:30:10 response :
------------
Array:
FromUserName : gh_8a317808696e ;
ToUserName : o4s6w1HvbfFPUlj3YCMjZxWK86jM ;
MsgType : text ;
Content : 欢迎关注全V健康！/可爱/可爱
点击下方“开始咨询”进入首页就可以找医生咨询啦！ ;

2018-06-09 11:32:23 trace :
------------
String:
<xml><ToUserName><![CDATA[gh_3d9ec5667ec1]]></ToUserName>
<FromUserName><![CDATA[o3hgew5GrgYijYhRbADGQmaabxIg]]></FromUserName>
<CreateTime>1528515142</CreateTime>
<MsgType><![CDATA[event]]></MsgType>
<Event><![CDATA[user_view_card]]></Event>
<CardId><![CDATA[p3hgew9XkkbkwPgTsmLu8YQw8Ink]]></CardId>
<UserCardCode><![CDATA[253715400822]]></UserCardCode>
<OuterStr><![CDATA[]]></OuterStr>
</xml>

2018-06-09 11:32:23 params :
------------
String:
array (
  'rule' => -2,
  'module' => '',
  'message' => 
  array (
    'tousername' => 'gh_3d9ec5667ec1',
    'fromusername' => 'o3hgew5GrgYijYhRbADGQmaabxIg',
    'createtime' => '1528515142',
    'msgtype' => 'event',
    'event' => 'user_view_card',
    'cardid' => 'p3hgew9XkkbkwPgTsmLu8YQw8Ink',
    'usercardcode' => '253715400822',
    'outerstr' => '',
    'from' => 'o3hgew5GrgYijYhRbADGQmaabxIg',
    'to' => 'gh_3d9ec5667ec1',
    'time' => '1528515142',
    'type' => 'event',
  ),
)

2018-06-09 11:32:23 response :
------------

2018-06-09 11:32:32 trace :
------------
String:
<xml><ToUserName><![CDATA[gh_3d9ec5667ec1]]></ToUserName>
<FromUserName><![CDATA[o3hgew5GrgYijYhRbADGQmaabxIg]]></FromUserName>
<CreateTime>1528515151</CreateTime>
<MsgType><![CDATA[event]]></MsgType>
<Event><![CDATA[user_view_card]]></Event>
<CardId><![CDATA[p3hgew9XkkbkwPgTsmLu8YQw8Ink]]></CardId>
<UserCardCode><![CDATA[253715400822]]></UserCardCode>
<OuterStr><![CDATA[]]></OuterStr>
</xml>

2018-06-09 11:32:32 params :
------------
String:
array (
  'rule' => -2,
  'module' => '',
  'message' => 
  array (
    'tousername' => 'gh_3d9ec5667ec1',
    'fromusername' => 'o3hgew5GrgYijYhRbADGQmaabxIg',
    'createtime' => '1528515151',
    'msgtype' => 'event',
    'event' => 'user_view_card',
    'cardid' => 'p3hgew9XkkbkwPgTsmLu8YQw8Ink',
    'usercardcode' => '253715400822',
    'outerstr' => '',
    'from' => 'o3hgew5GrgYijYhRbADGQmaabxIg',
    'to' => 'gh_3d9ec5667ec1',
    'time' => '1528515151',
    'type' => 'event',
  ),
)

2018-06-09 11:32:32 response :
------------

2018-06-09 11:49:19 trace :
------------
String:
<xml><ToUserName><![CDATA[gh_3d9ec5667ec1]]></ToUserName>
<FromUserName><![CDATA[o3hgew59kjhSMNkcI_rQD40DsBqE]]></FromUserName>
<CreateTime>1528516159</CreateTime>
<MsgType><![CDATA[event]]></MsgType>
<Event><![CDATA[user_view_card]]></Event>
<CardId><![CDATA[p3hgew9XkkbkwPgTsmLu8YQw8Ink]]></CardId>
<UserCardCode><![CDATA[157404722731]]></UserCardCode>
<OuterStr><![CDATA[]]></OuterStr>
</xml>

2018-06-09 11:49:19 params :
------------
String:
array (
  'rule' => -2,
  'module' => '',
  'message' => 
  array (
    'tousername' => 'gh_3d9ec5667ec1',
    'fromusername' => 'o3hgew59kjhSMNkcI_rQD40DsBqE',
    'createtime' => '1528516159',
    'msgtype' => 'event',
    'event' => 'user_view_card',
    'cardid' => 'p3hgew9XkkbkwPgTsmLu8YQw8Ink',
    'usercardcode' => '157404722731',
    'outerstr' => '',
    'from' => 'o3hgew59kjhSMNkcI_rQD40DsBqE',
    'to' => 'gh_3d9ec5667ec1',
    'time' => '1528516159',
    'type' => 'event',
  ),
)

2018-06-09 11:49:19 response :
------------

2018-06-09 16:41:03 trace :
------------
String:
<xml><ToUserName><![CDATA[gh_8a317808696e]]></ToUserName>
<FromUserName><![CDATA[o4s6w1PA6JDnyrJWneE0qCUxCzOo]]></FromUserName>
<CreateTime>1528533662</CreateTime>
<MsgType><![CDATA[event]]></MsgType>
<Event><![CDATA[TEMPLATESENDJOBFINISH]]></Event>
<MsgID>317783819539316736</MsgID>
<Status><![CDATA[success]]></Status>
</xml>

2018-06-09 16:41:03 params :
------------
String:
array (
  'rule' => -2,
  'module' => '',
  'message' => 
  array (
    'tousername' => 'gh_8a317808696e',
    'fromusername' => 'o4s6w1PA6JDnyrJWneE0qCUxCzOo',
    'createtime' => '1528533662',
    'msgtype' => 'event',
    'event' => 'TEMPLATESENDJOBFINISH',
    'msgid' => '317783819539316736',
    'status' => 'success',
    'from' => 'o4s6w1PA6JDnyrJWneE0qCUxCzOo',
    'to' => 'gh_8a317808696e',
    'time' => '1528533662',
    'type' => 'event',
  ),
)

2018-06-09 16:41:03 response :
------------

2018-06-09 17:39:09 trace :
------------
String:
<xml><ToUserName><![CDATA[gh_8a317808696e]]></ToUserName>
<FromUserName><![CDATA[o4s6w1LF-wm56ZgM2iVj_F87Cy5Q]]></FromUserName>
<CreateTime>1528537148</CreateTime>
<MsgType><![CDATA[text]]></MsgType>
<Content><![CDATA[好的，谢谢！]]></Content>
<MsgId>6565017061932078484</MsgId>
</xml>

2018-06-09 17:39:09 params :
------------
String:
array (
  'rule' => -2,
  'module' => '',
  'message' => 
  array (
    'tousername' => 'gh_8a317808696e',
    'fromusername' => 'o4s6w1LF-wm56ZgM2iVj_F87Cy5Q',
    'createtime' => '1528537148',
    'msgtype' => 'text',
    'content' => '好的，谢谢！',
    'msgid' => '6565017061932078484',
    'from' => 'o4s6w1LF-wm56ZgM2iVj_F87Cy5Q',
    'to' => 'gh_8a317808696e',
    'time' => '1528537148',
    'type' => 'text',
    'event' => NULL,
    'redirection' => false,
    'source' => NULL,
  ),
)

2018-06-09 17:39:09 response :
------------

2018-06-09 18:05:34 trace :
------------
String:
<xml><ToUserName><![CDATA[gh_8a317808696e]]></ToUserName>
<FromUserName><![CDATA[o4s6w1PA6JDnyrJWneE0qCUxCzOo]]></FromUserName>
<CreateTime>1528538734</CreateTime>
<MsgType><![CDATA[event]]></MsgType>
<Event><![CDATA[TEMPLATESENDJOBFINISH]]></Event>
<MsgID>317868900693966849</MsgID>
<Status><![CDATA[success]]></Status>
</xml>

2018-06-09 18:05:34 params :
------------
String:
array (
  'rule' => -2,
  'module' => '',
  'message' => 
  array (
    'tousername' => 'gh_8a317808696e',
    'fromusername' => 'o4s6w1PA6JDnyrJWneE0qCUxCzOo',
    'createtime' => '1528538734',
    'msgtype' => 'event',
    'event' => 'TEMPLATESENDJOBFINISH',
    'msgid' => '317868900693966849',
    'status' => 'success',
    'from' => 'o4s6w1PA6JDnyrJWneE0qCUxCzOo',
    'to' => 'gh_8a317808696e',
    'time' => '1528538734',
    'type' => 'event',
  ),
)

2018-06-09 18:05:34 response :
------------

2018-06-09 19:32:47 trace :
------------
String:
<xml><ToUserName><![CDATA[gh_8a317808696e]]></ToUserName>
<FromUserName><![CDATA[o4s6w1Oddzz37s5Aiq9CCo2ZVPng]]></FromUserName>
<CreateTime>1528543967</CreateTime>
<MsgType><![CDATA[event]]></MsgType>
<Event><![CDATA[VIEW]]></Event>
<EventKey><![CDATA[https://v.mctimes.cn/app/index.php?i=3&c=entry&m=rr_vv3&do=mobile]]></EventKey>
<MenuId>548989418</MenuId>
</xml>

2018-06-09 19:32:47 params :
------------
String:
array (
  'rule' => -2,
  'module' => '',
  'message' => 
  array (
    'tousername' => 'gh_8a317808696e',
    'fromusername' => 'o4s6w1Oddzz37s5Aiq9CCo2ZVPng',
    'createtime' => '1528543967',
    'msgtype' => 'event',
    'event' => 'VIEW',
    'eventkey' => 'https://v.mctimes.cn/app/index.php?i=3&c=entry&m=rr_vv3&do=mobile',
    'menuid' => '548989418',
    'from' => 'o4s6w1Oddzz37s5Aiq9CCo2ZVPng',
    'to' => 'gh_8a317808696e',
    'time' => '1528543967',
    'type' => 'text',
    'content' => 'https://v.mctimes.cn/app/index.php?i=3&c=entry&m=rr_vv3&do=mobile',
    'redirection' => true,
    'source' => 'VIEW',
  ),
)

2018-06-09 19:32:47 response :
------------

2018-06-09 20:06:55 trace :
------------
String:
<xml><ToUserName><![CDATA[gh_8a317808696e]]></ToUserName>
<FromUserName><![CDATA[o4s6w1H1CJJW5qN5NY16fV7NOFrg]]></FromUserName>
<CreateTime>1528546014</CreateTime>
<MsgType><![CDATA[event]]></MsgType>
<Event><![CDATA[TEMPLATESENDJOBFINISH]]></Event>
<MsgID>317991050755260420</MsgID>
<Status><![CDATA[success]]></Status>
</xml>

2018-06-09 20:06:55 params :
------------
String:
array (
  'rule' => -2,
  'module' => '',
  'message' => 
  array (
    'tousername' => 'gh_8a317808696e',
    'fromusername' => 'o4s6w1H1CJJW5qN5NY16fV7NOFrg',
    'createtime' => '1528546014',
    'msgtype' => 'event',
    'event' => 'TEMPLATESENDJOBFINISH',
    'msgid' => '317991050755260420',
    'status' => 'success',
    'from' => 'o4s6w1H1CJJW5qN5NY16fV7NOFrg',
    'to' => 'gh_8a317808696e',
    'time' => '1528546014',
    'type' => 'event',
  ),
)

2018-06-09 20:06:55 response :
------------

2018-06-09 20:07:49 trace :
------------
String:
<xml><ToUserName><![CDATA[gh_8a317808696e]]></ToUserName>
<FromUserName><![CDATA[o4s6w1LF-wm56ZgM2iVj_F87Cy5Q]]></FromUserName>
<CreateTime>1528546069</CreateTime>
<MsgType><![CDATA[event]]></MsgType>
<Event><![CDATA[TEMPLATESENDJOBFINISH]]></Event>
<MsgID>317991969542488066</MsgID>
<Status><![CDATA[success]]></Status>
</xml>

2018-06-09 20:07:49 params :
------------
String:
array (
  'rule' => -2,
  'module' => '',
  'message' => 
  array (
    'tousername' => 'gh_8a317808696e',
    'fromusername' => 'o4s6w1LF-wm56ZgM2iVj_F87Cy5Q',
    'createtime' => '1528546069',
    'msgtype' => 'event',
    'event' => 'TEMPLATESENDJOBFINISH',
    'msgid' => '317991969542488066',
    'status' => 'success',
    'from' => 'o4s6w1LF-wm56ZgM2iVj_F87Cy5Q',
    'to' => 'gh_8a317808696e',
    'time' => '1528546069',
    'type' => 'event',
  ),
)

2018-06-09 20:07:49 response :
------------

2018-06-09 20:09:15 trace :
------------
String:
<xml><ToUserName><![CDATA[gh_8a317808696e]]></ToUserName>
<FromUserName><![CDATA[o4s6w1H1CJJW5qN5NY16fV7NOFrg]]></FromUserName>
<CreateTime>1528546155</CreateTime>
<MsgType><![CDATA[event]]></MsgType>
<Event><![CDATA[TEMPLATESENDJOBFINISH]]></Event>
<MsgID>317993408155435009</MsgID>
<Status><![CDATA[success]]></Status>
</xml>

2018-06-09 20:09:15 params :
------------
String:
array (
  'rule' => -2,
  'module' => '',
  'message' => 
  array (
    'tousername' => 'gh_8a317808696e',
    'fromusername' => 'o4s6w1H1CJJW5qN5NY16fV7NOFrg',
    'createtime' => '1528546155',
    'msgtype' => 'event',
    'event' => 'TEMPLATESENDJOBFINISH',
    'msgid' => '317993408155435009',
    'status' => 'success',
    'from' => 'o4s6w1H1CJJW5qN5NY16fV7NOFrg',
    'to' => 'gh_8a317808696e',
    'time' => '1528546155',
    'type' => 'event',
  ),
)

2018-06-09 20:09:15 response :
------------

2018-06-09 21:54:40 trace :
------------
String:
<xml><ToUserName><![CDATA[gh_8a317808696e]]></ToUserName>
<FromUserName><![CDATA[o4s6w1H3U0-z0MuHvymsKslwrBSw]]></FromUserName>
<CreateTime>1528552480</CreateTime>
<MsgType><![CDATA[event]]></MsgType>
<Event><![CDATA[subscribe]]></Event>
<EventKey><![CDATA[]]></EventKey>
</xml>

2018-06-09 21:54:41 params :
------------
String:
array (
  'message' => 
  array (
    'tousername' => 'gh_8a317808696e',
    'fromusername' => 'o4s6w1H3U0-z0MuHvymsKslwrBSw',
    'createtime' => '1528552480',
    'msgtype' => 'event',
    'event' => 'subscribe',
    'eventkey' => '',
    'from' => 'o4s6w1H3U0-z0MuHvymsKslwrBSw',
    'to' => 'gh_8a317808696e',
    'time' => '1528552480',
    'type' => 'text',
    'redirection' => true,
    'source' => 'subscribe',
    'content' => '咨询',
  ),
  'module' => 'reply',
  'rule' => '15',
  'priority' => '0',
  'keyword' => 
  array (
    'id' => '21',
    'rid' => '15',
    'uniacid' => '3',
    'module' => 'reply',
    'content' => '咨询',
    'type' => '1',
    'displayorder' => '0',
    'status' => '1',
    'reply_type' => 
    array (
      0 => 'basic',
    ),
  ),
  'reply_type' => 
  array (
    0 => 'basic',
  ),
)

2018-06-09 21:54:41 response :
------------
Array:
FromUserName : gh_8a317808696e ;
ToUserName : o4s6w1H3U0-z0MuHvymsKslwrBSw ;
MsgType : text ;
Content : 欢迎关注全V健康！/可爱/可爱
点击下方“开始咨询”进入首页就可以找医生咨询啦！ ;

2018-06-09 22:44:12 trace :
------------
String:
<xml><ToUserName><![CDATA[gh_8a317808696e]]></ToUserName>
<FromUserName><![CDATA[o4s6w1PA6JDnyrJWneE0qCUxCzOo]]></FromUserName>
<CreateTime>1528555451</CreateTime>
<MsgType><![CDATA[event]]></MsgType>
<Event><![CDATA[TEMPLATESENDJOBFINISH]]></Event>
<MsgID>318149379691249664</MsgID>
<Status><![CDATA[success]]></Status>
</xml>

2018-06-09 22:44:12 params :
------------
String:
array (
  'rule' => -2,
  'module' => '',
  'message' => 
  array (
    'tousername' => 'gh_8a317808696e',
    'fromusername' => 'o4s6w1PA6JDnyrJWneE0qCUxCzOo',
    'createtime' => '1528555451',
    'msgtype' => 'event',
    'event' => 'TEMPLATESENDJOBFINISH',
    'msgid' => '318149379691249664',
    'status' => 'success',
    'from' => 'o4s6w1PA6JDnyrJWneE0qCUxCzOo',
    'to' => 'gh_8a317808696e',
    'time' => '1528555451',
    'type' => 'event',
  ),
)

2018-06-09 22:44:12 response :
------------

