2018-05-19 09:48:02 trace :
------------
String:
<xml><ToUserName><![CDATA[gh_3d9ec5667ec1]]></ToUserName>
<FromUserName><![CDATA[o3hgew30cOlE1cM6wB0abI9RyW_Y]]></FromUserName>
<CreateTime>1526694481</CreateTime>
<MsgType><![CDATA[event]]></MsgType>
<Event><![CDATA[LOCATION]]></Event>
<Latitude>23.027746</Latitude>
<Longitude>113.736130</Longitude>
<Precision>30.000000</Precision>
</xml>

2018-05-19 09:48:02 params :
------------
String:
array (
  'message' => 
  array (
    'tousername' => 'gh_3d9ec5667ec1',
    'fromusername' => 'o3hgew30cOlE1cM6wB0abI9RyW_Y',
    'createtime' => '1526694481',
    'msgtype' => 'event',
    'event' => 'LOCATION',
    'latitude' => '23.027746',
    'longitude' => '113.736130',
    'precision' => '30.000000',
    'from' => 'o3hgew30cOlE1cM6wB0abI9RyW_Y',
    'to' => 'gh_3d9ec5667ec1',
    'time' => '1526694481',
    'type' => 'trace',
    'location_x' => '23.027746',
    'location_y' => '113.736130',
  ),
  'module' => 'default',
  'rule' => '-1',
)

2018-05-19 09:48:02 response :
------------
Array:
errno : -1 ;
message : Invaild value ;

2018-05-19 10:56:58 trace :
------------
String:
<xml><ToUserName><![CDATA[gh_8a317808696e]]></ToUserName>
<FromUserName><![CDATA[o4s6w1DfZWRcMXVJGVVHxO2lsfl4]]></FromUserName>
<CreateTime>1526698617</CreateTime>
<MsgType><![CDATA[event]]></MsgType>
<Event><![CDATA[unsubscribe]]></Event>
<EventKey><![CDATA[]]></EventKey>
</xml>

