2018-05-26 00:08:20 trace :
------------
String:
<xml><ToUserName><![CDATA[gh_8a317808696e]]></ToUserName>
<FromUserName><![CDATA[o4s6w1Egb6ABSrt0dLC3lmt_cJ8s]]></FromUserName>
<CreateTime>1527264499</CreateTime>
<MsgType><![CDATA[event]]></MsgType>
<Event><![CDATA[VIEW]]></Event>
<EventKey><![CDATA[https://v.mctimes.cn/app/index.php?i=3&c=entry&m=rr_vv3&do=mobile]]></EventKey>
<MenuId>548989418</MenuId>
</xml>

2018-05-26 00:08:20 params :
------------
String:
array (
  'rule' => -2,
  'module' => '',
  'message' => 
  array (
    'tousername' => 'gh_8a317808696e',
    'fromusername' => 'o4s6w1Egb6ABSrt0dLC3lmt_cJ8s',
    'createtime' => '1527264499',
    'msgtype' => 'event',
    'event' => 'VIEW',
    'eventkey' => 'https://v.mctimes.cn/app/index.php?i=3&c=entry&m=rr_vv3&do=mobile',
    'menuid' => '548989418',
    'from' => 'o4s6w1Egb6ABSrt0dLC3lmt_cJ8s',
    'to' => 'gh_8a317808696e',
    'time' => '1527264499',
    'type' => 'text',
    'content' => 'https://v.mctimes.cn/app/index.php?i=3&c=entry&m=rr_vv3&do=mobile',
    'redirection' => true,
    'source' => 'VIEW',
  ),
)

2018-05-26 00:08:20 response :
------------

2018-05-26 06:47:09 trace :
------------
String:
<xml><ToUserName><![CDATA[gh_8a317808696e]]></ToUserName>
<FromUserName><![CDATA[o4s6w1O40lc1Gcn-Z9Loi-vaW_A4]]></FromUserName>
<CreateTime>1527288428</CreateTime>
<MsgType><![CDATA[event]]></MsgType>
<Event><![CDATA[VIEW]]></Event>
<EventKey><![CDATA[https://v.mctimes.cn/app/index.php?i=3&c=entry&m=rr_vv3&do=mobile]]></EventKey>
<MenuId>548989418</MenuId>
</xml>

2018-05-26 06:47:09 params :
------------
String:
array (
  'rule' => -2,
  'module' => '',
  'message' => 
  array (
    'tousername' => 'gh_8a317808696e',
    'fromusername' => 'o4s6w1O40lc1Gcn-Z9Loi-vaW_A4',
    'createtime' => '1527288428',
    'msgtype' => 'event',
    'event' => 'VIEW',
    'eventkey' => 'https://v.mctimes.cn/app/index.php?i=3&c=entry&m=rr_vv3&do=mobile',
    'menuid' => '548989418',
    'from' => 'o4s6w1O40lc1Gcn-Z9Loi-vaW_A4',
    'to' => 'gh_8a317808696e',
    'time' => '1527288428',
    'type' => 'text',
    'content' => 'https://v.mctimes.cn/app/index.php?i=3&c=entry&m=rr_vv3&do=mobile',
    'redirection' => true,
    'source' => 'VIEW',
  ),
)

2018-05-26 06:47:09 response :
------------

2018-05-26 11:11:33 trace :
------------
String:
<xml><ToUserName><![CDATA[gh_3d9ec5667ec1]]></ToUserName>
<FromUserName><![CDATA[o3hgewwi3GcWCZ7fp6jSJFfZqWVs]]></FromUserName>
<CreateTime>1527304292</CreateTime>
<MsgType><![CDATA[event]]></MsgType>
<Event><![CDATA[user_view_card]]></Event>
<CardId><![CDATA[p3hgewwmNS6lAo0HM97FfGnv638c]]></CardId>
<UserCardCode><![CDATA[978758832705]]></UserCardCode>
<OuterStr><![CDATA[]]></OuterStr>
</xml>

2018-05-26 11:11:33 params :
------------
String:
array (
  'rule' => -2,
  'module' => '',
  'message' => 
  array (
    'tousername' => 'gh_3d9ec5667ec1',
    'fromusername' => 'o3hgewwi3GcWCZ7fp6jSJFfZqWVs',
    'createtime' => '1527304292',
    'msgtype' => 'event',
    'event' => 'user_view_card',
    'cardid' => 'p3hgewwmNS6lAo0HM97FfGnv638c',
    'usercardcode' => '978758832705',
    'outerstr' => '',
    'from' => 'o3hgewwi3GcWCZ7fp6jSJFfZqWVs',
    'to' => 'gh_3d9ec5667ec1',
    'time' => '1527304292',
    'type' => 'event',
  ),
)

2018-05-26 11:11:33 response :
------------

2018-05-26 12:11:36 trace :
------------
String:
<xml><ToUserName><![CDATA[gh_8a317808696e]]></ToUserName>
<FromUserName><![CDATA[o4s6w1HnoC-ikeOF_ZptvzAVAVz4]]></FromUserName>
<CreateTime>1527307895</CreateTime>
<MsgType><![CDATA[event]]></MsgType>
<Event><![CDATA[VIEW]]></Event>
<EventKey><![CDATA[https://v.mctimes.cn/app/index.php?i=3&c=entry&m=rr_vv3&do=mobile]]></EventKey>
<MenuId>548989418</MenuId>
</xml>

2018-05-26 12:11:36 params :
------------
String:
array (
  'rule' => -2,
  'module' => '',
  'message' => 
  array (
    'tousername' => 'gh_8a317808696e',
    'fromusername' => 'o4s6w1HnoC-ikeOF_ZptvzAVAVz4',
    'createtime' => '1527307895',
    'msgtype' => 'event',
    'event' => 'VIEW',
    'eventkey' => 'https://v.mctimes.cn/app/index.php?i=3&c=entry&m=rr_vv3&do=mobile',
    'menuid' => '548989418',
    'from' => 'o4s6w1HnoC-ikeOF_ZptvzAVAVz4',
    'to' => 'gh_8a317808696e',
    'time' => '1527307895',
    'type' => 'text',
    'content' => 'https://v.mctimes.cn/app/index.php?i=3&c=entry&m=rr_vv3&do=mobile',
    'redirection' => true,
    'source' => 'VIEW',
  ),
)

2018-05-26 12:11:36 response :
------------

2018-05-26 13:10:45 trace :
------------
String:
<xml><ToUserName><![CDATA[gh_8a317808696e]]></ToUserName>
<FromUserName><![CDATA[o4s6w1NFtlWfnM7KDaJI8aG2otso]]></FromUserName>
<CreateTime>1527311443</CreateTime>
<MsgType><![CDATA[event]]></MsgType>
<Event><![CDATA[unsubscribe]]></Event>
<EventKey><![CDATA[]]></EventKey>
</xml>

2018-05-26 14:32:03 trace :
------------
String:
<xml><ToUserName><![CDATA[gh_8a317808696e]]></ToUserName>
<FromUserName><![CDATA[o4s6w1Cdf-OgMINKzNkU2zg1qYUw]]></FromUserName>
<CreateTime>1527316321</CreateTime>
<MsgType><![CDATA[event]]></MsgType>
<Event><![CDATA[VIEW]]></Event>
<EventKey><![CDATA[https://v.mctimes.cn/app/index.php?i=3&c=entry&m=rr_vv3&do=mobile]]></EventKey>
<MenuId>548989418</MenuId>
</xml>

2018-05-26 14:32:03 params :
------------
String:
array (
  'rule' => -2,
  'module' => '',
  'message' => 
  array (
    'tousername' => 'gh_8a317808696e',
    'fromusername' => 'o4s6w1Cdf-OgMINKzNkU2zg1qYUw',
    'createtime' => '1527316321',
    'msgtype' => 'event',
    'event' => 'VIEW',
    'eventkey' => 'https://v.mctimes.cn/app/index.php?i=3&c=entry&m=rr_vv3&do=mobile',
    'menuid' => '548989418',
    'from' => 'o4s6w1Cdf-OgMINKzNkU2zg1qYUw',
    'to' => 'gh_8a317808696e',
    'time' => '1527316321',
    'type' => 'text',
    'content' => 'https://v.mctimes.cn/app/index.php?i=3&c=entry&m=rr_vv3&do=mobile',
    'redirection' => true,
    'source' => 'VIEW',
  ),
)

2018-05-26 14:32:03 response :
------------

2018-05-26 14:35:35 trace :
------------
String:
<xml><ToUserName><![CDATA[gh_8a317808696e]]></ToUserName>
<FromUserName><![CDATA[o4s6w1Cdf-OgMINKzNkU2zg1qYUw]]></FromUserName>
<CreateTime>1527316534</CreateTime>
<MsgType><![CDATA[event]]></MsgType>
<Event><![CDATA[VIEW]]></Event>
<EventKey><![CDATA[https://v.mctimes.cn/app/index.php?i=3&c=entry&m=rr_vv3&do=mobile]]></EventKey>
<MenuId>548989418</MenuId>
</xml>

2018-05-26 14:35:35 params :
------------
String:
array (
  'rule' => -2,
  'module' => '',
  'message' => 
  array (
    'tousername' => 'gh_8a317808696e',
    'fromusername' => 'o4s6w1Cdf-OgMINKzNkU2zg1qYUw',
    'createtime' => '1527316534',
    'msgtype' => 'event',
    'event' => 'VIEW',
    'eventkey' => 'https://v.mctimes.cn/app/index.php?i=3&c=entry&m=rr_vv3&do=mobile',
    'menuid' => '548989418',
    'from' => 'o4s6w1Cdf-OgMINKzNkU2zg1qYUw',
    'to' => 'gh_8a317808696e',
    'time' => '1527316534',
    'type' => 'text',
    'content' => 'https://v.mctimes.cn/app/index.php?i=3&c=entry&m=rr_vv3&do=mobile',
    'redirection' => true,
    'source' => 'VIEW',
  ),
)

2018-05-26 14:35:35 response :
------------

2018-05-26 14:39:13 trace :
------------
String:
<xml><ToUserName><![CDATA[gh_3d9ec5667ec1]]></ToUserName>
<FromUserName><![CDATA[o3hgew7hhXAciTaqihbS0oq8hvQc]]></FromUserName>
<CreateTime>1527316752</CreateTime>
<MsgType><![CDATA[event]]></MsgType>
<Event><![CDATA[user_view_card]]></Event>
<CardId><![CDATA[p3hgew9XkkbkwPgTsmLu8YQw8Ink]]></CardId>
<UserCardCode><![CDATA[000416174095]]></UserCardCode>
<OuterStr><![CDATA[]]></OuterStr>
</xml>

2018-05-26 14:39:13 params :
------------
String:
array (
  'rule' => -2,
  'module' => '',
  'message' => 
  array (
    'tousername' => 'gh_3d9ec5667ec1',
    'fromusername' => 'o3hgew7hhXAciTaqihbS0oq8hvQc',
    'createtime' => '1527316752',
    'msgtype' => 'event',
    'event' => 'user_view_card',
    'cardid' => 'p3hgew9XkkbkwPgTsmLu8YQw8Ink',
    'usercardcode' => '000416174095',
    'outerstr' => '',
    'from' => 'o3hgew7hhXAciTaqihbS0oq8hvQc',
    'to' => 'gh_3d9ec5667ec1',
    'time' => '1527316752',
    'type' => 'event',
  ),
)

2018-05-26 14:39:13 response :
------------

2018-05-26 16:51:20 trace :
------------
String:
<xml><ToUserName><![CDATA[gh_8a317808696e]]></ToUserName>
<FromUserName><![CDATA[o4s6w1H1CJJW5qN5NY16fV7NOFrg]]></FromUserName>
<CreateTime>1527324679</CreateTime>
<MsgType><![CDATA[event]]></MsgType>
<Event><![CDATA[VIEW]]></Event>
<EventKey><![CDATA[https://v.mctimes.cn/app/index.php?i=3&c=entry&m=rr_vv3&do=mobile]]></EventKey>
<MenuId>548989418</MenuId>
</xml>

2018-05-26 16:51:20 params :
------------
String:
array (
  'rule' => -2,
  'module' => '',
  'message' => 
  array (
    'tousername' => 'gh_8a317808696e',
    'fromusername' => 'o4s6w1H1CJJW5qN5NY16fV7NOFrg',
    'createtime' => '1527324679',
    'msgtype' => 'event',
    'event' => 'VIEW',
    'eventkey' => 'https://v.mctimes.cn/app/index.php?i=3&c=entry&m=rr_vv3&do=mobile',
    'menuid' => '548989418',
    'from' => 'o4s6w1H1CJJW5qN5NY16fV7NOFrg',
    'to' => 'gh_8a317808696e',
    'time' => '1527324679',
    'type' => 'text',
    'content' => 'https://v.mctimes.cn/app/index.php?i=3&c=entry&m=rr_vv3&do=mobile',
    'redirection' => true,
    'source' => 'VIEW',
  ),
)

2018-05-26 16:51:20 response :
------------

2018-05-26 19:46:36 trace :
------------
String:
<xml><ToUserName><![CDATA[gh_8a317808696e]]></ToUserName>
<FromUserName><![CDATA[o4s6w1DNf_t7HOEXrIvyzcs8Dwjc]]></FromUserName>
<CreateTime>1527335195</CreateTime>
<MsgType><![CDATA[event]]></MsgType>
<Event><![CDATA[VIEW]]></Event>
<EventKey><![CDATA[https://v.mctimes.cn/app/index.php?i=3&c=entry&m=rr_vv3&do=mobile]]></EventKey>
<MenuId>548989418</MenuId>
</xml>

2018-05-26 19:46:36 params :
------------
String:
array (
  'rule' => -2,
  'module' => '',
  'message' => 
  array (
    'tousername' => 'gh_8a317808696e',
    'fromusername' => 'o4s6w1DNf_t7HOEXrIvyzcs8Dwjc',
    'createtime' => '1527335195',
    'msgtype' => 'event',
    'event' => 'VIEW',
    'eventkey' => 'https://v.mctimes.cn/app/index.php?i=3&c=entry&m=rr_vv3&do=mobile',
    'menuid' => '548989418',
    'from' => 'o4s6w1DNf_t7HOEXrIvyzcs8Dwjc',
    'to' => 'gh_8a317808696e',
    'time' => '1527335195',
    'type' => 'text',
    'content' => 'https://v.mctimes.cn/app/index.php?i=3&c=entry&m=rr_vv3&do=mobile',
    'redirection' => true,
    'source' => 'VIEW',
  ),
)

2018-05-26 19:46:36 response :
------------

2018-05-26 21:37:43 trace :
------------
String:
<xml><ToUserName><![CDATA[gh_8a317808696e]]></ToUserName>
<FromUserName><![CDATA[o4s6w1I7yYepqjPjd48veVqVR8-E]]></FromUserName>
<CreateTime>1527341862</CreateTime>
<MsgType><![CDATA[event]]></MsgType>
<Event><![CDATA[TEMPLATESENDJOBFINISH]]></Event>
<MsgID>297788733728768002</MsgID>
<Status><![CDATA[success]]></Status>
</xml>

2018-05-26 21:37:43 params :
------------
String:
array (
  'rule' => -2,
  'module' => '',
  'message' => 
  array (
    'tousername' => 'gh_8a317808696e',
    'fromusername' => 'o4s6w1I7yYepqjPjd48veVqVR8-E',
    'createtime' => '1527341862',
    'msgtype' => 'event',
    'event' => 'TEMPLATESENDJOBFINISH',
    'msgid' => '297788733728768002',
    'status' => 'success',
    'from' => 'o4s6w1I7yYepqjPjd48veVqVR8-E',
    'to' => 'gh_8a317808696e',
    'time' => '1527341862',
    'type' => 'event',
  ),
)

2018-05-26 21:37:43 response :
------------

