2018-03-05 12:46:33 trace :
------------
String:
<xml><ToUserName><![CDATA[gh_3d9ec5667ec1]]></ToUserName>
<FromUserName><![CDATA[o3hgew0kQ8liIs1z7lSuy35OUlCo]]></FromUserName>
<CreateTime>1520225192</CreateTime>
<MsgType><![CDATA[event]]></MsgType>
<Event><![CDATA[unsubscribe]]></Event>
<EventKey><![CDATA[]]></EventKey>
</xml>

2018-03-05 18:02:21 trace :
------------
String:
<xml><ToUserName><![CDATA[gh_3d9ec5667ec1]]></ToUserName>
<FromUserName><![CDATA[o3hgew0SwC93cozQEJ68Ix7UC-zs]]></FromUserName>
<CreateTime>1520244140</CreateTime>
<MsgType><![CDATA[event]]></MsgType>
<Event><![CDATA[LOCATION]]></Event>
<Latitude>23.000023</Latitude>
<Longitude>113.712685</Longitude>
<Precision>610.000000</Precision>
</xml>

2018-03-05 18:02:21 params :
------------
String:
array (
  'message' => 
  array (
    'tousername' => 'gh_3d9ec5667ec1',
    'fromusername' => 'o3hgew0SwC93cozQEJ68Ix7UC-zs',
    'createtime' => '1520244140',
    'msgtype' => 'event',
    'event' => 'LOCATION',
    'latitude' => '23.000023',
    'longitude' => '113.712685',
    'precision' => '610.000000',
    'from' => 'o3hgew0SwC93cozQEJ68Ix7UC-zs',
    'to' => 'gh_3d9ec5667ec1',
    'time' => '1520244140',
    'type' => 'trace',
    'location_x' => '23.000023',
    'location_y' => '113.712685',
  ),
  'module' => 'default',
  'rule' => '-1',
)

2018-03-05 18:02:21 response :
------------
Array:
errno : -1 ;
message : Invaild value ;

2018-03-05 18:02:26 trace :
------------
String:
<xml><ToUserName><![CDATA[gh_3d9ec5667ec1]]></ToUserName>
<FromUserName><![CDATA[o3hgew0SwC93cozQEJ68Ix7UC-zs]]></FromUserName>
<CreateTime>1520244145</CreateTime>
<MsgType><![CDATA[event]]></MsgType>
<Event><![CDATA[CLICK]]></Event>
<EventKey><![CDATA[会员卡]]></EventKey>
</xml>

2018-03-05 18:02:26 params :
------------
String:
array (
  'rule' => -2,
  'module' => '',
  'message' => 
  array (
    'tousername' => 'gh_3d9ec5667ec1',
    'fromusername' => 'o3hgew0SwC93cozQEJ68Ix7UC-zs',
    'createtime' => '1520244145',
    'msgtype' => 'event',
    'event' => 'CLICK',
    'eventkey' => '会员卡',
    'from' => 'o3hgew0SwC93cozQEJ68Ix7UC-zs',
    'to' => 'gh_3d9ec5667ec1',
    'time' => '1520244145',
    'type' => 'text',
    'content' => '会员卡',
    'redirection' => true,
    'source' => 'click',
  ),
)

2018-03-05 18:02:26 response :
------------

2018-03-05 18:02:36 trace :
------------
String:
<xml><ToUserName><![CDATA[gh_3d9ec5667ec1]]></ToUserName>
<FromUserName><![CDATA[o3hgew0SwC93cozQEJ68Ix7UC-zs]]></FromUserName>
<CreateTime>1520244156</CreateTime>
<MsgType><![CDATA[event]]></MsgType>
<Event><![CDATA[unsubscribe]]></Event>
<EventKey><![CDATA[]]></EventKey>
</xml>

