2018-02-25 19:53:00 trace :
------------
String:
<xml><ToUserName><![CDATA[gh_3d9ec5667ec1]]></ToUserName>
<FromUserName><![CDATA[o3hgew30cOlE1cM6wB0abI9RyW_Y]]></FromUserName>
<CreateTime>1519559579</CreateTime>
<MsgType><![CDATA[event]]></MsgType>
<Event><![CDATA[LOCATION]]></Event>
<Latitude>23.022026</Latitude>
<Longitude>113.740112</Longitude>
<Precision>30.000000</Precision>
</xml>

2018-02-25 19:53:00 params :
------------
String:
array (
  'message' => 
  array (
    'tousername' => 'gh_3d9ec5667ec1',
    'fromusername' => 'o3hgew30cOlE1cM6wB0abI9RyW_Y',
    'createtime' => '1519559579',
    'msgtype' => 'event',
    'event' => 'LOCATION',
    'latitude' => '23.022026',
    'longitude' => '113.740112',
    'precision' => '30.000000',
    'from' => 'o3hgew30cOlE1cM6wB0abI9RyW_Y',
    'to' => 'gh_3d9ec5667ec1',
    'time' => '1519559579',
    'type' => 'trace',
    'location_x' => '23.022026',
    'location_y' => '113.740112',
  ),
  'module' => 'default',
  'rule' => '-1',
)

2018-02-25 19:53:00 response :
------------
Array:
errno : -1 ;
message : Invaild value ;

