2018-07-08 12:55:53 trace :
------------
String:
<xml><ToUserName><![CDATA[gh_8a317808696e]]></ToUserName>
<FromUserName><![CDATA[o4s6w1P50dAV5c9p5oL-V-kgO8WA]]></FromUserName>
<CreateTime>1531025752</CreateTime>
<MsgType><![CDATA[event]]></MsgType>
<Event><![CDATA[subscribe]]></Event>
<EventKey><![CDATA[]]></EventKey>
</xml>

2018-07-08 12:55:54 params :
------------
String:
array (
  'message' => 
  array (
    'tousername' => 'gh_8a317808696e',
    'fromusername' => 'o4s6w1P50dAV5c9p5oL-V-kgO8WA',
    'createtime' => '1531025752',
    'msgtype' => 'event',
    'event' => 'subscribe',
    'eventkey' => '',
    'from' => 'o4s6w1P50dAV5c9p5oL-V-kgO8WA',
    'to' => 'gh_8a317808696e',
    'time' => '1531025752',
    'type' => 'text',
    'redirection' => true,
    'source' => 'subscribe',
    'content' => '咨询',
  ),
  'module' => 'reply',
  'rule' => '15',
  'priority' => '0',
  'keyword' => 
  array (
    'id' => '21',
    'rid' => '15',
    'uniacid' => '3',
    'module' => 'reply',
    'content' => '咨询',
    'type' => '1',
    'displayorder' => '0',
    'status' => '1',
    'reply_type' => 
    array (
      0 => 'basic',
    ),
  ),
  'reply_type' => 
  array (
    0 => 'basic',
  ),
)

2018-07-08 12:55:54 response :
------------
Array:
FromUserName : gh_8a317808696e ;
ToUserName : o4s6w1P50dAV5c9p5oL-V-kgO8WA ;
MsgType : text ;
Content : 欢迎关注全V健康！/可爱/可爱
点击下方“开始咨询”进入首页就可以找医生咨询啦！ ;

2018-07-08 12:56:04 trace :
------------
String:
<xml><ToUserName><![CDATA[gh_8a317808696e]]></ToUserName>
<FromUserName><![CDATA[o4s6w1P50dAV5c9p5oL-V-kgO8WA]]></FromUserName>
<CreateTime>1531025763</CreateTime>
<MsgType><![CDATA[event]]></MsgType>
<Event><![CDATA[unsubscribe]]></Event>
<EventKey><![CDATA[]]></EventKey>
</xml>

2018-07-08 17:58:34 trace :
------------
String:
<xml><ToUserName><![CDATA[gh_8a317808696e]]></ToUserName>
<FromUserName><![CDATA[o4s6w1LBsXvzqnAopfFl7GEHhyYg]]></FromUserName>
<CreateTime>1531043913</CreateTime>
<MsgType><![CDATA[event]]></MsgType>
<Event><![CDATA[subscribe]]></Event>
<EventKey><![CDATA[]]></EventKey>
</xml>

2018-07-08 17:58:35 params :
------------
String:
array (
  'message' => 
  array (
    'tousername' => 'gh_8a317808696e',
    'fromusername' => 'o4s6w1LBsXvzqnAopfFl7GEHhyYg',
    'createtime' => '1531043913',
    'msgtype' => 'event',
    'event' => 'subscribe',
    'eventkey' => '',
    'from' => 'o4s6w1LBsXvzqnAopfFl7GEHhyYg',
    'to' => 'gh_8a317808696e',
    'time' => '1531043913',
    'type' => 'text',
    'redirection' => true,
    'source' => 'subscribe',
    'content' => '咨询',
  ),
  'module' => 'reply',
  'rule' => '15',
  'priority' => '0',
  'keyword' => 
  array (
    'id' => '21',
    'rid' => '15',
    'uniacid' => '3',
    'module' => 'reply',
    'content' => '咨询',
    'type' => '1',
    'displayorder' => '0',
    'status' => '1',
    'reply_type' => 
    array (
      0 => 'basic',
    ),
  ),
  'reply_type' => 
  array (
    0 => 'basic',
  ),
)

2018-07-08 17:58:35 response :
------------
Array:
FromUserName : gh_8a317808696e ;
ToUserName : o4s6w1LBsXvzqnAopfFl7GEHhyYg ;
MsgType : text ;
Content : 欢迎关注全V健康！/可爱/可爱
点击下方“开始咨询”进入首页就可以找医生咨询啦！ ;

2018-07-08 18:03:43 trace :
------------
String:
<xml><ToUserName><![CDATA[gh_8a317808696e]]></ToUserName>
<FromUserName><![CDATA[o4s6w1MENM3kEERL9Z67WVCTIe_k]]></FromUserName>
<CreateTime>1531044223</CreateTime>
<MsgType><![CDATA[event]]></MsgType>
<Event><![CDATA[subscribe]]></Event>
<EventKey><![CDATA[]]></EventKey>
</xml>

2018-07-08 18:03:44 params :
------------
String:
array (
  'message' => 
  array (
    'tousername' => 'gh_8a317808696e',
    'fromusername' => 'o4s6w1MENM3kEERL9Z67WVCTIe_k',
    'createtime' => '1531044223',
    'msgtype' => 'event',
    'event' => 'subscribe',
    'eventkey' => '',
    'from' => 'o4s6w1MENM3kEERL9Z67WVCTIe_k',
    'to' => 'gh_8a317808696e',
    'time' => '1531044223',
    'type' => 'text',
    'redirection' => true,
    'source' => 'subscribe',
    'content' => '咨询',
  ),
  'module' => 'reply',
  'rule' => '15',
  'priority' => '0',
  'keyword' => 
  array (
    'id' => '21',
    'rid' => '15',
    'uniacid' => '3',
    'module' => 'reply',
    'content' => '咨询',
    'type' => '1',
    'displayorder' => '0',
    'status' => '1',
    'reply_type' => 
    array (
      0 => 'basic',
    ),
  ),
  'reply_type' => 
  array (
    0 => 'basic',
  ),
)

2018-07-08 18:03:44 response :
------------
Array:
FromUserName : gh_8a317808696e ;
ToUserName : o4s6w1MENM3kEERL9Z67WVCTIe_k ;
MsgType : text ;
Content : 欢迎关注全V健康！/可爱/可爱
点击下方“开始咨询”进入首页就可以找医生咨询啦！ ;

2018-07-08 19:59:12 trace :
------------
String:
<xml><ToUserName><![CDATA[gh_3d9ec5667ec1]]></ToUserName>
<FromUserName><![CDATA[o3hgew70AxLqJ5JT5kcKBMS_ZzD4]]></FromUserName>
<CreateTime>1531051152</CreateTime>
<MsgType><![CDATA[event]]></MsgType>
<Event><![CDATA[user_view_card]]></Event>
<CardId><![CDATA[p3hgewwmNS6lAo0HM97FfGnv638c]]></CardId>
<UserCardCode><![CDATA[525679411487]]></UserCardCode>
<OuterStr><![CDATA[]]></OuterStr>
</xml>

2018-07-08 19:59:12 params :
------------
String:
array (
  'rule' => -2,
  'module' => '',
  'message' => 
  array (
    'tousername' => 'gh_3d9ec5667ec1',
    'fromusername' => 'o3hgew70AxLqJ5JT5kcKBMS_ZzD4',
    'createtime' => '1531051152',
    'msgtype' => 'event',
    'event' => 'user_view_card',
    'cardid' => 'p3hgewwmNS6lAo0HM97FfGnv638c',
    'usercardcode' => '525679411487',
    'outerstr' => '',
    'from' => 'o3hgew70AxLqJ5JT5kcKBMS_ZzD4',
    'to' => 'gh_3d9ec5667ec1',
    'time' => '1531051152',
    'type' => 'event',
  ),
)

2018-07-08 19:59:12 response :
------------

2018-07-08 19:59:54 trace :
------------
String:
<xml><ToUserName><![CDATA[gh_3d9ec5667ec1]]></ToUserName>
<FromUserName><![CDATA[o3hgew70AxLqJ5JT5kcKBMS_ZzD4]]></FromUserName>
<CreateTime>1531051193</CreateTime>
<MsgType><![CDATA[event]]></MsgType>
<Event><![CDATA[user_view_card]]></Event>
<CardId><![CDATA[p3hgewwmNS6lAo0HM97FfGnv638c]]></CardId>
<UserCardCode><![CDATA[525679411487]]></UserCardCode>
<OuterStr><![CDATA[]]></OuterStr>
</xml>

2018-07-08 19:59:54 params :
------------
String:
array (
  'rule' => -2,
  'module' => '',
  'message' => 
  array (
    'tousername' => 'gh_3d9ec5667ec1',
    'fromusername' => 'o3hgew70AxLqJ5JT5kcKBMS_ZzD4',
    'createtime' => '1531051193',
    'msgtype' => 'event',
    'event' => 'user_view_card',
    'cardid' => 'p3hgewwmNS6lAo0HM97FfGnv638c',
    'usercardcode' => '525679411487',
    'outerstr' => '',
    'from' => 'o3hgew70AxLqJ5JT5kcKBMS_ZzD4',
    'to' => 'gh_3d9ec5667ec1',
    'time' => '1531051193',
    'type' => 'event',
  ),
)

2018-07-08 19:59:54 response :
------------

2018-07-08 19:59:59 trace :
------------
String:
<xml><ToUserName><![CDATA[gh_3d9ec5667ec1]]></ToUserName>
<FromUserName><![CDATA[o3hgew70AxLqJ5JT5kcKBMS_ZzD4]]></FromUserName>
<CreateTime>1531051198</CreateTime>
<MsgType><![CDATA[event]]></MsgType>
<Event><![CDATA[user_del_card]]></Event>
<CardId><![CDATA[p3hgewwmNS6lAo0HM97FfGnv638c]]></CardId>
<UserCardCode><![CDATA[525679411487]]></UserCardCode>
</xml>

2018-07-08 19:59:59 params :
------------
String:
array (
  'rule' => -2,
  'module' => '',
  'message' => 
  array (
    'tousername' => 'gh_3d9ec5667ec1',
    'fromusername' => 'o3hgew70AxLqJ5JT5kcKBMS_ZzD4',
    'createtime' => '1531051198',
    'msgtype' => 'event',
    'event' => 'user_del_card',
    'cardid' => 'p3hgewwmNS6lAo0HM97FfGnv638c',
    'usercardcode' => '525679411487',
    'from' => 'o3hgew70AxLqJ5JT5kcKBMS_ZzD4',
    'to' => 'gh_3d9ec5667ec1',
    'time' => '1531051198',
    'type' => 'coupon',
  ),
)

2018-07-08 19:59:59 response :
------------

2018-07-08 23:20:01 trace :
------------
String:
<xml><ToUserName><![CDATA[gh_8a317808696e]]></ToUserName>
<FromUserName><![CDATA[o4s6w1FRKWSq42dwZ9cnW-OlqdXQ]]></FromUserName>
<CreateTime>1531063201</CreateTime>
<MsgType><![CDATA[event]]></MsgType>
<Event><![CDATA[subscribe]]></Event>
<EventKey><![CDATA[]]></EventKey>
</xml>

2018-07-08 23:20:02 params :
------------
String:
array (
  'message' => 
  array (
    'tousername' => 'gh_8a317808696e',
    'fromusername' => 'o4s6w1FRKWSq42dwZ9cnW-OlqdXQ',
    'createtime' => '1531063201',
    'msgtype' => 'event',
    'event' => 'subscribe',
    'eventkey' => '',
    'from' => 'o4s6w1FRKWSq42dwZ9cnW-OlqdXQ',
    'to' => 'gh_8a317808696e',
    'time' => '1531063201',
    'type' => 'text',
    'redirection' => true,
    'source' => 'subscribe',
    'content' => '咨询',
  ),
  'module' => 'reply',
  'rule' => '15',
  'priority' => '0',
  'keyword' => 
  array (
    'id' => '21',
    'rid' => '15',
    'uniacid' => '3',
    'module' => 'reply',
    'content' => '咨询',
    'type' => '1',
    'displayorder' => '0',
    'status' => '1',
    'reply_type' => 
    array (
      0 => 'basic',
    ),
  ),
  'reply_type' => 
  array (
    0 => 'basic',
  ),
)

2018-07-08 23:20:02 response :
------------
Array:
FromUserName : gh_8a317808696e ;
ToUserName : o4s6w1FRKWSq42dwZ9cnW-OlqdXQ ;
MsgType : text ;
Content : 欢迎关注全V健康！/可爱/可爱
点击下方“开始咨询”进入首页就可以找医生咨询啦！ ;

