2018-06-16 00:13:08 trace :
------------
String:
<xml><ToUserName><![CDATA[gh_8a317808696e]]></ToUserName>
<FromUserName><![CDATA[o4s6w1L7r3RNOaZiG-d7gRd6D98Q]]></FromUserName>
<CreateTime>1529079188</CreateTime>
<MsgType><![CDATA[event]]></MsgType>
<Event><![CDATA[subscribe]]></Event>
<EventKey><![CDATA[]]></EventKey>
</xml>

2018-06-16 00:13:08 params :
------------
String:
array (
  'message' => 
  array (
    'tousername' => 'gh_8a317808696e',
    'fromusername' => 'o4s6w1L7r3RNOaZiG-d7gRd6D98Q',
    'createtime' => '1529079188',
    'msgtype' => 'event',
    'event' => 'subscribe',
    'eventkey' => '',
    'from' => 'o4s6w1L7r3RNOaZiG-d7gRd6D98Q',
    'to' => 'gh_8a317808696e',
    'time' => '1529079188',
    'type' => 'text',
    'redirection' => true,
    'source' => 'subscribe',
    'content' => '咨询',
  ),
  'module' => 'reply',
  'rule' => '15',
  'priority' => '0',
  'keyword' => 
  array (
    'id' => '21',
    'rid' => '15',
    'uniacid' => '3',
    'module' => 'reply',
    'content' => '咨询',
    'type' => '1',
    'displayorder' => '0',
    'status' => '1',
    'reply_type' => 
    array (
      0 => 'basic',
    ),
  ),
  'reply_type' => 
  array (
    0 => 'basic',
  ),
)

2018-06-16 00:13:09 response :
------------
Array:
FromUserName : gh_8a317808696e ;
ToUserName : o4s6w1L7r3RNOaZiG-d7gRd6D98Q ;
MsgType : text ;
Content : 欢迎关注全V健康！/可爱/可爱
点击下方“开始咨询”进入首页就可以找医生咨询啦！ ;

2018-06-16 02:20:17 trace :
------------
String:
<xml><ToUserName><![CDATA[gh_8a317808696e]]></ToUserName>
<FromUserName><![CDATA[o4s6w1I-dTq3PedPz4j0pvb6Hj7Y]]></FromUserName>
<CreateTime>1529086817</CreateTime>
<MsgType><![CDATA[event]]></MsgType>
<Event><![CDATA[TEMPLATESENDJOBFINISH]]></Event>
<MsgID>327064217939181568</MsgID>
<Status><![CDATA[success]]></Status>
</xml>

2018-06-16 02:20:17 params :
------------
String:
array (
  'rule' => -2,
  'module' => '',
  'message' => 
  array (
    'tousername' => 'gh_8a317808696e',
    'fromusername' => 'o4s6w1I-dTq3PedPz4j0pvb6Hj7Y',
    'createtime' => '1529086817',
    'msgtype' => 'event',
    'event' => 'TEMPLATESENDJOBFINISH',
    'msgid' => '327064217939181568',
    'status' => 'success',
    'from' => 'o4s6w1I-dTq3PedPz4j0pvb6Hj7Y',
    'to' => 'gh_8a317808696e',
    'time' => '1529086817',
    'type' => 'event',
  ),
)

2018-06-16 02:20:17 response :
------------

2018-06-16 07:09:22 trace :
------------
String:
<xml><ToUserName><![CDATA[gh_8a317808696e]]></ToUserName>
<FromUserName><![CDATA[o4s6w1PA6JDnyrJWneE0qCUxCzOo]]></FromUserName>
<CreateTime>1529104162</CreateTime>
<MsgType><![CDATA[event]]></MsgType>
<Event><![CDATA[TEMPLATESENDJOBFINISH]]></Event>
<MsgID>327355207929430017</MsgID>
<Status><![CDATA[success]]></Status>
</xml>

2018-06-16 07:09:22 params :
------------
String:
array (
  'rule' => -2,
  'module' => '',
  'message' => 
  array (
    'tousername' => 'gh_8a317808696e',
    'fromusername' => 'o4s6w1PA6JDnyrJWneE0qCUxCzOo',
    'createtime' => '1529104162',
    'msgtype' => 'event',
    'event' => 'TEMPLATESENDJOBFINISH',
    'msgid' => '327355207929430017',
    'status' => 'success',
    'from' => 'o4s6w1PA6JDnyrJWneE0qCUxCzOo',
    'to' => 'gh_8a317808696e',
    'time' => '1529104162',
    'type' => 'event',
  ),
)

2018-06-16 07:09:22 response :
------------

2018-06-16 07:30:42 trace :
------------
String:
<xml><ToUserName><![CDATA[gh_8a317808696e]]></ToUserName>
<FromUserName><![CDATA[o4s6w1I-dTq3PedPz4j0pvb6Hj7Y]]></FromUserName>
<CreateTime>1529105442</CreateTime>
<MsgType><![CDATA[event]]></MsgType>
<Event><![CDATA[TEMPLATESENDJOBFINISH]]></Event>
<MsgID>327376684091277313</MsgID>
<Status><![CDATA[success]]></Status>
</xml>

2018-06-16 07:30:42 params :
------------
String:
array (
  'rule' => -2,
  'module' => '',
  'message' => 
  array (
    'tousername' => 'gh_8a317808696e',
    'fromusername' => 'o4s6w1I-dTq3PedPz4j0pvb6Hj7Y',
    'createtime' => '1529105442',
    'msgtype' => 'event',
    'event' => 'TEMPLATESENDJOBFINISH',
    'msgid' => '327376684091277313',
    'status' => 'success',
    'from' => 'o4s6w1I-dTq3PedPz4j0pvb6Hj7Y',
    'to' => 'gh_8a317808696e',
    'time' => '1529105442',
    'type' => 'event',
  ),
)

2018-06-16 07:30:42 response :
------------

2018-06-16 12:37:03 trace :
------------
String:
<xml><ToUserName><![CDATA[gh_8a317808696e]]></ToUserName>
<FromUserName><![CDATA[o4s6w1JX9l42MoWkhXx7TrwqNxsM]]></FromUserName>
<CreateTime>1529123823</CreateTime>
<MsgType><![CDATA[event]]></MsgType>
<Event><![CDATA[subscribe]]></Event>
<EventKey><![CDATA[]]></EventKey>
</xml>

2018-06-16 12:37:04 params :
------------
String:
array (
  'message' => 
  array (
    'tousername' => 'gh_8a317808696e',
    'fromusername' => 'o4s6w1JX9l42MoWkhXx7TrwqNxsM',
    'createtime' => '1529123823',
    'msgtype' => 'event',
    'event' => 'subscribe',
    'eventkey' => '',
    'from' => 'o4s6w1JX9l42MoWkhXx7TrwqNxsM',
    'to' => 'gh_8a317808696e',
    'time' => '1529123823',
    'type' => 'text',
    'redirection' => true,
    'source' => 'subscribe',
    'content' => '咨询',
  ),
  'module' => 'reply',
  'rule' => '15',
  'priority' => '0',
  'keyword' => 
  array (
    'id' => '21',
    'rid' => '15',
    'uniacid' => '3',
    'module' => 'reply',
    'content' => '咨询',
    'type' => '1',
    'displayorder' => '0',
    'status' => '1',
    'reply_type' => 
    array (
      0 => 'basic',
    ),
  ),
  'reply_type' => 
  array (
    0 => 'basic',
  ),
)

2018-06-16 12:37:04 response :
------------
Array:
FromUserName : gh_8a317808696e ;
ToUserName : o4s6w1JX9l42MoWkhXx7TrwqNxsM ;
MsgType : text ;
Content : 欢迎关注全V健康！/可爱/可爱
点击下方“开始咨询”进入首页就可以找医生咨询啦！ ;

2018-06-16 15:21:42 trace :
------------
String:
<xml><ToUserName><![CDATA[gh_8a317808696e]]></ToUserName>
<FromUserName><![CDATA[o4s6w1EO0Y3ui4jpBLmiLiMf3AbA]]></FromUserName>
<CreateTime>1529133702</CreateTime>
<MsgType><![CDATA[text]]></MsgType>
<Content><![CDATA[苏老师请你帮我看下结果嘛，]]></Content>
<MsgId>6567579241853225646</MsgId>
</xml>

2018-06-16 15:21:43 params :
------------
String:
array (
  'rule' => -2,
  'module' => '',
  'message' => 
  array (
    'tousername' => 'gh_8a317808696e',
    'fromusername' => 'o4s6w1EO0Y3ui4jpBLmiLiMf3AbA',
    'createtime' => '1529133702',
    'msgtype' => 'text',
    'content' => '苏老师请你帮我看下结果嘛，',
    'msgid' => '6567579241853225646',
    'from' => 'o4s6w1EO0Y3ui4jpBLmiLiMf3AbA',
    'to' => 'gh_8a317808696e',
    'time' => '1529133702',
    'type' => 'text',
    'event' => NULL,
    'redirection' => false,
    'source' => NULL,
  ),
)

2018-06-16 15:21:43 response :
------------

2018-06-16 15:32:33 trace :
------------
String:
<xml><ToUserName><![CDATA[gh_8a317808696e]]></ToUserName>
<FromUserName><![CDATA[o4s6w1Bt6snfwXsDclqPKDKsLWSw]]></FromUserName>
<CreateTime>1529134353</CreateTime>
<MsgType><![CDATA[event]]></MsgType>
<Event><![CDATA[subscribe]]></Event>
<EventKey><![CDATA[]]></EventKey>
</xml>

2018-06-16 15:32:33 params :
------------
String:
array (
  'message' => 
  array (
    'tousername' => 'gh_8a317808696e',
    'fromusername' => 'o4s6w1Bt6snfwXsDclqPKDKsLWSw',
    'createtime' => '1529134353',
    'msgtype' => 'event',
    'event' => 'subscribe',
    'eventkey' => '',
    'from' => 'o4s6w1Bt6snfwXsDclqPKDKsLWSw',
    'to' => 'gh_8a317808696e',
    'time' => '1529134353',
    'type' => 'text',
    'redirection' => true,
    'source' => 'subscribe',
    'content' => '咨询',
  ),
  'module' => 'reply',
  'rule' => '15',
  'priority' => '0',
  'keyword' => 
  array (
    'id' => '21',
    'rid' => '15',
    'uniacid' => '3',
    'module' => 'reply',
    'content' => '咨询',
    'type' => '1',
    'displayorder' => '0',
    'status' => '1',
    'reply_type' => 
    array (
      0 => 'basic',
    ),
  ),
  'reply_type' => 
  array (
    0 => 'basic',
  ),
)

2018-06-16 15:32:33 response :
------------
Array:
FromUserName : gh_8a317808696e ;
ToUserName : o4s6w1Bt6snfwXsDclqPKDKsLWSw ;
MsgType : text ;
Content : 欢迎关注全V健康！/可爱/可爱
点击下方“开始咨询”进入首页就可以找医生咨询啦！ ;

2018-06-16 15:49:58 trace :
------------
String:
<xml><ToUserName><![CDATA[gh_8a317808696e]]></ToUserName>
<FromUserName><![CDATA[o4s6w1JhF0EOuy11KaD0IDjTTlWA]]></FromUserName>
<CreateTime>1529135398</CreateTime>
<MsgType><![CDATA[event]]></MsgType>
<Event><![CDATA[subscribe]]></Event>
<EventKey><![CDATA[]]></EventKey>
</xml>

2018-06-16 15:50:00 params :
------------
String:
array (
  'message' => 
  array (
    'tousername' => 'gh_8a317808696e',
    'fromusername' => 'o4s6w1JhF0EOuy11KaD0IDjTTlWA',
    'createtime' => '1529135398',
    'msgtype' => 'event',
    'event' => 'subscribe',
    'eventkey' => '',
    'from' => 'o4s6w1JhF0EOuy11KaD0IDjTTlWA',
    'to' => 'gh_8a317808696e',
    'time' => '1529135398',
    'type' => 'text',
    'redirection' => true,
    'source' => 'subscribe',
    'content' => '咨询',
  ),
  'module' => 'reply',
  'rule' => '15',
  'priority' => '0',
  'keyword' => 
  array (
    'id' => '21',
    'rid' => '15',
    'uniacid' => '3',
    'module' => 'reply',
    'content' => '咨询',
    'type' => '1',
    'displayorder' => '0',
    'status' => '1',
    'reply_type' => 
    array (
      0 => 'basic',
    ),
  ),
  'reply_type' => 
  array (
    0 => 'basic',
  ),
)

2018-06-16 15:50:00 response :
------------
Array:
FromUserName : gh_8a317808696e ;
ToUserName : o4s6w1JhF0EOuy11KaD0IDjTTlWA ;
MsgType : text ;
Content : 欢迎关注全V健康！/可爱/可爱
点击下方“开始咨询”进入首页就可以找医生咨询啦！ ;

2018-06-16 16:37:34 trace :
------------
String:
<xml><ToUserName><![CDATA[gh_8a317808696e]]></ToUserName>
<FromUserName><![CDATA[o4s6w1Lx0SnBbzp8HqJmMRjFqAlE]]></FromUserName>
<CreateTime>1529138253</CreateTime>
<MsgType><![CDATA[event]]></MsgType>
<Event><![CDATA[TEMPLATESENDJOBFINISH]]></Event>
<MsgID>327927176122974210</MsgID>
<Status><![CDATA[success]]></Status>
</xml>

2018-06-16 16:37:34 params :
------------
String:
array (
  'rule' => -2,
  'module' => '',
  'message' => 
  array (
    'tousername' => 'gh_8a317808696e',
    'fromusername' => 'o4s6w1Lx0SnBbzp8HqJmMRjFqAlE',
    'createtime' => '1529138253',
    'msgtype' => 'event',
    'event' => 'TEMPLATESENDJOBFINISH',
    'msgid' => '327927176122974210',
    'status' => 'success',
    'from' => 'o4s6w1Lx0SnBbzp8HqJmMRjFqAlE',
    'to' => 'gh_8a317808696e',
    'time' => '1529138253',
    'type' => 'event',
  ),
)

2018-06-16 16:37:34 response :
------------

