2018-03-29 08:14:12 trace :
------------
String:
<xml><ToUserName><![CDATA[gh_3d9ec5667ec1]]></ToUserName>
<FromUserName><![CDATA[o3hgew6JUGuP2vYTA6wrUsLX68KU]]></FromUserName>
<CreateTime>1522282451</CreateTime>
<MsgType><![CDATA[event]]></MsgType>
<Event><![CDATA[LOCATION]]></Event>
<Latitude>23.027733</Latitude>
<Longitude>113.736061</Longitude>
<Precision>40.000000</Precision>
</xml>

2018-03-29 08:14:12 params :
------------
String:
array (
  'message' => 
  array (
    'tousername' => 'gh_3d9ec5667ec1',
    'fromusername' => 'o3hgew6JUGuP2vYTA6wrUsLX68KU',
    'createtime' => '1522282451',
    'msgtype' => 'event',
    'event' => 'LOCATION',
    'latitude' => '23.027733',
    'longitude' => '113.736061',
    'precision' => '40.000000',
    'from' => 'o3hgew6JUGuP2vYTA6wrUsLX68KU',
    'to' => 'gh_3d9ec5667ec1',
    'time' => '1522282451',
    'type' => 'trace',
    'location_x' => '23.027733',
    'location_y' => '113.736061',
  ),
  'module' => 'default',
  'rule' => '-1',
)

2018-03-29 08:14:12 response :
------------
Array:
errno : -1 ;
message : Invaild value ;

2018-03-29 13:01:48 trace :
------------
String:
<xml><ToUserName><![CDATA[gh_3d9ec5667ec1]]></ToUserName>
<FromUserName><![CDATA[o3hgew0qIKEDBaNvp6l_G303HqBQ]]></FromUserName>
<CreateTime>1522299706</CreateTime>
<MsgType><![CDATA[event]]></MsgType>
<Event><![CDATA[LOCATION]]></Event>
<Latitude>22.771563</Latitude>
<Longitude>113.845909</Longitude>
<Precision>65.000000</Precision>
</xml>

2018-03-29 13:01:48 params :
------------
String:
array (
  'message' => 
  array (
    'tousername' => 'gh_3d9ec5667ec1',
    'fromusername' => 'o3hgew0qIKEDBaNvp6l_G303HqBQ',
    'createtime' => '1522299706',
    'msgtype' => 'event',
    'event' => 'LOCATION',
    'latitude' => '22.771563',
    'longitude' => '113.845909',
    'precision' => '65.000000',
    'from' => 'o3hgew0qIKEDBaNvp6l_G303HqBQ',
    'to' => 'gh_3d9ec5667ec1',
    'time' => '1522299706',
    'type' => 'trace',
    'location_x' => '22.771563',
    'location_y' => '113.845909',
  ),
  'module' => 'default',
  'rule' => '-1',
)

2018-03-29 13:01:48 response :
------------
Array:
errno : -1 ;
message : Invaild value ;

2018-03-29 13:30:45 trace :
------------
String:
<xml><ToUserName><![CDATA[gh_3d9ec5667ec1]]></ToUserName>
<FromUserName><![CDATA[o3hgew0qIKEDBaNvp6l_G303HqBQ]]></FromUserName>
<CreateTime>1522301443</CreateTime>
<MsgType><![CDATA[event]]></MsgType>
<Event><![CDATA[LOCATION]]></Event>
<Latitude>22.771498</Latitude>
<Longitude>113.845749</Longitude>
<Precision>65.000000</Precision>
</xml>

2018-03-29 13:30:45 params :
------------
String:
array (
  'message' => 
  array (
    'tousername' => 'gh_3d9ec5667ec1',
    'fromusername' => 'o3hgew0qIKEDBaNvp6l_G303HqBQ',
    'createtime' => '1522301443',
    'msgtype' => 'event',
    'event' => 'LOCATION',
    'latitude' => '22.771498',
    'longitude' => '113.845749',
    'precision' => '65.000000',
    'from' => 'o3hgew0qIKEDBaNvp6l_G303HqBQ',
    'to' => 'gh_3d9ec5667ec1',
    'time' => '1522301443',
    'type' => 'trace',
    'location_x' => '22.771498',
    'location_y' => '113.845749',
  ),
  'module' => 'default',
  'rule' => '-1',
)

2018-03-29 13:30:45 response :
------------
Array:
errno : -1 ;
message : Invaild value ;

2018-03-29 13:41:06 trace :
------------
String:
<xml><ToUserName><![CDATA[gh_3d9ec5667ec1]]></ToUserName>
<FromUserName><![CDATA[o3hgew7KR5QDHwHklHwZG5Q2QgZk]]></FromUserName>
<CreateTime>1522302065</CreateTime>
<MsgType><![CDATA[event]]></MsgType>
<Event><![CDATA[subscribe]]></Event>
<EventKey><![CDATA[]]></EventKey>
</xml>

2018-03-29 13:41:08 params :
------------
String:
array (
  'rule' => -2,
  'module' => '',
  'message' => 
  array (
    'tousername' => 'gh_3d9ec5667ec1',
    'fromusername' => 'o3hgew7KR5QDHwHklHwZG5Q2QgZk',
    'createtime' => '1522302065',
    'msgtype' => 'event',
    'event' => 'subscribe',
    'eventkey' => '',
    'from' => 'o3hgew7KR5QDHwHklHwZG5Q2QgZk',
    'to' => 'gh_3d9ec5667ec1',
    'time' => '1522302065',
    'type' => 'text',
    'redirection' => true,
    'source' => 'subscribe',
  ),
)

2018-03-29 13:41:08 response :
------------

2018-03-29 13:41:37 trace :
------------
String:
<xml><ToUserName><![CDATA[gh_3d9ec5667ec1]]></ToUserName>
<FromUserName><![CDATA[o3hgew7KR5QDHwHklHwZG5Q2QgZk]]></FromUserName>
<CreateTime>1522302096</CreateTime>
<MsgType><![CDATA[event]]></MsgType>
<Event><![CDATA[LOCATION]]></Event>
<Latitude>22.608482</Latitude>
<Longitude>113.182571</Longitude>
<Precision>30.000000</Precision>
</xml>

2018-03-29 13:41:37 params :
------------
String:
array (
  'message' => 
  array (
    'tousername' => 'gh_3d9ec5667ec1',
    'fromusername' => 'o3hgew7KR5QDHwHklHwZG5Q2QgZk',
    'createtime' => '1522302096',
    'msgtype' => 'event',
    'event' => 'LOCATION',
    'latitude' => '22.608482',
    'longitude' => '113.182571',
    'precision' => '30.000000',
    'from' => 'o3hgew7KR5QDHwHklHwZG5Q2QgZk',
    'to' => 'gh_3d9ec5667ec1',
    'time' => '1522302096',
    'type' => 'trace',
    'location_x' => '22.608482',
    'location_y' => '113.182571',
  ),
  'module' => 'default',
  'rule' => '-1',
)

2018-03-29 13:41:37 response :
------------
Array:
errno : -1 ;
message : Invaild value ;

2018-03-29 13:42:21 trace :
------------
String:
<xml><ToUserName><![CDATA[gh_3d9ec5667ec1]]></ToUserName>
<FromUserName><![CDATA[o3hgew8-C0J9UMnZ-m0TEbkAy9Ps]]></FromUserName>
<CreateTime>1522302140</CreateTime>
<MsgType><![CDATA[event]]></MsgType>
<Event><![CDATA[subscribe]]></Event>
<EventKey><![CDATA[]]></EventKey>
</xml>

2018-03-29 13:42:21 params :
------------
String:
array (
  'rule' => -2,
  'module' => '',
  'message' => 
  array (
    'tousername' => 'gh_3d9ec5667ec1',
    'fromusername' => 'o3hgew8-C0J9UMnZ-m0TEbkAy9Ps',
    'createtime' => '1522302140',
    'msgtype' => 'event',
    'event' => 'subscribe',
    'eventkey' => '',
    'from' => 'o3hgew8-C0J9UMnZ-m0TEbkAy9Ps',
    'to' => 'gh_3d9ec5667ec1',
    'time' => '1522302140',
    'type' => 'text',
    'redirection' => true,
    'source' => 'subscribe',
  ),
)

2018-03-29 13:42:21 response :
------------

2018-03-29 13:53:00 trace :
------------
String:
<xml><ToUserName><![CDATA[gh_3d9ec5667ec1]]></ToUserName>
<FromUserName><![CDATA[o3hgew41kImYbbdlO-cSJnBADKKc]]></FromUserName>
<CreateTime>1522302779</CreateTime>
<MsgType><![CDATA[event]]></MsgType>
<Event><![CDATA[subscribe]]></Event>
<EventKey><![CDATA[]]></EventKey>
</xml>

2018-03-29 13:53:01 params :
------------
String:
array (
  'rule' => -2,
  'module' => '',
  'message' => 
  array (
    'tousername' => 'gh_3d9ec5667ec1',
    'fromusername' => 'o3hgew41kImYbbdlO-cSJnBADKKc',
    'createtime' => '1522302779',
    'msgtype' => 'event',
    'event' => 'subscribe',
    'eventkey' => '',
    'from' => 'o3hgew41kImYbbdlO-cSJnBADKKc',
    'to' => 'gh_3d9ec5667ec1',
    'time' => '1522302779',
    'type' => 'text',
    'redirection' => true,
    'source' => 'subscribe',
  ),
)

2018-03-29 13:53:01 response :
------------

2018-03-29 13:53:04 trace :
------------
String:
<xml><ToUserName><![CDATA[gh_3d9ec5667ec1]]></ToUserName>
<FromUserName><![CDATA[o3hgew41kImYbbdlO-cSJnBADKKc]]></FromUserName>
<CreateTime>1522302783</CreateTime>
<MsgType><![CDATA[event]]></MsgType>
<Event><![CDATA[LOCATION]]></Event>
<Latitude>22.608519</Latitude>
<Longitude>113.182533</Longitude>
<Precision>220.000000</Precision>
</xml>

2018-03-29 13:53:04 params :
------------
String:
array (
  'message' => 
  array (
    'tousername' => 'gh_3d9ec5667ec1',
    'fromusername' => 'o3hgew41kImYbbdlO-cSJnBADKKc',
    'createtime' => '1522302783',
    'msgtype' => 'event',
    'event' => 'LOCATION',
    'latitude' => '22.608519',
    'longitude' => '113.182533',
    'precision' => '220.000000',
    'from' => 'o3hgew41kImYbbdlO-cSJnBADKKc',
    'to' => 'gh_3d9ec5667ec1',
    'time' => '1522302783',
    'type' => 'trace',
    'location_x' => '22.608519',
    'location_y' => '113.182533',
  ),
  'module' => 'default',
  'rule' => '-1',
)

2018-03-29 13:53:04 response :
------------
Array:
errno : -1 ;
message : Invaild value ;

2018-03-29 13:53:40 trace :
------------
String:
<xml><ToUserName><![CDATA[gh_3d9ec5667ec1]]></ToUserName>
<FromUserName><![CDATA[o3hgew41kImYbbdlO-cSJnBADKKc]]></FromUserName>
<CreateTime>1522302819</CreateTime>
<MsgType><![CDATA[event]]></MsgType>
<Event><![CDATA[LOCATION]]></Event>
<Latitude>22.608519</Latitude>
<Longitude>113.182533</Longitude>
<Precision>220.000000</Precision>
</xml>

2018-03-29 13:53:40 params :
------------
String:
array (
  'message' => 
  array (
    'tousername' => 'gh_3d9ec5667ec1',
    'fromusername' => 'o3hgew41kImYbbdlO-cSJnBADKKc',
    'createtime' => '1522302819',
    'msgtype' => 'event',
    'event' => 'LOCATION',
    'latitude' => '22.608519',
    'longitude' => '113.182533',
    'precision' => '220.000000',
    'from' => 'o3hgew41kImYbbdlO-cSJnBADKKc',
    'to' => 'gh_3d9ec5667ec1',
    'time' => '1522302819',
    'type' => 'trace',
    'location_x' => '22.608519',
    'location_y' => '113.182533',
  ),
  'module' => 'default',
  'rule' => '-1',
)

2018-03-29 13:53:40 response :
------------
Array:
errno : -1 ;
message : Invaild value ;

2018-03-29 13:55:21 trace :
------------
String:
<xml><ToUserName><![CDATA[gh_3d9ec5667ec1]]></ToUserName>
<FromUserName><![CDATA[o3hgew3IR5D7EFTB59y-gxGc7Ulk]]></FromUserName>
<CreateTime>1522302920</CreateTime>
<MsgType><![CDATA[event]]></MsgType>
<Event><![CDATA[LOCATION]]></Event>
<Latitude>23.070925</Latitude>
<Longitude>112.844711</Longitude>
<Precision>65.000000</Precision>
</xml>

2018-03-29 13:55:21 params :
------------
String:
array (
  'message' => 
  array (
    'tousername' => 'gh_3d9ec5667ec1',
    'fromusername' => 'o3hgew3IR5D7EFTB59y-gxGc7Ulk',
    'createtime' => '1522302920',
    'msgtype' => 'event',
    'event' => 'LOCATION',
    'latitude' => '23.070925',
    'longitude' => '112.844711',
    'precision' => '65.000000',
    'from' => 'o3hgew3IR5D7EFTB59y-gxGc7Ulk',
    'to' => 'gh_3d9ec5667ec1',
    'time' => '1522302920',
    'type' => 'trace',
    'location_x' => '23.070925',
    'location_y' => '112.844711',
  ),
  'module' => 'default',
  'rule' => '-1',
)

2018-03-29 13:55:21 response :
------------
Array:
errno : -1 ;
message : Invaild value ;

2018-03-29 13:55:34 trace :
------------
String:
<xml><ToUserName><![CDATA[gh_3d9ec5667ec1]]></ToUserName>
<FromUserName><![CDATA[o3hgew3LspnA3F6t1CA2-UeDA2_c]]></FromUserName>
<CreateTime>1522302933</CreateTime>
<MsgType><![CDATA[event]]></MsgType>
<Event><![CDATA[subscribe]]></Event>
<EventKey><![CDATA[]]></EventKey>
</xml>

2018-03-29 13:55:35 params :
------------
String:
array (
  'rule' => -2,
  'module' => '',
  'message' => 
  array (
    'tousername' => 'gh_3d9ec5667ec1',
    'fromusername' => 'o3hgew3LspnA3F6t1CA2-UeDA2_c',
    'createtime' => '1522302933',
    'msgtype' => 'event',
    'event' => 'subscribe',
    'eventkey' => '',
    'from' => 'o3hgew3LspnA3F6t1CA2-UeDA2_c',
    'to' => 'gh_3d9ec5667ec1',
    'time' => '1522302933',
    'type' => 'text',
    'redirection' => true,
    'source' => 'subscribe',
  ),
)

2018-03-29 13:55:35 response :
------------

2018-03-29 13:55:40 trace :
------------
String:
<xml><ToUserName><![CDATA[gh_3d9ec5667ec1]]></ToUserName>
<FromUserName><![CDATA[o3hgew3LspnA3F6t1CA2-UeDA2_c]]></FromUserName>
<CreateTime>1522302939</CreateTime>
<MsgType><![CDATA[event]]></MsgType>
<Event><![CDATA[LOCATION]]></Event>
<Latitude>22.608583</Latitude>
<Longitude>113.182053</Longitude>
<Precision>65.000000</Precision>
</xml>

2018-03-29 13:55:40 params :
------------
String:
array (
  'message' => 
  array (
    'tousername' => 'gh_3d9ec5667ec1',
    'fromusername' => 'o3hgew3LspnA3F6t1CA2-UeDA2_c',
    'createtime' => '1522302939',
    'msgtype' => 'event',
    'event' => 'LOCATION',
    'latitude' => '22.608583',
    'longitude' => '113.182053',
    'precision' => '65.000000',
    'from' => 'o3hgew3LspnA3F6t1CA2-UeDA2_c',
    'to' => 'gh_3d9ec5667ec1',
    'time' => '1522302939',
    'type' => 'trace',
    'location_x' => '22.608583',
    'location_y' => '113.182053',
  ),
  'module' => 'default',
  'rule' => '-1',
)

2018-03-29 13:55:40 response :
------------
Array:
errno : -1 ;
message : Invaild value ;

2018-03-29 13:56:02 trace :
------------
String:
<xml><ToUserName><![CDATA[gh_3d9ec5667ec1]]></ToUserName>
<FromUserName><![CDATA[o3hgew3LspnA3F6t1CA2-UeDA2_c]]></FromUserName>
<CreateTime>1522302961</CreateTime>
<MsgType><![CDATA[event]]></MsgType>
<Event><![CDATA[user_get_card]]></Event>
<CardId><![CDATA[p3hgewwmNS6lAo0HM97FfGnv638c]]></CardId>
<IsGiveByFriend>0</IsGiveByFriend>
<UserCardCode><![CDATA[886667962160]]></UserCardCode>
<FriendUserName><![CDATA[]]></FriendUserName>
<OuterId>0</OuterId>
<OldUserCardCode><![CDATA[]]></OldUserCardCode>
<IsRestoreMemberCard>0</IsRestoreMemberCard>
<IsRecommendByFriend>0</IsRecommendByFriend>
<SourceScene><![CDATA[SOURCE_SCENE_QRCODE]]></SourceScene>
<UnionId><![CDATA[oAAAAAF5Zts8egyfOn04RGCpG0lY]]></UnionId>
</xml>

2018-03-29 13:56:02 params :
------------
String:
array (
  'rule' => -2,
  'module' => '',
  'message' => 
  array (
    'tousername' => 'gh_3d9ec5667ec1',
    'fromusername' => 'o3hgew3LspnA3F6t1CA2-UeDA2_c',
    'createtime' => '1522302961',
    'msgtype' => 'event',
    'event' => 'user_get_card',
    'cardid' => 'p3hgewwmNS6lAo0HM97FfGnv638c',
    'isgivebyfriend' => '0',
    'usercardcode' => '886667962160',
    'friendusername' => '',
    'outerid' => '0',
    'oldusercardcode' => '',
    'isrestoremembercard' => '0',
    'isrecommendbyfriend' => '0',
    'sourcescene' => 'SOURCE_SCENE_QRCODE',
    'unionid' => 'oAAAAAF5Zts8egyfOn04RGCpG0lY',
    'from' => 'o3hgew3LspnA3F6t1CA2-UeDA2_c',
    'to' => 'gh_3d9ec5667ec1',
    'time' => '1522302961',
    'type' => 'coupon',
  ),
)

2018-03-29 13:56:02 response :
------------

2018-03-29 13:56:02 trace :
------------
String:
<xml><ToUserName><![CDATA[gh_3d9ec5667ec1]]></ToUserName>
<FromUserName><![CDATA[o3hgew3LspnA3F6t1CA2-UeDA2_c]]></FromUserName>
<CreateTime>1522302961</CreateTime>
<MsgType><![CDATA[event]]></MsgType>
<Event><![CDATA[user_view_card]]></Event>
<CardId><![CDATA[p3hgewwmNS6lAo0HM97FfGnv638c]]></CardId>
<UserCardCode><![CDATA[886667962160]]></UserCardCode>
<OuterStr><![CDATA[]]></OuterStr>
</xml>

2018-03-29 13:56:02 params :
------------
String:
array (
  'rule' => -2,
  'module' => '',
  'message' => 
  array (
    'tousername' => 'gh_3d9ec5667ec1',
    'fromusername' => 'o3hgew3LspnA3F6t1CA2-UeDA2_c',
    'createtime' => '1522302961',
    'msgtype' => 'event',
    'event' => 'user_view_card',
    'cardid' => 'p3hgewwmNS6lAo0HM97FfGnv638c',
    'usercardcode' => '886667962160',
    'outerstr' => '',
    'from' => 'o3hgew3LspnA3F6t1CA2-UeDA2_c',
    'to' => 'gh_3d9ec5667ec1',
    'time' => '1522302961',
    'type' => 'event',
  ),
)

2018-03-29 13:56:02 response :
------------

2018-03-29 13:56:10 trace :
------------
String:
<xml><ToUserName><![CDATA[gh_3d9ec5667ec1]]></ToUserName>
<FromUserName><![CDATA[o3hgew3LspnA3F6t1CA2-UeDA2_c]]></FromUserName>
<CreateTime>1522302969</CreateTime>
<MsgType><![CDATA[event]]></MsgType>
<Event><![CDATA[user_view_card]]></Event>
<CardId><![CDATA[p3hgewwmNS6lAo0HM97FfGnv638c]]></CardId>
<UserCardCode><![CDATA[886667962160]]></UserCardCode>
<OuterStr><![CDATA[]]></OuterStr>
</xml>

2018-03-29 13:56:10 params :
------------
String:
array (
  'rule' => -2,
  'module' => '',
  'message' => 
  array (
    'tousername' => 'gh_3d9ec5667ec1',
    'fromusername' => 'o3hgew3LspnA3F6t1CA2-UeDA2_c',
    'createtime' => '1522302969',
    'msgtype' => 'event',
    'event' => 'user_view_card',
    'cardid' => 'p3hgewwmNS6lAo0HM97FfGnv638c',
    'usercardcode' => '886667962160',
    'outerstr' => '',
    'from' => 'o3hgew3LspnA3F6t1CA2-UeDA2_c',
    'to' => 'gh_3d9ec5667ec1',
    'time' => '1522302969',
    'type' => 'event',
  ),
)

2018-03-29 13:56:10 response :
------------

2018-03-29 13:56:12 trace :
------------
String:
<xml><ToUserName><![CDATA[gh_3d9ec5667ec1]]></ToUserName>
<FromUserName><![CDATA[o3hgew3LspnA3F6t1CA2-UeDA2_c]]></FromUserName>
<CreateTime>1522302971</CreateTime>
<MsgType><![CDATA[event]]></MsgType>
<Event><![CDATA[LOCATION]]></Event>
<Latitude>22.608379</Latitude>
<Longitude>113.182037</Longitude>
<Precision>65.000000</Precision>
</xml>

2018-03-29 13:56:12 params :
------------
String:
array (
  'message' => 
  array (
    'tousername' => 'gh_3d9ec5667ec1',
    'fromusername' => 'o3hgew3LspnA3F6t1CA2-UeDA2_c',
    'createtime' => '1522302971',
    'msgtype' => 'event',
    'event' => 'LOCATION',
    'latitude' => '22.608379',
    'longitude' => '113.182037',
    'precision' => '65.000000',
    'from' => 'o3hgew3LspnA3F6t1CA2-UeDA2_c',
    'to' => 'gh_3d9ec5667ec1',
    'time' => '1522302971',
    'type' => 'trace',
    'location_x' => '22.608379',
    'location_y' => '113.182037',
  ),
  'module' => 'default',
  'rule' => '-1',
)

2018-03-29 13:56:12 response :
------------
Array:
errno : -1 ;
message : Invaild value ;

2018-03-29 13:56:12 trace :
------------
String:
<xml><ToUserName><![CDATA[gh_3d9ec5667ec1]]></ToUserName>
<FromUserName><![CDATA[o3hgew3LspnA3F6t1CA2-UeDA2_c]]></FromUserName>
<CreateTime>1522302972</CreateTime>
<MsgType><![CDATA[event]]></MsgType>
<Event><![CDATA[user_enter_session_from_card]]></Event>
<CardId><![CDATA[p3hgewwmNS6lAo0HM97FfGnv638c]]></CardId>
<UserCardCode><![CDATA[886667962160]]></UserCardCode>
</xml>

2018-03-29 13:56:12 params :
------------
String:
array (
  'rule' => -2,
  'module' => '',
  'message' => 
  array (
    'tousername' => 'gh_3d9ec5667ec1',
    'fromusername' => 'o3hgew3LspnA3F6t1CA2-UeDA2_c',
    'createtime' => '1522302972',
    'msgtype' => 'event',
    'event' => 'user_enter_session_from_card',
    'cardid' => 'p3hgewwmNS6lAo0HM97FfGnv638c',
    'usercardcode' => '886667962160',
    'from' => 'o3hgew3LspnA3F6t1CA2-UeDA2_c',
    'to' => 'gh_3d9ec5667ec1',
    'time' => '1522302972',
    'type' => 'event',
  ),
)

2018-03-29 13:56:12 response :
------------

2018-03-29 13:56:22 trace :
------------
String:
<xml><ToUserName><![CDATA[gh_3d9ec5667ec1]]></ToUserName>
<FromUserName><![CDATA[o3hgew_x7XF45E7Hu1GDWOoSAu8o]]></FromUserName>
<CreateTime>1522302981</CreateTime>
<MsgType><![CDATA[event]]></MsgType>
<Event><![CDATA[subscribe]]></Event>
<EventKey><![CDATA[]]></EventKey>
</xml>

2018-03-29 13:56:22 params :
------------
String:
array (
  'rule' => -2,
  'module' => '',
  'message' => 
  array (
    'tousername' => 'gh_3d9ec5667ec1',
    'fromusername' => 'o3hgew_x7XF45E7Hu1GDWOoSAu8o',
    'createtime' => '1522302981',
    'msgtype' => 'event',
    'event' => 'subscribe',
    'eventkey' => '',
    'from' => 'o3hgew_x7XF45E7Hu1GDWOoSAu8o',
    'to' => 'gh_3d9ec5667ec1',
    'time' => '1522302981',
    'type' => 'text',
    'redirection' => true,
    'source' => 'subscribe',
  ),
)

2018-03-29 13:56:22 response :
------------

2018-03-29 13:56:28 trace :
------------
String:
<xml><ToUserName><![CDATA[gh_3d9ec5667ec1]]></ToUserName>
<FromUserName><![CDATA[o3hgew_x7XF45E7Hu1GDWOoSAu8o]]></FromUserName>
<CreateTime>1522302987</CreateTime>
<MsgType><![CDATA[event]]></MsgType>
<Event><![CDATA[LOCATION]]></Event>
<Latitude>22.608553</Latitude>
<Longitude>113.182037</Longitude>
<Precision>29.000000</Precision>
</xml>

2018-03-29 13:56:28 params :
------------
String:
array (
  'message' => 
  array (
    'tousername' => 'gh_3d9ec5667ec1',
    'fromusername' => 'o3hgew_x7XF45E7Hu1GDWOoSAu8o',
    'createtime' => '1522302987',
    'msgtype' => 'event',
    'event' => 'LOCATION',
    'latitude' => '22.608553',
    'longitude' => '113.182037',
    'precision' => '29.000000',
    'from' => 'o3hgew_x7XF45E7Hu1GDWOoSAu8o',
    'to' => 'gh_3d9ec5667ec1',
    'time' => '1522302987',
    'type' => 'trace',
    'location_x' => '22.608553',
    'location_y' => '113.182037',
  ),
  'module' => 'default',
  'rule' => '-1',
)

2018-03-29 13:56:28 response :
------------
Array:
errno : -1 ;
message : Invaild value ;

2018-03-29 13:56:49 trace :
------------
String:
<xml><ToUserName><![CDATA[gh_3d9ec5667ec1]]></ToUserName>
<FromUserName><![CDATA[o3hgew_x7XF45E7Hu1GDWOoSAu8o]]></FromUserName>
<CreateTime>1522303008</CreateTime>
<MsgType><![CDATA[text]]></MsgType>
<Content><![CDATA[你好]]></Content>
<MsgId>6538241634389918594</MsgId>
</xml>

2018-03-29 13:56:49 params :
------------
String:
array (
  'rule' => -2,
  'module' => '',
  'message' => 
  array (
    'tousername' => 'gh_3d9ec5667ec1',
    'fromusername' => 'o3hgew_x7XF45E7Hu1GDWOoSAu8o',
    'createtime' => '1522303008',
    'msgtype' => 'text',
    'content' => '你好',
    'msgid' => '6538241634389918594',
    'from' => 'o3hgew_x7XF45E7Hu1GDWOoSAu8o',
    'to' => 'gh_3d9ec5667ec1',
    'time' => '1522303008',
    'type' => 'text',
    'event' => NULL,
    'redirection' => false,
    'source' => NULL,
  ),
)

2018-03-29 13:56:49 response :
------------

2018-03-29 13:58:01 trace :
------------
String:
<xml><ToUserName><![CDATA[gh_3d9ec5667ec1]]></ToUserName>
<FromUserName><![CDATA[o3hgew7H9qsf4kVhXh1uoFJ4jPPc]]></FromUserName>
<CreateTime>1522303080</CreateTime>
<MsgType><![CDATA[event]]></MsgType>
<Event><![CDATA[subscribe]]></Event>
<EventKey><![CDATA[]]></EventKey>
</xml>

2018-03-29 13:58:01 params :
------------
String:
array (
  'rule' => -2,
  'module' => '',
  'message' => 
  array (
    'tousername' => 'gh_3d9ec5667ec1',
    'fromusername' => 'o3hgew7H9qsf4kVhXh1uoFJ4jPPc',
    'createtime' => '1522303080',
    'msgtype' => 'event',
    'event' => 'subscribe',
    'eventkey' => '',
    'from' => 'o3hgew7H9qsf4kVhXh1uoFJ4jPPc',
    'to' => 'gh_3d9ec5667ec1',
    'time' => '1522303080',
    'type' => 'text',
    'redirection' => true,
    'source' => 'subscribe',
  ),
)

2018-03-29 13:58:01 response :
------------

2018-03-29 13:58:07 trace :
------------
String:
<xml><ToUserName><![CDATA[gh_3d9ec5667ec1]]></ToUserName>
<FromUserName><![CDATA[o3hgew7H9qsf4kVhXh1uoFJ4jPPc]]></FromUserName>
<CreateTime>1522303086</CreateTime>
<MsgType><![CDATA[event]]></MsgType>
<Event><![CDATA[LOCATION]]></Event>
<Latitude>22.608181</Latitude>
<Longitude>113.181702</Longitude>
<Precision>280.000000</Precision>
</xml>

2018-03-29 13:58:07 params :
------------
String:
array (
  'message' => 
  array (
    'tousername' => 'gh_3d9ec5667ec1',
    'fromusername' => 'o3hgew7H9qsf4kVhXh1uoFJ4jPPc',
    'createtime' => '1522303086',
    'msgtype' => 'event',
    'event' => 'LOCATION',
    'latitude' => '22.608181',
    'longitude' => '113.181702',
    'precision' => '280.000000',
    'from' => 'o3hgew7H9qsf4kVhXh1uoFJ4jPPc',
    'to' => 'gh_3d9ec5667ec1',
    'time' => '1522303086',
    'type' => 'trace',
    'location_x' => '22.608181',
    'location_y' => '113.181702',
  ),
  'module' => 'default',
  'rule' => '-1',
)

2018-03-29 13:58:07 response :
------------
Array:
errno : -1 ;
message : Invaild value ;

2018-03-29 13:58:43 trace :
------------
String:
<xml><ToUserName><![CDATA[gh_3d9ec5667ec1]]></ToUserName>
<FromUserName><![CDATA[o3hgew41kImYbbdlO-cSJnBADKKc]]></FromUserName>
<CreateTime>1522303122</CreateTime>
<MsgType><![CDATA[event]]></MsgType>
<Event><![CDATA[LOCATION]]></Event>
<Latitude>22.608557</Latitude>
<Longitude>113.181992</Longitude>
<Precision>30.000000</Precision>
</xml>

2018-03-29 13:58:43 params :
------------
String:
array (
  'message' => 
  array (
    'tousername' => 'gh_3d9ec5667ec1',
    'fromusername' => 'o3hgew41kImYbbdlO-cSJnBADKKc',
    'createtime' => '1522303122',
    'msgtype' => 'event',
    'event' => 'LOCATION',
    'latitude' => '22.608557',
    'longitude' => '113.181992',
    'precision' => '30.000000',
    'from' => 'o3hgew41kImYbbdlO-cSJnBADKKc',
    'to' => 'gh_3d9ec5667ec1',
    'time' => '1522303122',
    'type' => 'trace',
    'location_x' => '22.608557',
    'location_y' => '113.181992',
  ),
  'module' => 'default',
  'rule' => '-1',
)

2018-03-29 13:58:43 response :
------------
Array:
errno : -1 ;
message : Invaild value ;

2018-03-29 13:59:06 trace :
------------
String:
<xml><ToUserName><![CDATA[gh_3d9ec5667ec1]]></ToUserName>
<FromUserName><![CDATA[o3hgew9__uWt_dfnCQgW0LFXmQ6Y]]></FromUserName>
<CreateTime>1522303145</CreateTime>
<MsgType><![CDATA[event]]></MsgType>
<Event><![CDATA[subscribe]]></Event>
<EventKey><![CDATA[]]></EventKey>
</xml>

2018-03-29 13:59:06 params :
------------
String:
array (
  'rule' => -2,
  'module' => '',
  'message' => 
  array (
    'tousername' => 'gh_3d9ec5667ec1',
    'fromusername' => 'o3hgew9__uWt_dfnCQgW0LFXmQ6Y',
    'createtime' => '1522303145',
    'msgtype' => 'event',
    'event' => 'subscribe',
    'eventkey' => '',
    'from' => 'o3hgew9__uWt_dfnCQgW0LFXmQ6Y',
    'to' => 'gh_3d9ec5667ec1',
    'time' => '1522303145',
    'type' => 'text',
    'redirection' => true,
    'source' => 'subscribe',
  ),
)

2018-03-29 13:59:06 response :
------------

2018-03-29 13:59:11 trace :
------------
String:
<xml><ToUserName><![CDATA[gh_3d9ec5667ec1]]></ToUserName>
<FromUserName><![CDATA[o3hgew9__uWt_dfnCQgW0LFXmQ6Y]]></FromUserName>
<CreateTime>1522303150</CreateTime>
<MsgType><![CDATA[event]]></MsgType>
<Event><![CDATA[LOCATION]]></Event>
<Latitude>22.608370</Latitude>
<Longitude>113.181938</Longitude>
<Precision>40.000000</Precision>
</xml>

2018-03-29 13:59:11 params :
------------
String:
array (
  'message' => 
  array (
    'tousername' => 'gh_3d9ec5667ec1',
    'fromusername' => 'o3hgew9__uWt_dfnCQgW0LFXmQ6Y',
    'createtime' => '1522303150',
    'msgtype' => 'event',
    'event' => 'LOCATION',
    'latitude' => '22.608370',
    'longitude' => '113.181938',
    'precision' => '40.000000',
    'from' => 'o3hgew9__uWt_dfnCQgW0LFXmQ6Y',
    'to' => 'gh_3d9ec5667ec1',
    'time' => '1522303150',
    'type' => 'trace',
    'location_x' => '22.608370',
    'location_y' => '113.181938',
  ),
  'module' => 'default',
  'rule' => '-1',
)

2018-03-29 13:59:11 response :
------------
Array:
errno : -1 ;
message : Invaild value ;

2018-03-29 14:00:06 trace :
------------
String:
<xml><ToUserName><![CDATA[gh_3d9ec5667ec1]]></ToUserName>
<FromUserName><![CDATA[o3hgew9__uWt_dfnCQgW0LFXmQ6Y]]></FromUserName>
<CreateTime>1522303205</CreateTime>
<MsgType><![CDATA[event]]></MsgType>
<Event><![CDATA[user_get_card]]></Event>
<CardId><![CDATA[p3hgewwmNS6lAo0HM97FfGnv638c]]></CardId>
<IsGiveByFriend>0</IsGiveByFriend>
<UserCardCode><![CDATA[199586179972]]></UserCardCode>
<FriendUserName><![CDATA[]]></FriendUserName>
<OuterId>0</OuterId>
<OldUserCardCode><![CDATA[]]></OldUserCardCode>
<IsRestoreMemberCard>0</IsRestoreMemberCard>
<IsRecommendByFriend>0</IsRecommendByFriend>
<SourceScene><![CDATA[SOURCE_SCENE_QRCODE]]></SourceScene>
<UnionId><![CDATA[oAAAAAK84G6sPTJceLJogtrAnj-I]]></UnionId>
</xml>

2018-03-29 14:00:06 params :
------------
String:
array (
  'rule' => -2,
  'module' => '',
  'message' => 
  array (
    'tousername' => 'gh_3d9ec5667ec1',
    'fromusername' => 'o3hgew9__uWt_dfnCQgW0LFXmQ6Y',
    'createtime' => '1522303205',
    'msgtype' => 'event',
    'event' => 'user_get_card',
    'cardid' => 'p3hgewwmNS6lAo0HM97FfGnv638c',
    'isgivebyfriend' => '0',
    'usercardcode' => '199586179972',
    'friendusername' => '',
    'outerid' => '0',
    'oldusercardcode' => '',
    'isrestoremembercard' => '0',
    'isrecommendbyfriend' => '0',
    'sourcescene' => 'SOURCE_SCENE_QRCODE',
    'unionid' => 'oAAAAAK84G6sPTJceLJogtrAnj-I',
    'from' => 'o3hgew9__uWt_dfnCQgW0LFXmQ6Y',
    'to' => 'gh_3d9ec5667ec1',
    'time' => '1522303205',
    'type' => 'coupon',
  ),
)

2018-03-29 14:00:06 response :
------------

2018-03-29 14:00:06 trace :
------------
String:
<xml><ToUserName><![CDATA[gh_3d9ec5667ec1]]></ToUserName>
<FromUserName><![CDATA[o3hgew9__uWt_dfnCQgW0LFXmQ6Y]]></FromUserName>
<CreateTime>1522303205</CreateTime>
<MsgType><![CDATA[event]]></MsgType>
<Event><![CDATA[user_view_card]]></Event>
<CardId><![CDATA[p3hgewwmNS6lAo0HM97FfGnv638c]]></CardId>
<UserCardCode><![CDATA[199586179972]]></UserCardCode>
<OuterStr><![CDATA[]]></OuterStr>
</xml>

2018-03-29 14:00:06 params :
------------
String:
array (
  'rule' => -2,
  'module' => '',
  'message' => 
  array (
    'tousername' => 'gh_3d9ec5667ec1',
    'fromusername' => 'o3hgew9__uWt_dfnCQgW0LFXmQ6Y',
    'createtime' => '1522303205',
    'msgtype' => 'event',
    'event' => 'user_view_card',
    'cardid' => 'p3hgewwmNS6lAo0HM97FfGnv638c',
    'usercardcode' => '199586179972',
    'outerstr' => '',
    'from' => 'o3hgew9__uWt_dfnCQgW0LFXmQ6Y',
    'to' => 'gh_3d9ec5667ec1',
    'time' => '1522303205',
    'type' => 'event',
  ),
)

2018-03-29 14:00:06 response :
------------

2018-03-29 14:00:09 trace :
------------
String:
<xml><ToUserName><![CDATA[gh_3d9ec5667ec1]]></ToUserName>
<FromUserName><![CDATA[o3hgew1T3jA8uDK_RXC36dnTzOLA]]></FromUserName>
<CreateTime>1522303208</CreateTime>
<MsgType><![CDATA[event]]></MsgType>
<Event><![CDATA[subscribe]]></Event>
<EventKey><![CDATA[]]></EventKey>
</xml>

2018-03-29 14:00:09 params :
------------
String:
array (
  'rule' => -2,
  'module' => '',
  'message' => 
  array (
    'tousername' => 'gh_3d9ec5667ec1',
    'fromusername' => 'o3hgew1T3jA8uDK_RXC36dnTzOLA',
    'createtime' => '1522303208',
    'msgtype' => 'event',
    'event' => 'subscribe',
    'eventkey' => '',
    'from' => 'o3hgew1T3jA8uDK_RXC36dnTzOLA',
    'to' => 'gh_3d9ec5667ec1',
    'time' => '1522303208',
    'type' => 'text',
    'redirection' => true,
    'source' => 'subscribe',
  ),
)

2018-03-29 14:00:09 response :
------------

2018-03-29 14:00:31 trace :
------------
String:
<xml><ToUserName><![CDATA[gh_3d9ec5667ec1]]></ToUserName>
<FromUserName><![CDATA[o3hgew1T3jA8uDK_RXC36dnTzOLA]]></FromUserName>
<CreateTime>1522303230</CreateTime>
<MsgType><![CDATA[event]]></MsgType>
<Event><![CDATA[LOCATION]]></Event>
<Latitude>22.608189</Latitude>
<Longitude>113.182327</Longitude>
<Precision>30.000000</Precision>
</xml>

2018-03-29 14:00:31 params :
------------
String:
array (
  'message' => 
  array (
    'tousername' => 'gh_3d9ec5667ec1',
    'fromusername' => 'o3hgew1T3jA8uDK_RXC36dnTzOLA',
    'createtime' => '1522303230',
    'msgtype' => 'event',
    'event' => 'LOCATION',
    'latitude' => '22.608189',
    'longitude' => '113.182327',
    'precision' => '30.000000',
    'from' => 'o3hgew1T3jA8uDK_RXC36dnTzOLA',
    'to' => 'gh_3d9ec5667ec1',
    'time' => '1522303230',
    'type' => 'trace',
    'location_x' => '22.608189',
    'location_y' => '113.182327',
  ),
  'module' => 'default',
  'rule' => '-1',
)

2018-03-29 14:00:31 response :
------------
Array:
errno : -1 ;
message : Invaild value ;

2018-03-29 14:00:54 trace :
------------
String:
<xml><ToUserName><![CDATA[gh_3d9ec5667ec1]]></ToUserName>
<FromUserName><![CDATA[o3hgew1T3jA8uDK_RXC36dnTzOLA]]></FromUserName>
<CreateTime>1522303253</CreateTime>
<MsgType><![CDATA[event]]></MsgType>
<Event><![CDATA[user_get_card]]></Event>
<CardId><![CDATA[p3hgewwmNS6lAo0HM97FfGnv638c]]></CardId>
<IsGiveByFriend>0</IsGiveByFriend>
<UserCardCode><![CDATA[824140704135]]></UserCardCode>
<FriendUserName><![CDATA[]]></FriendUserName>
<OuterId>0</OuterId>
<OldUserCardCode><![CDATA[]]></OldUserCardCode>
<IsRestoreMemberCard>0</IsRestoreMemberCard>
<IsRecommendByFriend>0</IsRecommendByFriend>
<SourceScene><![CDATA[SOURCE_SCENE_QRCODE]]></SourceScene>
<UnionId><![CDATA[oAAAAAOzoY0ka19DrXmh6HwvZavg]]></UnionId>
</xml>

2018-03-29 14:00:54 params :
------------
String:
array (
  'rule' => -2,
  'module' => '',
  'message' => 
  array (
    'tousername' => 'gh_3d9ec5667ec1',
    'fromusername' => 'o3hgew1T3jA8uDK_RXC36dnTzOLA',
    'createtime' => '1522303253',
    'msgtype' => 'event',
    'event' => 'user_get_card',
    'cardid' => 'p3hgewwmNS6lAo0HM97FfGnv638c',
    'isgivebyfriend' => '0',
    'usercardcode' => '824140704135',
    'friendusername' => '',
    'outerid' => '0',
    'oldusercardcode' => '',
    'isrestoremembercard' => '0',
    'isrecommendbyfriend' => '0',
    'sourcescene' => 'SOURCE_SCENE_QRCODE',
    'unionid' => 'oAAAAAOzoY0ka19DrXmh6HwvZavg',
    'from' => 'o3hgew1T3jA8uDK_RXC36dnTzOLA',
    'to' => 'gh_3d9ec5667ec1',
    'time' => '1522303253',
    'type' => 'coupon',
  ),
)

2018-03-29 14:00:54 response :
------------

2018-03-29 14:00:54 trace :
------------
String:
<xml><ToUserName><![CDATA[gh_3d9ec5667ec1]]></ToUserName>
<FromUserName><![CDATA[o3hgew1T3jA8uDK_RXC36dnTzOLA]]></FromUserName>
<CreateTime>1522303254</CreateTime>
<MsgType><![CDATA[event]]></MsgType>
<Event><![CDATA[user_view_card]]></Event>
<CardId><![CDATA[p3hgewwmNS6lAo0HM97FfGnv638c]]></CardId>
<UserCardCode><![CDATA[824140704135]]></UserCardCode>
<OuterStr><![CDATA[]]></OuterStr>
</xml>

2018-03-29 14:00:54 params :
------------
String:
array (
  'rule' => -2,
  'module' => '',
  'message' => 
  array (
    'tousername' => 'gh_3d9ec5667ec1',
    'fromusername' => 'o3hgew1T3jA8uDK_RXC36dnTzOLA',
    'createtime' => '1522303254',
    'msgtype' => 'event',
    'event' => 'user_view_card',
    'cardid' => 'p3hgewwmNS6lAo0HM97FfGnv638c',
    'usercardcode' => '824140704135',
    'outerstr' => '',
    'from' => 'o3hgew1T3jA8uDK_RXC36dnTzOLA',
    'to' => 'gh_3d9ec5667ec1',
    'time' => '1522303254',
    'type' => 'event',
  ),
)

2018-03-29 14:00:54 response :
------------

2018-03-29 14:01:09 trace :
------------
String:
<xml><ToUserName><![CDATA[gh_3d9ec5667ec1]]></ToUserName>
<FromUserName><![CDATA[o3hgew9__uWt_dfnCQgW0LFXmQ6Y]]></FromUserName>
<CreateTime>1522303269</CreateTime>
<MsgType><![CDATA[event]]></MsgType>
<Event><![CDATA[LOCATION]]></Event>
<Latitude>22.608509</Latitude>
<Longitude>113.182129</Longitude>
<Precision>30.000000</Precision>
</xml>

2018-03-29 14:01:09 params :
------------
String:
array (
  'message' => 
  array (
    'tousername' => 'gh_3d9ec5667ec1',
    'fromusername' => 'o3hgew9__uWt_dfnCQgW0LFXmQ6Y',
    'createtime' => '1522303269',
    'msgtype' => 'event',
    'event' => 'LOCATION',
    'latitude' => '22.608509',
    'longitude' => '113.182129',
    'precision' => '30.000000',
    'from' => 'o3hgew9__uWt_dfnCQgW0LFXmQ6Y',
    'to' => 'gh_3d9ec5667ec1',
    'time' => '1522303269',
    'type' => 'trace',
    'location_x' => '22.608509',
    'location_y' => '113.182129',
  ),
  'module' => 'default',
  'rule' => '-1',
)

2018-03-29 14:01:09 response :
------------
Array:
errno : -1 ;
message : Invaild value ;

2018-03-29 14:01:17 trace :
------------
String:
<xml><ToUserName><![CDATA[gh_3d9ec5667ec1]]></ToUserName>
<FromUserName><![CDATA[o3hgew9__uWt_dfnCQgW0LFXmQ6Y]]></FromUserName>
<CreateTime>1522303276</CreateTime>
<MsgType><![CDATA[event]]></MsgType>
<Event><![CDATA[LOCATION]]></Event>
<Latitude>22.608250</Latitude>
<Longitude>113.182251</Longitude>
<Precision>30.000000</Precision>
</xml>

2018-03-29 14:01:17 params :
------------
String:
array (
  'message' => 
  array (
    'tousername' => 'gh_3d9ec5667ec1',
    'fromusername' => 'o3hgew9__uWt_dfnCQgW0LFXmQ6Y',
    'createtime' => '1522303276',
    'msgtype' => 'event',
    'event' => 'LOCATION',
    'latitude' => '22.608250',
    'longitude' => '113.182251',
    'precision' => '30.000000',
    'from' => 'o3hgew9__uWt_dfnCQgW0LFXmQ6Y',
    'to' => 'gh_3d9ec5667ec1',
    'time' => '1522303276',
    'type' => 'trace',
    'location_x' => '22.608250',
    'location_y' => '113.182251',
  ),
  'module' => 'default',
  'rule' => '-1',
)

2018-03-29 14:01:17 response :
------------
Array:
errno : -1 ;
message : Invaild value ;

2018-03-29 14:01:33 trace :
------------
String:
<xml><ToUserName><![CDATA[gh_3d9ec5667ec1]]></ToUserName>
<FromUserName><![CDATA[o3hgew67gBfyYuWXeDCaFfxMtpy0]]></FromUserName>
<CreateTime>1522303293</CreateTime>
<MsgType><![CDATA[event]]></MsgType>
<Event><![CDATA[subscribe]]></Event>
<EventKey><![CDATA[]]></EventKey>
</xml>

2018-03-29 14:01:34 params :
------------
String:
array (
  'rule' => -2,
  'module' => '',
  'message' => 
  array (
    'tousername' => 'gh_3d9ec5667ec1',
    'fromusername' => 'o3hgew67gBfyYuWXeDCaFfxMtpy0',
    'createtime' => '1522303293',
    'msgtype' => 'event',
    'event' => 'subscribe',
    'eventkey' => '',
    'from' => 'o3hgew67gBfyYuWXeDCaFfxMtpy0',
    'to' => 'gh_3d9ec5667ec1',
    'time' => '1522303293',
    'type' => 'text',
    'redirection' => true,
    'source' => 'subscribe',
  ),
)

2018-03-29 14:01:34 response :
------------

2018-03-29 14:02:39 trace :
------------
String:
<xml><ToUserName><![CDATA[gh_3d9ec5667ec1]]></ToUserName>
<FromUserName><![CDATA[o3hgew9__uWt_dfnCQgW0LFXmQ6Y]]></FromUserName>
<CreateTime>1522303358</CreateTime>
<MsgType><![CDATA[event]]></MsgType>
<Event><![CDATA[LOCATION]]></Event>
<Latitude>22.608192</Latitude>
<Longitude>113.182228</Longitude>
<Precision>30.000000</Precision>
</xml>

2018-03-29 14:02:39 params :
------------
String:
array (
  'message' => 
  array (
    'tousername' => 'gh_3d9ec5667ec1',
    'fromusername' => 'o3hgew9__uWt_dfnCQgW0LFXmQ6Y',
    'createtime' => '1522303358',
    'msgtype' => 'event',
    'event' => 'LOCATION',
    'latitude' => '22.608192',
    'longitude' => '113.182228',
    'precision' => '30.000000',
    'from' => 'o3hgew9__uWt_dfnCQgW0LFXmQ6Y',
    'to' => 'gh_3d9ec5667ec1',
    'time' => '1522303358',
    'type' => 'trace',
    'location_x' => '22.608192',
    'location_y' => '113.182228',
  ),
  'module' => 'default',
  'rule' => '-1',
)

2018-03-29 14:02:39 response :
------------
Array:
errno : -1 ;
message : Invaild value ;

2018-03-29 14:03:02 trace :
------------
String:
<xml><ToUserName><![CDATA[gh_3d9ec5667ec1]]></ToUserName>
<FromUserName><![CDATA[o3hgew1T3jA8uDK_RXC36dnTzOLA]]></FromUserName>
<CreateTime>1522303381</CreateTime>
<MsgType><![CDATA[event]]></MsgType>
<Event><![CDATA[LOCATION]]></Event>
<Latitude>22.608700</Latitude>
<Longitude>113.181900</Longitude>
<Precision>30.000000</Precision>
</xml>

2018-03-29 14:03:02 params :
------------
String:
array (
  'message' => 
  array (
    'tousername' => 'gh_3d9ec5667ec1',
    'fromusername' => 'o3hgew1T3jA8uDK_RXC36dnTzOLA',
    'createtime' => '1522303381',
    'msgtype' => 'event',
    'event' => 'LOCATION',
    'latitude' => '22.608700',
    'longitude' => '113.181900',
    'precision' => '30.000000',
    'from' => 'o3hgew1T3jA8uDK_RXC36dnTzOLA',
    'to' => 'gh_3d9ec5667ec1',
    'time' => '1522303381',
    'type' => 'trace',
    'location_x' => '22.608700',
    'location_y' => '113.181900',
  ),
  'module' => 'default',
  'rule' => '-1',
)

2018-03-29 14:03:02 response :
------------
Array:
errno : -1 ;
message : Invaild value ;

2018-03-29 14:04:09 trace :
------------
String:
<xml><ToUserName><![CDATA[gh_3d9ec5667ec1]]></ToUserName>
<FromUserName><![CDATA[o3hgew41kImYbbdlO-cSJnBADKKc]]></FromUserName>
<CreateTime>1522303448</CreateTime>
<MsgType><![CDATA[event]]></MsgType>
<Event><![CDATA[LOCATION]]></Event>
<Latitude>22.608637</Latitude>
<Longitude>113.182442</Longitude>
<Precision>30.000000</Precision>
</xml>

2018-03-29 14:04:09 params :
------------
String:
array (
  'message' => 
  array (
    'tousername' => 'gh_3d9ec5667ec1',
    'fromusername' => 'o3hgew41kImYbbdlO-cSJnBADKKc',
    'createtime' => '1522303448',
    'msgtype' => 'event',
    'event' => 'LOCATION',
    'latitude' => '22.608637',
    'longitude' => '113.182442',
    'precision' => '30.000000',
    'from' => 'o3hgew41kImYbbdlO-cSJnBADKKc',
    'to' => 'gh_3d9ec5667ec1',
    'time' => '1522303448',
    'type' => 'trace',
    'location_x' => '22.608637',
    'location_y' => '113.182442',
  ),
  'module' => 'default',
  'rule' => '-1',
)

2018-03-29 14:04:09 response :
------------
Array:
errno : -1 ;
message : Invaild value ;

2018-03-29 14:04:30 trace :
------------
String:
<xml><ToUserName><![CDATA[gh_3d9ec5667ec1]]></ToUserName>
<FromUserName><![CDATA[o3hgeww_4CFoDZmM1KYtthjonBZo]]></FromUserName>
<CreateTime>1522303469</CreateTime>
<MsgType><![CDATA[event]]></MsgType>
<Event><![CDATA[subscribe]]></Event>
<EventKey><![CDATA[]]></EventKey>
</xml>

2018-03-29 14:04:30 params :
------------
String:
array (
  'rule' => -2,
  'module' => '',
  'message' => 
  array (
    'tousername' => 'gh_3d9ec5667ec1',
    'fromusername' => 'o3hgeww_4CFoDZmM1KYtthjonBZo',
    'createtime' => '1522303469',
    'msgtype' => 'event',
    'event' => 'subscribe',
    'eventkey' => '',
    'from' => 'o3hgeww_4CFoDZmM1KYtthjonBZo',
    'to' => 'gh_3d9ec5667ec1',
    'time' => '1522303469',
    'type' => 'text',
    'redirection' => true,
    'source' => 'subscribe',
  ),
)

2018-03-29 14:04:30 response :
------------

2018-03-29 14:04:34 trace :
------------
String:
<xml><ToUserName><![CDATA[gh_3d9ec5667ec1]]></ToUserName>
<FromUserName><![CDATA[o3hgeww_4CFoDZmM1KYtthjonBZo]]></FromUserName>
<CreateTime>1522303473</CreateTime>
<MsgType><![CDATA[event]]></MsgType>
<Event><![CDATA[LOCATION]]></Event>
<Latitude>22.608288</Latitude>
<Longitude>113.182053</Longitude>
<Precision>65.000000</Precision>
</xml>

2018-03-29 14:04:34 params :
------------
String:
array (
  'message' => 
  array (
    'tousername' => 'gh_3d9ec5667ec1',
    'fromusername' => 'o3hgeww_4CFoDZmM1KYtthjonBZo',
    'createtime' => '1522303473',
    'msgtype' => 'event',
    'event' => 'LOCATION',
    'latitude' => '22.608288',
    'longitude' => '113.182053',
    'precision' => '65.000000',
    'from' => 'o3hgeww_4CFoDZmM1KYtthjonBZo',
    'to' => 'gh_3d9ec5667ec1',
    'time' => '1522303473',
    'type' => 'trace',
    'location_x' => '22.608288',
    'location_y' => '113.182053',
  ),
  'module' => 'default',
  'rule' => '-1',
)

2018-03-29 14:04:34 response :
------------
Array:
errno : -1 ;
message : Invaild value ;

2018-03-29 14:04:45 trace :
------------
String:
<xml><ToUserName><![CDATA[gh_3d9ec5667ec1]]></ToUserName>
<FromUserName><![CDATA[o3hgeww_4CFoDZmM1KYtthjonBZo]]></FromUserName>
<CreateTime>1522303485</CreateTime>
<MsgType><![CDATA[event]]></MsgType>
<Event><![CDATA[user_get_card]]></Event>
<CardId><![CDATA[p3hgewwmNS6lAo0HM97FfGnv638c]]></CardId>
<IsGiveByFriend>0</IsGiveByFriend>
<UserCardCode><![CDATA[325910100813]]></UserCardCode>
<FriendUserName><![CDATA[]]></FriendUserName>
<OuterId>0</OuterId>
<OldUserCardCode><![CDATA[]]></OldUserCardCode>
<IsRestoreMemberCard>0</IsRestoreMemberCard>
<IsRecommendByFriend>0</IsRecommendByFriend>
<SourceScene><![CDATA[SOURCE_SCENE_QRCODE]]></SourceScene>
<UnionId><![CDATA[oAAAAAMy83N5purSFh7sYFHmhKlM]]></UnionId>
</xml>

2018-03-29 14:04:45 params :
------------
String:
array (
  'rule' => -2,
  'module' => '',
  'message' => 
  array (
    'tousername' => 'gh_3d9ec5667ec1',
    'fromusername' => 'o3hgeww_4CFoDZmM1KYtthjonBZo',
    'createtime' => '1522303485',
    'msgtype' => 'event',
    'event' => 'user_get_card',
    'cardid' => 'p3hgewwmNS6lAo0HM97FfGnv638c',
    'isgivebyfriend' => '0',
    'usercardcode' => '325910100813',
    'friendusername' => '',
    'outerid' => '0',
    'oldusercardcode' => '',
    'isrestoremembercard' => '0',
    'isrecommendbyfriend' => '0',
    'sourcescene' => 'SOURCE_SCENE_QRCODE',
    'unionid' => 'oAAAAAMy83N5purSFh7sYFHmhKlM',
    'from' => 'o3hgeww_4CFoDZmM1KYtthjonBZo',
    'to' => 'gh_3d9ec5667ec1',
    'time' => '1522303485',
    'type' => 'coupon',
  ),
)

2018-03-29 14:04:45 response :
------------

2018-03-29 14:04:46 trace :
------------
String:
<xml><ToUserName><![CDATA[gh_3d9ec5667ec1]]></ToUserName>
<FromUserName><![CDATA[o3hgeww_4CFoDZmM1KYtthjonBZo]]></FromUserName>
<CreateTime>1522303485</CreateTime>
<MsgType><![CDATA[event]]></MsgType>
<Event><![CDATA[user_view_card]]></Event>
<CardId><![CDATA[p3hgewwmNS6lAo0HM97FfGnv638c]]></CardId>
<UserCardCode><![CDATA[325910100813]]></UserCardCode>
<OuterStr><![CDATA[]]></OuterStr>
</xml>

2018-03-29 14:04:46 params :
------------
String:
array (
  'rule' => -2,
  'module' => '',
  'message' => 
  array (
    'tousername' => 'gh_3d9ec5667ec1',
    'fromusername' => 'o3hgeww_4CFoDZmM1KYtthjonBZo',
    'createtime' => '1522303485',
    'msgtype' => 'event',
    'event' => 'user_view_card',
    'cardid' => 'p3hgewwmNS6lAo0HM97FfGnv638c',
    'usercardcode' => '325910100813',
    'outerstr' => '',
    'from' => 'o3hgeww_4CFoDZmM1KYtthjonBZo',
    'to' => 'gh_3d9ec5667ec1',
    'time' => '1522303485',
    'type' => 'event',
  ),
)

2018-03-29 14:04:46 response :
------------

2018-03-29 14:05:03 trace :
------------
String:
<xml><ToUserName><![CDATA[gh_3d9ec5667ec1]]></ToUserName>
<FromUserName><![CDATA[o3hgeww_4CFoDZmM1KYtthjonBZo]]></FromUserName>
<CreateTime>1522303502</CreateTime>
<MsgType><![CDATA[event]]></MsgType>
<Event><![CDATA[LOCATION]]></Event>
<Latitude>22.608227</Latitude>
<Longitude>113.181747</Longitude>
<Precision>65.000000</Precision>
</xml>

2018-03-29 14:05:03 params :
------------
String:
array (
  'message' => 
  array (
    'tousername' => 'gh_3d9ec5667ec1',
    'fromusername' => 'o3hgeww_4CFoDZmM1KYtthjonBZo',
    'createtime' => '1522303502',
    'msgtype' => 'event',
    'event' => 'LOCATION',
    'latitude' => '22.608227',
    'longitude' => '113.181747',
    'precision' => '65.000000',
    'from' => 'o3hgeww_4CFoDZmM1KYtthjonBZo',
    'to' => 'gh_3d9ec5667ec1',
    'time' => '1522303502',
    'type' => 'trace',
    'location_x' => '22.608227',
    'location_y' => '113.181747',
  ),
  'module' => 'default',
  'rule' => '-1',
)

2018-03-29 14:05:03 response :
------------
Array:
errno : -1 ;
message : Invaild value ;

2018-03-29 14:15:46 trace :
------------
String:
<xml><ToUserName><![CDATA[gh_3d9ec5667ec1]]></ToUserName>
<FromUserName><![CDATA[o3hgew1wbwcbau5fmmdbU__kkCgg]]></FromUserName>
<CreateTime>1522304145</CreateTime>
<MsgType><![CDATA[event]]></MsgType>
<Event><![CDATA[subscribe]]></Event>
<EventKey><![CDATA[]]></EventKey>
</xml>

2018-03-29 14:15:46 params :
------------
String:
array (
  'rule' => -2,
  'module' => '',
  'message' => 
  array (
    'tousername' => 'gh_3d9ec5667ec1',
    'fromusername' => 'o3hgew1wbwcbau5fmmdbU__kkCgg',
    'createtime' => '1522304145',
    'msgtype' => 'event',
    'event' => 'subscribe',
    'eventkey' => '',
    'from' => 'o3hgew1wbwcbau5fmmdbU__kkCgg',
    'to' => 'gh_3d9ec5667ec1',
    'time' => '1522304145',
    'type' => 'text',
    'redirection' => true,
    'source' => 'subscribe',
  ),
)

2018-03-29 14:15:46 response :
------------

2018-03-29 14:57:24 trace :
------------
String:
<xml><ToUserName><![CDATA[gh_3d9ec5667ec1]]></ToUserName>
<FromUserName><![CDATA[o3hgew6kdQhBourYrXznuXngjHiI]]></FromUserName>
<CreateTime>1522306643</CreateTime>
<MsgType><![CDATA[event]]></MsgType>
<Event><![CDATA[subscribe]]></Event>
<EventKey><![CDATA[]]></EventKey>
</xml>

2018-03-29 14:57:25 params :
------------
String:
array (
  'rule' => -2,
  'module' => '',
  'message' => 
  array (
    'tousername' => 'gh_3d9ec5667ec1',
    'fromusername' => 'o3hgew6kdQhBourYrXznuXngjHiI',
    'createtime' => '1522306643',
    'msgtype' => 'event',
    'event' => 'subscribe',
    'eventkey' => '',
    'from' => 'o3hgew6kdQhBourYrXznuXngjHiI',
    'to' => 'gh_3d9ec5667ec1',
    'time' => '1522306643',
    'type' => 'text',
    'redirection' => true,
    'source' => 'subscribe',
  ),
)

2018-03-29 14:57:25 response :
------------

2018-03-29 14:57:36 trace :
------------
String:
<xml><ToUserName><![CDATA[gh_3d9ec5667ec1]]></ToUserName>
<FromUserName><![CDATA[o3hgew6kdQhBourYrXznuXngjHiI]]></FromUserName>
<CreateTime>1522306654</CreateTime>
<MsgType><![CDATA[event]]></MsgType>
<Event><![CDATA[LOCATION]]></Event>
<Latitude>22.608200</Latitude>
<Longitude>113.182205</Longitude>
<Precision>30.000000</Precision>
</xml>

2018-03-29 14:57:36 params :
------------
String:
array (
  'message' => 
  array (
    'tousername' => 'gh_3d9ec5667ec1',
    'fromusername' => 'o3hgew6kdQhBourYrXznuXngjHiI',
    'createtime' => '1522306654',
    'msgtype' => 'event',
    'event' => 'LOCATION',
    'latitude' => '22.608200',
    'longitude' => '113.182205',
    'precision' => '30.000000',
    'from' => 'o3hgew6kdQhBourYrXznuXngjHiI',
    'to' => 'gh_3d9ec5667ec1',
    'time' => '1522306654',
    'type' => 'trace',
    'location_x' => '22.608200',
    'location_y' => '113.182205',
  ),
  'module' => 'default',
  'rule' => '-1',
)

2018-03-29 14:57:36 response :
------------
Array:
errno : -1 ;
message : Invaild value ;

2018-03-29 14:57:47 trace :
------------
String:
<xml><ToUserName><![CDATA[gh_3d9ec5667ec1]]></ToUserName>
<FromUserName><![CDATA[o3hgew6kdQhBourYrXznuXngjHiI]]></FromUserName>
<CreateTime>1522306666</CreateTime>
<MsgType><![CDATA[event]]></MsgType>
<Event><![CDATA[LOCATION]]></Event>
<Latitude>22.608200</Latitude>
<Longitude>113.182205</Longitude>
<Precision>30.000000</Precision>
</xml>

2018-03-29 14:57:47 params :
------------
String:
array (
  'message' => 
  array (
    'tousername' => 'gh_3d9ec5667ec1',
    'fromusername' => 'o3hgew6kdQhBourYrXznuXngjHiI',
    'createtime' => '1522306666',
    'msgtype' => 'event',
    'event' => 'LOCATION',
    'latitude' => '22.608200',
    'longitude' => '113.182205',
    'precision' => '30.000000',
    'from' => 'o3hgew6kdQhBourYrXznuXngjHiI',
    'to' => 'gh_3d9ec5667ec1',
    'time' => '1522306666',
    'type' => 'trace',
    'location_x' => '22.608200',
    'location_y' => '113.182205',
  ),
  'module' => 'default',
  'rule' => '-1',
)

2018-03-29 14:57:47 response :
------------
Array:
errno : -1 ;
message : Invaild value ;

2018-03-29 15:20:57 trace :
------------
String:
<xml><ToUserName><![CDATA[gh_3d9ec5667ec1]]></ToUserName>
<FromUserName><![CDATA[o3hgew0yORPVPnzvB0I6ExiXmjJ0]]></FromUserName>
<CreateTime>1522308056</CreateTime>
<MsgType><![CDATA[event]]></MsgType>
<Event><![CDATA[subscribe]]></Event>
<EventKey><![CDATA[]]></EventKey>
</xml>

2018-03-29 15:20:58 params :
------------
String:
array (
  'rule' => -2,
  'module' => '',
  'message' => 
  array (
    'tousername' => 'gh_3d9ec5667ec1',
    'fromusername' => 'o3hgew0yORPVPnzvB0I6ExiXmjJ0',
    'createtime' => '1522308056',
    'msgtype' => 'event',
    'event' => 'subscribe',
    'eventkey' => '',
    'from' => 'o3hgew0yORPVPnzvB0I6ExiXmjJ0',
    'to' => 'gh_3d9ec5667ec1',
    'time' => '1522308056',
    'type' => 'text',
    'redirection' => true,
    'source' => 'subscribe',
  ),
)

2018-03-29 15:20:58 response :
------------

2018-03-29 15:23:10 trace :
------------
String:
<xml><ToUserName><![CDATA[gh_3d9ec5667ec1]]></ToUserName>
<FromUserName><![CDATA[o3hgew5H3M4jI_3Zz9sY0-kbV7Ik]]></FromUserName>
<CreateTime>1522308189</CreateTime>
<MsgType><![CDATA[event]]></MsgType>
<Event><![CDATA[subscribe]]></Event>
<EventKey><![CDATA[]]></EventKey>
</xml>

2018-03-29 15:23:11 params :
------------
String:
array (
  'rule' => -2,
  'module' => '',
  'message' => 
  array (
    'tousername' => 'gh_3d9ec5667ec1',
    'fromusername' => 'o3hgew5H3M4jI_3Zz9sY0-kbV7Ik',
    'createtime' => '1522308189',
    'msgtype' => 'event',
    'event' => 'subscribe',
    'eventkey' => '',
    'from' => 'o3hgew5H3M4jI_3Zz9sY0-kbV7Ik',
    'to' => 'gh_3d9ec5667ec1',
    'time' => '1522308189',
    'type' => 'text',
    'redirection' => true,
    'source' => 'subscribe',
  ),
)

2018-03-29 15:23:11 response :
------------

2018-03-29 15:23:13 trace :
------------
String:
<xml><ToUserName><![CDATA[gh_3d9ec5667ec1]]></ToUserName>
<FromUserName><![CDATA[o3hgew5H3M4jI_3Zz9sY0-kbV7Ik]]></FromUserName>
<CreateTime>1522308192</CreateTime>
<MsgType><![CDATA[event]]></MsgType>
<Event><![CDATA[LOCATION]]></Event>
<Latitude>22.608515</Latitude>
<Longitude>113.182030</Longitude>
<Precision>65.000000</Precision>
</xml>

2018-03-29 15:23:13 params :
------------
String:
array (
  'message' => 
  array (
    'tousername' => 'gh_3d9ec5667ec1',
    'fromusername' => 'o3hgew5H3M4jI_3Zz9sY0-kbV7Ik',
    'createtime' => '1522308192',
    'msgtype' => 'event',
    'event' => 'LOCATION',
    'latitude' => '22.608515',
    'longitude' => '113.182030',
    'precision' => '65.000000',
    'from' => 'o3hgew5H3M4jI_3Zz9sY0-kbV7Ik',
    'to' => 'gh_3d9ec5667ec1',
    'time' => '1522308192',
    'type' => 'trace',
    'location_x' => '22.608515',
    'location_y' => '113.182030',
  ),
  'module' => 'default',
  'rule' => '-1',
)

2018-03-29 15:23:13 response :
------------
Array:
errno : -1 ;
message : Invaild value ;

2018-03-29 15:23:25 trace :
------------
String:
<xml><ToUserName><![CDATA[gh_3d9ec5667ec1]]></ToUserName>
<FromUserName><![CDATA[o3hgew5H3M4jI_3Zz9sY0-kbV7Ik]]></FromUserName>
<CreateTime>1522308204</CreateTime>
<MsgType><![CDATA[event]]></MsgType>
<Event><![CDATA[user_get_card]]></Event>
<CardId><![CDATA[p3hgewwmNS6lAo0HM97FfGnv638c]]></CardId>
<IsGiveByFriend>0</IsGiveByFriend>
<UserCardCode><![CDATA[996825113475]]></UserCardCode>
<FriendUserName><![CDATA[]]></FriendUserName>
<OuterId>0</OuterId>
<OldUserCardCode><![CDATA[]]></OldUserCardCode>
<IsRestoreMemberCard>0</IsRestoreMemberCard>
<IsRecommendByFriend>0</IsRecommendByFriend>
<SourceScene><![CDATA[SOURCE_SCENE_QRCODE]]></SourceScene>
<UnionId><![CDATA[oAAAAAIlG3VmiGCWpOb-5Lnz5p_U]]></UnionId>
</xml>

2018-03-29 15:23:25 params :
------------
String:
array (
  'rule' => -2,
  'module' => '',
  'message' => 
  array (
    'tousername' => 'gh_3d9ec5667ec1',
    'fromusername' => 'o3hgew5H3M4jI_3Zz9sY0-kbV7Ik',
    'createtime' => '1522308204',
    'msgtype' => 'event',
    'event' => 'user_get_card',
    'cardid' => 'p3hgewwmNS6lAo0HM97FfGnv638c',
    'isgivebyfriend' => '0',
    'usercardcode' => '996825113475',
    'friendusername' => '',
    'outerid' => '0',
    'oldusercardcode' => '',
    'isrestoremembercard' => '0',
    'isrecommendbyfriend' => '0',
    'sourcescene' => 'SOURCE_SCENE_QRCODE',
    'unionid' => 'oAAAAAIlG3VmiGCWpOb-5Lnz5p_U',
    'from' => 'o3hgew5H3M4jI_3Zz9sY0-kbV7Ik',
    'to' => 'gh_3d9ec5667ec1',
    'time' => '1522308204',
    'type' => 'coupon',
  ),
)

2018-03-29 15:23:25 response :
------------

2018-03-29 15:23:25 trace :
------------
String:
<xml><ToUserName><![CDATA[gh_3d9ec5667ec1]]></ToUserName>
<FromUserName><![CDATA[o3hgew5H3M4jI_3Zz9sY0-kbV7Ik]]></FromUserName>
<CreateTime>1522308204</CreateTime>
<MsgType><![CDATA[event]]></MsgType>
<Event><![CDATA[user_view_card]]></Event>
<CardId><![CDATA[p3hgewwmNS6lAo0HM97FfGnv638c]]></CardId>
<UserCardCode><![CDATA[996825113475]]></UserCardCode>
<OuterStr><![CDATA[]]></OuterStr>
</xml>

2018-03-29 15:23:25 params :
------------
String:
array (
  'rule' => -2,
  'module' => '',
  'message' => 
  array (
    'tousername' => 'gh_3d9ec5667ec1',
    'fromusername' => 'o3hgew5H3M4jI_3Zz9sY0-kbV7Ik',
    'createtime' => '1522308204',
    'msgtype' => 'event',
    'event' => 'user_view_card',
    'cardid' => 'p3hgewwmNS6lAo0HM97FfGnv638c',
    'usercardcode' => '996825113475',
    'outerstr' => '',
    'from' => 'o3hgew5H3M4jI_3Zz9sY0-kbV7Ik',
    'to' => 'gh_3d9ec5667ec1',
    'time' => '1522308204',
    'type' => 'event',
  ),
)

2018-03-29 15:23:25 response :
------------

2018-03-29 15:50:42 trace :
------------
String:
<xml><ToUserName><![CDATA[gh_3d9ec5667ec1]]></ToUserName>
<FromUserName><![CDATA[o3hgew2IIGxqv78o2SXY6dSNvIhY]]></FromUserName>
<CreateTime>1522309841</CreateTime>
<MsgType><![CDATA[event]]></MsgType>
<Event><![CDATA[subscribe]]></Event>
<EventKey><![CDATA[]]></EventKey>
</xml>

2018-03-29 15:50:43 params :
------------
String:
array (
  'rule' => -2,
  'module' => '',
  'message' => 
  array (
    'tousername' => 'gh_3d9ec5667ec1',
    'fromusername' => 'o3hgew2IIGxqv78o2SXY6dSNvIhY',
    'createtime' => '1522309841',
    'msgtype' => 'event',
    'event' => 'subscribe',
    'eventkey' => '',
    'from' => 'o3hgew2IIGxqv78o2SXY6dSNvIhY',
    'to' => 'gh_3d9ec5667ec1',
    'time' => '1522309841',
    'type' => 'text',
    'redirection' => true,
    'source' => 'subscribe',
  ),
)

2018-03-29 15:50:43 response :
------------

2018-03-29 15:50:45 trace :
------------
String:
<xml><ToUserName><![CDATA[gh_3d9ec5667ec1]]></ToUserName>
<FromUserName><![CDATA[o3hgew2IIGxqv78o2SXY6dSNvIhY]]></FromUserName>
<CreateTime>1522309844</CreateTime>
<MsgType><![CDATA[event]]></MsgType>
<Event><![CDATA[LOCATION]]></Event>
<Latitude>22.608410</Latitude>
<Longitude>113.181938</Longitude>
<Precision>40.000000</Precision>
</xml>

2018-03-29 15:50:45 params :
------------
String:
array (
  'message' => 
  array (
    'tousername' => 'gh_3d9ec5667ec1',
    'fromusername' => 'o3hgew2IIGxqv78o2SXY6dSNvIhY',
    'createtime' => '1522309844',
    'msgtype' => 'event',
    'event' => 'LOCATION',
    'latitude' => '22.608410',
    'longitude' => '113.181938',
    'precision' => '40.000000',
    'from' => 'o3hgew2IIGxqv78o2SXY6dSNvIhY',
    'to' => 'gh_3d9ec5667ec1',
    'time' => '1522309844',
    'type' => 'trace',
    'location_x' => '22.608410',
    'location_y' => '113.181938',
  ),
  'module' => 'default',
  'rule' => '-1',
)

2018-03-29 15:50:45 response :
------------
Array:
errno : -1 ;
message : Invaild value ;

2018-03-29 15:51:01 trace :
------------
String:
<xml><ToUserName><![CDATA[gh_3d9ec5667ec1]]></ToUserName>
<FromUserName><![CDATA[o3hgew2IIGxqv78o2SXY6dSNvIhY]]></FromUserName>
<CreateTime>1522309860</CreateTime>
<MsgType><![CDATA[event]]></MsgType>
<Event><![CDATA[user_get_card]]></Event>
<CardId><![CDATA[p3hgewwmNS6lAo0HM97FfGnv638c]]></CardId>
<IsGiveByFriend>0</IsGiveByFriend>
<UserCardCode><![CDATA[134072229877]]></UserCardCode>
<FriendUserName><![CDATA[]]></FriendUserName>
<OuterId>0</OuterId>
<OldUserCardCode><![CDATA[]]></OldUserCardCode>
<IsRestoreMemberCard>0</IsRestoreMemberCard>
<IsRecommendByFriend>0</IsRecommendByFriend>
<SourceScene><![CDATA[SOURCE_SCENE_QRCODE]]></SourceScene>
<UnionId><![CDATA[oAAAAACqKyOyNbIf-CfVeDGxrG5w]]></UnionId>
</xml>

2018-03-29 15:51:01 params :
------------
String:
array (
  'rule' => -2,
  'module' => '',
  'message' => 
  array (
    'tousername' => 'gh_3d9ec5667ec1',
    'fromusername' => 'o3hgew2IIGxqv78o2SXY6dSNvIhY',
    'createtime' => '1522309860',
    'msgtype' => 'event',
    'event' => 'user_get_card',
    'cardid' => 'p3hgewwmNS6lAo0HM97FfGnv638c',
    'isgivebyfriend' => '0',
    'usercardcode' => '134072229877',
    'friendusername' => '',
    'outerid' => '0',
    'oldusercardcode' => '',
    'isrestoremembercard' => '0',
    'isrecommendbyfriend' => '0',
    'sourcescene' => 'SOURCE_SCENE_QRCODE',
    'unionid' => 'oAAAAACqKyOyNbIf-CfVeDGxrG5w',
    'from' => 'o3hgew2IIGxqv78o2SXY6dSNvIhY',
    'to' => 'gh_3d9ec5667ec1',
    'time' => '1522309860',
    'type' => 'coupon',
  ),
)

2018-03-29 15:51:01 response :
------------

2018-03-29 15:51:01 trace :
------------
String:
<xml><ToUserName><![CDATA[gh_3d9ec5667ec1]]></ToUserName>
<FromUserName><![CDATA[o3hgew2IIGxqv78o2SXY6dSNvIhY]]></FromUserName>
<CreateTime>1522309860</CreateTime>
<MsgType><![CDATA[event]]></MsgType>
<Event><![CDATA[user_view_card]]></Event>
<CardId><![CDATA[p3hgewwmNS6lAo0HM97FfGnv638c]]></CardId>
<UserCardCode><![CDATA[134072229877]]></UserCardCode>
<OuterStr><![CDATA[]]></OuterStr>
</xml>

2018-03-29 15:51:01 params :
------------
String:
array (
  'rule' => -2,
  'module' => '',
  'message' => 
  array (
    'tousername' => 'gh_3d9ec5667ec1',
    'fromusername' => 'o3hgew2IIGxqv78o2SXY6dSNvIhY',
    'createtime' => '1522309860',
    'msgtype' => 'event',
    'event' => 'user_view_card',
    'cardid' => 'p3hgewwmNS6lAo0HM97FfGnv638c',
    'usercardcode' => '134072229877',
    'outerstr' => '',
    'from' => 'o3hgew2IIGxqv78o2SXY6dSNvIhY',
    'to' => 'gh_3d9ec5667ec1',
    'time' => '1522309860',
    'type' => 'event',
  ),
)

2018-03-29 15:51:01 response :
------------

2018-03-29 16:13:20 trace :
------------
String:
<xml><ToUserName><![CDATA[gh_3d9ec5667ec1]]></ToUserName>
<FromUserName><![CDATA[o3hgew7f3p-bm--q5jZHIV_YWIlY]]></FromUserName>
<CreateTime>1522311199</CreateTime>
<MsgType><![CDATA[event]]></MsgType>
<Event><![CDATA[subscribe]]></Event>
<EventKey><![CDATA[]]></EventKey>
</xml>

2018-03-29 16:13:20 params :
------------
String:
array (
  'rule' => -2,
  'module' => '',
  'message' => 
  array (
    'tousername' => 'gh_3d9ec5667ec1',
    'fromusername' => 'o3hgew7f3p-bm--q5jZHIV_YWIlY',
    'createtime' => '1522311199',
    'msgtype' => 'event',
    'event' => 'subscribe',
    'eventkey' => '',
    'from' => 'o3hgew7f3p-bm--q5jZHIV_YWIlY',
    'to' => 'gh_3d9ec5667ec1',
    'time' => '1522311199',
    'type' => 'text',
    'redirection' => true,
    'source' => 'subscribe',
  ),
)

2018-03-29 16:13:20 response :
------------

2018-03-29 16:13:25 trace :
------------
String:
<xml><ToUserName><![CDATA[gh_3d9ec5667ec1]]></ToUserName>
<FromUserName><![CDATA[o3hgew7f3p-bm--q5jZHIV_YWIlY]]></FromUserName>
<CreateTime>1522311204</CreateTime>
<MsgType><![CDATA[event]]></MsgType>
<Event><![CDATA[LOCATION]]></Event>
<Latitude>22.608400</Latitude>
<Longitude>113.182137</Longitude>
<Precision>30.000000</Precision>
</xml>

2018-03-29 16:13:25 params :
------------
String:
array (
  'message' => 
  array (
    'tousername' => 'gh_3d9ec5667ec1',
    'fromusername' => 'o3hgew7f3p-bm--q5jZHIV_YWIlY',
    'createtime' => '1522311204',
    'msgtype' => 'event',
    'event' => 'LOCATION',
    'latitude' => '22.608400',
    'longitude' => '113.182137',
    'precision' => '30.000000',
    'from' => 'o3hgew7f3p-bm--q5jZHIV_YWIlY',
    'to' => 'gh_3d9ec5667ec1',
    'time' => '1522311204',
    'type' => 'trace',
    'location_x' => '22.608400',
    'location_y' => '113.182137',
  ),
  'module' => 'default',
  'rule' => '-1',
)

2018-03-29 16:13:25 response :
------------
Array:
errno : -1 ;
message : Invaild value ;

2018-03-29 16:13:53 trace :
------------
String:
<xml><ToUserName><![CDATA[gh_3d9ec5667ec1]]></ToUserName>
<FromUserName><![CDATA[o3hgew7f3p-bm--q5jZHIV_YWIlY]]></FromUserName>
<CreateTime>1522311232</CreateTime>
<MsgType><![CDATA[event]]></MsgType>
<Event><![CDATA[LOCATION]]></Event>
<Latitude>22.608400</Latitude>
<Longitude>113.182137</Longitude>
<Precision>30.000000</Precision>
</xml>

2018-03-29 16:13:53 params :
------------
String:
array (
  'message' => 
  array (
    'tousername' => 'gh_3d9ec5667ec1',
    'fromusername' => 'o3hgew7f3p-bm--q5jZHIV_YWIlY',
    'createtime' => '1522311232',
    'msgtype' => 'event',
    'event' => 'LOCATION',
    'latitude' => '22.608400',
    'longitude' => '113.182137',
    'precision' => '30.000000',
    'from' => 'o3hgew7f3p-bm--q5jZHIV_YWIlY',
    'to' => 'gh_3d9ec5667ec1',
    'time' => '1522311232',
    'type' => 'trace',
    'location_x' => '22.608400',
    'location_y' => '113.182137',
  ),
  'module' => 'default',
  'rule' => '-1',
)

2018-03-29 16:13:53 response :
------------
Array:
errno : -1 ;
message : Invaild value ;

2018-03-29 16:16:10 trace :
------------
String:
<xml><ToUserName><![CDATA[gh_3d9ec5667ec1]]></ToUserName>
<FromUserName><![CDATA[o3hgew5H3M4jI_3Zz9sY0-kbV7Ik]]></FromUserName>
<CreateTime>1522311369</CreateTime>
<MsgType><![CDATA[event]]></MsgType>
<Event><![CDATA[LOCATION]]></Event>
<Latitude>22.608583</Latitude>
<Longitude>113.181877</Longitude>
<Precision>65.000000</Precision>
</xml>

2018-03-29 16:16:10 params :
------------
String:
array (
  'message' => 
  array (
    'tousername' => 'gh_3d9ec5667ec1',
    'fromusername' => 'o3hgew5H3M4jI_3Zz9sY0-kbV7Ik',
    'createtime' => '1522311369',
    'msgtype' => 'event',
    'event' => 'LOCATION',
    'latitude' => '22.608583',
    'longitude' => '113.181877',
    'precision' => '65.000000',
    'from' => 'o3hgew5H3M4jI_3Zz9sY0-kbV7Ik',
    'to' => 'gh_3d9ec5667ec1',
    'time' => '1522311369',
    'type' => 'trace',
    'location_x' => '22.608583',
    'location_y' => '113.181877',
  ),
  'module' => 'default',
  'rule' => '-1',
)

2018-03-29 16:16:10 response :
------------
Array:
errno : -1 ;
message : Invaild value ;

2018-03-29 16:17:05 trace :
------------
String:
<xml><ToUserName><![CDATA[gh_3d9ec5667ec1]]></ToUserName>
<FromUserName><![CDATA[o3hgeww_4CFoDZmM1KYtthjonBZo]]></FromUserName>
<CreateTime>1522311424</CreateTime>
<MsgType><![CDATA[event]]></MsgType>
<Event><![CDATA[LOCATION]]></Event>
<Latitude>22.627054</Latitude>
<Longitude>113.180267</Longitude>
<Precision>65.000000</Precision>
</xml>

2018-03-29 16:17:05 params :
------------
String:
array (
  'message' => 
  array (
    'tousername' => 'gh_3d9ec5667ec1',
    'fromusername' => 'o3hgeww_4CFoDZmM1KYtthjonBZo',
    'createtime' => '1522311424',
    'msgtype' => 'event',
    'event' => 'LOCATION',
    'latitude' => '22.627054',
    'longitude' => '113.180267',
    'precision' => '65.000000',
    'from' => 'o3hgeww_4CFoDZmM1KYtthjonBZo',
    'to' => 'gh_3d9ec5667ec1',
    'time' => '1522311424',
    'type' => 'trace',
    'location_x' => '22.627054',
    'location_y' => '113.180267',
  ),
  'module' => 'default',
  'rule' => '-1',
)

2018-03-29 16:17:05 response :
------------
Array:
errno : -1 ;
message : Invaild value ;

2018-03-29 16:47:14 trace :
------------
String:
<xml><ToUserName><![CDATA[gh_3d9ec5667ec1]]></ToUserName>
<FromUserName><![CDATA[o3hgewwaCOzWn4gbGV4ZyiQNfH1o]]></FromUserName>
<CreateTime>1522313233</CreateTime>
<MsgType><![CDATA[event]]></MsgType>
<Event><![CDATA[subscribe]]></Event>
<EventKey><![CDATA[]]></EventKey>
</xml>

2018-03-29 16:47:15 params :
------------
String:
array (
  'rule' => -2,
  'module' => '',
  'message' => 
  array (
    'tousername' => 'gh_3d9ec5667ec1',
    'fromusername' => 'o3hgewwaCOzWn4gbGV4ZyiQNfH1o',
    'createtime' => '1522313233',
    'msgtype' => 'event',
    'event' => 'subscribe',
    'eventkey' => '',
    'from' => 'o3hgewwaCOzWn4gbGV4ZyiQNfH1o',
    'to' => 'gh_3d9ec5667ec1',
    'time' => '1522313233',
    'type' => 'text',
    'redirection' => true,
    'source' => 'subscribe',
  ),
)

2018-03-29 16:47:15 response :
------------

2018-03-29 16:47:17 trace :
------------
String:
<xml><ToUserName><![CDATA[gh_3d9ec5667ec1]]></ToUserName>
<FromUserName><![CDATA[o3hgewwaCOzWn4gbGV4ZyiQNfH1o]]></FromUserName>
<CreateTime>1522313236</CreateTime>
<MsgType><![CDATA[event]]></MsgType>
<Event><![CDATA[LOCATION]]></Event>
<Latitude>22.604742</Latitude>
<Longitude>113.182358</Longitude>
<Precision>50.000000</Precision>
</xml>

2018-03-29 16:47:17 params :
------------
String:
array (
  'message' => 
  array (
    'tousername' => 'gh_3d9ec5667ec1',
    'fromusername' => 'o3hgewwaCOzWn4gbGV4ZyiQNfH1o',
    'createtime' => '1522313236',
    'msgtype' => 'event',
    'event' => 'LOCATION',
    'latitude' => '22.604742',
    'longitude' => '113.182358',
    'precision' => '50.000000',
    'from' => 'o3hgewwaCOzWn4gbGV4ZyiQNfH1o',
    'to' => 'gh_3d9ec5667ec1',
    'time' => '1522313236',
    'type' => 'trace',
    'location_x' => '22.604742',
    'location_y' => '113.182358',
  ),
  'module' => 'default',
  'rule' => '-1',
)

2018-03-29 16:47:17 response :
------------
Array:
errno : -1 ;
message : Invaild value ;

2018-03-29 17:02:58 trace :
------------
String:
<xml><ToUserName><![CDATA[gh_3d9ec5667ec1]]></ToUserName>
<FromUserName><![CDATA[o3hgew-984S5jGQJ-0BQNc2i7pJc]]></FromUserName>
<CreateTime>1522314177</CreateTime>
<MsgType><![CDATA[event]]></MsgType>
<Event><![CDATA[subscribe]]></Event>
<EventKey><![CDATA[]]></EventKey>
</xml>

2018-03-29 17:02:58 params :
------------
String:
array (
  'rule' => -2,
  'module' => '',
  'message' => 
  array (
    'tousername' => 'gh_3d9ec5667ec1',
    'fromusername' => 'o3hgew-984S5jGQJ-0BQNc2i7pJc',
    'createtime' => '1522314177',
    'msgtype' => 'event',
    'event' => 'subscribe',
    'eventkey' => '',
    'from' => 'o3hgew-984S5jGQJ-0BQNc2i7pJc',
    'to' => 'gh_3d9ec5667ec1',
    'time' => '1522314177',
    'type' => 'text',
    'redirection' => true,
    'source' => 'subscribe',
  ),
)

2018-03-29 17:02:58 response :
------------

2018-03-29 17:03:00 trace :
------------
String:
<xml><ToUserName><![CDATA[gh_3d9ec5667ec1]]></ToUserName>
<FromUserName><![CDATA[o3hgew-984S5jGQJ-0BQNc2i7pJc]]></FromUserName>
<CreateTime>1522314179</CreateTime>
<MsgType><![CDATA[event]]></MsgType>
<Event><![CDATA[LOCATION]]></Event>
<Latitude>22.608398</Latitude>
<Longitude>113.182129</Longitude>
<Precision>65.000000</Precision>
</xml>

2018-03-29 17:03:00 params :
------------
String:
array (
  'message' => 
  array (
    'tousername' => 'gh_3d9ec5667ec1',
    'fromusername' => 'o3hgew-984S5jGQJ-0BQNc2i7pJc',
    'createtime' => '1522314179',
    'msgtype' => 'event',
    'event' => 'LOCATION',
    'latitude' => '22.608398',
    'longitude' => '113.182129',
    'precision' => '65.000000',
    'from' => 'o3hgew-984S5jGQJ-0BQNc2i7pJc',
    'to' => 'gh_3d9ec5667ec1',
    'time' => '1522314179',
    'type' => 'trace',
    'location_x' => '22.608398',
    'location_y' => '113.182129',
  ),
  'module' => 'default',
  'rule' => '-1',
)

2018-03-29 17:03:00 response :
------------
Array:
errno : -1 ;
message : Invaild value ;

2018-03-29 17:28:26 trace :
------------
String:
<xml><ToUserName><![CDATA[gh_3d9ec5667ec1]]></ToUserName>
<FromUserName><![CDATA[o3hgew1T3jA8uDK_RXC36dnTzOLA]]></FromUserName>
<CreateTime>1522315705</CreateTime>
<MsgType><![CDATA[event]]></MsgType>
<Event><![CDATA[LOCATION]]></Event>
<Latitude>22.601721</Latitude>
<Longitude>113.188103</Longitude>
<Precision>30.000000</Precision>
</xml>

2018-03-29 17:28:26 params :
------------
String:
array (
  'message' => 
  array (
    'tousername' => 'gh_3d9ec5667ec1',
    'fromusername' => 'o3hgew1T3jA8uDK_RXC36dnTzOLA',
    'createtime' => '1522315705',
    'msgtype' => 'event',
    'event' => 'LOCATION',
    'latitude' => '22.601721',
    'longitude' => '113.188103',
    'precision' => '30.000000',
    'from' => 'o3hgew1T3jA8uDK_RXC36dnTzOLA',
    'to' => 'gh_3d9ec5667ec1',
    'time' => '1522315705',
    'type' => 'trace',
    'location_x' => '22.601721',
    'location_y' => '113.188103',
  ),
  'module' => 'default',
  'rule' => '-1',
)

2018-03-29 17:28:26 response :
------------
Array:
errno : -1 ;
message : Invaild value ;

2018-03-29 17:47:06 trace :
------------
String:
<xml><ToUserName><![CDATA[gh_3d9ec5667ec1]]></ToUserName>
<FromUserName><![CDATA[o3hgew-OR_fwryZDueTceCgXx7RI]]></FromUserName>
<CreateTime>1522316825</CreateTime>
<MsgType><![CDATA[event]]></MsgType>
<Event><![CDATA[unsubscribe]]></Event>
<EventKey><![CDATA[]]></EventKey>
</xml>

