2018-07-03 10:04:29 trace :
------------
String:
<xml><ToUserName><![CDATA[gh_8a317808696e]]></ToUserName>
<FromUserName><![CDATA[o4s6w1IO9vGDq7oA7NGWYO10Dyp4]]></FromUserName>
<CreateTime>1530583469</CreateTime>
<MsgType><![CDATA[event]]></MsgType>
<Event><![CDATA[subscribe]]></Event>
<EventKey><![CDATA[]]></EventKey>
</xml>

2018-07-03 10:04:30 params :
------------
String:
array (
  'message' => 
  array (
    'tousername' => 'gh_8a317808696e',
    'fromusername' => 'o4s6w1IO9vGDq7oA7NGWYO10Dyp4',
    'createtime' => '1530583469',
    'msgtype' => 'event',
    'event' => 'subscribe',
    'eventkey' => '',
    'from' => 'o4s6w1IO9vGDq7oA7NGWYO10Dyp4',
    'to' => 'gh_8a317808696e',
    'time' => '1530583469',
    'type' => 'text',
    'redirection' => true,
    'source' => 'subscribe',
    'content' => '咨询',
  ),
  'module' => 'reply',
  'rule' => '15',
  'priority' => '0',
  'keyword' => 
  array (
    'id' => '21',
    'rid' => '15',
    'uniacid' => '3',
    'module' => 'reply',
    'content' => '咨询',
    'type' => '1',
    'displayorder' => '0',
    'status' => '1',
    'reply_type' => 
    array (
      0 => 'basic',
    ),
  ),
  'reply_type' => 
  array (
    0 => 'basic',
  ),
)

2018-07-03 10:04:30 response :
------------
Array:
FromUserName : gh_8a317808696e ;
ToUserName : o4s6w1IO9vGDq7oA7NGWYO10Dyp4 ;
MsgType : text ;
Content : 欢迎关注全V健康！/可爱/可爱
点击下方“开始咨询”进入首页就可以找医生咨询啦！ ;

2018-07-03 10:06:58 trace :
------------
String:
<xml><ToUserName><![CDATA[gh_8a317808696e]]></ToUserName>
<FromUserName><![CDATA[o4s6w1ADbybrZ7fEwK-UsuuaKktY]]></FromUserName>
<CreateTime>1530583618</CreateTime>
<MsgType><![CDATA[event]]></MsgType>
<Event><![CDATA[subscribe]]></Event>
<EventKey><![CDATA[]]></EventKey>
</xml>

2018-07-03 10:06:58 params :
------------
String:
array (
  'message' => 
  array (
    'tousername' => 'gh_8a317808696e',
    'fromusername' => 'o4s6w1ADbybrZ7fEwK-UsuuaKktY',
    'createtime' => '1530583618',
    'msgtype' => 'event',
    'event' => 'subscribe',
    'eventkey' => '',
    'from' => 'o4s6w1ADbybrZ7fEwK-UsuuaKktY',
    'to' => 'gh_8a317808696e',
    'time' => '1530583618',
    'type' => 'text',
    'redirection' => true,
    'source' => 'subscribe',
    'content' => '咨询',
  ),
  'module' => 'reply',
  'rule' => '15',
  'priority' => '0',
  'keyword' => 
  array (
    'id' => '21',
    'rid' => '15',
    'uniacid' => '3',
    'module' => 'reply',
    'content' => '咨询',
    'type' => '1',
    'displayorder' => '0',
    'status' => '1',
    'reply_type' => 
    array (
      0 => 'basic',
    ),
  ),
  'reply_type' => 
  array (
    0 => 'basic',
  ),
)

2018-07-03 10:06:58 response :
------------
Array:
FromUserName : gh_8a317808696e ;
ToUserName : o4s6w1ADbybrZ7fEwK-UsuuaKktY ;
MsgType : text ;
Content : 欢迎关注全V健康！/可爱/可爱
点击下方“开始咨询”进入首页就可以找医生咨询啦！ ;

2018-07-03 10:10:59 trace :
------------
String:
<xml><ToUserName><![CDATA[gh_8a317808696e]]></ToUserName>
<FromUserName><![CDATA[o4s6w1C76BtwDwIWLmvpV02njoyo]]></FromUserName>
<CreateTime>1530583859</CreateTime>
<MsgType><![CDATA[event]]></MsgType>
<Event><![CDATA[subscribe]]></Event>
<EventKey><![CDATA[]]></EventKey>
</xml>

2018-07-03 10:10:59 params :
------------
String:
array (
  'message' => 
  array (
    'tousername' => 'gh_8a317808696e',
    'fromusername' => 'o4s6w1C76BtwDwIWLmvpV02njoyo',
    'createtime' => '1530583859',
    'msgtype' => 'event',
    'event' => 'subscribe',
    'eventkey' => '',
    'from' => 'o4s6w1C76BtwDwIWLmvpV02njoyo',
    'to' => 'gh_8a317808696e',
    'time' => '1530583859',
    'type' => 'text',
    'redirection' => true,
    'source' => 'subscribe',
    'content' => '咨询',
  ),
  'module' => 'reply',
  'rule' => '15',
  'priority' => '0',
  'keyword' => 
  array (
    'id' => '21',
    'rid' => '15',
    'uniacid' => '3',
    'module' => 'reply',
    'content' => '咨询',
    'type' => '1',
    'displayorder' => '0',
    'status' => '1',
    'reply_type' => 
    array (
      0 => 'basic',
    ),
  ),
  'reply_type' => 
  array (
    0 => 'basic',
  ),
)

2018-07-03 10:10:59 response :
------------
Array:
FromUserName : gh_8a317808696e ;
ToUserName : o4s6w1C76BtwDwIWLmvpV02njoyo ;
MsgType : text ;
Content : 欢迎关注全V健康！/可爱/可爱
点击下方“开始咨询”进入首页就可以找医生咨询啦！ ;

2018-07-03 10:26:51 trace :
------------
String:
<xml><ToUserName><![CDATA[gh_8a317808696e]]></ToUserName>
<FromUserName><![CDATA[o4s6w1FPKdy8bZdi1tV7dMkxQhN0]]></FromUserName>
<CreateTime>1530584811</CreateTime>
<MsgType><![CDATA[event]]></MsgType>
<Event><![CDATA[subscribe]]></Event>
<EventKey><![CDATA[]]></EventKey>
</xml>

2018-07-03 10:26:51 params :
------------
String:
array (
  'message' => 
  array (
    'tousername' => 'gh_8a317808696e',
    'fromusername' => 'o4s6w1FPKdy8bZdi1tV7dMkxQhN0',
    'createtime' => '1530584811',
    'msgtype' => 'event',
    'event' => 'subscribe',
    'eventkey' => '',
    'from' => 'o4s6w1FPKdy8bZdi1tV7dMkxQhN0',
    'to' => 'gh_8a317808696e',
    'time' => '1530584811',
    'type' => 'text',
    'redirection' => true,
    'source' => 'subscribe',
    'content' => '咨询',
  ),
  'module' => 'reply',
  'rule' => '15',
  'priority' => '0',
  'keyword' => 
  array (
    'id' => '21',
    'rid' => '15',
    'uniacid' => '3',
    'module' => 'reply',
    'content' => '咨询',
    'type' => '1',
    'displayorder' => '0',
    'status' => '1',
    'reply_type' => 
    array (
      0 => 'basic',
    ),
  ),
  'reply_type' => 
  array (
    0 => 'basic',
  ),
)

2018-07-03 10:26:51 response :
------------
Array:
FromUserName : gh_8a317808696e ;
ToUserName : o4s6w1FPKdy8bZdi1tV7dMkxQhN0 ;
MsgType : text ;
Content : 欢迎关注全V健康！/可爱/可爱
点击下方“开始咨询”进入首页就可以找医生咨询啦！ ;

2018-07-03 10:45:50 trace :
------------
String:
<xml><ToUserName><![CDATA[gh_8a317808696e]]></ToUserName>
<FromUserName><![CDATA[o4s6w1BcGtSaDIDTYiWeguu_r_NA]]></FromUserName>
<CreateTime>1530585949</CreateTime>
<MsgType><![CDATA[event]]></MsgType>
<Event><![CDATA[subscribe]]></Event>
<EventKey><![CDATA[]]></EventKey>
</xml>

2018-07-03 10:45:50 params :
------------
String:
array (
  'message' => 
  array (
    'tousername' => 'gh_8a317808696e',
    'fromusername' => 'o4s6w1BcGtSaDIDTYiWeguu_r_NA',
    'createtime' => '1530585949',
    'msgtype' => 'event',
    'event' => 'subscribe',
    'eventkey' => '',
    'from' => 'o4s6w1BcGtSaDIDTYiWeguu_r_NA',
    'to' => 'gh_8a317808696e',
    'time' => '1530585949',
    'type' => 'text',
    'redirection' => true,
    'source' => 'subscribe',
    'content' => '咨询',
  ),
  'module' => 'reply',
  'rule' => '15',
  'priority' => '0',
  'keyword' => 
  array (
    'id' => '21',
    'rid' => '15',
    'uniacid' => '3',
    'module' => 'reply',
    'content' => '咨询',
    'type' => '1',
    'displayorder' => '0',
    'status' => '1',
    'reply_type' => 
    array (
      0 => 'basic',
    ),
  ),
  'reply_type' => 
  array (
    0 => 'basic',
  ),
)

2018-07-03 10:45:50 response :
------------
Array:
FromUserName : gh_8a317808696e ;
ToUserName : o4s6w1BcGtSaDIDTYiWeguu_r_NA ;
MsgType : text ;
Content : 欢迎关注全V健康！/可爱/可爱
点击下方“开始咨询”进入首页就可以找医生咨询啦！ ;

2018-07-03 10:47:57 trace :
------------
String:
<xml><ToUserName><![CDATA[gh_8a317808696e]]></ToUserName>
<FromUserName><![CDATA[o4s6w1LfZT0ve-994N4SwxNPpiDQ]]></FromUserName>
<CreateTime>1530586076</CreateTime>
<MsgType><![CDATA[event]]></MsgType>
<Event><![CDATA[subscribe]]></Event>
<EventKey><![CDATA[]]></EventKey>
</xml>

2018-07-03 10:47:57 params :
------------
String:
array (
  'message' => 
  array (
    'tousername' => 'gh_8a317808696e',
    'fromusername' => 'o4s6w1LfZT0ve-994N4SwxNPpiDQ',
    'createtime' => '1530586076',
    'msgtype' => 'event',
    'event' => 'subscribe',
    'eventkey' => '',
    'from' => 'o4s6w1LfZT0ve-994N4SwxNPpiDQ',
    'to' => 'gh_8a317808696e',
    'time' => '1530586076',
    'type' => 'text',
    'redirection' => true,
    'source' => 'subscribe',
    'content' => '咨询',
  ),
  'module' => 'reply',
  'rule' => '15',
  'priority' => '0',
  'keyword' => 
  array (
    'id' => '21',
    'rid' => '15',
    'uniacid' => '3',
    'module' => 'reply',
    'content' => '咨询',
    'type' => '1',
    'displayorder' => '0',
    'status' => '1',
    'reply_type' => 
    array (
      0 => 'basic',
    ),
  ),
  'reply_type' => 
  array (
    0 => 'basic',
  ),
)

2018-07-03 10:47:57 response :
------------
Array:
FromUserName : gh_8a317808696e ;
ToUserName : o4s6w1LfZT0ve-994N4SwxNPpiDQ ;
MsgType : text ;
Content : 欢迎关注全V健康！/可爱/可爱
点击下方“开始咨询”进入首页就可以找医生咨询啦！ ;

2018-07-03 10:52:01 trace :
------------
String:
<xml><ToUserName><![CDATA[gh_8a317808696e]]></ToUserName>
<FromUserName><![CDATA[o4s6w1HcXINVnUhpAod0udqZqZys]]></FromUserName>
<CreateTime>1530586320</CreateTime>
<MsgType><![CDATA[event]]></MsgType>
<Event><![CDATA[unsubscribe]]></Event>
<EventKey><![CDATA[]]></EventKey>
</xml>

2018-07-03 15:55:20 trace :
------------
String:
<xml><ToUserName><![CDATA[gh_8a317808696e]]></ToUserName>
<FromUserName><![CDATA[o4s6w1AQ-JPesMIHpsZimYQTmSe0]]></FromUserName>
<CreateTime>1530604520</CreateTime>
<MsgType><![CDATA[event]]></MsgType>
<Event><![CDATA[subscribe]]></Event>
<EventKey><![CDATA[]]></EventKey>
</xml>

2018-07-03 15:55:21 params :
------------
String:
array (
  'message' => 
  array (
    'tousername' => 'gh_8a317808696e',
    'fromusername' => 'o4s6w1AQ-JPesMIHpsZimYQTmSe0',
    'createtime' => '1530604520',
    'msgtype' => 'event',
    'event' => 'subscribe',
    'eventkey' => '',
    'from' => 'o4s6w1AQ-JPesMIHpsZimYQTmSe0',
    'to' => 'gh_8a317808696e',
    'time' => '1530604520',
    'type' => 'text',
    'redirection' => true,
    'source' => 'subscribe',
    'content' => '咨询',
  ),
  'module' => 'reply',
  'rule' => '15',
  'priority' => '0',
  'keyword' => 
  array (
    'id' => '21',
    'rid' => '15',
    'uniacid' => '3',
    'module' => 'reply',
    'content' => '咨询',
    'type' => '1',
    'displayorder' => '0',
    'status' => '1',
    'reply_type' => 
    array (
      0 => 'basic',
    ),
  ),
  'reply_type' => 
  array (
    0 => 'basic',
  ),
)

2018-07-03 15:55:21 response :
------------
Array:
FromUserName : gh_8a317808696e ;
ToUserName : o4s6w1AQ-JPesMIHpsZimYQTmSe0 ;
MsgType : text ;
Content : 欢迎关注全V健康！/可爱/可爱
点击下方“开始咨询”进入首页就可以找医生咨询啦！ ;

2018-07-03 20:53:22 trace :
------------
String:
<xml><ToUserName><![CDATA[gh_8a317808696e]]></ToUserName>
<FromUserName><![CDATA[o4s6w1DiqiWnB5VKNoytebEDl1Nc]]></FromUserName>
<CreateTime>1530622402</CreateTime>
<MsgType><![CDATA[event]]></MsgType>
<Event><![CDATA[TEMPLATESENDJOBFINISH]]></Event>
<MsgID>352827048903147521</MsgID>
<Status><![CDATA[success]]></Status>
</xml>

2018-07-03 20:53:22 params :
------------
String:
array (
  'rule' => -2,
  'module' => '',
  'message' => 
  array (
    'tousername' => 'gh_8a317808696e',
    'fromusername' => 'o4s6w1DiqiWnB5VKNoytebEDl1Nc',
    'createtime' => '1530622402',
    'msgtype' => 'event',
    'event' => 'TEMPLATESENDJOBFINISH',
    'msgid' => '352827048903147521',
    'status' => 'success',
    'from' => 'o4s6w1DiqiWnB5VKNoytebEDl1Nc',
    'to' => 'gh_8a317808696e',
    'time' => '1530622402',
    'type' => 'event',
  ),
)

2018-07-03 20:53:22 response :
------------

2018-07-03 20:55:04 trace :
------------
String:
<xml><ToUserName><![CDATA[gh_8a317808696e]]></ToUserName>
<FromUserName><![CDATA[o4s6w1DiqiWnB5VKNoytebEDl1Nc]]></FromUserName>
<CreateTime>1530622504</CreateTime>
<MsgType><![CDATA[event]]></MsgType>
<Event><![CDATA[TEMPLATESENDJOBFINISH]]></Event>
<MsgID>352828764574810112</MsgID>
<Status><![CDATA[success]]></Status>
</xml>

2018-07-03 20:55:04 params :
------------
String:
array (
  'rule' => -2,
  'module' => '',
  'message' => 
  array (
    'tousername' => 'gh_8a317808696e',
    'fromusername' => 'o4s6w1DiqiWnB5VKNoytebEDl1Nc',
    'createtime' => '1530622504',
    'msgtype' => 'event',
    'event' => 'TEMPLATESENDJOBFINISH',
    'msgid' => '352828764574810112',
    'status' => 'success',
    'from' => 'o4s6w1DiqiWnB5VKNoytebEDl1Nc',
    'to' => 'gh_8a317808696e',
    'time' => '1530622504',
    'type' => 'event',
  ),
)

2018-07-03 20:55:04 response :
------------

2018-07-03 21:16:02 trace :
------------
String:
<xml><ToUserName><![CDATA[gh_8a317808696e]]></ToUserName>
<FromUserName><![CDATA[o4s6w1DiqiWnB5VKNoytebEDl1Nc]]></FromUserName>
<CreateTime>1530623761</CreateTime>
<MsgType><![CDATA[event]]></MsgType>
<Event><![CDATA[TEMPLATESENDJOBFINISH]]></Event>
<MsgID>352849862058147841</MsgID>
<Status><![CDATA[success]]></Status>
</xml>

2018-07-03 21:16:02 params :
------------
String:
array (
  'rule' => -2,
  'module' => '',
  'message' => 
  array (
    'tousername' => 'gh_8a317808696e',
    'fromusername' => 'o4s6w1DiqiWnB5VKNoytebEDl1Nc',
    'createtime' => '1530623761',
    'msgtype' => 'event',
    'event' => 'TEMPLATESENDJOBFINISH',
    'msgid' => '352849862058147841',
    'status' => 'success',
    'from' => 'o4s6w1DiqiWnB5VKNoytebEDl1Nc',
    'to' => 'gh_8a317808696e',
    'time' => '1530623761',
    'type' => 'event',
  ),
)

2018-07-03 21:16:02 response :
------------

2018-07-03 21:18:14 trace :
------------
String:
<xml><ToUserName><![CDATA[gh_8a317808696e]]></ToUserName>
<FromUserName><![CDATA[o4s6w1DiqiWnB5VKNoytebEDl1Nc]]></FromUserName>
<CreateTime>1530623894</CreateTime>
<MsgType><![CDATA[event]]></MsgType>
<Event><![CDATA[TEMPLATESENDJOBFINISH]]></Event>
<MsgID>352852082891784192</MsgID>
<Status><![CDATA[success]]></Status>
</xml>

2018-07-03 21:18:14 params :
------------
String:
array (
  'rule' => -2,
  'module' => '',
  'message' => 
  array (
    'tousername' => 'gh_8a317808696e',
    'fromusername' => 'o4s6w1DiqiWnB5VKNoytebEDl1Nc',
    'createtime' => '1530623894',
    'msgtype' => 'event',
    'event' => 'TEMPLATESENDJOBFINISH',
    'msgid' => '352852082891784192',
    'status' => 'success',
    'from' => 'o4s6w1DiqiWnB5VKNoytebEDl1Nc',
    'to' => 'gh_8a317808696e',
    'time' => '1530623894',
    'type' => 'event',
  ),
)

2018-07-03 21:18:14 response :
------------

2018-07-03 21:21:15 trace :
------------
String:
<xml><ToUserName><![CDATA[gh_3d9ec5667ec1]]></ToUserName>
<FromUserName><![CDATA[o3hgew3Udk4nDd4ttLiaHExiURHQ]]></FromUserName>
<CreateTime>1530624074</CreateTime>
<MsgType><![CDATA[event]]></MsgType>
<Event><![CDATA[LOCATION]]></Event>
<Latitude>23.022697</Latitude>
<Longitude>113.327469</Longitude>
<Precision>10.000000</Precision>
</xml>

2018-07-03 21:21:15 params :
------------
String:
array (
  'message' => 
  array (
    'tousername' => 'gh_3d9ec5667ec1',
    'fromusername' => 'o3hgew3Udk4nDd4ttLiaHExiURHQ',
    'createtime' => '1530624074',
    'msgtype' => 'event',
    'event' => 'LOCATION',
    'latitude' => '23.022697',
    'longitude' => '113.327469',
    'precision' => '10.000000',
    'from' => 'o3hgew3Udk4nDd4ttLiaHExiURHQ',
    'to' => 'gh_3d9ec5667ec1',
    'time' => '1530624074',
    'type' => 'trace',
    'location_x' => '23.022697',
    'location_y' => '113.327469',
  ),
  'module' => 'default',
  'rule' => '-1',
)

2018-07-03 21:21:15 response :
------------
Array:
errno : -1 ;
message : Invaild value ;

2018-07-03 21:23:56 trace :
------------
String:
<xml><ToUserName><![CDATA[gh_8a317808696e]]></ToUserName>
<FromUserName><![CDATA[o4s6w1DiqiWnB5VKNoytebEDl1Nc]]></FromUserName>
<CreateTime>1530624236</CreateTime>
<MsgType><![CDATA[event]]></MsgType>
<Event><![CDATA[TEMPLATESENDJOBFINISH]]></Event>
<MsgID>352857817126109185</MsgID>
<Status><![CDATA[success]]></Status>
</xml>

2018-07-03 21:23:56 params :
------------
String:
array (
  'rule' => -2,
  'module' => '',
  'message' => 
  array (
    'tousername' => 'gh_8a317808696e',
    'fromusername' => 'o4s6w1DiqiWnB5VKNoytebEDl1Nc',
    'createtime' => '1530624236',
    'msgtype' => 'event',
    'event' => 'TEMPLATESENDJOBFINISH',
    'msgid' => '352857817126109185',
    'status' => 'success',
    'from' => 'o4s6w1DiqiWnB5VKNoytebEDl1Nc',
    'to' => 'gh_8a317808696e',
    'time' => '1530624236',
    'type' => 'event',
  ),
)

2018-07-03 21:23:56 response :
------------

2018-07-03 21:30:56 trace :
------------
String:
<xml><ToUserName><![CDATA[gh_8a317808696e]]></ToUserName>
<FromUserName><![CDATA[o4s6w1DiqiWnB5VKNoytebEDl1Nc]]></FromUserName>
<CreateTime>1530624656</CreateTime>
<MsgType><![CDATA[event]]></MsgType>
<Event><![CDATA[TEMPLATESENDJOBFINISH]]></Event>
<MsgID>352864865788198912</MsgID>
<Status><![CDATA[success]]></Status>
</xml>

2018-07-03 21:30:56 params :
------------
String:
array (
  'rule' => -2,
  'module' => '',
  'message' => 
  array (
    'tousername' => 'gh_8a317808696e',
    'fromusername' => 'o4s6w1DiqiWnB5VKNoytebEDl1Nc',
    'createtime' => '1530624656',
    'msgtype' => 'event',
    'event' => 'TEMPLATESENDJOBFINISH',
    'msgid' => '352864865788198912',
    'status' => 'success',
    'from' => 'o4s6w1DiqiWnB5VKNoytebEDl1Nc',
    'to' => 'gh_8a317808696e',
    'time' => '1530624656',
    'type' => 'event',
  ),
)

2018-07-03 21:30:56 response :
------------

2018-07-03 22:02:38 trace :
------------
String:
<xml><ToUserName><![CDATA[gh_8a317808696e]]></ToUserName>
<FromUserName><![CDATA[o4s6w1A1Pq34HO_xByjutgxwUWDg]]></FromUserName>
<CreateTime>1530626557</CreateTime>
<MsgType><![CDATA[event]]></MsgType>
<Event><![CDATA[unsubscribe]]></Event>
<EventKey><![CDATA[]]></EventKey>
</xml>

