2018-06-14 06:12:20 trace :
------------
String:
<xml><ToUserName><![CDATA[gh_8a317808696e]]></ToUserName>
<FromUserName><![CDATA[o4s6w1DiqiWnB5VKNoytebEDl1Nc]]></FromUserName>
<CreateTime>1528927939</CreateTime>
<MsgType><![CDATA[event]]></MsgType>
<Event><![CDATA[subscribe]]></Event>
<EventKey><![CDATA[]]></EventKey>
</xml>

2018-06-14 06:12:20 params :
------------
String:
array (
  'message' => 
  array (
    'tousername' => 'gh_8a317808696e',
    'fromusername' => 'o4s6w1DiqiWnB5VKNoytebEDl1Nc',
    'createtime' => '1528927939',
    'msgtype' => 'event',
    'event' => 'subscribe',
    'eventkey' => '',
    'from' => 'o4s6w1DiqiWnB5VKNoytebEDl1Nc',
    'to' => 'gh_8a317808696e',
    'time' => '1528927939',
    'type' => 'text',
    'redirection' => true,
    'source' => 'subscribe',
    'content' => '咨询',
  ),
  'module' => 'reply',
  'rule' => '15',
  'priority' => '0',
  'keyword' => 
  array (
    'id' => '21',
    'rid' => '15',
    'uniacid' => '3',
    'module' => 'reply',
    'content' => '咨询',
    'type' => '1',
    'displayorder' => '0',
    'status' => '1',
    'reply_type' => 
    array (
      0 => 'basic',
    ),
  ),
  'reply_type' => 
  array (
    0 => 'basic',
  ),
)

2018-06-14 06:12:20 response :
------------
Array:
FromUserName : gh_8a317808696e ;
ToUserName : o4s6w1DiqiWnB5VKNoytebEDl1Nc ;
MsgType : text ;
Content : 欢迎关注全V健康！/可爱/可爱
点击下方“开始咨询”进入首页就可以找医生咨询啦！ ;

2018-06-14 06:14:45 trace :
------------
String:
<xml><ToUserName><![CDATA[gh_8a317808696e]]></ToUserName>
<FromUserName><![CDATA[o4s6w1EuabHMq-PjdxnsiA_6ns9Q]]></FromUserName>
<CreateTime>1528928085</CreateTime>
<MsgType><![CDATA[event]]></MsgType>
<Event><![CDATA[TEMPLATESENDJOBFINISH]]></Event>
<MsgID>324401137560190977</MsgID>
<Status><![CDATA[success]]></Status>
</xml>

2018-06-14 06:14:45 params :
------------
String:
array (
  'rule' => -2,
  'module' => '',
  'message' => 
  array (
    'tousername' => 'gh_8a317808696e',
    'fromusername' => 'o4s6w1EuabHMq-PjdxnsiA_6ns9Q',
    'createtime' => '1528928085',
    'msgtype' => 'event',
    'event' => 'TEMPLATESENDJOBFINISH',
    'msgid' => '324401137560190977',
    'status' => 'success',
    'from' => 'o4s6w1EuabHMq-PjdxnsiA_6ns9Q',
    'to' => 'gh_8a317808696e',
    'time' => '1528928085',
    'type' => 'event',
  ),
)

2018-06-14 06:14:45 response :
------------

2018-06-14 06:16:49 trace :
------------
String:
<xml><ToUserName><![CDATA[gh_8a317808696e]]></ToUserName>
<FromUserName><![CDATA[o4s6w1I-dTq3PedPz4j0pvb6Hj7Y]]></FromUserName>
<CreateTime>1528928208</CreateTime>
<MsgType><![CDATA[event]]></MsgType>
<Event><![CDATA[TEMPLATESENDJOBFINISH]]></Event>
<MsgID>324403205939232768</MsgID>
<Status><![CDATA[success]]></Status>
</xml>

2018-06-14 06:16:49 params :
------------
String:
array (
  'rule' => -2,
  'module' => '',
  'message' => 
  array (
    'tousername' => 'gh_8a317808696e',
    'fromusername' => 'o4s6w1I-dTq3PedPz4j0pvb6Hj7Y',
    'createtime' => '1528928208',
    'msgtype' => 'event',
    'event' => 'TEMPLATESENDJOBFINISH',
    'msgid' => '324403205939232768',
    'status' => 'success',
    'from' => 'o4s6w1I-dTq3PedPz4j0pvb6Hj7Y',
    'to' => 'gh_8a317808696e',
    'time' => '1528928208',
    'type' => 'event',
  ),
)

2018-06-14 06:16:49 response :
------------

2018-06-14 07:21:55 trace :
------------
String:
<xml><ToUserName><![CDATA[gh_8a317808696e]]></ToUserName>
<FromUserName><![CDATA[o4s6w1C7J3NrtVQyLQizebcvm2vc]]></FromUserName>
<CreateTime>1528932114</CreateTime>
<MsgType><![CDATA[event]]></MsgType>
<Event><![CDATA[subscribe]]></Event>
<EventKey><![CDATA[]]></EventKey>
</xml>

2018-06-14 07:21:56 params :
------------
String:
array (
  'message' => 
  array (
    'tousername' => 'gh_8a317808696e',
    'fromusername' => 'o4s6w1C7J3NrtVQyLQizebcvm2vc',
    'createtime' => '1528932114',
    'msgtype' => 'event',
    'event' => 'subscribe',
    'eventkey' => '',
    'from' => 'o4s6w1C7J3NrtVQyLQizebcvm2vc',
    'to' => 'gh_8a317808696e',
    'time' => '1528932114',
    'type' => 'text',
    'redirection' => true,
    'source' => 'subscribe',
    'content' => '咨询',
  ),
  'module' => 'reply',
  'rule' => '15',
  'priority' => '0',
  'keyword' => 
  array (
    'id' => '21',
    'rid' => '15',
    'uniacid' => '3',
    'module' => 'reply',
    'content' => '咨询',
    'type' => '1',
    'displayorder' => '0',
    'status' => '1',
    'reply_type' => 
    array (
      0 => 'basic',
    ),
  ),
  'reply_type' => 
  array (
    0 => 'basic',
  ),
)

2018-06-14 07:21:56 response :
------------
Array:
FromUserName : gh_8a317808696e ;
ToUserName : o4s6w1C7J3NrtVQyLQizebcvm2vc ;
MsgType : text ;
Content : 欢迎关注全V健康！/可爱/可爱
点击下方“开始咨询”进入首页就可以找医生咨询啦！ ;

2018-06-14 08:02:58 trace :
------------
String:
<xml><ToUserName><![CDATA[gh_8a317808696e]]></ToUserName>
<FromUserName><![CDATA[o4s6w1A8s2qMp86Z6rsFmQJvN6z0]]></FromUserName>
<CreateTime>1528934577</CreateTime>
<MsgType><![CDATA[event]]></MsgType>
<Event><![CDATA[unsubscribe]]></Event>
<EventKey><![CDATA[]]></EventKey>
</xml>

2018-06-14 08:03:12 trace :
------------
String:
<xml><ToUserName><![CDATA[gh_8a317808696e]]></ToUserName>
<FromUserName><![CDATA[o4s6w1A8s2qMp86Z6rsFmQJvN6z0]]></FromUserName>
<CreateTime>1528934591</CreateTime>
<MsgType><![CDATA[event]]></MsgType>
<Event><![CDATA[subscribe]]></Event>
<EventKey><![CDATA[]]></EventKey>
</xml>

2018-06-14 08:03:12 params :
------------
String:
array (
  'message' => 
  array (
    'tousername' => 'gh_8a317808696e',
    'fromusername' => 'o4s6w1A8s2qMp86Z6rsFmQJvN6z0',
    'createtime' => '1528934591',
    'msgtype' => 'event',
    'event' => 'subscribe',
    'eventkey' => '',
    'from' => 'o4s6w1A8s2qMp86Z6rsFmQJvN6z0',
    'to' => 'gh_8a317808696e',
    'time' => '1528934591',
    'type' => 'text',
    'redirection' => true,
    'source' => 'subscribe',
    'content' => '咨询',
  ),
  'module' => 'reply',
  'rule' => '15',
  'priority' => '0',
  'keyword' => 
  array (
    'id' => '21',
    'rid' => '15',
    'uniacid' => '3',
    'module' => 'reply',
    'content' => '咨询',
    'type' => '1',
    'displayorder' => '0',
    'status' => '1',
    'reply_type' => 
    array (
      0 => 'basic',
    ),
  ),
  'reply_type' => 
  array (
    0 => 'basic',
  ),
)

2018-06-14 08:03:12 response :
------------
Array:
FromUserName : gh_8a317808696e ;
ToUserName : o4s6w1A8s2qMp86Z6rsFmQJvN6z0 ;
MsgType : text ;
Content : 欢迎关注全V健康！/可爱/可爱
点击下方“开始咨询”进入首页就可以找医生咨询啦！ ;

2018-06-14 08:03:45 trace :
------------
String:
<xml><ToUserName><![CDATA[gh_8a317808696e]]></ToUserName>
<FromUserName><![CDATA[o4s6w1A8s2qMp86Z6rsFmQJvN6z0]]></FromUserName>
<CreateTime>1528934625</CreateTime>
<MsgType><![CDATA[text]]></MsgType>
<Content><![CDATA[怎么咨询不起呢]]></Content>
<MsgId>6566724212648549181</MsgId>
</xml>

2018-06-14 08:03:45 params :
------------
String:
array (
  'rule' => -2,
  'module' => '',
  'message' => 
  array (
    'tousername' => 'gh_8a317808696e',
    'fromusername' => 'o4s6w1A8s2qMp86Z6rsFmQJvN6z0',
    'createtime' => '1528934625',
    'msgtype' => 'text',
    'content' => '怎么咨询不起呢',
    'msgid' => '6566724212648549181',
    'from' => 'o4s6w1A8s2qMp86Z6rsFmQJvN6z0',
    'to' => 'gh_8a317808696e',
    'time' => '1528934625',
    'type' => 'text',
    'event' => NULL,
    'redirection' => false,
    'source' => NULL,
  ),
)

2018-06-14 08:03:45 response :
------------

2018-06-14 08:05:02 trace :
------------
String:
<xml><ToUserName><![CDATA[gh_8a317808696e]]></ToUserName>
<FromUserName><![CDATA[o4s6w1EcSIsO4_XWfMTz7Wl6MwjY]]></FromUserName>
<CreateTime>1528934702</CreateTime>
<MsgType><![CDATA[event]]></MsgType>
<Event><![CDATA[subscribe]]></Event>
<EventKey><![CDATA[]]></EventKey>
</xml>

2018-06-14 08:05:02 params :
------------
String:
array (
  'message' => 
  array (
    'tousername' => 'gh_8a317808696e',
    'fromusername' => 'o4s6w1EcSIsO4_XWfMTz7Wl6MwjY',
    'createtime' => '1528934702',
    'msgtype' => 'event',
    'event' => 'subscribe',
    'eventkey' => '',
    'from' => 'o4s6w1EcSIsO4_XWfMTz7Wl6MwjY',
    'to' => 'gh_8a317808696e',
    'time' => '1528934702',
    'type' => 'text',
    'redirection' => true,
    'source' => 'subscribe',
    'content' => '咨询',
  ),
  'module' => 'reply',
  'rule' => '15',
  'priority' => '0',
  'keyword' => 
  array (
    'id' => '21',
    'rid' => '15',
    'uniacid' => '3',
    'module' => 'reply',
    'content' => '咨询',
    'type' => '1',
    'displayorder' => '0',
    'status' => '1',
    'reply_type' => 
    array (
      0 => 'basic',
    ),
  ),
  'reply_type' => 
  array (
    0 => 'basic',
  ),
)

2018-06-14 08:05:02 response :
------------
Array:
FromUserName : gh_8a317808696e ;
ToUserName : o4s6w1EcSIsO4_XWfMTz7Wl6MwjY ;
MsgType : text ;
Content : 欢迎关注全V健康！/可爱/可爱
点击下方“开始咨询”进入首页就可以找医生咨询啦！ ;

2018-06-14 08:09:02 trace :
------------
String:
<xml><ToUserName><![CDATA[gh_8a317808696e]]></ToUserName>
<FromUserName><![CDATA[o4s6w1A8s2qMp86Z6rsFmQJvN6z0]]></FromUserName>
<CreateTime>1528934942</CreateTime>
<MsgType><![CDATA[text]]></MsgType>
<Content><![CDATA[总是显示未关注]]></Content>
<MsgId>6566725574153182181</MsgId>
</xml>

2018-06-14 08:09:02 params :
------------
String:
array (
  'rule' => -2,
  'module' => '',
  'message' => 
  array (
    'tousername' => 'gh_8a317808696e',
    'fromusername' => 'o4s6w1A8s2qMp86Z6rsFmQJvN6z0',
    'createtime' => '1528934942',
    'msgtype' => 'text',
    'content' => '总是显示未关注',
    'msgid' => '6566725574153182181',
    'from' => 'o4s6w1A8s2qMp86Z6rsFmQJvN6z0',
    'to' => 'gh_8a317808696e',
    'time' => '1528934942',
    'type' => 'text',
    'event' => NULL,
    'redirection' => false,
    'source' => NULL,
  ),
)

2018-06-14 08:09:02 response :
------------

2018-06-14 08:09:08 trace :
------------
String:
<xml><ToUserName><![CDATA[gh_8a317808696e]]></ToUserName>
<FromUserName><![CDATA[o4s6w1A8s2qMp86Z6rsFmQJvN6z0]]></FromUserName>
<CreateTime>1528934948</CreateTime>
<MsgType><![CDATA[text]]></MsgType>
<Content><![CDATA[咨询不起]]></Content>
<MsgId>6566725599922985964</MsgId>
</xml>

2018-06-14 08:09:08 params :
------------
String:
array (
  'rule' => -2,
  'module' => '',
  'message' => 
  array (
    'tousername' => 'gh_8a317808696e',
    'fromusername' => 'o4s6w1A8s2qMp86Z6rsFmQJvN6z0',
    'createtime' => '1528934948',
    'msgtype' => 'text',
    'content' => '咨询不起',
    'msgid' => '6566725599922985964',
    'from' => 'o4s6w1A8s2qMp86Z6rsFmQJvN6z0',
    'to' => 'gh_8a317808696e',
    'time' => '1528934948',
    'type' => 'text',
    'event' => NULL,
    'redirection' => false,
    'source' => NULL,
  ),
)

2018-06-14 08:09:08 response :
------------

2018-06-14 08:09:15 trace :
------------
String:
<xml><ToUserName><![CDATA[gh_8a317808696e]]></ToUserName>
<FromUserName><![CDATA[o4s6w1A8s2qMp86Z6rsFmQJvN6z0]]></FromUserName>
<CreateTime>1528934955</CreateTime>
<MsgType><![CDATA[event]]></MsgType>
<Event><![CDATA[unsubscribe]]></Event>
<EventKey><![CDATA[]]></EventKey>
</xml>

2018-06-14 08:09:36 trace :
------------
String:
<xml><ToUserName><![CDATA[gh_8a317808696e]]></ToUserName>
<FromUserName><![CDATA[o4s6w1A8s2qMp86Z6rsFmQJvN6z0]]></FromUserName>
<CreateTime>1528934975</CreateTime>
<MsgType><![CDATA[event]]></MsgType>
<Event><![CDATA[subscribe]]></Event>
<EventKey><![CDATA[]]></EventKey>
</xml>

2018-06-14 08:09:36 params :
------------
String:
array (
  'message' => 
  array (
    'tousername' => 'gh_8a317808696e',
    'fromusername' => 'o4s6w1A8s2qMp86Z6rsFmQJvN6z0',
    'createtime' => '1528934975',
    'msgtype' => 'event',
    'event' => 'subscribe',
    'eventkey' => '',
    'from' => 'o4s6w1A8s2qMp86Z6rsFmQJvN6z0',
    'to' => 'gh_8a317808696e',
    'time' => '1528934975',
    'type' => 'text',
    'redirection' => true,
    'source' => 'subscribe',
    'content' => '咨询',
  ),
  'module' => 'reply',
  'rule' => '15',
  'priority' => '0',
  'keyword' => 
  array (
    'id' => '21',
    'rid' => '15',
    'uniacid' => '3',
    'module' => 'reply',
    'content' => '咨询',
    'type' => '1',
    'displayorder' => '0',
    'status' => '1',
    'reply_type' => 
    array (
      0 => 'basic',
    ),
  ),
  'reply_type' => 
  array (
    0 => 'basic',
  ),
)

2018-06-14 08:09:36 response :
------------
Array:
FromUserName : gh_8a317808696e ;
ToUserName : o4s6w1A8s2qMp86Z6rsFmQJvN6z0 ;
MsgType : text ;
Content : 欢迎关注全V健康！/可爱/可爱
点击下方“开始咨询”进入首页就可以找医生咨询啦！ ;

2018-06-14 09:41:57 trace :
------------
String:
<xml><ToUserName><![CDATA[gh_8a317808696e]]></ToUserName>
<FromUserName><![CDATA[o4s6w1DiqiWnB5VKNoytebEDl1Nc]]></FromUserName>
<CreateTime>1528940516</CreateTime>
<MsgType><![CDATA[event]]></MsgType>
<Event><![CDATA[TEMPLATESENDJOBFINISH]]></Event>
<MsgID>324609697011564544</MsgID>
<Status><![CDATA[success]]></Status>
</xml>

2018-06-14 09:41:57 params :
------------
String:
array (
  'rule' => -2,
  'module' => '',
  'message' => 
  array (
    'tousername' => 'gh_8a317808696e',
    'fromusername' => 'o4s6w1DiqiWnB5VKNoytebEDl1Nc',
    'createtime' => '1528940516',
    'msgtype' => 'event',
    'event' => 'TEMPLATESENDJOBFINISH',
    'msgid' => '324609697011564544',
    'status' => 'success',
    'from' => 'o4s6w1DiqiWnB5VKNoytebEDl1Nc',
    'to' => 'gh_8a317808696e',
    'time' => '1528940516',
    'type' => 'event',
  ),
)

2018-06-14 09:41:57 response :
------------

2018-06-14 09:57:42 trace :
------------
String:
<xml><ToUserName><![CDATA[gh_8a317808696e]]></ToUserName>
<FromUserName><![CDATA[o4s6w1EuabHMq-PjdxnsiA_6ns9Q]]></FromUserName>
<CreateTime>1528941462</CreateTime>
<MsgType><![CDATA[event]]></MsgType>
<Event><![CDATA[TEMPLATESENDJOBFINISH]]></Event>
<MsgID>324625567469142017</MsgID>
<Status><![CDATA[success]]></Status>
</xml>

2018-06-14 09:57:42 params :
------------
String:
array (
  'rule' => -2,
  'module' => '',
  'message' => 
  array (
    'tousername' => 'gh_8a317808696e',
    'fromusername' => 'o4s6w1EuabHMq-PjdxnsiA_6ns9Q',
    'createtime' => '1528941462',
    'msgtype' => 'event',
    'event' => 'TEMPLATESENDJOBFINISH',
    'msgid' => '324625567469142017',
    'status' => 'success',
    'from' => 'o4s6w1EuabHMq-PjdxnsiA_6ns9Q',
    'to' => 'gh_8a317808696e',
    'time' => '1528941462',
    'type' => 'event',
  ),
)

2018-06-14 09:57:42 response :
------------

2018-06-14 10:00:19 trace :
------------
String:
<xml><ToUserName><![CDATA[gh_8a317808696e]]></ToUserName>
<FromUserName><![CDATA[o4s6w1DiqiWnB5VKNoytebEDl1Nc]]></FromUserName>
<CreateTime>1528941619</CreateTime>
<MsgType><![CDATA[event]]></MsgType>
<Event><![CDATA[TEMPLATESENDJOBFINISH]]></Event>
<MsgID>324628190972968962</MsgID>
<Status><![CDATA[success]]></Status>
</xml>

2018-06-14 10:00:19 params :
------------
String:
array (
  'rule' => -2,
  'module' => '',
  'message' => 
  array (
    'tousername' => 'gh_8a317808696e',
    'fromusername' => 'o4s6w1DiqiWnB5VKNoytebEDl1Nc',
    'createtime' => '1528941619',
    'msgtype' => 'event',
    'event' => 'TEMPLATESENDJOBFINISH',
    'msgid' => '324628190972968962',
    'status' => 'success',
    'from' => 'o4s6w1DiqiWnB5VKNoytebEDl1Nc',
    'to' => 'gh_8a317808696e',
    'time' => '1528941619',
    'type' => 'event',
  ),
)

2018-06-14 10:00:19 response :
------------

2018-06-14 10:27:27 trace :
------------
String:
<xml><ToUserName><![CDATA[gh_8a317808696e]]></ToUserName>
<FromUserName><![CDATA[o4s6w1KcYw-902FpgzIBKQnNXb7k]]></FromUserName>
<CreateTime>1528943247</CreateTime>
<MsgType><![CDATA[event]]></MsgType>
<Event><![CDATA[subscribe]]></Event>
<EventKey><![CDATA[]]></EventKey>
</xml>

2018-06-14 10:27:28 params :
------------
String:
array (
  'message' => 
  array (
    'tousername' => 'gh_8a317808696e',
    'fromusername' => 'o4s6w1KcYw-902FpgzIBKQnNXb7k',
    'createtime' => '1528943247',
    'msgtype' => 'event',
    'event' => 'subscribe',
    'eventkey' => '',
    'from' => 'o4s6w1KcYw-902FpgzIBKQnNXb7k',
    'to' => 'gh_8a317808696e',
    'time' => '1528943247',
    'type' => 'text',
    'redirection' => true,
    'source' => 'subscribe',
    'content' => '咨询',
  ),
  'module' => 'reply',
  'rule' => '15',
  'priority' => '0',
  'keyword' => 
  array (
    'id' => '21',
    'rid' => '15',
    'uniacid' => '3',
    'module' => 'reply',
    'content' => '咨询',
    'type' => '1',
    'displayorder' => '0',
    'status' => '1',
    'reply_type' => 
    array (
      0 => 'basic',
    ),
  ),
  'reply_type' => 
  array (
    0 => 'basic',
  ),
)

2018-06-14 10:27:28 response :
------------
Array:
FromUserName : gh_8a317808696e ;
ToUserName : o4s6w1KcYw-902FpgzIBKQnNXb7k ;
MsgType : text ;
Content : 欢迎关注全V健康！/可爱/可爱
点击下方“开始咨询”进入首页就可以找医生咨询啦！ ;

2018-06-14 10:43:46 trace :
------------
String:
<xml><ToUserName><![CDATA[gh_8a317808696e]]></ToUserName>
<FromUserName><![CDATA[o4s6w1Hf30vD69DKeBtDqS7ApSdo]]></FromUserName>
<CreateTime>1528944225</CreateTime>
<MsgType><![CDATA[event]]></MsgType>
<Event><![CDATA[unsubscribe]]></Event>
<EventKey><![CDATA[]]></EventKey>
</xml>

2018-06-14 11:03:07 trace :
------------
String:
<xml><ToUserName><![CDATA[gh_8a317808696e]]></ToUserName>
<FromUserName><![CDATA[o4s6w1EuabHMq-PjdxnsiA_6ns9Q]]></FromUserName>
<CreateTime>1528945387</CreateTime>
<MsgType><![CDATA[event]]></MsgType>
<Event><![CDATA[TEMPLATESENDJOBFINISH]]></Event>
<MsgID>324691411767263232</MsgID>
<Status><![CDATA[success]]></Status>
</xml>

2018-06-14 11:03:07 params :
------------
String:
array (
  'rule' => -2,
  'module' => '',
  'message' => 
  array (
    'tousername' => 'gh_8a317808696e',
    'fromusername' => 'o4s6w1EuabHMq-PjdxnsiA_6ns9Q',
    'createtime' => '1528945387',
    'msgtype' => 'event',
    'event' => 'TEMPLATESENDJOBFINISH',
    'msgid' => '324691411767263232',
    'status' => 'success',
    'from' => 'o4s6w1EuabHMq-PjdxnsiA_6ns9Q',
    'to' => 'gh_8a317808696e',
    'time' => '1528945387',
    'type' => 'event',
  ),
)

2018-06-14 11:03:07 response :
------------

2018-06-14 11:04:10 trace :
------------
String:
<xml><ToUserName><![CDATA[gh_8a317808696e]]></ToUserName>
<FromUserName><![CDATA[o4s6w1DiqiWnB5VKNoytebEDl1Nc]]></FromUserName>
<CreateTime>1528945450</CreateTime>
<MsgType><![CDATA[event]]></MsgType>
<Event><![CDATA[TEMPLATESENDJOBFINISH]]></Event>
<MsgID>324692475308769280</MsgID>
<Status><![CDATA[success]]></Status>
</xml>

2018-06-14 11:04:11 params :
------------
String:
array (
  'rule' => -2,
  'module' => '',
  'message' => 
  array (
    'tousername' => 'gh_8a317808696e',
    'fromusername' => 'o4s6w1DiqiWnB5VKNoytebEDl1Nc',
    'createtime' => '1528945450',
    'msgtype' => 'event',
    'event' => 'TEMPLATESENDJOBFINISH',
    'msgid' => '324692475308769280',
    'status' => 'success',
    'from' => 'o4s6w1DiqiWnB5VKNoytebEDl1Nc',
    'to' => 'gh_8a317808696e',
    'time' => '1528945450',
    'type' => 'event',
  ),
)

2018-06-14 11:04:11 response :
------------

2018-06-14 11:18:07 trace :
------------
String:
<xml><ToUserName><![CDATA[gh_8a317808696e]]></ToUserName>
<FromUserName><![CDATA[o4s6w1NsnxuDC8qZLM5HV7ZKMbC8]]></FromUserName>
<CreateTime>1528946286</CreateTime>
<MsgType><![CDATA[event]]></MsgType>
<Event><![CDATA[unsubscribe]]></Event>
<EventKey><![CDATA[]]></EventKey>
</xml>

2018-06-14 11:55:39 trace :
------------
String:
<xml><ToUserName><![CDATA[gh_8a317808696e]]></ToUserName>
<FromUserName><![CDATA[o4s6w1EcI41NiGj5UdexqFq9zMNA]]></FromUserName>
<CreateTime>1528948539</CreateTime>
<MsgType><![CDATA[event]]></MsgType>
<Event><![CDATA[subscribe]]></Event>
<EventKey><![CDATA[]]></EventKey>
</xml>

2018-06-14 11:55:40 params :
------------
String:
array (
  'message' => 
  array (
    'tousername' => 'gh_8a317808696e',
    'fromusername' => 'o4s6w1EcI41NiGj5UdexqFq9zMNA',
    'createtime' => '1528948539',
    'msgtype' => 'event',
    'event' => 'subscribe',
    'eventkey' => '',
    'from' => 'o4s6w1EcI41NiGj5UdexqFq9zMNA',
    'to' => 'gh_8a317808696e',
    'time' => '1528948539',
    'type' => 'text',
    'redirection' => true,
    'source' => 'subscribe',
    'content' => '咨询',
  ),
  'module' => 'reply',
  'rule' => '15',
  'priority' => '0',
  'keyword' => 
  array (
    'id' => '21',
    'rid' => '15',
    'uniacid' => '3',
    'module' => 'reply',
    'content' => '咨询',
    'type' => '1',
    'displayorder' => '0',
    'status' => '1',
    'reply_type' => 
    array (
      0 => 'basic',
    ),
  ),
  'reply_type' => 
  array (
    0 => 'basic',
  ),
)

2018-06-14 11:55:40 response :
------------
Array:
FromUserName : gh_8a317808696e ;
ToUserName : o4s6w1EcI41NiGj5UdexqFq9zMNA ;
MsgType : text ;
Content : 欢迎关注全V健康！/可爱/可爱
点击下方“开始咨询”进入首页就可以找医生咨询啦！ ;

2018-06-14 13:59:49 trace :
------------
String:
<xml><ToUserName><![CDATA[gh_8a317808696e]]></ToUserName>
<FromUserName><![CDATA[o4s6w1EuabHMq-PjdxnsiA_6ns9Q]]></FromUserName>
<CreateTime>1528955989</CreateTime>
<MsgType><![CDATA[event]]></MsgType>
<Event><![CDATA[TEMPLATESENDJOBFINISH]]></Event>
<MsgID>324869288743796738</MsgID>
<Status><![CDATA[success]]></Status>
</xml>

2018-06-14 13:59:49 params :
------------
String:
array (
  'rule' => -2,
  'module' => '',
  'message' => 
  array (
    'tousername' => 'gh_8a317808696e',
    'fromusername' => 'o4s6w1EuabHMq-PjdxnsiA_6ns9Q',
    'createtime' => '1528955989',
    'msgtype' => 'event',
    'event' => 'TEMPLATESENDJOBFINISH',
    'msgid' => '324869288743796738',
    'status' => 'success',
    'from' => 'o4s6w1EuabHMq-PjdxnsiA_6ns9Q',
    'to' => 'gh_8a317808696e',
    'time' => '1528955989',
    'type' => 'event',
  ),
)

2018-06-14 13:59:49 response :
------------

2018-06-14 14:03:51 trace :
------------
String:
<xml><ToUserName><![CDATA[gh_8a317808696e]]></ToUserName>
<FromUserName><![CDATA[o4s6w1DiqiWnB5VKNoytebEDl1Nc]]></FromUserName>
<CreateTime>1528956231</CreateTime>
<MsgType><![CDATA[event]]></MsgType>
<Event><![CDATA[TEMPLATESENDJOBFINISH]]></Event>
<MsgID>324873339888041985</MsgID>
<Status><![CDATA[success]]></Status>
</xml>

2018-06-14 14:03:51 params :
------------
String:
array (
  'rule' => -2,
  'module' => '',
  'message' => 
  array (
    'tousername' => 'gh_8a317808696e',
    'fromusername' => 'o4s6w1DiqiWnB5VKNoytebEDl1Nc',
    'createtime' => '1528956231',
    'msgtype' => 'event',
    'event' => 'TEMPLATESENDJOBFINISH',
    'msgid' => '324873339888041985',
    'status' => 'success',
    'from' => 'o4s6w1DiqiWnB5VKNoytebEDl1Nc',
    'to' => 'gh_8a317808696e',
    'time' => '1528956231',
    'type' => 'event',
  ),
)

2018-06-14 14:03:51 response :
------------

2018-06-14 14:05:11 trace :
------------
String:
<xml><ToUserName><![CDATA[gh_8a317808696e]]></ToUserName>
<FromUserName><![CDATA[o4s6w1EuabHMq-PjdxnsiA_6ns9Q]]></FromUserName>
<CreateTime>1528956310</CreateTime>
<MsgType><![CDATA[event]]></MsgType>
<Event><![CDATA[TEMPLATESENDJOBFINISH]]></Event>
<MsgID>324874678172778498</MsgID>
<Status><![CDATA[success]]></Status>
</xml>

2018-06-14 14:05:11 params :
------------
String:
array (
  'rule' => -2,
  'module' => '',
  'message' => 
  array (
    'tousername' => 'gh_8a317808696e',
    'fromusername' => 'o4s6w1EuabHMq-PjdxnsiA_6ns9Q',
    'createtime' => '1528956310',
    'msgtype' => 'event',
    'event' => 'TEMPLATESENDJOBFINISH',
    'msgid' => '324874678172778498',
    'status' => 'success',
    'from' => 'o4s6w1EuabHMq-PjdxnsiA_6ns9Q',
    'to' => 'gh_8a317808696e',
    'time' => '1528956310',
    'type' => 'event',
  ),
)

2018-06-14 14:05:11 response :
------------

2018-06-14 14:58:39 trace :
------------
String:
<xml><ToUserName><![CDATA[gh_3d9ec5667ec1]]></ToUserName>
<FromUserName><![CDATA[o3hgewzY2_s8szcrEyOfs5elquUw]]></FromUserName>
<CreateTime>1528959519</CreateTime>
<MsgType><![CDATA[event]]></MsgType>
<Event><![CDATA[LOCATION]]></Event>
<Latitude>22.853598</Latitude>
<Longitude>114.096947</Longitude>
<Precision>30.000000</Precision>
</xml>

2018-06-14 14:58:39 params :
------------
String:
array (
  'message' => 
  array (
    'tousername' => 'gh_3d9ec5667ec1',
    'fromusername' => 'o3hgewzY2_s8szcrEyOfs5elquUw',
    'createtime' => '1528959519',
    'msgtype' => 'event',
    'event' => 'LOCATION',
    'latitude' => '22.853598',
    'longitude' => '114.096947',
    'precision' => '30.000000',
    'from' => 'o3hgewzY2_s8szcrEyOfs5elquUw',
    'to' => 'gh_3d9ec5667ec1',
    'time' => '1528959519',
    'type' => 'trace',
    'location_x' => '22.853598',
    'location_y' => '114.096947',
  ),
  'module' => 'default',
  'rule' => '-1',
)

2018-06-14 14:58:39 response :
------------
Array:
errno : -1 ;
message : Invaild value ;

2018-06-14 15:37:50 trace :
------------
String:
<xml><ToUserName><![CDATA[gh_8a317808696e]]></ToUserName>
<FromUserName><![CDATA[o4s6w1A8s2qMp86Z6rsFmQJvN6z0]]></FromUserName>
<CreateTime>1528961870</CreateTime>
<MsgType><![CDATA[event]]></MsgType>
<Event><![CDATA[unsubscribe]]></Event>
<EventKey><![CDATA[]]></EventKey>
</xml>

2018-06-14 15:38:18 trace :
------------
String:
<xml><ToUserName><![CDATA[gh_8a317808696e]]></ToUserName>
<FromUserName><![CDATA[o4s6w1A8s2qMp86Z6rsFmQJvN6z0]]></FromUserName>
<CreateTime>1528961898</CreateTime>
<MsgType><![CDATA[event]]></MsgType>
<Event><![CDATA[subscribe]]></Event>
<EventKey><![CDATA[]]></EventKey>
</xml>

2018-06-14 15:38:18 params :
------------
String:
array (
  'message' => 
  array (
    'tousername' => 'gh_8a317808696e',
    'fromusername' => 'o4s6w1A8s2qMp86Z6rsFmQJvN6z0',
    'createtime' => '1528961898',
    'msgtype' => 'event',
    'event' => 'subscribe',
    'eventkey' => '',
    'from' => 'o4s6w1A8s2qMp86Z6rsFmQJvN6z0',
    'to' => 'gh_8a317808696e',
    'time' => '1528961898',
    'type' => 'text',
    'redirection' => true,
    'source' => 'subscribe',
    'content' => '咨询',
  ),
  'module' => 'reply',
  'rule' => '15',
  'priority' => '0',
  'keyword' => 
  array (
    'id' => '21',
    'rid' => '15',
    'uniacid' => '3',
    'module' => 'reply',
    'content' => '咨询',
    'type' => '1',
    'displayorder' => '0',
    'status' => '1',
    'reply_type' => 
    array (
      0 => 'basic',
    ),
  ),
  'reply_type' => 
  array (
    0 => 'basic',
  ),
)

2018-06-14 15:38:18 response :
------------
Array:
FromUserName : gh_8a317808696e ;
ToUserName : o4s6w1A8s2qMp86Z6rsFmQJvN6z0 ;
MsgType : text ;
Content : 欢迎关注全V健康！/可爱/可爱
点击下方“开始咨询”进入首页就可以找医生咨询啦！ ;

2018-06-14 15:45:29 trace :
------------
String:
<xml><ToUserName><![CDATA[gh_8a317808696e]]></ToUserName>
<FromUserName><![CDATA[o4s6w1A8s2qMp86Z6rsFmQJvN6z0]]></FromUserName>
<CreateTime>1528962329</CreateTime>
<MsgType><![CDATA[text]]></MsgType>
<Content><![CDATA[大哥，咨询不起]]></Content>
<MsgId>6566843200422561572</MsgId>
</xml>

2018-06-14 15:45:29 params :
------------
String:
array (
  'rule' => -2,
  'module' => '',
  'message' => 
  array (
    'tousername' => 'gh_8a317808696e',
    'fromusername' => 'o4s6w1A8s2qMp86Z6rsFmQJvN6z0',
    'createtime' => '1528962329',
    'msgtype' => 'text',
    'content' => '大哥，咨询不起',
    'msgid' => '6566843200422561572',
    'from' => 'o4s6w1A8s2qMp86Z6rsFmQJvN6z0',
    'to' => 'gh_8a317808696e',
    'time' => '1528962329',
    'type' => 'text',
    'event' => NULL,
    'redirection' => false,
    'source' => NULL,
  ),
)

2018-06-14 15:45:29 response :
------------

2018-06-14 15:45:36 trace :
------------
String:
<xml><ToUserName><![CDATA[gh_8a317808696e]]></ToUserName>
<FromUserName><![CDATA[o4s6w1A8s2qMp86Z6rsFmQJvN6z0]]></FromUserName>
<CreateTime>1528962335</CreateTime>
<MsgType><![CDATA[image]]></MsgType>
<PicUrl><![CDATA[http://mmbiz.qpic.cn/mmbiz_jpg/0AJETibKwH4Hq0tNvtiaGstBcxU43XO3mRMKGbJ6s9t49THtzdpWXwicQ51C3LFLaRbObke9nqQHDqeqLwVicPUHcA/0]]></PicUrl>
<MsgId>6566843226192365355</MsgId>
<MediaId><![CDATA[sxmkKZKn1iO9ChfqOST_ez8i2hyie_dYXqy87ur_GnZFUBnj7rGOf7ObD7zAIpCc]]></MediaId>
</xml>

2018-06-14 15:45:37 params :
------------
String:
array (
  'rule' => -2,
  'module' => '',
  'message' => 
  array (
    'tousername' => 'gh_8a317808696e',
    'fromusername' => 'o4s6w1A8s2qMp86Z6rsFmQJvN6z0',
    'createtime' => '1528962335',
    'msgtype' => 'image',
    'picurl' => 'http://mmbiz.qpic.cn/mmbiz_jpg/0AJETibKwH4Hq0tNvtiaGstBcxU43XO3mRMKGbJ6s9t49THtzdpWXwicQ51C3LFLaRbObke9nqQHDqeqLwVicPUHcA/0',
    'msgid' => '6566843226192365355',
    'mediaid' => 'sxmkKZKn1iO9ChfqOST_ez8i2hyie_dYXqy87ur_GnZFUBnj7rGOf7ObD7zAIpCc',
    'from' => 'o4s6w1A8s2qMp86Z6rsFmQJvN6z0',
    'to' => 'gh_8a317808696e',
    'time' => '1528962335',
    'type' => 'image',
    'event' => NULL,
    'url' => 'http://mmbiz.qpic.cn/mmbiz_jpg/0AJETibKwH4Hq0tNvtiaGstBcxU43XO3mRMKGbJ6s9t49THtzdpWXwicQ51C3LFLaRbObke9nqQHDqeqLwVicPUHcA/0',
  ),
)

2018-06-14 15:45:37 response :
------------

2018-06-14 15:45:42 trace :
------------
String:
<xml><ToUserName><![CDATA[gh_8a317808696e]]></ToUserName>
<FromUserName><![CDATA[o4s6w1A8s2qMp86Z6rsFmQJvN6z0]]></FromUserName>
<CreateTime>1528962342</CreateTime>
<MsgType><![CDATA[text]]></MsgType>
<Content><![CDATA[总显示这个界面]]></Content>
<MsgId>6566843256257136447</MsgId>
</xml>

2018-06-14 15:45:42 params :
------------
String:
array (
  'rule' => -2,
  'module' => '',
  'message' => 
  array (
    'tousername' => 'gh_8a317808696e',
    'fromusername' => 'o4s6w1A8s2qMp86Z6rsFmQJvN6z0',
    'createtime' => '1528962342',
    'msgtype' => 'text',
    'content' => '总显示这个界面',
    'msgid' => '6566843256257136447',
    'from' => 'o4s6w1A8s2qMp86Z6rsFmQJvN6z0',
    'to' => 'gh_8a317808696e',
    'time' => '1528962342',
    'type' => 'text',
    'event' => NULL,
    'redirection' => false,
    'source' => NULL,
  ),
)

2018-06-14 15:45:42 response :
------------

2018-06-14 15:46:35 trace :
------------
String:
<xml><ToUserName><![CDATA[gh_8a317808696e]]></ToUserName>
<FromUserName><![CDATA[o4s6w1DiqiWnB5VKNoytebEDl1Nc]]></FromUserName>
<CreateTime>1528962395</CreateTime>
<MsgType><![CDATA[event]]></MsgType>
<Event><![CDATA[TEMPLATESENDJOBFINISH]]></Event>
<MsgID>324976755184336896</MsgID>
<Status><![CDATA[success]]></Status>
</xml>

2018-06-14 15:46:35 params :
------------
String:
array (
  'rule' => -2,
  'module' => '',
  'message' => 
  array (
    'tousername' => 'gh_8a317808696e',
    'fromusername' => 'o4s6w1DiqiWnB5VKNoytebEDl1Nc',
    'createtime' => '1528962395',
    'msgtype' => 'event',
    'event' => 'TEMPLATESENDJOBFINISH',
    'msgid' => '324976755184336896',
    'status' => 'success',
    'from' => 'o4s6w1DiqiWnB5VKNoytebEDl1Nc',
    'to' => 'gh_8a317808696e',
    'time' => '1528962395',
    'type' => 'event',
  ),
)

2018-06-14 15:46:35 response :
------------

2018-06-14 15:49:00 trace :
------------
String:
<xml><ToUserName><![CDATA[gh_8a317808696e]]></ToUserName>
<FromUserName><![CDATA[o4s6w1GfCn2H5zb1-ABBe2cTDCYE]]></FromUserName>
<CreateTime>1528962540</CreateTime>
<MsgType><![CDATA[event]]></MsgType>
<Event><![CDATA[TEMPLATESENDJOBFINISH]]></Event>
<MsgID>324979193752453121</MsgID>
<Status><![CDATA[success]]></Status>
</xml>

2018-06-14 15:49:00 params :
------------
String:
array (
  'rule' => -2,
  'module' => '',
  'message' => 
  array (
    'tousername' => 'gh_8a317808696e',
    'fromusername' => 'o4s6w1GfCn2H5zb1-ABBe2cTDCYE',
    'createtime' => '1528962540',
    'msgtype' => 'event',
    'event' => 'TEMPLATESENDJOBFINISH',
    'msgid' => '324979193752453121',
    'status' => 'success',
    'from' => 'o4s6w1GfCn2H5zb1-ABBe2cTDCYE',
    'to' => 'gh_8a317808696e',
    'time' => '1528962540',
    'type' => 'event',
  ),
)

2018-06-14 15:49:00 response :
------------

2018-06-14 15:53:02 trace :
------------
String:
<xml><ToUserName><![CDATA[gh_8a317808696e]]></ToUserName>
<FromUserName><![CDATA[o4s6w1DiqiWnB5VKNoytebEDl1Nc]]></FromUserName>
<CreateTime>1528962782</CreateTime>
<MsgType><![CDATA[event]]></MsgType>
<Event><![CDATA[TEMPLATESENDJOBFINISH]]></Event>
<MsgID>324983245249019904</MsgID>
<Status><![CDATA[success]]></Status>
</xml>

2018-06-14 15:53:02 params :
------------
String:
array (
  'rule' => -2,
  'module' => '',
  'message' => 
  array (
    'tousername' => 'gh_8a317808696e',
    'fromusername' => 'o4s6w1DiqiWnB5VKNoytebEDl1Nc',
    'createtime' => '1528962782',
    'msgtype' => 'event',
    'event' => 'TEMPLATESENDJOBFINISH',
    'msgid' => '324983245249019904',
    'status' => 'success',
    'from' => 'o4s6w1DiqiWnB5VKNoytebEDl1Nc',
    'to' => 'gh_8a317808696e',
    'time' => '1528962782',
    'type' => 'event',
  ),
)

2018-06-14 15:53:02 response :
------------

2018-06-14 16:22:58 trace :
------------
String:
<xml><ToUserName><![CDATA[gh_8a317808696e]]></ToUserName>
<FromUserName><![CDATA[o4s6w1DiqiWnB5VKNoytebEDl1Nc]]></FromUserName>
<CreateTime>1528964578</CreateTime>
<MsgType><![CDATA[event]]></MsgType>
<Event><![CDATA[TEMPLATESENDJOBFINISH]]></Event>
<MsgID>325013379662315522</MsgID>
<Status><![CDATA[success]]></Status>
</xml>

2018-06-14 16:22:58 params :
------------
String:
array (
  'rule' => -2,
  'module' => '',
  'message' => 
  array (
    'tousername' => 'gh_8a317808696e',
    'fromusername' => 'o4s6w1DiqiWnB5VKNoytebEDl1Nc',
    'createtime' => '1528964578',
    'msgtype' => 'event',
    'event' => 'TEMPLATESENDJOBFINISH',
    'msgid' => '325013379662315522',
    'status' => 'success',
    'from' => 'o4s6w1DiqiWnB5VKNoytebEDl1Nc',
    'to' => 'gh_8a317808696e',
    'time' => '1528964578',
    'type' => 'event',
  ),
)

2018-06-14 16:22:58 response :
------------

2018-06-14 16:34:01 trace :
------------
String:
<xml><ToUserName><![CDATA[gh_8a317808696e]]></ToUserName>
<FromUserName><![CDATA[o4s6w1GfCn2H5zb1-ABBe2cTDCYE]]></FromUserName>
<CreateTime>1528965241</CreateTime>
<MsgType><![CDATA[event]]></MsgType>
<Event><![CDATA[TEMPLATESENDJOBFINISH]]></Event>
<MsgID>325024502788521987</MsgID>
<Status><![CDATA[success]]></Status>
</xml>

2018-06-14 16:34:01 params :
------------
String:
array (
  'rule' => -2,
  'module' => '',
  'message' => 
  array (
    'tousername' => 'gh_8a317808696e',
    'fromusername' => 'o4s6w1GfCn2H5zb1-ABBe2cTDCYE',
    'createtime' => '1528965241',
    'msgtype' => 'event',
    'event' => 'TEMPLATESENDJOBFINISH',
    'msgid' => '325024502788521987',
    'status' => 'success',
    'from' => 'o4s6w1GfCn2H5zb1-ABBe2cTDCYE',
    'to' => 'gh_8a317808696e',
    'time' => '1528965241',
    'type' => 'event',
  ),
)

2018-06-14 16:34:01 response :
------------

2018-06-14 16:36:28 trace :
------------
String:
<xml><ToUserName><![CDATA[gh_8a317808696e]]></ToUserName>
<FromUserName><![CDATA[o4s6w1DiqiWnB5VKNoytebEDl1Nc]]></FromUserName>
<CreateTime>1528965388</CreateTime>
<MsgType><![CDATA[event]]></MsgType>
<Event><![CDATA[TEMPLATESENDJOBFINISH]]></Event>
<MsgID>325026971824521217</MsgID>
<Status><![CDATA[success]]></Status>
</xml>

2018-06-14 16:36:28 params :
------------
String:
array (
  'rule' => -2,
  'module' => '',
  'message' => 
  array (
    'tousername' => 'gh_8a317808696e',
    'fromusername' => 'o4s6w1DiqiWnB5VKNoytebEDl1Nc',
    'createtime' => '1528965388',
    'msgtype' => 'event',
    'event' => 'TEMPLATESENDJOBFINISH',
    'msgid' => '325026971824521217',
    'status' => 'success',
    'from' => 'o4s6w1DiqiWnB5VKNoytebEDl1Nc',
    'to' => 'gh_8a317808696e',
    'time' => '1528965388',
    'type' => 'event',
  ),
)

2018-06-14 16:36:28 response :
------------

2018-06-14 16:38:00 trace :
------------
String:
<xml><ToUserName><![CDATA[gh_8a317808696e]]></ToUserName>
<FromUserName><![CDATA[o4s6w1A4p7rbFOQSJQUyHHfJ_EYw]]></FromUserName>
<CreateTime>1528965480</CreateTime>
<MsgType><![CDATA[event]]></MsgType>
<Event><![CDATA[subscribe]]></Event>
<EventKey><![CDATA[]]></EventKey>
</xml>

2018-06-14 16:38:00 params :
------------
String:
array (
  'message' => 
  array (
    'tousername' => 'gh_8a317808696e',
    'fromusername' => 'o4s6w1A4p7rbFOQSJQUyHHfJ_EYw',
    'createtime' => '1528965480',
    'msgtype' => 'event',
    'event' => 'subscribe',
    'eventkey' => '',
    'from' => 'o4s6w1A4p7rbFOQSJQUyHHfJ_EYw',
    'to' => 'gh_8a317808696e',
    'time' => '1528965480',
    'type' => 'text',
    'redirection' => true,
    'source' => 'subscribe',
    'content' => '咨询',
  ),
  'module' => 'reply',
  'rule' => '15',
  'priority' => '0',
  'keyword' => 
  array (
    'id' => '21',
    'rid' => '15',
    'uniacid' => '3',
    'module' => 'reply',
    'content' => '咨询',
    'type' => '1',
    'displayorder' => '0',
    'status' => '1',
    'reply_type' => 
    array (
      0 => 'basic',
    ),
  ),
  'reply_type' => 
  array (
    0 => 'basic',
  ),
)

2018-06-14 16:38:00 response :
------------
Array:
FromUserName : gh_8a317808696e ;
ToUserName : o4s6w1A4p7rbFOQSJQUyHHfJ_EYw ;
MsgType : text ;
Content : 欢迎关注全V健康！/可爱/可爱
点击下方“开始咨询”进入首页就可以找医生咨询啦！ ;

2018-06-14 16:38:21 trace :
------------
String:
<xml><ToUserName><![CDATA[gh_8a317808696e]]></ToUserName>
<FromUserName><![CDATA[o4s6w1GfCn2H5zb1-ABBe2cTDCYE]]></FromUserName>
<CreateTime>1528965501</CreateTime>
<MsgType><![CDATA[event]]></MsgType>
<Event><![CDATA[TEMPLATESENDJOBFINISH]]></Event>
<MsgID>325028862633312260</MsgID>
<Status><![CDATA[success]]></Status>
</xml>

2018-06-14 16:38:21 params :
------------
String:
array (
  'rule' => -2,
  'module' => '',
  'message' => 
  array (
    'tousername' => 'gh_8a317808696e',
    'fromusername' => 'o4s6w1GfCn2H5zb1-ABBe2cTDCYE',
    'createtime' => '1528965501',
    'msgtype' => 'event',
    'event' => 'TEMPLATESENDJOBFINISH',
    'msgid' => '325028862633312260',
    'status' => 'success',
    'from' => 'o4s6w1GfCn2H5zb1-ABBe2cTDCYE',
    'to' => 'gh_8a317808696e',
    'time' => '1528965501',
    'type' => 'event',
  ),
)

2018-06-14 16:38:21 response :
------------

2018-06-14 16:40:39 trace :
------------
String:
<xml><ToUserName><![CDATA[gh_8a317808696e]]></ToUserName>
<FromUserName><![CDATA[o4s6w1DiqiWnB5VKNoytebEDl1Nc]]></FromUserName>
<CreateTime>1528965639</CreateTime>
<MsgType><![CDATA[event]]></MsgType>
<Event><![CDATA[TEMPLATESENDJOBFINISH]]></Event>
<MsgID>325031178510106624</MsgID>
<Status><![CDATA[success]]></Status>
</xml>

2018-06-14 16:40:39 params :
------------
String:
array (
  'rule' => -2,
  'module' => '',
  'message' => 
  array (
    'tousername' => 'gh_8a317808696e',
    'fromusername' => 'o4s6w1DiqiWnB5VKNoytebEDl1Nc',
    'createtime' => '1528965639',
    'msgtype' => 'event',
    'event' => 'TEMPLATESENDJOBFINISH',
    'msgid' => '325031178510106624',
    'status' => 'success',
    'from' => 'o4s6w1DiqiWnB5VKNoytebEDl1Nc',
    'to' => 'gh_8a317808696e',
    'time' => '1528965639',
    'type' => 'event',
  ),
)

2018-06-14 16:40:39 response :
------------

2018-06-14 16:44:39 trace :
------------
String:
<xml><ToUserName><![CDATA[gh_8a317808696e]]></ToUserName>
<FromUserName><![CDATA[o4s6w1GfCn2H5zb1-ABBe2cTDCYE]]></FromUserName>
<CreateTime>1528965878</CreateTime>
<MsgType><![CDATA[event]]></MsgType>
<Event><![CDATA[TEMPLATESENDJOBFINISH]]></Event>
<MsgID>325035201669496833</MsgID>
<Status><![CDATA[success]]></Status>
</xml>

2018-06-14 16:44:39 params :
------------
String:
array (
  'rule' => -2,
  'module' => '',
  'message' => 
  array (
    'tousername' => 'gh_8a317808696e',
    'fromusername' => 'o4s6w1GfCn2H5zb1-ABBe2cTDCYE',
    'createtime' => '1528965878',
    'msgtype' => 'event',
    'event' => 'TEMPLATESENDJOBFINISH',
    'msgid' => '325035201669496833',
    'status' => 'success',
    'from' => 'o4s6w1GfCn2H5zb1-ABBe2cTDCYE',
    'to' => 'gh_8a317808696e',
    'time' => '1528965878',
    'type' => 'event',
  ),
)

2018-06-14 16:44:39 response :
------------

2018-06-14 22:06:14 trace :
------------
String:
<xml><ToUserName><![CDATA[gh_8a317808696e]]></ToUserName>
<FromUserName><![CDATA[o4s6w1PA6JDnyrJWneE0qCUxCzOo]]></FromUserName>
<CreateTime>1528985174</CreateTime>
<MsgType><![CDATA[event]]></MsgType>
<Event><![CDATA[TEMPLATESENDJOBFINISH]]></Event>
<MsgID>325358929343283201</MsgID>
<Status><![CDATA[success]]></Status>
</xml>

2018-06-14 22:06:14 params :
------------
String:
array (
  'rule' => -2,
  'module' => '',
  'message' => 
  array (
    'tousername' => 'gh_8a317808696e',
    'fromusername' => 'o4s6w1PA6JDnyrJWneE0qCUxCzOo',
    'createtime' => '1528985174',
    'msgtype' => 'event',
    'event' => 'TEMPLATESENDJOBFINISH',
    'msgid' => '325358929343283201',
    'status' => 'success',
    'from' => 'o4s6w1PA6JDnyrJWneE0qCUxCzOo',
    'to' => 'gh_8a317808696e',
    'time' => '1528985174',
    'type' => 'event',
  ),
)

2018-06-14 22:06:14 response :
------------

2018-06-14 22:15:41 trace :
------------
String:
<xml><ToUserName><![CDATA[gh_8a317808696e]]></ToUserName>
<FromUserName><![CDATA[o4s6w1LB45syDbjyjdil_P2CDqSg]]></FromUserName>
<CreateTime>1528985741</CreateTime>
<MsgType><![CDATA[event]]></MsgType>
<Event><![CDATA[TEMPLATESENDJOBFINISH]]></Event>
<MsgID>325368445631741954</MsgID>
<Status><![CDATA[success]]></Status>
</xml>

2018-06-14 22:15:41 params :
------------
String:
array (
  'rule' => -2,
  'module' => '',
  'message' => 
  array (
    'tousername' => 'gh_8a317808696e',
    'fromusername' => 'o4s6w1LB45syDbjyjdil_P2CDqSg',
    'createtime' => '1528985741',
    'msgtype' => 'event',
    'event' => 'TEMPLATESENDJOBFINISH',
    'msgid' => '325368445631741954',
    'status' => 'success',
    'from' => 'o4s6w1LB45syDbjyjdil_P2CDqSg',
    'to' => 'gh_8a317808696e',
    'time' => '1528985741',
    'type' => 'event',
  ),
)

2018-06-14 22:15:41 response :
------------

2018-06-14 22:26:26 trace :
------------
String:
<xml><ToUserName><![CDATA[gh_8a317808696e]]></ToUserName>
<FromUserName><![CDATA[o4s6w1PA6JDnyrJWneE0qCUxCzOo]]></FromUserName>
<CreateTime>1528986386</CreateTime>
<MsgType><![CDATA[event]]></MsgType>
<Event><![CDATA[TEMPLATESENDJOBFINISH]]></Event>
<MsgID>325379257993920513</MsgID>
<Status><![CDATA[success]]></Status>
</xml>

2018-06-14 22:26:26 params :
------------
String:
array (
  'rule' => -2,
  'module' => '',
  'message' => 
  array (
    'tousername' => 'gh_8a317808696e',
    'fromusername' => 'o4s6w1PA6JDnyrJWneE0qCUxCzOo',
    'createtime' => '1528986386',
    'msgtype' => 'event',
    'event' => 'TEMPLATESENDJOBFINISH',
    'msgid' => '325379257993920513',
    'status' => 'success',
    'from' => 'o4s6w1PA6JDnyrJWneE0qCUxCzOo',
    'to' => 'gh_8a317808696e',
    'time' => '1528986386',
    'type' => 'event',
  ),
)

2018-06-14 22:26:26 response :
------------

2018-06-14 22:32:10 trace :
------------
String:
<xml><ToUserName><![CDATA[gh_8a317808696e]]></ToUserName>
<FromUserName><![CDATA[o4s6w1PA6JDnyrJWneE0qCUxCzOo]]></FromUserName>
<CreateTime>1528986730</CreateTime>
<MsgType><![CDATA[event]]></MsgType>
<Event><![CDATA[TEMPLATESENDJOBFINISH]]></Event>
<MsgID>325385035714789378</MsgID>
<Status><![CDATA[success]]></Status>
</xml>

2018-06-14 22:32:10 params :
------------
String:
array (
  'rule' => -2,
  'module' => '',
  'message' => 
  array (
    'tousername' => 'gh_8a317808696e',
    'fromusername' => 'o4s6w1PA6JDnyrJWneE0qCUxCzOo',
    'createtime' => '1528986730',
    'msgtype' => 'event',
    'event' => 'TEMPLATESENDJOBFINISH',
    'msgid' => '325385035714789378',
    'status' => 'success',
    'from' => 'o4s6w1PA6JDnyrJWneE0qCUxCzOo',
    'to' => 'gh_8a317808696e',
    'time' => '1528986730',
    'type' => 'event',
  ),
)

2018-06-14 22:32:10 response :
------------

2018-06-14 22:50:16 trace :
------------
String:
<xml><ToUserName><![CDATA[gh_8a317808696e]]></ToUserName>
<FromUserName><![CDATA[o4s6w1LB45syDbjyjdil_P2CDqSg]]></FromUserName>
<CreateTime>1528987815</CreateTime>
<MsgType><![CDATA[event]]></MsgType>
<Event><![CDATA[TEMPLATESENDJOBFINISH]]></Event>
<MsgID>325403243070898178</MsgID>
<Status><![CDATA[success]]></Status>
</xml>

2018-06-14 22:50:16 params :
------------
String:
array (
  'rule' => -2,
  'module' => '',
  'message' => 
  array (
    'tousername' => 'gh_8a317808696e',
    'fromusername' => 'o4s6w1LB45syDbjyjdil_P2CDqSg',
    'createtime' => '1528987815',
    'msgtype' => 'event',
    'event' => 'TEMPLATESENDJOBFINISH',
    'msgid' => '325403243070898178',
    'status' => 'success',
    'from' => 'o4s6w1LB45syDbjyjdil_P2CDqSg',
    'to' => 'gh_8a317808696e',
    'time' => '1528987815',
    'type' => 'event',
  ),
)

2018-06-14 22:50:16 response :
------------

