2018-05-06 08:54:34 trace :
------------
String:
<xml><ToUserName><![CDATA[gh_3d9ec5667ec1]]></ToUserName>
<FromUserName><![CDATA[o3hgewyJi67qjx5z3pE3pvZHNhGI]]></FromUserName>
<CreateTime>1525568072</CreateTime>
<MsgType><![CDATA[event]]></MsgType>
<Event><![CDATA[LOCATION]]></Event>
<Latitude>22.980000</Latitude>
<Longitude>113.673599</Longitude>
<Precision>30.000000</Precision>
</xml>

2018-05-06 08:54:34 params :
------------
String:
array (
  'message' => 
  array (
    'tousername' => 'gh_3d9ec5667ec1',
    'fromusername' => 'o3hgewyJi67qjx5z3pE3pvZHNhGI',
    'createtime' => '1525568072',
    'msgtype' => 'event',
    'event' => 'LOCATION',
    'latitude' => '22.980000',
    'longitude' => '113.673599',
    'precision' => '30.000000',
    'from' => 'o3hgewyJi67qjx5z3pE3pvZHNhGI',
    'to' => 'gh_3d9ec5667ec1',
    'time' => '1525568072',
    'type' => 'trace',
    'location_x' => '22.980000',
    'location_y' => '113.673599',
  ),
  'module' => 'default',
  'rule' => '-1',
)

2018-05-06 08:54:34 response :
------------
Array:
errno : -1 ;
message : Invaild value ;

2018-05-06 10:32:27 trace :
------------
String:
<xml><ToUserName><![CDATA[gh_3d9ec5667ec1]]></ToUserName>
<FromUserName><![CDATA[o3hgew30cOlE1cM6wB0abI9RyW_Y]]></FromUserName>
<CreateTime>1525573946</CreateTime>
<MsgType><![CDATA[event]]></MsgType>
<Event><![CDATA[LOCATION]]></Event>
<Latitude>23.027781</Latitude>
<Longitude>113.736465</Longitude>
<Precision>30.000000</Precision>
</xml>

2018-05-06 10:32:27 params :
------------
String:
array (
  'message' => 
  array (
    'tousername' => 'gh_3d9ec5667ec1',
    'fromusername' => 'o3hgew30cOlE1cM6wB0abI9RyW_Y',
    'createtime' => '1525573946',
    'msgtype' => 'event',
    'event' => 'LOCATION',
    'latitude' => '23.027781',
    'longitude' => '113.736465',
    'precision' => '30.000000',
    'from' => 'o3hgew30cOlE1cM6wB0abI9RyW_Y',
    'to' => 'gh_3d9ec5667ec1',
    'time' => '1525573946',
    'type' => 'trace',
    'location_x' => '23.027781',
    'location_y' => '113.736465',
  ),
  'module' => 'default',
  'rule' => '-1',
)

2018-05-06 10:32:27 response :
------------
Array:
errno : -1 ;
message : Invaild value ;

2018-05-06 18:00:40 trace :
------------
String:
<xml><ToUserName><![CDATA[gh_3d9ec5667ec1]]></ToUserName>
<FromUserName><![CDATA[o3hgew3Udk4nDd4ttLiaHExiURHQ]]></FromUserName>
<CreateTime>1525600839</CreateTime>
<MsgType><![CDATA[event]]></MsgType>
<Event><![CDATA[LOCATION]]></Event>
<Latitude>23.027323</Latitude>
<Longitude>113.342346</Longitude>
<Precision>65.000000</Precision>
</xml>

2018-05-06 18:00:40 params :
------------
String:
array (
  'message' => 
  array (
    'tousername' => 'gh_3d9ec5667ec1',
    'fromusername' => 'o3hgew3Udk4nDd4ttLiaHExiURHQ',
    'createtime' => '1525600839',
    'msgtype' => 'event',
    'event' => 'LOCATION',
    'latitude' => '23.027323',
    'longitude' => '113.342346',
    'precision' => '65.000000',
    'from' => 'o3hgew3Udk4nDd4ttLiaHExiURHQ',
    'to' => 'gh_3d9ec5667ec1',
    'time' => '1525600839',
    'type' => 'trace',
    'location_x' => '23.027323',
    'location_y' => '113.342346',
  ),
  'module' => 'default',
  'rule' => '-1',
)

2018-05-06 18:00:40 response :
------------
Array:
errno : -1 ;
message : Invaild value ;

2018-05-06 21:58:22 trace :
------------
String:
<xml><ToUserName><![CDATA[gh_3d9ec5667ec1]]></ToUserName>
<FromUserName><![CDATA[o3hgew9yviFgTclFdzmxcme06TDo]]></FromUserName>
<CreateTime>1525615100</CreateTime>
<MsgType><![CDATA[event]]></MsgType>
<Event><![CDATA[LOCATION]]></Event>
<Latitude>23.472713</Latitude>
<Longitude>116.677979</Longitude>
<Precision>65.000000</Precision>
</xml>

2018-05-06 21:58:22 params :
------------
String:
array (
  'message' => 
  array (
    'tousername' => 'gh_3d9ec5667ec1',
    'fromusername' => 'o3hgew9yviFgTclFdzmxcme06TDo',
    'createtime' => '1525615100',
    'msgtype' => 'event',
    'event' => 'LOCATION',
    'latitude' => '23.472713',
    'longitude' => '116.677979',
    'precision' => '65.000000',
    'from' => 'o3hgew9yviFgTclFdzmxcme06TDo',
    'to' => 'gh_3d9ec5667ec1',
    'time' => '1525615100',
    'type' => 'trace',
    'location_x' => '23.472713',
    'location_y' => '116.677979',
  ),
  'module' => 'default',
  'rule' => '-1',
)

2018-05-06 21:58:22 response :
------------
Array:
errno : -1 ;
message : Invaild value ;

2018-05-06 21:58:26 trace :
------------
String:
<xml><ToUserName><![CDATA[gh_3d9ec5667ec1]]></ToUserName>
<FromUserName><![CDATA[o3hgew9yviFgTclFdzmxcme06TDo]]></FromUserName>
<CreateTime>1525615105</CreateTime>
<MsgType><![CDATA[event]]></MsgType>
<Event><![CDATA[unsubscribe]]></Event>
<EventKey><![CDATA[]]></EventKey>
</xml>

