2018-03-20 13:04:07 trace :
------------
String:
<xml><ToUserName><![CDATA[gh_3d9ec5667ec1]]></ToUserName>
<FromUserName><![CDATA[o3hgew30cOlE1cM6wB0abI9RyW_Y]]></FromUserName>
<CreateTime>1521522246</CreateTime>
<MsgType><![CDATA[event]]></MsgType>
<Event><![CDATA[LOCATION]]></Event>
<Latitude>23.022017</Latitude>
<Longitude>113.740112</Longitude>
<Precision>30.000000</Precision>
</xml>

2018-03-20 13:04:07 params :
------------
String:
array (
  'message' => 
  array (
    'tousername' => 'gh_3d9ec5667ec1',
    'fromusername' => 'o3hgew30cOlE1cM6wB0abI9RyW_Y',
    'createtime' => '1521522246',
    'msgtype' => 'event',
    'event' => 'LOCATION',
    'latitude' => '23.022017',
    'longitude' => '113.740112',
    'precision' => '30.000000',
    'from' => 'o3hgew30cOlE1cM6wB0abI9RyW_Y',
    'to' => 'gh_3d9ec5667ec1',
    'time' => '1521522246',
    'type' => 'trace',
    'location_x' => '23.022017',
    'location_y' => '113.740112',
  ),
  'module' => 'default',
  'rule' => '-1',
)

2018-03-20 13:04:07 response :
------------
Array:
errno : -1 ;
message : Invaild value ;

2018-03-20 13:04:14 trace :
------------
String:
<xml><ToUserName><![CDATA[gh_3d9ec5667ec1]]></ToUserName>
<FromUserName><![CDATA[o3hgew30cOlE1cM6wB0abI9RyW_Y]]></FromUserName>
<CreateTime>1521522253</CreateTime>
<MsgType><![CDATA[event]]></MsgType>
<Event><![CDATA[LOCATION]]></Event>
<Latitude>23.022017</Latitude>
<Longitude>113.740112</Longitude>
<Precision>30.000000</Precision>
</xml>

2018-03-20 13:04:14 params :
------------
String:
array (
  'message' => 
  array (
    'tousername' => 'gh_3d9ec5667ec1',
    'fromusername' => 'o3hgew30cOlE1cM6wB0abI9RyW_Y',
    'createtime' => '1521522253',
    'msgtype' => 'event',
    'event' => 'LOCATION',
    'latitude' => '23.022017',
    'longitude' => '113.740112',
    'precision' => '30.000000',
    'from' => 'o3hgew30cOlE1cM6wB0abI9RyW_Y',
    'to' => 'gh_3d9ec5667ec1',
    'time' => '1521522253',
    'type' => 'trace',
    'location_x' => '23.022017',
    'location_y' => '113.740112',
  ),
  'module' => 'default',
  'rule' => '-1',
)

2018-03-20 13:04:14 response :
------------
Array:
errno : -1 ;
message : Invaild value ;

2018-03-20 13:28:36 trace :
------------
String:
<xml><ToUserName><![CDATA[gh_3d9ec5667ec1]]></ToUserName>
<FromUserName><![CDATA[o3hgew5HqSDW316JmwyuAMgyZDt8]]></FromUserName>
<CreateTime>1521523714</CreateTime>
<MsgType><![CDATA[event]]></MsgType>
<Event><![CDATA[subscribe]]></Event>
<EventKey><![CDATA[]]></EventKey>
</xml>

2018-03-20 13:28:36 params :
------------
String:
array (
  'rule' => -2,
  'module' => '',
  'message' => 
  array (
    'tousername' => 'gh_3d9ec5667ec1',
    'fromusername' => 'o3hgew5HqSDW316JmwyuAMgyZDt8',
    'createtime' => '1521523714',
    'msgtype' => 'event',
    'event' => 'subscribe',
    'eventkey' => '',
    'from' => 'o3hgew5HqSDW316JmwyuAMgyZDt8',
    'to' => 'gh_3d9ec5667ec1',
    'time' => '1521523714',
    'type' => 'text',
    'redirection' => true,
    'source' => 'subscribe',
  ),
)

2018-03-20 13:28:36 response :
------------

2018-03-20 13:28:38 trace :
------------
String:
<xml><ToUserName><![CDATA[gh_3d9ec5667ec1]]></ToUserName>
<FromUserName><![CDATA[o3hgew5HqSDW316JmwyuAMgyZDt8]]></FromUserName>
<CreateTime>1521523717</CreateTime>
<MsgType><![CDATA[event]]></MsgType>
<Event><![CDATA[LOCATION]]></Event>
<Latitude>22.804850</Latitude>
<Longitude>114.042053</Longitude>
<Precision>30.000000</Precision>
</xml>

2018-03-20 13:28:38 params :
------------
String:
array (
  'message' => 
  array (
    'tousername' => 'gh_3d9ec5667ec1',
    'fromusername' => 'o3hgew5HqSDW316JmwyuAMgyZDt8',
    'createtime' => '1521523717',
    'msgtype' => 'event',
    'event' => 'LOCATION',
    'latitude' => '22.804850',
    'longitude' => '114.042053',
    'precision' => '30.000000',
    'from' => 'o3hgew5HqSDW316JmwyuAMgyZDt8',
    'to' => 'gh_3d9ec5667ec1',
    'time' => '1521523717',
    'type' => 'trace',
    'location_x' => '22.804850',
    'location_y' => '114.042053',
  ),
  'module' => 'default',
  'rule' => '-1',
)

2018-03-20 13:28:38 response :
------------
Array:
errno : -1 ;
message : Invaild value ;

2018-03-20 13:28:55 trace :
------------
String:
<xml><ToUserName><![CDATA[gh_3d9ec5667ec1]]></ToUserName>
<FromUserName><![CDATA[o3hgew5HqSDW316JmwyuAMgyZDt8]]></FromUserName>
<CreateTime>1521523735</CreateTime>
<MsgType><![CDATA[event]]></MsgType>
<Event><![CDATA[user_get_card]]></Event>
<CardId><![CDATA[p3hgewwmNS6lAo0HM97FfGnv638c]]></CardId>
<IsGiveByFriend>0</IsGiveByFriend>
<UserCardCode><![CDATA[055075411768]]></UserCardCode>
<FriendUserName><![CDATA[]]></FriendUserName>
<OuterId>0</OuterId>
<OldUserCardCode><![CDATA[]]></OldUserCardCode>
<IsRestoreMemberCard>0</IsRestoreMemberCard>
<IsRecommendByFriend>0</IsRecommendByFriend>
<SourceScene><![CDATA[SOURCE_SCENE_QRCODE]]></SourceScene>
<UnionId><![CDATA[oAAAAAL4Q5Ih0QsoPQXLwm9rn7rM]]></UnionId>
</xml>

2018-03-20 13:28:55 params :
------------
String:
array (
  'rule' => -2,
  'module' => '',
  'message' => 
  array (
    'tousername' => 'gh_3d9ec5667ec1',
    'fromusername' => 'o3hgew5HqSDW316JmwyuAMgyZDt8',
    'createtime' => '1521523735',
    'msgtype' => 'event',
    'event' => 'user_get_card',
    'cardid' => 'p3hgewwmNS6lAo0HM97FfGnv638c',
    'isgivebyfriend' => '0',
    'usercardcode' => '055075411768',
    'friendusername' => '',
    'outerid' => '0',
    'oldusercardcode' => '',
    'isrestoremembercard' => '0',
    'isrecommendbyfriend' => '0',
    'sourcescene' => 'SOURCE_SCENE_QRCODE',
    'unionid' => 'oAAAAAL4Q5Ih0QsoPQXLwm9rn7rM',
    'from' => 'o3hgew5HqSDW316JmwyuAMgyZDt8',
    'to' => 'gh_3d9ec5667ec1',
    'time' => '1521523735',
    'type' => 'coupon',
  ),
)

2018-03-20 13:28:56 response :
------------

2018-03-20 13:28:56 trace :
------------
String:
<xml><ToUserName><![CDATA[gh_3d9ec5667ec1]]></ToUserName>
<FromUserName><![CDATA[o3hgew5HqSDW316JmwyuAMgyZDt8]]></FromUserName>
<CreateTime>1521523735</CreateTime>
<MsgType><![CDATA[event]]></MsgType>
<Event><![CDATA[user_view_card]]></Event>
<CardId><![CDATA[p3hgewwmNS6lAo0HM97FfGnv638c]]></CardId>
<UserCardCode><![CDATA[055075411768]]></UserCardCode>
<OuterStr><![CDATA[]]></OuterStr>
</xml>

2018-03-20 13:28:56 params :
------------
String:
array (
  'rule' => -2,
  'module' => '',
  'message' => 
  array (
    'tousername' => 'gh_3d9ec5667ec1',
    'fromusername' => 'o3hgew5HqSDW316JmwyuAMgyZDt8',
    'createtime' => '1521523735',
    'msgtype' => 'event',
    'event' => 'user_view_card',
    'cardid' => 'p3hgewwmNS6lAo0HM97FfGnv638c',
    'usercardcode' => '055075411768',
    'outerstr' => '',
    'from' => 'o3hgew5HqSDW316JmwyuAMgyZDt8',
    'to' => 'gh_3d9ec5667ec1',
    'time' => '1521523735',
    'type' => 'event',
  ),
)

2018-03-20 13:28:56 response :
------------

2018-03-20 13:30:14 trace :
------------
String:
<xml><ToUserName><![CDATA[gh_3d9ec5667ec1]]></ToUserName>
<FromUserName><![CDATA[o3hgew7t3woX19pXyvq6eM0WTEGc]]></FromUserName>
<CreateTime>1521523813</CreateTime>
<MsgType><![CDATA[event]]></MsgType>
<Event><![CDATA[subscribe]]></Event>
<EventKey><![CDATA[]]></EventKey>
</xml>

2018-03-20 13:30:14 params :
------------
String:
array (
  'rule' => -2,
  'module' => '',
  'message' => 
  array (
    'tousername' => 'gh_3d9ec5667ec1',
    'fromusername' => 'o3hgew7t3woX19pXyvq6eM0WTEGc',
    'createtime' => '1521523813',
    'msgtype' => 'event',
    'event' => 'subscribe',
    'eventkey' => '',
    'from' => 'o3hgew7t3woX19pXyvq6eM0WTEGc',
    'to' => 'gh_3d9ec5667ec1',
    'time' => '1521523813',
    'type' => 'text',
    'redirection' => true,
    'source' => 'subscribe',
  ),
)

2018-03-20 13:30:14 response :
------------

2018-03-20 13:30:17 trace :
------------
String:
<xml><ToUserName><![CDATA[gh_3d9ec5667ec1]]></ToUserName>
<FromUserName><![CDATA[o3hgew7t3woX19pXyvq6eM0WTEGc]]></FromUserName>
<CreateTime>1521523816</CreateTime>
<MsgType><![CDATA[event]]></MsgType>
<Event><![CDATA[LOCATION]]></Event>
<Latitude>22.804520</Latitude>
<Longitude>114.041977</Longitude>
<Precision>65.000000</Precision>
</xml>

2018-03-20 13:30:17 params :
------------
String:
array (
  'message' => 
  array (
    'tousername' => 'gh_3d9ec5667ec1',
    'fromusername' => 'o3hgew7t3woX19pXyvq6eM0WTEGc',
    'createtime' => '1521523816',
    'msgtype' => 'event',
    'event' => 'LOCATION',
    'latitude' => '22.804520',
    'longitude' => '114.041977',
    'precision' => '65.000000',
    'from' => 'o3hgew7t3woX19pXyvq6eM0WTEGc',
    'to' => 'gh_3d9ec5667ec1',
    'time' => '1521523816',
    'type' => 'trace',
    'location_x' => '22.804520',
    'location_y' => '114.041977',
  ),
  'module' => 'default',
  'rule' => '-1',
)

2018-03-20 13:30:17 response :
------------
Array:
errno : -1 ;
message : Invaild value ;

2018-03-20 13:32:26 trace :
------------
String:
<xml><ToUserName><![CDATA[gh_3d9ec5667ec1]]></ToUserName>
<FromUserName><![CDATA[o3hgew5HqSDW316JmwyuAMgyZDt8]]></FromUserName>
<CreateTime>1521523945</CreateTime>
<MsgType><![CDATA[event]]></MsgType>
<Event><![CDATA[LOCATION]]></Event>
<Latitude>22.805250</Latitude>
<Longitude>114.041847</Longitude>
<Precision>30.000000</Precision>
</xml>

2018-03-20 13:32:26 params :
------------
String:
array (
  'message' => 
  array (
    'tousername' => 'gh_3d9ec5667ec1',
    'fromusername' => 'o3hgew5HqSDW316JmwyuAMgyZDt8',
    'createtime' => '1521523945',
    'msgtype' => 'event',
    'event' => 'LOCATION',
    'latitude' => '22.805250',
    'longitude' => '114.041847',
    'precision' => '30.000000',
    'from' => 'o3hgew5HqSDW316JmwyuAMgyZDt8',
    'to' => 'gh_3d9ec5667ec1',
    'time' => '1521523945',
    'type' => 'trace',
    'location_x' => '22.805250',
    'location_y' => '114.041847',
  ),
  'module' => 'default',
  'rule' => '-1',
)

2018-03-20 13:32:26 response :
------------
Array:
errno : -1 ;
message : Invaild value ;

2018-03-20 13:38:41 trace :
------------
String:
<xml><ToUserName><![CDATA[gh_3d9ec5667ec1]]></ToUserName>
<FromUserName><![CDATA[o3hgewxfCxlbXztp4eNO-aroqsJc]]></FromUserName>
<CreateTime>1521524320</CreateTime>
<MsgType><![CDATA[event]]></MsgType>
<Event><![CDATA[subscribe]]></Event>
<EventKey><![CDATA[]]></EventKey>
</xml>

2018-03-20 13:38:41 params :
------------
String:
array (
  'rule' => -2,
  'module' => '',
  'message' => 
  array (
    'tousername' => 'gh_3d9ec5667ec1',
    'fromusername' => 'o3hgewxfCxlbXztp4eNO-aroqsJc',
    'createtime' => '1521524320',
    'msgtype' => 'event',
    'event' => 'subscribe',
    'eventkey' => '',
    'from' => 'o3hgewxfCxlbXztp4eNO-aroqsJc',
    'to' => 'gh_3d9ec5667ec1',
    'time' => '1521524320',
    'type' => 'text',
    'redirection' => true,
    'source' => 'subscribe',
  ),
)

2018-03-20 13:38:41 response :
------------

2018-03-20 13:38:48 trace :
------------
String:
<xml><ToUserName><![CDATA[gh_3d9ec5667ec1]]></ToUserName>
<FromUserName><![CDATA[o3hgewxfCxlbXztp4eNO-aroqsJc]]></FromUserName>
<CreateTime>1521524327</CreateTime>
<MsgType><![CDATA[event]]></MsgType>
<Event><![CDATA[LOCATION]]></Event>
<Latitude>22.804865</Latitude>
<Longitude>114.042030</Longitude>
<Precision>30.000000</Precision>
</xml>

2018-03-20 13:38:48 params :
------------
String:
array (
  'message' => 
  array (
    'tousername' => 'gh_3d9ec5667ec1',
    'fromusername' => 'o3hgewxfCxlbXztp4eNO-aroqsJc',
    'createtime' => '1521524327',
    'msgtype' => 'event',
    'event' => 'LOCATION',
    'latitude' => '22.804865',
    'longitude' => '114.042030',
    'precision' => '30.000000',
    'from' => 'o3hgewxfCxlbXztp4eNO-aroqsJc',
    'to' => 'gh_3d9ec5667ec1',
    'time' => '1521524327',
    'type' => 'trace',
    'location_x' => '22.804865',
    'location_y' => '114.042030',
  ),
  'module' => 'default',
  'rule' => '-1',
)

2018-03-20 13:38:48 response :
------------
Array:
errno : -1 ;
message : Invaild value ;

2018-03-20 13:39:06 trace :
------------
String:
<xml><ToUserName><![CDATA[gh_3d9ec5667ec1]]></ToUserName>
<FromUserName><![CDATA[o3hgewxfCxlbXztp4eNO-aroqsJc]]></FromUserName>
<CreateTime>1521524345</CreateTime>
<MsgType><![CDATA[event]]></MsgType>
<Event><![CDATA[LOCATION]]></Event>
<Latitude>22.804865</Latitude>
<Longitude>114.042030</Longitude>
<Precision>30.000000</Precision>
</xml>

2018-03-20 13:39:06 params :
------------
String:
array (
  'message' => 
  array (
    'tousername' => 'gh_3d9ec5667ec1',
    'fromusername' => 'o3hgewxfCxlbXztp4eNO-aroqsJc',
    'createtime' => '1521524345',
    'msgtype' => 'event',
    'event' => 'LOCATION',
    'latitude' => '22.804865',
    'longitude' => '114.042030',
    'precision' => '30.000000',
    'from' => 'o3hgewxfCxlbXztp4eNO-aroqsJc',
    'to' => 'gh_3d9ec5667ec1',
    'time' => '1521524345',
    'type' => 'trace',
    'location_x' => '22.804865',
    'location_y' => '114.042030',
  ),
  'module' => 'default',
  'rule' => '-1',
)

2018-03-20 13:39:06 response :
------------
Array:
errno : -1 ;
message : Invaild value ;

2018-03-20 13:42:46 trace :
------------
String:
<xml><ToUserName><![CDATA[gh_3d9ec5667ec1]]></ToUserName>
<FromUserName><![CDATA[o3hgew9L1uI5JWrkAkQ0EIVrwpe8]]></FromUserName>
<CreateTime>1521524565</CreateTime>
<MsgType><![CDATA[event]]></MsgType>
<Event><![CDATA[subscribe]]></Event>
<EventKey><![CDATA[]]></EventKey>
</xml>

2018-03-20 13:42:46 params :
------------
String:
array (
  'rule' => -2,
  'module' => '',
  'message' => 
  array (
    'tousername' => 'gh_3d9ec5667ec1',
    'fromusername' => 'o3hgew9L1uI5JWrkAkQ0EIVrwpe8',
    'createtime' => '1521524565',
    'msgtype' => 'event',
    'event' => 'subscribe',
    'eventkey' => '',
    'from' => 'o3hgew9L1uI5JWrkAkQ0EIVrwpe8',
    'to' => 'gh_3d9ec5667ec1',
    'time' => '1521524565',
    'type' => 'text',
    'redirection' => true,
    'source' => 'subscribe',
  ),
)

2018-03-20 13:42:46 response :
------------

2018-03-20 13:42:50 trace :
------------
String:
<xml><ToUserName><![CDATA[gh_3d9ec5667ec1]]></ToUserName>
<FromUserName><![CDATA[o3hgew9L1uI5JWrkAkQ0EIVrwpe8]]></FromUserName>
<CreateTime>1521524569</CreateTime>
<MsgType><![CDATA[event]]></MsgType>
<Event><![CDATA[LOCATION]]></Event>
<Latitude>22.804905</Latitude>
<Longitude>114.042030</Longitude>
<Precision>30.000000</Precision>
</xml>

2018-03-20 13:42:50 params :
------------
String:
array (
  'message' => 
  array (
    'tousername' => 'gh_3d9ec5667ec1',
    'fromusername' => 'o3hgew9L1uI5JWrkAkQ0EIVrwpe8',
    'createtime' => '1521524569',
    'msgtype' => 'event',
    'event' => 'LOCATION',
    'latitude' => '22.804905',
    'longitude' => '114.042030',
    'precision' => '30.000000',
    'from' => 'o3hgew9L1uI5JWrkAkQ0EIVrwpe8',
    'to' => 'gh_3d9ec5667ec1',
    'time' => '1521524569',
    'type' => 'trace',
    'location_x' => '22.804905',
    'location_y' => '114.042030',
  ),
  'module' => 'default',
  'rule' => '-1',
)

2018-03-20 13:42:50 response :
------------
Array:
errno : -1 ;
message : Invaild value ;

2018-03-20 13:43:07 trace :
------------
String:
<xml><ToUserName><![CDATA[gh_3d9ec5667ec1]]></ToUserName>
<FromUserName><![CDATA[o3hgew9L1uI5JWrkAkQ0EIVrwpe8]]></FromUserName>
<CreateTime>1521524586</CreateTime>
<MsgType><![CDATA[event]]></MsgType>
<Event><![CDATA[LOCATION]]></Event>
<Latitude>22.804905</Latitude>
<Longitude>114.042030</Longitude>
<Precision>30.000000</Precision>
</xml>

2018-03-20 13:43:07 params :
------------
String:
array (
  'message' => 
  array (
    'tousername' => 'gh_3d9ec5667ec1',
    'fromusername' => 'o3hgew9L1uI5JWrkAkQ0EIVrwpe8',
    'createtime' => '1521524586',
    'msgtype' => 'event',
    'event' => 'LOCATION',
    'latitude' => '22.804905',
    'longitude' => '114.042030',
    'precision' => '30.000000',
    'from' => 'o3hgew9L1uI5JWrkAkQ0EIVrwpe8',
    'to' => 'gh_3d9ec5667ec1',
    'time' => '1521524586',
    'type' => 'trace',
    'location_x' => '22.804905',
    'location_y' => '114.042030',
  ),
  'module' => 'default',
  'rule' => '-1',
)

2018-03-20 13:43:07 response :
------------
Array:
errno : -1 ;
message : Invaild value ;

2018-03-20 13:43:18 trace :
------------
String:
<xml><ToUserName><![CDATA[gh_3d9ec5667ec1]]></ToUserName>
<FromUserName><![CDATA[o3hgew9L1uI5JWrkAkQ0EIVrwpe8]]></FromUserName>
<CreateTime>1521524597</CreateTime>
<MsgType><![CDATA[event]]></MsgType>
<Event><![CDATA[user_get_card]]></Event>
<CardId><![CDATA[p3hgewwmNS6lAo0HM97FfGnv638c]]></CardId>
<IsGiveByFriend>0</IsGiveByFriend>
<UserCardCode><![CDATA[666620337660]]></UserCardCode>
<FriendUserName><![CDATA[]]></FriendUserName>
<OuterId>0</OuterId>
<OldUserCardCode><![CDATA[]]></OldUserCardCode>
<IsRestoreMemberCard>0</IsRestoreMemberCard>
<IsRecommendByFriend>0</IsRecommendByFriend>
<SourceScene><![CDATA[SOURCE_SCENE_QRCODE]]></SourceScene>
<UnionId><![CDATA[oAAAAALdDhFoL4fv52KIjeLLoQwo]]></UnionId>
</xml>

2018-03-20 13:43:18 params :
------------
String:
array (
  'rule' => -2,
  'module' => '',
  'message' => 
  array (
    'tousername' => 'gh_3d9ec5667ec1',
    'fromusername' => 'o3hgew9L1uI5JWrkAkQ0EIVrwpe8',
    'createtime' => '1521524597',
    'msgtype' => 'event',
    'event' => 'user_get_card',
    'cardid' => 'p3hgewwmNS6lAo0HM97FfGnv638c',
    'isgivebyfriend' => '0',
    'usercardcode' => '666620337660',
    'friendusername' => '',
    'outerid' => '0',
    'oldusercardcode' => '',
    'isrestoremembercard' => '0',
    'isrecommendbyfriend' => '0',
    'sourcescene' => 'SOURCE_SCENE_QRCODE',
    'unionid' => 'oAAAAALdDhFoL4fv52KIjeLLoQwo',
    'from' => 'o3hgew9L1uI5JWrkAkQ0EIVrwpe8',
    'to' => 'gh_3d9ec5667ec1',
    'time' => '1521524597',
    'type' => 'coupon',
  ),
)

2018-03-20 13:43:18 response :
------------

2018-03-20 13:43:19 trace :
------------
String:
<xml><ToUserName><![CDATA[gh_3d9ec5667ec1]]></ToUserName>
<FromUserName><![CDATA[o3hgew9L1uI5JWrkAkQ0EIVrwpe8]]></FromUserName>
<CreateTime>1521524598</CreateTime>
<MsgType><![CDATA[event]]></MsgType>
<Event><![CDATA[user_view_card]]></Event>
<CardId><![CDATA[p3hgewwmNS6lAo0HM97FfGnv638c]]></CardId>
<UserCardCode><![CDATA[666620337660]]></UserCardCode>
<OuterStr><![CDATA[]]></OuterStr>
</xml>

2018-03-20 13:43:19 params :
------------
String:
array (
  'rule' => -2,
  'module' => '',
  'message' => 
  array (
    'tousername' => 'gh_3d9ec5667ec1',
    'fromusername' => 'o3hgew9L1uI5JWrkAkQ0EIVrwpe8',
    'createtime' => '1521524598',
    'msgtype' => 'event',
    'event' => 'user_view_card',
    'cardid' => 'p3hgewwmNS6lAo0HM97FfGnv638c',
    'usercardcode' => '666620337660',
    'outerstr' => '',
    'from' => 'o3hgew9L1uI5JWrkAkQ0EIVrwpe8',
    'to' => 'gh_3d9ec5667ec1',
    'time' => '1521524598',
    'type' => 'event',
  ),
)

2018-03-20 13:43:19 response :
------------

2018-03-20 13:44:03 trace :
------------
String:
<xml><ToUserName><![CDATA[gh_3d9ec5667ec1]]></ToUserName>
<FromUserName><![CDATA[o3hgew9L1uI5JWrkAkQ0EIVrwpe8]]></FromUserName>
<CreateTime>1521524642</CreateTime>
<MsgType><![CDATA[event]]></MsgType>
<Event><![CDATA[LOCATION]]></Event>
<Latitude>22.805014</Latitude>
<Longitude>114.041985</Longitude>
<Precision>42.000000</Precision>
</xml>

2018-03-20 13:44:03 params :
------------
String:
array (
  'message' => 
  array (
    'tousername' => 'gh_3d9ec5667ec1',
    'fromusername' => 'o3hgew9L1uI5JWrkAkQ0EIVrwpe8',
    'createtime' => '1521524642',
    'msgtype' => 'event',
    'event' => 'LOCATION',
    'latitude' => '22.805014',
    'longitude' => '114.041985',
    'precision' => '42.000000',
    'from' => 'o3hgew9L1uI5JWrkAkQ0EIVrwpe8',
    'to' => 'gh_3d9ec5667ec1',
    'time' => '1521524642',
    'type' => 'trace',
    'location_x' => '22.805014',
    'location_y' => '114.041985',
  ),
  'module' => 'default',
  'rule' => '-1',
)

2018-03-20 13:44:03 response :
------------
Array:
errno : -1 ;
message : Invaild value ;

2018-03-20 13:44:15 trace :
------------
String:
<xml><ToUserName><![CDATA[gh_3d9ec5667ec1]]></ToUserName>
<FromUserName><![CDATA[o3hgew9L1uI5JWrkAkQ0EIVrwpe8]]></FromUserName>
<CreateTime>1521524654</CreateTime>
<MsgType><![CDATA[event]]></MsgType>
<Event><![CDATA[LOCATION]]></Event>
<Latitude>22.804893</Latitude>
<Longitude>114.042000</Longitude>
<Precision>30.000000</Precision>
</xml>

2018-03-20 13:44:15 params :
------------
String:
array (
  'message' => 
  array (
    'tousername' => 'gh_3d9ec5667ec1',
    'fromusername' => 'o3hgew9L1uI5JWrkAkQ0EIVrwpe8',
    'createtime' => '1521524654',
    'msgtype' => 'event',
    'event' => 'LOCATION',
    'latitude' => '22.804893',
    'longitude' => '114.042000',
    'precision' => '30.000000',
    'from' => 'o3hgew9L1uI5JWrkAkQ0EIVrwpe8',
    'to' => 'gh_3d9ec5667ec1',
    'time' => '1521524654',
    'type' => 'trace',
    'location_x' => '22.804893',
    'location_y' => '114.042000',
  ),
  'module' => 'default',
  'rule' => '-1',
)

2018-03-20 13:44:15 response :
------------
Array:
errno : -1 ;
message : Invaild value ;

2018-03-20 13:44:35 trace :
------------
String:
<xml><ToUserName><![CDATA[gh_3d9ec5667ec1]]></ToUserName>
<FromUserName><![CDATA[o3hgew9L1uI5JWrkAkQ0EIVrwpe8]]></FromUserName>
<CreateTime>1521524674</CreateTime>
<MsgType><![CDATA[event]]></MsgType>
<Event><![CDATA[user_view_card]]></Event>
<CardId><![CDATA[p3hgewwmNS6lAo0HM97FfGnv638c]]></CardId>
<UserCardCode><![CDATA[666620337660]]></UserCardCode>
<OuterStr><![CDATA[]]></OuterStr>
</xml>

2018-03-20 13:44:35 params :
------------
String:
array (
  'rule' => -2,
  'module' => '',
  'message' => 
  array (
    'tousername' => 'gh_3d9ec5667ec1',
    'fromusername' => 'o3hgew9L1uI5JWrkAkQ0EIVrwpe8',
    'createtime' => '1521524674',
    'msgtype' => 'event',
    'event' => 'user_view_card',
    'cardid' => 'p3hgewwmNS6lAo0HM97FfGnv638c',
    'usercardcode' => '666620337660',
    'outerstr' => '',
    'from' => 'o3hgew9L1uI5JWrkAkQ0EIVrwpe8',
    'to' => 'gh_3d9ec5667ec1',
    'time' => '1521524674',
    'type' => 'event',
  ),
)

2018-03-20 13:44:35 response :
------------

2018-03-20 13:45:14 trace :
------------
String:
<xml><ToUserName><![CDATA[gh_3d9ec5667ec1]]></ToUserName>
<FromUserName><![CDATA[o3hgew9L1uI5JWrkAkQ0EIVrwpe8]]></FromUserName>
<CreateTime>1521524713</CreateTime>
<MsgType><![CDATA[event]]></MsgType>
<Event><![CDATA[user_enter_session_from_card]]></Event>
<CardId><![CDATA[p3hgewwmNS6lAo0HM97FfGnv638c]]></CardId>
<UserCardCode><![CDATA[666620337660]]></UserCardCode>
</xml>

2018-03-20 13:45:14 params :
------------
String:
array (
  'rule' => -2,
  'module' => '',
  'message' => 
  array (
    'tousername' => 'gh_3d9ec5667ec1',
    'fromusername' => 'o3hgew9L1uI5JWrkAkQ0EIVrwpe8',
    'createtime' => '1521524713',
    'msgtype' => 'event',
    'event' => 'user_enter_session_from_card',
    'cardid' => 'p3hgewwmNS6lAo0HM97FfGnv638c',
    'usercardcode' => '666620337660',
    'from' => 'o3hgew9L1uI5JWrkAkQ0EIVrwpe8',
    'to' => 'gh_3d9ec5667ec1',
    'time' => '1521524713',
    'type' => 'event',
  ),
)

2018-03-20 13:45:14 response :
------------

2018-03-20 13:45:14 trace :
------------
String:
<xml><ToUserName><![CDATA[gh_3d9ec5667ec1]]></ToUserName>
<FromUserName><![CDATA[o3hgew9L1uI5JWrkAkQ0EIVrwpe8]]></FromUserName>
<CreateTime>1521524713</CreateTime>
<MsgType><![CDATA[event]]></MsgType>
<Event><![CDATA[LOCATION]]></Event>
<Latitude>22.804934</Latitude>
<Longitude>114.042030</Longitude>
<Precision>30.000000</Precision>
</xml>

2018-03-20 13:45:14 params :
------------
String:
array (
  'message' => 
  array (
    'tousername' => 'gh_3d9ec5667ec1',
    'fromusername' => 'o3hgew9L1uI5JWrkAkQ0EIVrwpe8',
    'createtime' => '1521524713',
    'msgtype' => 'event',
    'event' => 'LOCATION',
    'latitude' => '22.804934',
    'longitude' => '114.042030',
    'precision' => '30.000000',
    'from' => 'o3hgew9L1uI5JWrkAkQ0EIVrwpe8',
    'to' => 'gh_3d9ec5667ec1',
    'time' => '1521524713',
    'type' => 'trace',
    'location_x' => '22.804934',
    'location_y' => '114.042030',
  ),
  'module' => 'default',
  'rule' => '-1',
)

2018-03-20 13:45:14 response :
------------
Array:
errno : -1 ;
message : Invaild value ;

2018-03-20 13:47:37 trace :
------------
String:
<xml><ToUserName><![CDATA[gh_3d9ec5667ec1]]></ToUserName>
<FromUserName><![CDATA[o3hgew4TLebCrf6y4TXqnliTyCq8]]></FromUserName>
<CreateTime>1521524856</CreateTime>
<MsgType><![CDATA[event]]></MsgType>
<Event><![CDATA[subscribe]]></Event>
<EventKey><![CDATA[]]></EventKey>
</xml>

2018-03-20 13:47:38 params :
------------
String:
array (
  'rule' => -2,
  'module' => '',
  'message' => 
  array (
    'tousername' => 'gh_3d9ec5667ec1',
    'fromusername' => 'o3hgew4TLebCrf6y4TXqnliTyCq8',
    'createtime' => '1521524856',
    'msgtype' => 'event',
    'event' => 'subscribe',
    'eventkey' => '',
    'from' => 'o3hgew4TLebCrf6y4TXqnliTyCq8',
    'to' => 'gh_3d9ec5667ec1',
    'time' => '1521524856',
    'type' => 'text',
    'redirection' => true,
    'source' => 'subscribe',
  ),
)

2018-03-20 13:47:38 response :
------------

2018-03-20 13:47:39 trace :
------------
String:
<xml><ToUserName><![CDATA[gh_3d9ec5667ec1]]></ToUserName>
<FromUserName><![CDATA[o3hgew4TLebCrf6y4TXqnliTyCq8]]></FromUserName>
<CreateTime>1521524858</CreateTime>
<MsgType><![CDATA[event]]></MsgType>
<Event><![CDATA[LOCATION]]></Event>
<Latitude>22.804764</Latitude>
<Longitude>114.041924</Longitude>
<Precision>530.000000</Precision>
</xml>

2018-03-20 13:47:39 params :
------------
String:
array (
  'message' => 
  array (
    'tousername' => 'gh_3d9ec5667ec1',
    'fromusername' => 'o3hgew4TLebCrf6y4TXqnliTyCq8',
    'createtime' => '1521524858',
    'msgtype' => 'event',
    'event' => 'LOCATION',
    'latitude' => '22.804764',
    'longitude' => '114.041924',
    'precision' => '530.000000',
    'from' => 'o3hgew4TLebCrf6y4TXqnliTyCq8',
    'to' => 'gh_3d9ec5667ec1',
    'time' => '1521524858',
    'type' => 'trace',
    'location_x' => '22.804764',
    'location_y' => '114.041924',
  ),
  'module' => 'default',
  'rule' => '-1',
)

2018-03-20 13:47:39 response :
------------
Array:
errno : -1 ;
message : Invaild value ;

2018-03-20 13:48:06 trace :
------------
String:
<xml><ToUserName><![CDATA[gh_3d9ec5667ec1]]></ToUserName>
<FromUserName><![CDATA[o3hgew4TLebCrf6y4TXqnliTyCq8]]></FromUserName>
<CreateTime>1521524885</CreateTime>
<MsgType><![CDATA[event]]></MsgType>
<Event><![CDATA[user_get_card]]></Event>
<CardId><![CDATA[p3hgewwmNS6lAo0HM97FfGnv638c]]></CardId>
<IsGiveByFriend>0</IsGiveByFriend>
<UserCardCode><![CDATA[977567779726]]></UserCardCode>
<FriendUserName><![CDATA[]]></FriendUserName>
<OuterId>0</OuterId>
<OldUserCardCode><![CDATA[]]></OldUserCardCode>
<IsRestoreMemberCard>0</IsRestoreMemberCard>
<IsRecommendByFriend>0</IsRecommendByFriend>
<SourceScene><![CDATA[SOURCE_SCENE_QRCODE]]></SourceScene>
<UnionId><![CDATA[oAAAAACEnu4lQD5AkLY4a2heBvGA]]></UnionId>
</xml>

2018-03-20 13:48:06 params :
------------
String:
array (
  'rule' => -2,
  'module' => '',
  'message' => 
  array (
    'tousername' => 'gh_3d9ec5667ec1',
    'fromusername' => 'o3hgew4TLebCrf6y4TXqnliTyCq8',
    'createtime' => '1521524885',
    'msgtype' => 'event',
    'event' => 'user_get_card',
    'cardid' => 'p3hgewwmNS6lAo0HM97FfGnv638c',
    'isgivebyfriend' => '0',
    'usercardcode' => '977567779726',
    'friendusername' => '',
    'outerid' => '0',
    'oldusercardcode' => '',
    'isrestoremembercard' => '0',
    'isrecommendbyfriend' => '0',
    'sourcescene' => 'SOURCE_SCENE_QRCODE',
    'unionid' => 'oAAAAACEnu4lQD5AkLY4a2heBvGA',
    'from' => 'o3hgew4TLebCrf6y4TXqnliTyCq8',
    'to' => 'gh_3d9ec5667ec1',
    'time' => '1521524885',
    'type' => 'coupon',
  ),
)

2018-03-20 13:48:06 response :
------------

2018-03-20 13:48:06 trace :
------------
String:
<xml><ToUserName><![CDATA[gh_3d9ec5667ec1]]></ToUserName>
<FromUserName><![CDATA[o3hgew4TLebCrf6y4TXqnliTyCq8]]></FromUserName>
<CreateTime>1521524885</CreateTime>
<MsgType><![CDATA[event]]></MsgType>
<Event><![CDATA[user_view_card]]></Event>
<CardId><![CDATA[p3hgewwmNS6lAo0HM97FfGnv638c]]></CardId>
<UserCardCode><![CDATA[977567779726]]></UserCardCode>
<OuterStr><![CDATA[]]></OuterStr>
</xml>

2018-03-20 13:48:06 params :
------------
String:
array (
  'rule' => -2,
  'module' => '',
  'message' => 
  array (
    'tousername' => 'gh_3d9ec5667ec1',
    'fromusername' => 'o3hgew4TLebCrf6y4TXqnliTyCq8',
    'createtime' => '1521524885',
    'msgtype' => 'event',
    'event' => 'user_view_card',
    'cardid' => 'p3hgewwmNS6lAo0HM97FfGnv638c',
    'usercardcode' => '977567779726',
    'outerstr' => '',
    'from' => 'o3hgew4TLebCrf6y4TXqnliTyCq8',
    'to' => 'gh_3d9ec5667ec1',
    'time' => '1521524885',
    'type' => 'event',
  ),
)

2018-03-20 13:48:06 response :
------------

2018-03-20 13:49:22 trace :
------------
String:
<xml><ToUserName><![CDATA[gh_3d9ec5667ec1]]></ToUserName>
<FromUserName><![CDATA[o3hgew4TLebCrf6y4TXqnliTyCq8]]></FromUserName>
<CreateTime>1521524961</CreateTime>
<MsgType><![CDATA[event]]></MsgType>
<Event><![CDATA[LOCATION]]></Event>
<Latitude>22.804764</Latitude>
<Longitude>114.041924</Longitude>
<Precision>530.000000</Precision>
</xml>

2018-03-20 13:49:22 params :
------------
String:
array (
  'message' => 
  array (
    'tousername' => 'gh_3d9ec5667ec1',
    'fromusername' => 'o3hgew4TLebCrf6y4TXqnliTyCq8',
    'createtime' => '1521524961',
    'msgtype' => 'event',
    'event' => 'LOCATION',
    'latitude' => '22.804764',
    'longitude' => '114.041924',
    'precision' => '530.000000',
    'from' => 'o3hgew4TLebCrf6y4TXqnliTyCq8',
    'to' => 'gh_3d9ec5667ec1',
    'time' => '1521524961',
    'type' => 'trace',
    'location_x' => '22.804764',
    'location_y' => '114.041924',
  ),
  'module' => 'default',
  'rule' => '-1',
)

2018-03-20 13:49:22 response :
------------
Array:
errno : -1 ;
message : Invaild value ;

2018-03-20 13:49:30 trace :
------------
String:
<xml><ToUserName><![CDATA[gh_3d9ec5667ec1]]></ToUserName>
<FromUserName><![CDATA[o3hgew4TLebCrf6y4TXqnliTyCq8]]></FromUserName>
<CreateTime>1521524969</CreateTime>
<MsgType><![CDATA[event]]></MsgType>
<Event><![CDATA[LOCATION]]></Event>
<Latitude>22.804764</Latitude>
<Longitude>114.041924</Longitude>
<Precision>530.000000</Precision>
</xml>

2018-03-20 13:49:30 params :
------------
String:
array (
  'message' => 
  array (
    'tousername' => 'gh_3d9ec5667ec1',
    'fromusername' => 'o3hgew4TLebCrf6y4TXqnliTyCq8',
    'createtime' => '1521524969',
    'msgtype' => 'event',
    'event' => 'LOCATION',
    'latitude' => '22.804764',
    'longitude' => '114.041924',
    'precision' => '530.000000',
    'from' => 'o3hgew4TLebCrf6y4TXqnliTyCq8',
    'to' => 'gh_3d9ec5667ec1',
    'time' => '1521524969',
    'type' => 'trace',
    'location_x' => '22.804764',
    'location_y' => '114.041924',
  ),
  'module' => 'default',
  'rule' => '-1',
)

2018-03-20 13:49:30 response :
------------
Array:
errno : -1 ;
message : Invaild value ;

2018-03-20 13:49:34 trace :
------------
String:
<xml><ToUserName><![CDATA[gh_3d9ec5667ec1]]></ToUserName>
<FromUserName><![CDATA[o3hgew4TLebCrf6y4TXqnliTyCq8]]></FromUserName>
<CreateTime>1521524973</CreateTime>
<MsgType><![CDATA[event]]></MsgType>
<Event><![CDATA[user_view_card]]></Event>
<CardId><![CDATA[p3hgewwmNS6lAo0HM97FfGnv638c]]></CardId>
<UserCardCode><![CDATA[977567779726]]></UserCardCode>
<OuterStr><![CDATA[]]></OuterStr>
</xml>

2018-03-20 13:49:34 params :
------------
String:
array (
  'rule' => -2,
  'module' => '',
  'message' => 
  array (
    'tousername' => 'gh_3d9ec5667ec1',
    'fromusername' => 'o3hgew4TLebCrf6y4TXqnliTyCq8',
    'createtime' => '1521524973',
    'msgtype' => 'event',
    'event' => 'user_view_card',
    'cardid' => 'p3hgewwmNS6lAo0HM97FfGnv638c',
    'usercardcode' => '977567779726',
    'outerstr' => '',
    'from' => 'o3hgew4TLebCrf6y4TXqnliTyCq8',
    'to' => 'gh_3d9ec5667ec1',
    'time' => '1521524973',
    'type' => 'event',
  ),
)

2018-03-20 13:49:34 response :
------------

2018-03-20 13:50:22 trace :
------------
String:
<xml><ToUserName><![CDATA[gh_3d9ec5667ec1]]></ToUserName>
<FromUserName><![CDATA[o3hgew-qKcjgzPX2DKk0pufynjIY]]></FromUserName>
<CreateTime>1521525021</CreateTime>
<MsgType><![CDATA[event]]></MsgType>
<Event><![CDATA[subscribe]]></Event>
<EventKey><![CDATA[]]></EventKey>
</xml>

2018-03-20 13:50:22 params :
------------
String:
array (
  'rule' => -2,
  'module' => '',
  'message' => 
  array (
    'tousername' => 'gh_3d9ec5667ec1',
    'fromusername' => 'o3hgew-qKcjgzPX2DKk0pufynjIY',
    'createtime' => '1521525021',
    'msgtype' => 'event',
    'event' => 'subscribe',
    'eventkey' => '',
    'from' => 'o3hgew-qKcjgzPX2DKk0pufynjIY',
    'to' => 'gh_3d9ec5667ec1',
    'time' => '1521525021',
    'type' => 'text',
    'redirection' => true,
    'source' => 'subscribe',
  ),
)

2018-03-20 13:50:22 response :
------------

2018-03-20 13:50:24 trace :
------------
String:
<xml><ToUserName><![CDATA[gh_3d9ec5667ec1]]></ToUserName>
<FromUserName><![CDATA[o3hgew-qKcjgzPX2DKk0pufynjIY]]></FromUserName>
<CreateTime>1521525023</CreateTime>
<MsgType><![CDATA[event]]></MsgType>
<Event><![CDATA[LOCATION]]></Event>
<Latitude>22.805374</Latitude>
<Longitude>114.041702</Longitude>
<Precision>30.000000</Precision>
</xml>

2018-03-20 13:50:24 params :
------------
String:
array (
  'message' => 
  array (
    'tousername' => 'gh_3d9ec5667ec1',
    'fromusername' => 'o3hgew-qKcjgzPX2DKk0pufynjIY',
    'createtime' => '1521525023',
    'msgtype' => 'event',
    'event' => 'LOCATION',
    'latitude' => '22.805374',
    'longitude' => '114.041702',
    'precision' => '30.000000',
    'from' => 'o3hgew-qKcjgzPX2DKk0pufynjIY',
    'to' => 'gh_3d9ec5667ec1',
    'time' => '1521525023',
    'type' => 'trace',
    'location_x' => '22.805374',
    'location_y' => '114.041702',
  ),
  'module' => 'default',
  'rule' => '-1',
)

2018-03-20 13:50:24 response :
------------
Array:
errno : -1 ;
message : Invaild value ;

2018-03-20 13:54:47 trace :
------------
String:
<xml><ToUserName><![CDATA[gh_3d9ec5667ec1]]></ToUserName>
<FromUserName><![CDATA[o3hgew4TLebCrf6y4TXqnliTyCq8]]></FromUserName>
<CreateTime>1521525286</CreateTime>
<MsgType><![CDATA[event]]></MsgType>
<Event><![CDATA[LOCATION]]></Event>
<Latitude>22.807417</Latitude>
<Longitude>114.043480</Longitude>
<Precision>340.000000</Precision>
</xml>

2018-03-20 13:54:47 params :
------------
String:
array (
  'message' => 
  array (
    'tousername' => 'gh_3d9ec5667ec1',
    'fromusername' => 'o3hgew4TLebCrf6y4TXqnliTyCq8',
    'createtime' => '1521525286',
    'msgtype' => 'event',
    'event' => 'LOCATION',
    'latitude' => '22.807417',
    'longitude' => '114.043480',
    'precision' => '340.000000',
    'from' => 'o3hgew4TLebCrf6y4TXqnliTyCq8',
    'to' => 'gh_3d9ec5667ec1',
    'time' => '1521525286',
    'type' => 'trace',
    'location_x' => '22.807417',
    'location_y' => '114.043480',
  ),
  'module' => 'default',
  'rule' => '-1',
)

2018-03-20 13:54:47 response :
------------
Array:
errno : -1 ;
message : Invaild value ;

2018-03-20 14:02:09 trace :
------------
String:
<xml><ToUserName><![CDATA[gh_3d9ec5667ec1]]></ToUserName>
<FromUserName><![CDATA[o3hgew-dwJXeSu_mkwD1mogsf7Eo]]></FromUserName>
<CreateTime>1521525728</CreateTime>
<MsgType><![CDATA[event]]></MsgType>
<Event><![CDATA[subscribe]]></Event>
<EventKey><![CDATA[]]></EventKey>
</xml>

2018-03-20 14:02:10 params :
------------
String:
array (
  'rule' => -2,
  'module' => '',
  'message' => 
  array (
    'tousername' => 'gh_3d9ec5667ec1',
    'fromusername' => 'o3hgew-dwJXeSu_mkwD1mogsf7Eo',
    'createtime' => '1521525728',
    'msgtype' => 'event',
    'event' => 'subscribe',
    'eventkey' => '',
    'from' => 'o3hgew-dwJXeSu_mkwD1mogsf7Eo',
    'to' => 'gh_3d9ec5667ec1',
    'time' => '1521525728',
    'type' => 'text',
    'redirection' => true,
    'source' => 'subscribe',
  ),
)

2018-03-20 14:02:10 response :
------------

2018-03-20 14:02:12 trace :
------------
String:
<xml><ToUserName><![CDATA[gh_3d9ec5667ec1]]></ToUserName>
<FromUserName><![CDATA[o3hgew-dwJXeSu_mkwD1mogsf7Eo]]></FromUserName>
<CreateTime>1521525732</CreateTime>
<MsgType><![CDATA[event]]></MsgType>
<Event><![CDATA[LOCATION]]></Event>
<Latitude>22.805082</Latitude>
<Longitude>114.042084</Longitude>
<Precision>65.000000</Precision>
</xml>

2018-03-20 14:02:12 params :
------------
String:
array (
  'message' => 
  array (
    'tousername' => 'gh_3d9ec5667ec1',
    'fromusername' => 'o3hgew-dwJXeSu_mkwD1mogsf7Eo',
    'createtime' => '1521525732',
    'msgtype' => 'event',
    'event' => 'LOCATION',
    'latitude' => '22.805082',
    'longitude' => '114.042084',
    'precision' => '65.000000',
    'from' => 'o3hgew-dwJXeSu_mkwD1mogsf7Eo',
    'to' => 'gh_3d9ec5667ec1',
    'time' => '1521525732',
    'type' => 'trace',
    'location_x' => '22.805082',
    'location_y' => '114.042084',
  ),
  'module' => 'default',
  'rule' => '-1',
)

2018-03-20 14:02:12 response :
------------
Array:
errno : -1 ;
message : Invaild value ;

2018-03-20 14:02:44 trace :
------------
String:
<xml><ToUserName><![CDATA[gh_3d9ec5667ec1]]></ToUserName>
<FromUserName><![CDATA[o3hgew1btWVLsR3JiMkKT7d2sEQM]]></FromUserName>
<CreateTime>1521525763</CreateTime>
<MsgType><![CDATA[event]]></MsgType>
<Event><![CDATA[subscribe]]></Event>
<EventKey><![CDATA[]]></EventKey>
</xml>

2018-03-20 14:02:44 params :
------------
String:
array (
  'rule' => -2,
  'module' => '',
  'message' => 
  array (
    'tousername' => 'gh_3d9ec5667ec1',
    'fromusername' => 'o3hgew1btWVLsR3JiMkKT7d2sEQM',
    'createtime' => '1521525763',
    'msgtype' => 'event',
    'event' => 'subscribe',
    'eventkey' => '',
    'from' => 'o3hgew1btWVLsR3JiMkKT7d2sEQM',
    'to' => 'gh_3d9ec5667ec1',
    'time' => '1521525763',
    'type' => 'text',
    'redirection' => true,
    'source' => 'subscribe',
  ),
)

2018-03-20 14:02:44 response :
------------

2018-03-20 14:02:45 trace :
------------
String:
<xml><ToUserName><![CDATA[gh_3d9ec5667ec1]]></ToUserName>
<FromUserName><![CDATA[o3hgew-dwJXeSu_mkwD1mogsf7Eo]]></FromUserName>
<CreateTime>1521525764</CreateTime>
<MsgType><![CDATA[event]]></MsgType>
<Event><![CDATA[user_get_card]]></Event>
<CardId><![CDATA[p3hgewwmNS6lAo0HM97FfGnv638c]]></CardId>
<IsGiveByFriend>0</IsGiveByFriend>
<UserCardCode><![CDATA[515586403707]]></UserCardCode>
<FriendUserName><![CDATA[]]></FriendUserName>
<OuterId>0</OuterId>
<OldUserCardCode><![CDATA[]]></OldUserCardCode>
<IsRestoreMemberCard>0</IsRestoreMemberCard>
<IsRecommendByFriend>0</IsRecommendByFriend>
<SourceScene><![CDATA[SOURCE_SCENE_QRCODE]]></SourceScene>
<UnionId><![CDATA[oAAAAALojFeasJpzJfZlnuglhMPY]]></UnionId>
</xml>

2018-03-20 14:02:45 params :
------------
String:
array (
  'rule' => -2,
  'module' => '',
  'message' => 
  array (
    'tousername' => 'gh_3d9ec5667ec1',
    'fromusername' => 'o3hgew-dwJXeSu_mkwD1mogsf7Eo',
    'createtime' => '1521525764',
    'msgtype' => 'event',
    'event' => 'user_get_card',
    'cardid' => 'p3hgewwmNS6lAo0HM97FfGnv638c',
    'isgivebyfriend' => '0',
    'usercardcode' => '515586403707',
    'friendusername' => '',
    'outerid' => '0',
    'oldusercardcode' => '',
    'isrestoremembercard' => '0',
    'isrecommendbyfriend' => '0',
    'sourcescene' => 'SOURCE_SCENE_QRCODE',
    'unionid' => 'oAAAAALojFeasJpzJfZlnuglhMPY',
    'from' => 'o3hgew-dwJXeSu_mkwD1mogsf7Eo',
    'to' => 'gh_3d9ec5667ec1',
    'time' => '1521525764',
    'type' => 'coupon',
  ),
)

2018-03-20 14:02:45 response :
------------

2018-03-20 14:02:45 trace :
------------
String:
<xml><ToUserName><![CDATA[gh_3d9ec5667ec1]]></ToUserName>
<FromUserName><![CDATA[o3hgew-dwJXeSu_mkwD1mogsf7Eo]]></FromUserName>
<CreateTime>1521525764</CreateTime>
<MsgType><![CDATA[event]]></MsgType>
<Event><![CDATA[user_view_card]]></Event>
<CardId><![CDATA[p3hgewwmNS6lAo0HM97FfGnv638c]]></CardId>
<UserCardCode><![CDATA[515586403707]]></UserCardCode>
<OuterStr><![CDATA[]]></OuterStr>
</xml>

2018-03-20 14:02:45 params :
------------
String:
array (
  'rule' => -2,
  'module' => '',
  'message' => 
  array (
    'tousername' => 'gh_3d9ec5667ec1',
    'fromusername' => 'o3hgew-dwJXeSu_mkwD1mogsf7Eo',
    'createtime' => '1521525764',
    'msgtype' => 'event',
    'event' => 'user_view_card',
    'cardid' => 'p3hgewwmNS6lAo0HM97FfGnv638c',
    'usercardcode' => '515586403707',
    'outerstr' => '',
    'from' => 'o3hgew-dwJXeSu_mkwD1mogsf7Eo',
    'to' => 'gh_3d9ec5667ec1',
    'time' => '1521525764',
    'type' => 'event',
  ),
)

2018-03-20 14:02:45 response :
------------

2018-03-20 14:02:48 trace :
------------
String:
<xml><ToUserName><![CDATA[gh_3d9ec5667ec1]]></ToUserName>
<FromUserName><![CDATA[o3hgew1btWVLsR3JiMkKT7d2sEQM]]></FromUserName>
<CreateTime>1521525767</CreateTime>
<MsgType><![CDATA[event]]></MsgType>
<Event><![CDATA[LOCATION]]></Event>
<Latitude>22.804920</Latitude>
<Longitude>114.042465</Longitude>
<Precision>490.000000</Precision>
</xml>

2018-03-20 14:02:48 params :
------------
String:
array (
  'message' => 
  array (
    'tousername' => 'gh_3d9ec5667ec1',
    'fromusername' => 'o3hgew1btWVLsR3JiMkKT7d2sEQM',
    'createtime' => '1521525767',
    'msgtype' => 'event',
    'event' => 'LOCATION',
    'latitude' => '22.804920',
    'longitude' => '114.042465',
    'precision' => '490.000000',
    'from' => 'o3hgew1btWVLsR3JiMkKT7d2sEQM',
    'to' => 'gh_3d9ec5667ec1',
    'time' => '1521525767',
    'type' => 'trace',
    'location_x' => '22.804920',
    'location_y' => '114.042465',
  ),
  'module' => 'default',
  'rule' => '-1',
)

2018-03-20 14:02:48 response :
------------
Array:
errno : -1 ;
message : Invaild value ;

2018-03-20 14:02:53 trace :
------------
String:
<xml><ToUserName><![CDATA[gh_3d9ec5667ec1]]></ToUserName>
<FromUserName><![CDATA[o3hgew-dwJXeSu_mkwD1mogsf7Eo]]></FromUserName>
<CreateTime>1521525772</CreateTime>
<MsgType><![CDATA[event]]></MsgType>
<Event><![CDATA[LOCATION]]></Event>
<Latitude>22.804974</Latitude>
<Longitude>114.042007</Longitude>
<Precision>65.000000</Precision>
</xml>

2018-03-20 14:02:53 trace :
------------
String:
<xml><ToUserName><![CDATA[gh_3d9ec5667ec1]]></ToUserName>
<FromUserName><![CDATA[o3hgew-dwJXeSu_mkwD1mogsf7Eo]]></FromUserName>
<CreateTime>1521525772</CreateTime>
<MsgType><![CDATA[event]]></MsgType>
<Event><![CDATA[user_enter_session_from_card]]></Event>
<CardId><![CDATA[p3hgewwmNS6lAo0HM97FfGnv638c]]></CardId>
<UserCardCode><![CDATA[515586403707]]></UserCardCode>
</xml>

2018-03-20 14:02:53 params :
------------
String:
array (
  'message' => 
  array (
    'tousername' => 'gh_3d9ec5667ec1',
    'fromusername' => 'o3hgew-dwJXeSu_mkwD1mogsf7Eo',
    'createtime' => '1521525772',
    'msgtype' => 'event',
    'event' => 'LOCATION',
    'latitude' => '22.804974',
    'longitude' => '114.042007',
    'precision' => '65.000000',
    'from' => 'o3hgew-dwJXeSu_mkwD1mogsf7Eo',
    'to' => 'gh_3d9ec5667ec1',
    'time' => '1521525772',
    'type' => 'trace',
    'location_x' => '22.804974',
    'location_y' => '114.042007',
  ),
  'module' => 'default',
  'rule' => '-1',
)

2018-03-20 14:02:53 response :
------------
Array:
errno : -1 ;
message : Invaild value ;

2018-03-20 14:02:53 params :
------------
String:
array (
  'rule' => -2,
  'module' => '',
  'message' => 
  array (
    'tousername' => 'gh_3d9ec5667ec1',
    'fromusername' => 'o3hgew-dwJXeSu_mkwD1mogsf7Eo',
    'createtime' => '1521525772',
    'msgtype' => 'event',
    'event' => 'user_enter_session_from_card',
    'cardid' => 'p3hgewwmNS6lAo0HM97FfGnv638c',
    'usercardcode' => '515586403707',
    'from' => 'o3hgew-dwJXeSu_mkwD1mogsf7Eo',
    'to' => 'gh_3d9ec5667ec1',
    'time' => '1521525772',
    'type' => 'event',
  ),
)

2018-03-20 14:02:53 response :
------------

2018-03-20 14:04:27 trace :
------------
String:
<xml><ToUserName><![CDATA[gh_3d9ec5667ec1]]></ToUserName>
<FromUserName><![CDATA[o3hgewxaZIeKeN_Lwh65Y-PUDaVc]]></FromUserName>
<CreateTime>1521525866</CreateTime>
<MsgType><![CDATA[event]]></MsgType>
<Event><![CDATA[subscribe]]></Event>
<EventKey><![CDATA[]]></EventKey>
</xml>

2018-03-20 14:04:28 params :
------------
String:
array (
  'rule' => -2,
  'module' => '',
  'message' => 
  array (
    'tousername' => 'gh_3d9ec5667ec1',
    'fromusername' => 'o3hgewxaZIeKeN_Lwh65Y-PUDaVc',
    'createtime' => '1521525866',
    'msgtype' => 'event',
    'event' => 'subscribe',
    'eventkey' => '',
    'from' => 'o3hgewxaZIeKeN_Lwh65Y-PUDaVc',
    'to' => 'gh_3d9ec5667ec1',
    'time' => '1521525866',
    'type' => 'text',
    'redirection' => true,
    'source' => 'subscribe',
  ),
)

2018-03-20 14:04:28 response :
------------

2018-03-20 14:05:14 trace :
------------
String:
<xml><ToUserName><![CDATA[gh_3d9ec5667ec1]]></ToUserName>
<FromUserName><![CDATA[o3hgewxaZIeKeN_Lwh65Y-PUDaVc]]></FromUserName>
<CreateTime>1521525913</CreateTime>
<MsgType><![CDATA[event]]></MsgType>
<Event><![CDATA[LOCATION]]></Event>
<Latitude>22.804754</Latitude>
<Longitude>114.041862</Longitude>
<Precision>30.000000</Precision>
</xml>

2018-03-20 14:05:14 params :
------------
String:
array (
  'message' => 
  array (
    'tousername' => 'gh_3d9ec5667ec1',
    'fromusername' => 'o3hgewxaZIeKeN_Lwh65Y-PUDaVc',
    'createtime' => '1521525913',
    'msgtype' => 'event',
    'event' => 'LOCATION',
    'latitude' => '22.804754',
    'longitude' => '114.041862',
    'precision' => '30.000000',
    'from' => 'o3hgewxaZIeKeN_Lwh65Y-PUDaVc',
    'to' => 'gh_3d9ec5667ec1',
    'time' => '1521525913',
    'type' => 'trace',
    'location_x' => '22.804754',
    'location_y' => '114.041862',
  ),
  'module' => 'default',
  'rule' => '-1',
)

2018-03-20 14:05:14 response :
------------
Array:
errno : -1 ;
message : Invaild value ;

2018-03-20 14:05:43 trace :
------------
String:
<xml><ToUserName><![CDATA[gh_3d9ec5667ec1]]></ToUserName>
<FromUserName><![CDATA[o3hgew_BysNPu9RxFv4Etp6T95Ds]]></FromUserName>
<CreateTime>1521525942</CreateTime>
<MsgType><![CDATA[event]]></MsgType>
<Event><![CDATA[subscribe]]></Event>
<EventKey><![CDATA[]]></EventKey>
</xml>

2018-03-20 14:05:43 params :
------------
String:
array (
  'rule' => -2,
  'module' => '',
  'message' => 
  array (
    'tousername' => 'gh_3d9ec5667ec1',
    'fromusername' => 'o3hgew_BysNPu9RxFv4Etp6T95Ds',
    'createtime' => '1521525942',
    'msgtype' => 'event',
    'event' => 'subscribe',
    'eventkey' => '',
    'from' => 'o3hgew_BysNPu9RxFv4Etp6T95Ds',
    'to' => 'gh_3d9ec5667ec1',
    'time' => '1521525942',
    'type' => 'text',
    'redirection' => true,
    'source' => 'subscribe',
  ),
)

2018-03-20 14:05:43 response :
------------

2018-03-20 14:05:45 trace :
------------
String:
<xml><ToUserName><![CDATA[gh_3d9ec5667ec1]]></ToUserName>
<FromUserName><![CDATA[o3hgew_BysNPu9RxFv4Etp6T95Ds]]></FromUserName>
<CreateTime>1521525944</CreateTime>
<MsgType><![CDATA[event]]></MsgType>
<Event><![CDATA[LOCATION]]></Event>
<Latitude>22.804934</Latitude>
<Longitude>114.042007</Longitude>
<Precision>30.000000</Precision>
</xml>

2018-03-20 14:05:45 params :
------------
String:
array (
  'message' => 
  array (
    'tousername' => 'gh_3d9ec5667ec1',
    'fromusername' => 'o3hgew_BysNPu9RxFv4Etp6T95Ds',
    'createtime' => '1521525944',
    'msgtype' => 'event',
    'event' => 'LOCATION',
    'latitude' => '22.804934',
    'longitude' => '114.042007',
    'precision' => '30.000000',
    'from' => 'o3hgew_BysNPu9RxFv4Etp6T95Ds',
    'to' => 'gh_3d9ec5667ec1',
    'time' => '1521525944',
    'type' => 'trace',
    'location_x' => '22.804934',
    'location_y' => '114.042007',
  ),
  'module' => 'default',
  'rule' => '-1',
)

2018-03-20 14:05:45 response :
------------
Array:
errno : -1 ;
message : Invaild value ;

2018-03-20 14:06:55 trace :
------------
String:
<xml><ToUserName><![CDATA[gh_3d9ec5667ec1]]></ToUserName>
<FromUserName><![CDATA[o3hgew5rjsgvfnmPwf3j61S0NDkc]]></FromUserName>
<CreateTime>1521526015</CreateTime>
<MsgType><![CDATA[event]]></MsgType>
<Event><![CDATA[subscribe]]></Event>
<EventKey><![CDATA[]]></EventKey>
</xml>

2018-03-20 14:06:56 params :
------------
String:
array (
  'rule' => -2,
  'module' => '',
  'message' => 
  array (
    'tousername' => 'gh_3d9ec5667ec1',
    'fromusername' => 'o3hgew5rjsgvfnmPwf3j61S0NDkc',
    'createtime' => '1521526015',
    'msgtype' => 'event',
    'event' => 'subscribe',
    'eventkey' => '',
    'from' => 'o3hgew5rjsgvfnmPwf3j61S0NDkc',
    'to' => 'gh_3d9ec5667ec1',
    'time' => '1521526015',
    'type' => 'text',
    'redirection' => true,
    'source' => 'subscribe',
  ),
)

2018-03-20 14:06:56 response :
------------

2018-03-20 14:06:58 trace :
------------
String:
<xml><ToUserName><![CDATA[gh_3d9ec5667ec1]]></ToUserName>
<FromUserName><![CDATA[o3hgew5rjsgvfnmPwf3j61S0NDkc]]></FromUserName>
<CreateTime>1521526018</CreateTime>
<MsgType><![CDATA[event]]></MsgType>
<Event><![CDATA[LOCATION]]></Event>
<Latitude>22.805305</Latitude>
<Longitude>114.041740</Longitude>
<Precision>30.000000</Precision>
</xml>

2018-03-20 14:06:58 params :
------------
String:
array (
  'message' => 
  array (
    'tousername' => 'gh_3d9ec5667ec1',
    'fromusername' => 'o3hgew5rjsgvfnmPwf3j61S0NDkc',
    'createtime' => '1521526018',
    'msgtype' => 'event',
    'event' => 'LOCATION',
    'latitude' => '22.805305',
    'longitude' => '114.041740',
    'precision' => '30.000000',
    'from' => 'o3hgew5rjsgvfnmPwf3j61S0NDkc',
    'to' => 'gh_3d9ec5667ec1',
    'time' => '1521526018',
    'type' => 'trace',
    'location_x' => '22.805305',
    'location_y' => '114.041740',
  ),
  'module' => 'default',
  'rule' => '-1',
)

2018-03-20 14:06:58 response :
------------
Array:
errno : -1 ;
message : Invaild value ;

2018-03-20 14:07:10 trace :
------------
String:
<xml><ToUserName><![CDATA[gh_3d9ec5667ec1]]></ToUserName>
<FromUserName><![CDATA[o3hgew5rjsgvfnmPwf3j61S0NDkc]]></FromUserName>
<CreateTime>1521526029</CreateTime>
<MsgType><![CDATA[event]]></MsgType>
<Event><![CDATA[LOCATION]]></Event>
<Latitude>22.805305</Latitude>
<Longitude>114.041740</Longitude>
<Precision>30.000000</Precision>
</xml>

2018-03-20 14:07:10 params :
------------
String:
array (
  'message' => 
  array (
    'tousername' => 'gh_3d9ec5667ec1',
    'fromusername' => 'o3hgew5rjsgvfnmPwf3j61S0NDkc',
    'createtime' => '1521526029',
    'msgtype' => 'event',
    'event' => 'LOCATION',
    'latitude' => '22.805305',
    'longitude' => '114.041740',
    'precision' => '30.000000',
    'from' => 'o3hgew5rjsgvfnmPwf3j61S0NDkc',
    'to' => 'gh_3d9ec5667ec1',
    'time' => '1521526029',
    'type' => 'trace',
    'location_x' => '22.805305',
    'location_y' => '114.041740',
  ),
  'module' => 'default',
  'rule' => '-1',
)

2018-03-20 14:07:10 response :
------------
Array:
errno : -1 ;
message : Invaild value ;

2018-03-20 14:10:09 trace :
------------
String:
<xml><ToUserName><![CDATA[gh_3d9ec5667ec1]]></ToUserName>
<FromUserName><![CDATA[o3hgew6Srj9BN0gmeLh4hFWIuIUA]]></FromUserName>
<CreateTime>1521526208</CreateTime>
<MsgType><![CDATA[event]]></MsgType>
<Event><![CDATA[subscribe]]></Event>
<EventKey><![CDATA[]]></EventKey>
</xml>

2018-03-20 14:10:09 params :
------------
String:
array (
  'rule' => -2,
  'module' => '',
  'message' => 
  array (
    'tousername' => 'gh_3d9ec5667ec1',
    'fromusername' => 'o3hgew6Srj9BN0gmeLh4hFWIuIUA',
    'createtime' => '1521526208',
    'msgtype' => 'event',
    'event' => 'subscribe',
    'eventkey' => '',
    'from' => 'o3hgew6Srj9BN0gmeLh4hFWIuIUA',
    'to' => 'gh_3d9ec5667ec1',
    'time' => '1521526208',
    'type' => 'text',
    'redirection' => true,
    'source' => 'subscribe',
  ),
)

2018-03-20 14:10:09 response :
------------

2018-03-20 14:10:12 trace :
------------
String:
<xml><ToUserName><![CDATA[gh_3d9ec5667ec1]]></ToUserName>
<FromUserName><![CDATA[o3hgew6Srj9BN0gmeLh4hFWIuIUA]]></FromUserName>
<CreateTime>1521526211</CreateTime>
<MsgType><![CDATA[event]]></MsgType>
<Event><![CDATA[LOCATION]]></Event>
<Latitude>22.804691</Latitude>
<Longitude>114.041985</Longitude>
<Precision>65.000000</Precision>
</xml>

2018-03-20 14:10:12 params :
------------
String:
array (
  'message' => 
  array (
    'tousername' => 'gh_3d9ec5667ec1',
    'fromusername' => 'o3hgew6Srj9BN0gmeLh4hFWIuIUA',
    'createtime' => '1521526211',
    'msgtype' => 'event',
    'event' => 'LOCATION',
    'latitude' => '22.804691',
    'longitude' => '114.041985',
    'precision' => '65.000000',
    'from' => 'o3hgew6Srj9BN0gmeLh4hFWIuIUA',
    'to' => 'gh_3d9ec5667ec1',
    'time' => '1521526211',
    'type' => 'trace',
    'location_x' => '22.804691',
    'location_y' => '114.041985',
  ),
  'module' => 'default',
  'rule' => '-1',
)

2018-03-20 14:10:12 response :
------------
Array:
errno : -1 ;
message : Invaild value ;

2018-03-20 14:15:03 trace :
------------
String:
<xml><ToUserName><![CDATA[gh_3d9ec5667ec1]]></ToUserName>
<FromUserName><![CDATA[o3hgew_BysNPu9RxFv4Etp6T95Ds]]></FromUserName>
<CreateTime>1521526502</CreateTime>
<MsgType><![CDATA[event]]></MsgType>
<Event><![CDATA[LOCATION]]></Event>
<Latitude>22.804911</Latitude>
<Longitude>114.042015</Longitude>
<Precision>30.000000</Precision>
</xml>

2018-03-20 14:15:03 params :
------------
String:
array (
  'message' => 
  array (
    'tousername' => 'gh_3d9ec5667ec1',
    'fromusername' => 'o3hgew_BysNPu9RxFv4Etp6T95Ds',
    'createtime' => '1521526502',
    'msgtype' => 'event',
    'event' => 'LOCATION',
    'latitude' => '22.804911',
    'longitude' => '114.042015',
    'precision' => '30.000000',
    'from' => 'o3hgew_BysNPu9RxFv4Etp6T95Ds',
    'to' => 'gh_3d9ec5667ec1',
    'time' => '1521526502',
    'type' => 'trace',
    'location_x' => '22.804911',
    'location_y' => '114.042015',
  ),
  'module' => 'default',
  'rule' => '-1',
)

2018-03-20 14:15:03 response :
------------
Array:
errno : -1 ;
message : Invaild value ;

2018-03-20 15:31:18 trace :
------------
String:
<xml><ToUserName><![CDATA[gh_3d9ec5667ec1]]></ToUserName>
<FromUserName><![CDATA[o3hgew7LuhcjwgYAJ109y2fET1BU]]></FromUserName>
<CreateTime>1521531077</CreateTime>
<MsgType><![CDATA[event]]></MsgType>
<Event><![CDATA[subscribe]]></Event>
<EventKey><![CDATA[]]></EventKey>
</xml>

2018-03-20 15:31:20 params :
------------
String:
array (
  'rule' => -2,
  'module' => '',
  'message' => 
  array (
    'tousername' => 'gh_3d9ec5667ec1',
    'fromusername' => 'o3hgew7LuhcjwgYAJ109y2fET1BU',
    'createtime' => '1521531077',
    'msgtype' => 'event',
    'event' => 'subscribe',
    'eventkey' => '',
    'from' => 'o3hgew7LuhcjwgYAJ109y2fET1BU',
    'to' => 'gh_3d9ec5667ec1',
    'time' => '1521531077',
    'type' => 'text',
    'redirection' => true,
    'source' => 'subscribe',
  ),
)

2018-03-20 15:31:20 response :
------------

2018-03-20 15:37:53 trace :
------------
String:
<xml><ToUserName><![CDATA[gh_3d9ec5667ec1]]></ToUserName>
<FromUserName><![CDATA[o3hgew30cOlE1cM6wB0abI9RyW_Y]]></FromUserName>
<CreateTime>1521531472</CreateTime>
<MsgType><![CDATA[event]]></MsgType>
<Event><![CDATA[LOCATION]]></Event>
<Latitude>23.027800</Latitude>
<Longitude>113.736191</Longitude>
<Precision>30.000000</Precision>
</xml>

2018-03-20 15:37:53 params :
------------
String:
array (
  'message' => 
  array (
    'tousername' => 'gh_3d9ec5667ec1',
    'fromusername' => 'o3hgew30cOlE1cM6wB0abI9RyW_Y',
    'createtime' => '1521531472',
    'msgtype' => 'event',
    'event' => 'LOCATION',
    'latitude' => '23.027800',
    'longitude' => '113.736191',
    'precision' => '30.000000',
    'from' => 'o3hgew30cOlE1cM6wB0abI9RyW_Y',
    'to' => 'gh_3d9ec5667ec1',
    'time' => '1521531472',
    'type' => 'trace',
    'location_x' => '23.027800',
    'location_y' => '113.736191',
  ),
  'module' => 'default',
  'rule' => '-1',
)

2018-03-20 15:37:53 response :
------------
Array:
errno : -1 ;
message : Invaild value ;

2018-03-20 15:38:03 trace :
------------
String:
<xml><ToUserName><![CDATA[gh_3d9ec5667ec1]]></ToUserName>
<FromUserName><![CDATA[o3hgew30cOlE1cM6wB0abI9RyW_Y]]></FromUserName>
<CreateTime>1521531482</CreateTime>
<MsgType><![CDATA[event]]></MsgType>
<Event><![CDATA[LOCATION]]></Event>
<Latitude>23.027800</Latitude>
<Longitude>113.736191</Longitude>
<Precision>30.000000</Precision>
</xml>

2018-03-20 15:38:03 params :
------------
String:
array (
  'message' => 
  array (
    'tousername' => 'gh_3d9ec5667ec1',
    'fromusername' => 'o3hgew30cOlE1cM6wB0abI9RyW_Y',
    'createtime' => '1521531482',
    'msgtype' => 'event',
    'event' => 'LOCATION',
    'latitude' => '23.027800',
    'longitude' => '113.736191',
    'precision' => '30.000000',
    'from' => 'o3hgew30cOlE1cM6wB0abI9RyW_Y',
    'to' => 'gh_3d9ec5667ec1',
    'time' => '1521531482',
    'type' => 'trace',
    'location_x' => '23.027800',
    'location_y' => '113.736191',
  ),
  'module' => 'default',
  'rule' => '-1',
)

2018-03-20 15:38:03 response :
------------
Array:
errno : -1 ;
message : Invaild value ;

2018-03-20 15:39:19 trace :
------------
String:
<xml><ToUserName><![CDATA[gh_3d9ec5667ec1]]></ToUserName>
<FromUserName><![CDATA[o3hgew4D4mO22k97zyMgg2Ul9Ab8]]></FromUserName>
<CreateTime>1521531558</CreateTime>
<MsgType><![CDATA[event]]></MsgType>
<Event><![CDATA[user_view_card]]></Event>
<CardId><![CDATA[p3hgewwmNS6lAo0HM97FfGnv638c]]></CardId>
<UserCardCode><![CDATA[242279125086]]></UserCardCode>
<OuterStr><![CDATA[]]></OuterStr>
</xml>

2018-03-20 15:39:19 params :
------------
String:
array (
  'rule' => -2,
  'module' => '',
  'message' => 
  array (
    'tousername' => 'gh_3d9ec5667ec1',
    'fromusername' => 'o3hgew4D4mO22k97zyMgg2Ul9Ab8',
    'createtime' => '1521531558',
    'msgtype' => 'event',
    'event' => 'user_view_card',
    'cardid' => 'p3hgewwmNS6lAo0HM97FfGnv638c',
    'usercardcode' => '242279125086',
    'outerstr' => '',
    'from' => 'o3hgew4D4mO22k97zyMgg2Ul9Ab8',
    'to' => 'gh_3d9ec5667ec1',
    'time' => '1521531558',
    'type' => 'event',
  ),
)

2018-03-20 15:39:19 response :
------------

2018-03-20 16:02:07 trace :
------------
String:
<xml><ToUserName><![CDATA[gh_3d9ec5667ec1]]></ToUserName>
<FromUserName><![CDATA[o3hgew714Arp7d8kfhfuugiKlaYY]]></FromUserName>
<CreateTime>1521532926</CreateTime>
<MsgType><![CDATA[event]]></MsgType>
<Event><![CDATA[LOCATION]]></Event>
<Latitude>22.719721</Latitude>
<Longitude>113.327812</Longitude>
<Precision>65.000000</Precision>
</xml>

2018-03-20 16:02:07 params :
------------
String:
array (
  'message' => 
  array (
    'tousername' => 'gh_3d9ec5667ec1',
    'fromusername' => 'o3hgew714Arp7d8kfhfuugiKlaYY',
    'createtime' => '1521532926',
    'msgtype' => 'event',
    'event' => 'LOCATION',
    'latitude' => '22.719721',
    'longitude' => '113.327812',
    'precision' => '65.000000',
    'from' => 'o3hgew714Arp7d8kfhfuugiKlaYY',
    'to' => 'gh_3d9ec5667ec1',
    'time' => '1521532926',
    'type' => 'trace',
    'location_x' => '22.719721',
    'location_y' => '113.327812',
  ),
  'module' => 'default',
  'rule' => '-1',
)

2018-03-20 16:02:07 response :
------------
Array:
errno : -1 ;
message : Invaild value ;

