2018-07-11 09:25:10 trace :
------------
String:
<xml><ToUserName><![CDATA[gh_8a317808696e]]></ToUserName>
<FromUserName><![CDATA[o4s6w1PA6JDnyrJWneE0qCUxCzOo]]></FromUserName>
<CreateTime>1531272310</CreateTime>
<MsgType><![CDATA[event]]></MsgType>
<Event><![CDATA[TEMPLATESENDJOBFINISH]]></Event>
<MsgID>363730703030026242</MsgID>
<Status><![CDATA[success]]></Status>
</xml>

2018-07-11 09:25:10 params :
------------
String:
array (
  'rule' => -2,
  'module' => '',
  'message' => 
  array (
    'tousername' => 'gh_8a317808696e',
    'fromusername' => 'o4s6w1PA6JDnyrJWneE0qCUxCzOo',
    'createtime' => '1531272310',
    'msgtype' => 'event',
    'event' => 'TEMPLATESENDJOBFINISH',
    'msgid' => '363730703030026242',
    'status' => 'success',
    'from' => 'o4s6w1PA6JDnyrJWneE0qCUxCzOo',
    'to' => 'gh_8a317808696e',
    'time' => '1531272310',
    'type' => 'event',
  ),
)

2018-07-11 09:25:10 response :
------------

2018-07-11 09:38:10 trace :
------------
String:
<xml><ToUserName><![CDATA[gh_8a317808696e]]></ToUserName>
<FromUserName><![CDATA[o4s6w1MKDor294ye0T5LUfeBRxHQ]]></FromUserName>
<CreateTime>1531273089</CreateTime>
<MsgType><![CDATA[event]]></MsgType>
<Event><![CDATA[TEMPLATESENDJOBFINISH]]></Event>
<MsgID>363743780551098371</MsgID>
<Status><![CDATA[success]]></Status>
</xml>

2018-07-11 09:38:10 params :
------------
String:
array (
  'rule' => -2,
  'module' => '',
  'message' => 
  array (
    'tousername' => 'gh_8a317808696e',
    'fromusername' => 'o4s6w1MKDor294ye0T5LUfeBRxHQ',
    'createtime' => '1531273089',
    'msgtype' => 'event',
    'event' => 'TEMPLATESENDJOBFINISH',
    'msgid' => '363743780551098371',
    'status' => 'success',
    'from' => 'o4s6w1MKDor294ye0T5LUfeBRxHQ',
    'to' => 'gh_8a317808696e',
    'time' => '1531273089',
    'type' => 'event',
  ),
)

2018-07-11 09:38:10 response :
------------

2018-07-11 11:00:00 trace :
------------
String:
<xml><ToUserName><![CDATA[gh_8a317808696e]]></ToUserName>
<FromUserName><![CDATA[o4s6w1CBCklHdYRQb0kjeB6nDatM]]></FromUserName>
<CreateTime>1531278000</CreateTime>
<MsgType><![CDATA[event]]></MsgType>
<Event><![CDATA[subscribe]]></Event>
<EventKey><![CDATA[]]></EventKey>
</xml>

2018-07-11 11:00:01 params :
------------
String:
array (
  'message' => 
  array (
    'tousername' => 'gh_8a317808696e',
    'fromusername' => 'o4s6w1CBCklHdYRQb0kjeB6nDatM',
    'createtime' => '1531278000',
    'msgtype' => 'event',
    'event' => 'subscribe',
    'eventkey' => '',
    'from' => 'o4s6w1CBCklHdYRQb0kjeB6nDatM',
    'to' => 'gh_8a317808696e',
    'time' => '1531278000',
    'type' => 'text',
    'redirection' => true,
    'source' => 'subscribe',
    'content' => '咨询',
  ),
  'module' => 'reply',
  'rule' => '15',
  'priority' => '0',
  'keyword' => 
  array (
    'id' => '21',
    'rid' => '15',
    'uniacid' => '3',
    'module' => 'reply',
    'content' => '咨询',
    'type' => '1',
    'displayorder' => '0',
    'status' => '1',
    'reply_type' => 
    array (
      0 => 'basic',
    ),
  ),
  'reply_type' => 
  array (
    0 => 'basic',
  ),
)

2018-07-11 11:00:01 response :
------------
Array:
FromUserName : gh_8a317808696e ;
ToUserName : o4s6w1CBCklHdYRQb0kjeB6nDatM ;
MsgType : text ;
Content : 欢迎关注全V健康！/可爱/可爱
点击下方“开始咨询”进入首页就可以找医生咨询啦！ ;

2018-07-11 11:03:52 trace :
------------
String:
<xml><ToUserName><![CDATA[gh_8a317808696e]]></ToUserName>
<FromUserName><![CDATA[o4s6w1CBCklHdYRQb0kjeB6nDatM]]></FromUserName>
<CreateTime>1531278231</CreateTime>
<MsgType><![CDATA[text]]></MsgType>
<Content><![CDATA[请问可以咨询生殖方面的问题吗]]></Content>
<MsgId>6576789923776687621</MsgId>
</xml>

2018-07-11 11:03:52 params :
------------
String:
array (
  'rule' => -2,
  'module' => '',
  'message' => 
  array (
    'tousername' => 'gh_8a317808696e',
    'fromusername' => 'o4s6w1CBCklHdYRQb0kjeB6nDatM',
    'createtime' => '1531278231',
    'msgtype' => 'text',
    'content' => '请问可以咨询生殖方面的问题吗',
    'msgid' => '6576789923776687621',
    'from' => 'o4s6w1CBCklHdYRQb0kjeB6nDatM',
    'to' => 'gh_8a317808696e',
    'time' => '1531278231',
    'type' => 'text',
    'event' => NULL,
    'redirection' => false,
    'source' => NULL,
  ),
)

2018-07-11 11:03:52 response :
------------

2018-07-11 12:02:48 trace :
------------
String:
<xml><ToUserName><![CDATA[gh_3d9ec5667ec1]]></ToUserName>
<FromUserName><![CDATA[o3hgew3Udk4nDd4ttLiaHExiURHQ]]></FromUserName>
<CreateTime>1531281767</CreateTime>
<MsgType><![CDATA[event]]></MsgType>
<Event><![CDATA[LOCATION]]></Event>
<Latitude>23.124708</Latitude>
<Longitude>113.346672</Longitude>
<Precision>65.000000</Precision>
</xml>

2018-07-11 12:02:48 params :
------------
String:
array (
  'message' => 
  array (
    'tousername' => 'gh_3d9ec5667ec1',
    'fromusername' => 'o3hgew3Udk4nDd4ttLiaHExiURHQ',
    'createtime' => '1531281767',
    'msgtype' => 'event',
    'event' => 'LOCATION',
    'latitude' => '23.124708',
    'longitude' => '113.346672',
    'precision' => '65.000000',
    'from' => 'o3hgew3Udk4nDd4ttLiaHExiURHQ',
    'to' => 'gh_3d9ec5667ec1',
    'time' => '1531281767',
    'type' => 'trace',
    'location_x' => '23.124708',
    'location_y' => '113.346672',
  ),
  'module' => 'default',
  'rule' => '-1',
)

2018-07-11 12:02:48 response :
------------
Array:
errno : -1 ;
message : Invaild value ;

2018-07-11 15:24:28 trace :
------------
String:
<xml><ToUserName><![CDATA[gh_8a317808696e]]></ToUserName>
<FromUserName><![CDATA[o4s6w1CBCklHdYRQb0kjeB6nDatM]]></FromUserName>
<CreateTime>1531293867</CreateTime>
<MsgType><![CDATA[text]]></MsgType>
<Content><![CDATA[哦好]]></Content>
<MsgId>6576857079885359523</MsgId>
</xml>

2018-07-11 15:24:28 params :
------------
String:
array (
  'rule' => -2,
  'module' => '',
  'message' => 
  array (
    'tousername' => 'gh_8a317808696e',
    'fromusername' => 'o4s6w1CBCklHdYRQb0kjeB6nDatM',
    'createtime' => '1531293867',
    'msgtype' => 'text',
    'content' => '哦好',
    'msgid' => '6576857079885359523',
    'from' => 'o4s6w1CBCklHdYRQb0kjeB6nDatM',
    'to' => 'gh_8a317808696e',
    'time' => '1531293867',
    'type' => 'text',
    'event' => NULL,
    'redirection' => false,
    'source' => NULL,
  ),
)

2018-07-11 15:24:28 response :
------------

2018-07-11 17:34:28 trace :
------------
String:
<xml><ToUserName><![CDATA[gh_8a317808696e]]></ToUserName>
<FromUserName><![CDATA[o4s6w1GBSffmVSLuvdJ0JS3coYtg]]></FromUserName>
<CreateTime>1531301668</CreateTime>
<MsgType><![CDATA[event]]></MsgType>
<Event><![CDATA[MASSSENDJOBFINISH]]></Event>
<MsgID>1000000020</MsgID>
<Status><![CDATA[send success]]></Status>
<TotalCount>1678</TotalCount>
<FilterCount>1678</FilterCount>
<SentCount>1678</SentCount>
<ErrorCount>0</ErrorCount>
<CopyrightCheckResult><Count>0</Count>
<ResultList></ResultList>
<CheckState>0</CheckState>
</CopyrightCheckResult>
</xml>

2018-07-11 17:34:28 params :
------------
String:
array (
  'rule' => -2,
  'module' => '',
  'message' => 
  array (
    'tousername' => 'gh_8a317808696e',
    'fromusername' => 'o4s6w1GBSffmVSLuvdJ0JS3coYtg',
    'createtime' => '1531301668',
    'msgtype' => 'event',
    'event' => 'MASSSENDJOBFINISH',
    'msgid' => '1000000020',
    'status' => 'send success',
    'totalcount' => '1678',
    'filtercount' => '1678',
    'sentcount' => '1678',
    'errorcount' => '0',
    'copyrightcheckresult' => 
    array (
      'count' => '0',
      'resultlist' => '',
      'checkstate' => '0',
    ),
    'from' => 'o4s6w1GBSffmVSLuvdJ0JS3coYtg',
    'to' => 'gh_8a317808696e',
    'time' => '1531301668',
    'type' => 'event',
  ),
)

2018-07-11 17:34:28 response :
------------

2018-07-11 17:35:30 trace :
------------
String:
<xml><ToUserName><![CDATA[gh_8a317808696e]]></ToUserName>
<FromUserName><![CDATA[o4s6w1K7a0Dot5eeu8eAZXIn2I-c]]></FromUserName>
<CreateTime>1531301729</CreateTime>
<MsgType><![CDATA[event]]></MsgType>
<Event><![CDATA[unsubscribe]]></Event>
<EventKey><![CDATA[]]></EventKey>
</xml>

2018-07-11 17:40:27 trace :
------------
String:
<xml><ToUserName><![CDATA[gh_8a317808696e]]></ToUserName>
<FromUserName><![CDATA[o4s6w1CqtnizhiUf0Pjxst3APTL0]]></FromUserName>
<CreateTime>1531302027</CreateTime>
<MsgType><![CDATA[event]]></MsgType>
<Event><![CDATA[unsubscribe]]></Event>
<EventKey><![CDATA[]]></EventKey>
</xml>

2018-07-11 17:50:20 trace :
------------
String:
<xml><ToUserName><![CDATA[gh_8a317808696e]]></ToUserName>
<FromUserName><![CDATA[o4s6w1LPP4335uu9e3L0_pXd54AA]]></FromUserName>
<CreateTime>1531302620</CreateTime>
<MsgType><![CDATA[event]]></MsgType>
<Event><![CDATA[unsubscribe]]></Event>
<EventKey><![CDATA[]]></EventKey>
</xml>

2018-07-11 20:14:44 trace :
------------
String:
<xml><ToUserName><![CDATA[gh_8a317808696e]]></ToUserName>
<FromUserName><![CDATA[o4s6w1I21toO7Q-yuZ7O0c5zKhEg]]></FromUserName>
<CreateTime>1531311284</CreateTime>
<MsgType><![CDATA[event]]></MsgType>
<Event><![CDATA[unsubscribe]]></Event>
<EventKey><![CDATA[]]></EventKey>
</xml>

