2018-06-28 05:50:22 trace :
------------
String:
<xml><ToUserName><![CDATA[gh_8a317808696e]]></ToUserName>
<FromUserName><![CDATA[o4s6w1KTd7Va0LZ-YlXm8wRY82YA]]></FromUserName>
<CreateTime>1530136222</CreateTime>
<MsgType><![CDATA[event]]></MsgType>
<Event><![CDATA[subscribe]]></Event>
<EventKey><![CDATA[]]></EventKey>
</xml>

2018-06-28 05:50:22 params :
------------
String:
array (
  'message' => 
  array (
    'tousername' => 'gh_8a317808696e',
    'fromusername' => 'o4s6w1KTd7Va0LZ-YlXm8wRY82YA',
    'createtime' => '1530136222',
    'msgtype' => 'event',
    'event' => 'subscribe',
    'eventkey' => '',
    'from' => 'o4s6w1KTd7Va0LZ-YlXm8wRY82YA',
    'to' => 'gh_8a317808696e',
    'time' => '1530136222',
    'type' => 'text',
    'redirection' => true,
    'source' => 'subscribe',
    'content' => '咨询',
  ),
  'module' => 'reply',
  'rule' => '15',
  'priority' => '0',
  'keyword' => 
  array (
    'id' => '21',
    'rid' => '15',
    'uniacid' => '3',
    'module' => 'reply',
    'content' => '咨询',
    'type' => '1',
    'displayorder' => '0',
    'status' => '1',
    'reply_type' => 
    array (
      0 => 'basic',
    ),
  ),
  'reply_type' => 
  array (
    0 => 'basic',
  ),
)

2018-06-28 05:50:22 response :
------------
Array:
FromUserName : gh_8a317808696e ;
ToUserName : o4s6w1KTd7Va0LZ-YlXm8wRY82YA ;
MsgType : text ;
Content : 欢迎关注全V健康！/可爱/可爱
点击下方“开始咨询”进入首页就可以找医生咨询啦！ ;

2018-06-28 05:52:39 trace :
------------
String:
<xml><ToUserName><![CDATA[gh_8a317808696e]]></ToUserName>
<FromUserName><![CDATA[o4s6w1KTd7Va0LZ-YlXm8wRY82YA]]></FromUserName>
<CreateTime>1530136359</CreateTime>
<MsgType><![CDATA[text]]></MsgType>
<Content><![CDATA[【收到不支持的消息类型，暂无法显示】]]></Content>
<MsgId>6571885620878826229</MsgId>
</xml>

2018-06-28 05:52:39 params :
------------
String:
array (
  'rule' => -2,
  'module' => '',
  'message' => 
  array (
    'tousername' => 'gh_8a317808696e',
    'fromusername' => 'o4s6w1KTd7Va0LZ-YlXm8wRY82YA',
    'createtime' => '1530136359',
    'msgtype' => 'text',
    'content' => '【收到不支持的消息类型，暂无法显示】',
    'msgid' => '6571885620878826229',
    'from' => 'o4s6w1KTd7Va0LZ-YlXm8wRY82YA',
    'to' => 'gh_8a317808696e',
    'time' => '1530136359',
    'type' => 'text',
    'event' => NULL,
    'redirection' => false,
    'source' => NULL,
  ),
)

2018-06-28 05:52:39 response :
------------

2018-06-28 09:27:27 trace :
------------
String:
<xml><ToUserName><![CDATA[gh_8a317808696e]]></ToUserName>
<FromUserName><![CDATA[o4s6w1K9vNvUmKqAoIRMK8HCV0O4]]></FromUserName>
<CreateTime>1530149247</CreateTime>
<MsgType><![CDATA[event]]></MsgType>
<Event><![CDATA[TEMPLATESENDJOBFINISH]]></Event>
<MsgID>344888828269772800</MsgID>
<Status><![CDATA[success]]></Status>
</xml>

2018-06-28 09:27:27 params :
------------
String:
array (
  'rule' => -2,
  'module' => '',
  'message' => 
  array (
    'tousername' => 'gh_8a317808696e',
    'fromusername' => 'o4s6w1K9vNvUmKqAoIRMK8HCV0O4',
    'createtime' => '1530149247',
    'msgtype' => 'event',
    'event' => 'TEMPLATESENDJOBFINISH',
    'msgid' => '344888828269772800',
    'status' => 'success',
    'from' => 'o4s6w1K9vNvUmKqAoIRMK8HCV0O4',
    'to' => 'gh_8a317808696e',
    'time' => '1530149247',
    'type' => 'event',
  ),
)

2018-06-28 09:27:27 response :
------------

2018-06-28 16:13:52 trace :
------------
String:
<xml><ToUserName><![CDATA[gh_8a317808696e]]></ToUserName>
<FromUserName><![CDATA[o4s6w1KleUc7-_LeBEcbAuK7TjYI]]></FromUserName>
<CreateTime>1530173632</CreateTime>
<MsgType><![CDATA[text]]></MsgType>
<Content><![CDATA[苏安平医生]]></Content>
<MsgId>6572045707194894181</MsgId>
</xml>

2018-06-28 16:13:52 params :
------------
String:
array (
  'rule' => -2,
  'module' => '',
  'message' => 
  array (
    'tousername' => 'gh_8a317808696e',
    'fromusername' => 'o4s6w1KleUc7-_LeBEcbAuK7TjYI',
    'createtime' => '1530173632',
    'msgtype' => 'text',
    'content' => '苏安平医生',
    'msgid' => '6572045707194894181',
    'from' => 'o4s6w1KleUc7-_LeBEcbAuK7TjYI',
    'to' => 'gh_8a317808696e',
    'time' => '1530173632',
    'type' => 'text',
    'event' => NULL,
    'redirection' => false,
    'source' => NULL,
  ),
)

2018-06-28 16:13:52 response :
------------

2018-06-28 16:18:09 trace :
------------
String:
<xml><ToUserName><![CDATA[gh_8a317808696e]]></ToUserName>
<FromUserName><![CDATA[o4s6w1CSx3MdwjTf_R_EhOljalFE]]></FromUserName>
<CreateTime>1530173889</CreateTime>
<MsgType><![CDATA[event]]></MsgType>
<Event><![CDATA[TEMPLATESENDJOBFINISH]]></Event>
<MsgID>345302255395799040</MsgID>
<Status><![CDATA[success]]></Status>
</xml>

2018-06-28 16:18:09 params :
------------
String:
array (
  'rule' => -2,
  'module' => '',
  'message' => 
  array (
    'tousername' => 'gh_8a317808696e',
    'fromusername' => 'o4s6w1CSx3MdwjTf_R_EhOljalFE',
    'createtime' => '1530173889',
    'msgtype' => 'event',
    'event' => 'TEMPLATESENDJOBFINISH',
    'msgid' => '345302255395799040',
    'status' => 'success',
    'from' => 'o4s6w1CSx3MdwjTf_R_EhOljalFE',
    'to' => 'gh_8a317808696e',
    'time' => '1530173889',
    'type' => 'event',
  ),
)

2018-06-28 16:18:09 response :
------------

2018-06-28 16:30:40 trace :
------------
String:
<xml><ToUserName><![CDATA[gh_8a317808696e]]></ToUserName>
<FromUserName><![CDATA[o4s6w1KleUc7-_LeBEcbAuK7TjYI]]></FromUserName>
<CreateTime>1530174639</CreateTime>
<MsgType><![CDATA[text]]></MsgType>
<Content><![CDATA[预约下周二的]]></Content>
<MsgId>6572050032226963267</MsgId>
</xml>

2018-06-28 16:30:40 params :
------------
String:
array (
  'rule' => -2,
  'module' => '',
  'message' => 
  array (
    'tousername' => 'gh_8a317808696e',
    'fromusername' => 'o4s6w1KleUc7-_LeBEcbAuK7TjYI',
    'createtime' => '1530174639',
    'msgtype' => 'text',
    'content' => '预约下周二的',
    'msgid' => '6572050032226963267',
    'from' => 'o4s6w1KleUc7-_LeBEcbAuK7TjYI',
    'to' => 'gh_8a317808696e',
    'time' => '1530174639',
    'type' => 'text',
    'event' => NULL,
    'redirection' => false,
    'source' => NULL,
  ),
)

2018-06-28 16:30:40 response :
------------

2018-06-28 16:30:59 trace :
------------
String:
<xml><ToUserName><![CDATA[gh_8a317808696e]]></ToUserName>
<FromUserName><![CDATA[o4s6w1KleUc7-_LeBEcbAuK7TjYI]]></FromUserName>
<CreateTime>1530174658</CreateTime>
<MsgType><![CDATA[text]]></MsgType>
<Content><![CDATA[邓多珍]]></Content>
<MsgId>6572050113831341929</MsgId>
</xml>

2018-06-28 16:30:59 params :
------------
String:
array (
  'rule' => -2,
  'module' => '',
  'message' => 
  array (
    'tousername' => 'gh_8a317808696e',
    'fromusername' => 'o4s6w1KleUc7-_LeBEcbAuK7TjYI',
    'createtime' => '1530174658',
    'msgtype' => 'text',
    'content' => '邓多珍',
    'msgid' => '6572050113831341929',
    'from' => 'o4s6w1KleUc7-_LeBEcbAuK7TjYI',
    'to' => 'gh_8a317808696e',
    'time' => '1530174658',
    'type' => 'text',
    'event' => NULL,
    'redirection' => false,
    'source' => NULL,
  ),
)

2018-06-28 16:30:59 response :
------------

2018-06-28 16:31:46 trace :
------------
String:
<xml><ToUserName><![CDATA[gh_8a317808696e]]></ToUserName>
<FromUserName><![CDATA[o4s6w1KleUc7-_LeBEcbAuK7TjYI]]></FromUserName>
<CreateTime>1530174706</CreateTime>
<MsgType><![CDATA[text]]></MsgType>
<Content><![CDATA[好的]]></Content>
<MsgId>6572050319989772211</MsgId>
</xml>

2018-06-28 16:31:46 params :
------------
String:
array (
  'rule' => -2,
  'module' => '',
  'message' => 
  array (
    'tousername' => 'gh_8a317808696e',
    'fromusername' => 'o4s6w1KleUc7-_LeBEcbAuK7TjYI',
    'createtime' => '1530174706',
    'msgtype' => 'text',
    'content' => '好的',
    'msgid' => '6572050319989772211',
    'from' => 'o4s6w1KleUc7-_LeBEcbAuK7TjYI',
    'to' => 'gh_8a317808696e',
    'time' => '1530174706',
    'type' => 'text',
    'event' => NULL,
    'redirection' => false,
    'source' => NULL,
  ),
)

2018-06-28 16:31:46 response :
------------

2018-06-28 16:31:53 trace :
------------
String:
<xml><ToUserName><![CDATA[gh_8a317808696e]]></ToUserName>
<FromUserName><![CDATA[o4s6w1KleUc7-_LeBEcbAuK7TjYI]]></FromUserName>
<CreateTime>1530174712</CreateTime>
<MsgType><![CDATA[text]]></MsgType>
<Content><![CDATA[谢谢，麻烦你了]]></Content>
<MsgId>6572050345759576005</MsgId>
</xml>

2018-06-28 16:31:53 params :
------------
String:
array (
  'rule' => -2,
  'module' => '',
  'message' => 
  array (
    'tousername' => 'gh_8a317808696e',
    'fromusername' => 'o4s6w1KleUc7-_LeBEcbAuK7TjYI',
    'createtime' => '1530174712',
    'msgtype' => 'text',
    'content' => '谢谢，麻烦你了',
    'msgid' => '6572050345759576005',
    'from' => 'o4s6w1KleUc7-_LeBEcbAuK7TjYI',
    'to' => 'gh_8a317808696e',
    'time' => '1530174712',
    'type' => 'text',
    'event' => NULL,
    'redirection' => false,
    'source' => NULL,
  ),
)

2018-06-28 16:31:53 response :
------------

2018-06-28 16:32:13 trace :
------------
String:
<xml><ToUserName><![CDATA[gh_8a317808696e]]></ToUserName>
<FromUserName><![CDATA[o4s6w1KleUc7-_LeBEcbAuK7TjYI]]></FromUserName>
<CreateTime>1530174732</CreateTime>
<MsgType><![CDATA[text]]></MsgType>
<Content><![CDATA[请问你是？]]></Content>
<MsgId>6572050431658921956</MsgId>
</xml>

2018-06-28 16:32:13 params :
------------
String:
array (
  'rule' => -2,
  'module' => '',
  'message' => 
  array (
    'tousername' => 'gh_8a317808696e',
    'fromusername' => 'o4s6w1KleUc7-_LeBEcbAuK7TjYI',
    'createtime' => '1530174732',
    'msgtype' => 'text',
    'content' => '请问你是？',
    'msgid' => '6572050431658921956',
    'from' => 'o4s6w1KleUc7-_LeBEcbAuK7TjYI',
    'to' => 'gh_8a317808696e',
    'time' => '1530174732',
    'type' => 'text',
    'event' => NULL,
    'redirection' => false,
    'source' => NULL,
  ),
)

2018-06-28 16:32:13 response :
------------

2018-06-28 16:32:40 trace :
------------
String:
<xml><ToUserName><![CDATA[gh_8a317808696e]]></ToUserName>
<FromUserName><![CDATA[o4s6w1KleUc7-_LeBEcbAuK7TjYI]]></FromUserName>
<CreateTime>1530174760</CreateTime>
<MsgType><![CDATA[text]]></MsgType>
<Content><![CDATA[哦哦]]></Content>
<MsgId>6572050551918006295</MsgId>
</xml>

2018-06-28 16:32:40 params :
------------
String:
array (
  'rule' => -2,
  'module' => '',
  'message' => 
  array (
    'tousername' => 'gh_8a317808696e',
    'fromusername' => 'o4s6w1KleUc7-_LeBEcbAuK7TjYI',
    'createtime' => '1530174760',
    'msgtype' => 'text',
    'content' => '哦哦',
    'msgid' => '6572050551918006295',
    'from' => 'o4s6w1KleUc7-_LeBEcbAuK7TjYI',
    'to' => 'gh_8a317808696e',
    'time' => '1530174760',
    'type' => 'text',
    'event' => NULL,
    'redirection' => false,
    'source' => NULL,
  ),
)

2018-06-28 16:32:40 response :
------------

2018-06-28 16:33:55 trace :
------------
String:
<xml><ToUserName><![CDATA[gh_8a317808696e]]></ToUserName>
<FromUserName><![CDATA[o4s6w1KleUc7-_LeBEcbAuK7TjYI]]></FromUserName>
<CreateTime>1530174834</CreateTime>
<MsgType><![CDATA[text]]></MsgType>
<Content><![CDATA[好的]]></Content>
<MsgId>6572050869745586366</MsgId>
</xml>

2018-06-28 16:33:55 params :
------------
String:
array (
  'rule' => -2,
  'module' => '',
  'message' => 
  array (
    'tousername' => 'gh_8a317808696e',
    'fromusername' => 'o4s6w1KleUc7-_LeBEcbAuK7TjYI',
    'createtime' => '1530174834',
    'msgtype' => 'text',
    'content' => '好的',
    'msgid' => '6572050869745586366',
    'from' => 'o4s6w1KleUc7-_LeBEcbAuK7TjYI',
    'to' => 'gh_8a317808696e',
    'time' => '1530174834',
    'type' => 'text',
    'event' => NULL,
    'redirection' => false,
    'source' => NULL,
  ),
)

2018-06-28 16:33:55 response :
------------

2018-06-28 16:34:04 trace :
------------
String:
<xml><ToUserName><![CDATA[gh_8a317808696e]]></ToUserName>
<FromUserName><![CDATA[o4s6w1KleUc7-_LeBEcbAuK7TjYI]]></FromUserName>
<CreateTime>1530174844</CreateTime>
<MsgType><![CDATA[text]]></MsgType>
<Content><![CDATA[15882751493]]></Content>
<MsgId>6572050912695259350</MsgId>
</xml>

2018-06-28 16:34:04 params :
------------
String:
array (
  'rule' => -2,
  'module' => '',
  'message' => 
  array (
    'tousername' => 'gh_8a317808696e',
    'fromusername' => 'o4s6w1KleUc7-_LeBEcbAuK7TjYI',
    'createtime' => '1530174844',
    'msgtype' => 'text',
    'content' => '15882751493',
    'msgid' => '6572050912695259350',
    'from' => 'o4s6w1KleUc7-_LeBEcbAuK7TjYI',
    'to' => 'gh_8a317808696e',
    'time' => '1530174844',
    'type' => 'text',
    'event' => NULL,
    'redirection' => false,
    'source' => NULL,
  ),
)

2018-06-28 16:34:04 response :
------------

2018-06-28 17:06:20 trace :
------------
String:
<xml><ToUserName><![CDATA[gh_8a317808696e]]></ToUserName>
<FromUserName><![CDATA[o4s6w1CSx3MdwjTf_R_EhOljalFE]]></FromUserName>
<CreateTime>1530176780</CreateTime>
<MsgType><![CDATA[event]]></MsgType>
<Event><![CDATA[TEMPLATESENDJOBFINISH]]></Event>
<MsgID>345350762957766656</MsgID>
<Status><![CDATA[success]]></Status>
</xml>

2018-06-28 17:06:20 params :
------------
String:
array (
  'rule' => -2,
  'module' => '',
  'message' => 
  array (
    'tousername' => 'gh_8a317808696e',
    'fromusername' => 'o4s6w1CSx3MdwjTf_R_EhOljalFE',
    'createtime' => '1530176780',
    'msgtype' => 'event',
    'event' => 'TEMPLATESENDJOBFINISH',
    'msgid' => '345350762957766656',
    'status' => 'success',
    'from' => 'o4s6w1CSx3MdwjTf_R_EhOljalFE',
    'to' => 'gh_8a317808696e',
    'time' => '1530176780',
    'type' => 'event',
  ),
)

2018-06-28 17:06:20 response :
------------

2018-06-28 17:08:34 trace :
------------
String:
<xml><ToUserName><![CDATA[gh_8a317808696e]]></ToUserName>
<FromUserName><![CDATA[o4s6w1CSx3MdwjTf_R_EhOljalFE]]></FromUserName>
<CreateTime>1530176914</CreateTime>
<MsgType><![CDATA[event]]></MsgType>
<Event><![CDATA[TEMPLATESENDJOBFINISH]]></Event>
<MsgID>345353006574862337</MsgID>
<Status><![CDATA[success]]></Status>
</xml>

2018-06-28 17:08:34 params :
------------
String:
array (
  'rule' => -2,
  'module' => '',
  'message' => 
  array (
    'tousername' => 'gh_8a317808696e',
    'fromusername' => 'o4s6w1CSx3MdwjTf_R_EhOljalFE',
    'createtime' => '1530176914',
    'msgtype' => 'event',
    'event' => 'TEMPLATESENDJOBFINISH',
    'msgid' => '345353006574862337',
    'status' => 'success',
    'from' => 'o4s6w1CSx3MdwjTf_R_EhOljalFE',
    'to' => 'gh_8a317808696e',
    'time' => '1530176914',
    'type' => 'event',
  ),
)

2018-06-28 17:08:34 response :
------------

2018-06-28 19:48:57 trace :
------------
String:
<xml><ToUserName><![CDATA[gh_8a317808696e]]></ToUserName>
<FromUserName><![CDATA[o4s6w1KTd7Va0LZ-YlXm8wRY82YA]]></FromUserName>
<CreateTime>1530186536</CreateTime>
<MsgType><![CDATA[event]]></MsgType>
<Event><![CDATA[unsubscribe]]></Event>
<EventKey><![CDATA[]]></EventKey>
</xml>

