2018-05-12 08:23:34 trace :
------------
String:
<xml><ToUserName><![CDATA[gh_3d9ec5667ec1]]></ToUserName>
<FromUserName><![CDATA[o3hgewySVyhbM49ZUDzR_xBSqoTQ]]></FromUserName>
<CreateTime>1526084613</CreateTime>
<MsgType><![CDATA[event]]></MsgType>
<Event><![CDATA[user_view_card]]></Event>
<CardId><![CDATA[p3hgewwmNS6lAo0HM97FfGnv638c]]></CardId>
<UserCardCode><![CDATA[245066702091]]></UserCardCode>
<OuterStr><![CDATA[]]></OuterStr>
</xml>

2018-05-12 08:23:34 params :
------------
String:
array (
  'rule' => -2,
  'module' => '',
  'message' => 
  array (
    'tousername' => 'gh_3d9ec5667ec1',
    'fromusername' => 'o3hgewySVyhbM49ZUDzR_xBSqoTQ',
    'createtime' => '1526084613',
    'msgtype' => 'event',
    'event' => 'user_view_card',
    'cardid' => 'p3hgewwmNS6lAo0HM97FfGnv638c',
    'usercardcode' => '245066702091',
    'outerstr' => '',
    'from' => 'o3hgewySVyhbM49ZUDzR_xBSqoTQ',
    'to' => 'gh_3d9ec5667ec1',
    'time' => '1526084613',
    'type' => 'event',
  ),
)

2018-05-12 08:23:34 response :
------------

2018-05-12 08:24:03 trace :
------------
String:
<xml><ToUserName><![CDATA[gh_3d9ec5667ec1]]></ToUserName>
<FromUserName><![CDATA[o3hgewySVyhbM49ZUDzR_xBSqoTQ]]></FromUserName>
<CreateTime>1526084642</CreateTime>
<MsgType><![CDATA[event]]></MsgType>
<Event><![CDATA[user_enter_session_from_card]]></Event>
<CardId><![CDATA[p3hgewwmNS6lAo0HM97FfGnv638c]]></CardId>
<UserCardCode><![CDATA[245066702091]]></UserCardCode>
</xml>

2018-05-12 08:24:03 params :
------------
String:
array (
  'rule' => -2,
  'module' => '',
  'message' => 
  array (
    'tousername' => 'gh_3d9ec5667ec1',
    'fromusername' => 'o3hgewySVyhbM49ZUDzR_xBSqoTQ',
    'createtime' => '1526084642',
    'msgtype' => 'event',
    'event' => 'user_enter_session_from_card',
    'cardid' => 'p3hgewwmNS6lAo0HM97FfGnv638c',
    'usercardcode' => '245066702091',
    'from' => 'o3hgewySVyhbM49ZUDzR_xBSqoTQ',
    'to' => 'gh_3d9ec5667ec1',
    'time' => '1526084642',
    'type' => 'event',
  ),
)

2018-05-12 08:24:03 response :
------------

2018-05-12 08:24:03 trace :
------------
String:
<xml><ToUserName><![CDATA[gh_3d9ec5667ec1]]></ToUserName>
<FromUserName><![CDATA[o3hgewySVyhbM49ZUDzR_xBSqoTQ]]></FromUserName>
<CreateTime>1526084642</CreateTime>
<MsgType><![CDATA[event]]></MsgType>
<Event><![CDATA[LOCATION]]></Event>
<Latitude>22.981462</Latitude>
<Longitude>113.737373</Longitude>
<Precision>29.000000</Precision>
</xml>

2018-05-12 08:24:03 params :
------------
String:
array (
  'message' => 
  array (
    'tousername' => 'gh_3d9ec5667ec1',
    'fromusername' => 'o3hgewySVyhbM49ZUDzR_xBSqoTQ',
    'createtime' => '1526084642',
    'msgtype' => 'event',
    'event' => 'LOCATION',
    'latitude' => '22.981462',
    'longitude' => '113.737373',
    'precision' => '29.000000',
    'from' => 'o3hgewySVyhbM49ZUDzR_xBSqoTQ',
    'to' => 'gh_3d9ec5667ec1',
    'time' => '1526084642',
    'type' => 'trace',
    'location_x' => '22.981462',
    'location_y' => '113.737373',
  ),
  'module' => 'default',
  'rule' => '-1',
)

2018-05-12 08:24:03 response :
------------
Array:
errno : -1 ;
message : Invaild value ;

2018-05-12 08:36:45 trace :
------------
String:
<xml><ToUserName><![CDATA[gh_a9952e35e47c]]></ToUserName>
<FromUserName><![CDATA[oyl2N1s8fNAuVsk-6M4O8r6TxHyg]]></FromUserName>
<CreateTime>1526085404</CreateTime>
<MsgType><![CDATA[event]]></MsgType>
<Event><![CDATA[unsubscribe]]></Event>
<EventKey><![CDATA[]]></EventKey>
</xml>

2018-05-12 08:37:00 trace :
------------
String:
<xml><ToUserName><![CDATA[gh_a9952e35e47c]]></ToUserName>
<FromUserName><![CDATA[oyl2N1s8fNAuVsk-6M4O8r6TxHyg]]></FromUserName>
<CreateTime>1526085420</CreateTime>
<MsgType><![CDATA[event]]></MsgType>
<Event><![CDATA[subscribe]]></Event>
<EventKey><![CDATA[]]></EventKey>
</xml>

2018-05-12 08:37:01 params :
------------
String:
array (
  'rule' => -2,
  'module' => '',
  'message' => 
  array (
    'tousername' => 'gh_a9952e35e47c',
    'fromusername' => 'oyl2N1s8fNAuVsk-6M4O8r6TxHyg',
    'createtime' => '1526085420',
    'msgtype' => 'event',
    'event' => 'subscribe',
    'eventkey' => '',
    'from' => 'oyl2N1s8fNAuVsk-6M4O8r6TxHyg',
    'to' => 'gh_a9952e35e47c',
    'time' => '1526085420',
    'type' => 'text',
    'redirection' => true,
    'source' => 'subscribe',
  ),
)

2018-05-12 08:37:01 response :
------------

2018-05-12 08:37:03 trace :
------------
String:
<xml><ToUserName><![CDATA[gh_a9952e35e47c]]></ToUserName>
<FromUserName><![CDATA[oyl2N1s8fNAuVsk-6M4O8r6TxHyg]]></FromUserName>
<CreateTime>1526085422</CreateTime>
<MsgType><![CDATA[event]]></MsgType>
<Event><![CDATA[VIEW]]></Event>
<EventKey><![CDATA[https://v.mctimes.cn/app/index.php?i=2&c=entry&m=ewei_shopv2&do=mobile]]></EventKey>
<MenuId>695677183</MenuId>
</xml>

2018-05-12 08:37:03 params :
------------
String:
array (
  'rule' => -2,
  'module' => '',
  'message' => 
  array (
    'tousername' => 'gh_a9952e35e47c',
    'fromusername' => 'oyl2N1s8fNAuVsk-6M4O8r6TxHyg',
    'createtime' => '1526085422',
    'msgtype' => 'event',
    'event' => 'VIEW',
    'eventkey' => 'https://v.mctimes.cn/app/index.php?i=2&c=entry&m=ewei_shopv2&do=mobile',
    'menuid' => '695677183',
    'from' => 'oyl2N1s8fNAuVsk-6M4O8r6TxHyg',
    'to' => 'gh_a9952e35e47c',
    'time' => '1526085422',
    'type' => 'text',
    'content' => 'https://v.mctimes.cn/app/index.php?i=2&c=entry&m=ewei_shopv2&do=mobile',
    'redirection' => true,
    'source' => 'VIEW',
  ),
)

2018-05-12 08:37:03 response :
------------

2018-05-12 08:37:23 trace :
------------
String:
<xml><ToUserName><![CDATA[gh_a9952e35e47c]]></ToUserName>
<FromUserName><![CDATA[oyl2N1s8fNAuVsk-6M4O8r6TxHyg]]></FromUserName>
<CreateTime>1526085442</CreateTime>
<MsgType><![CDATA[event]]></MsgType>
<Event><![CDATA[VIEW]]></Event>
<EventKey><![CDATA[https://v.mctimes.cn/app/index.php?i=2&c=entry&m=ewei_shopv2&do=mobile]]></EventKey>
<MenuId>695677183</MenuId>
</xml>

2018-05-12 08:37:23 params :
------------
String:
array (
  'rule' => -2,
  'module' => '',
  'message' => 
  array (
    'tousername' => 'gh_a9952e35e47c',
    'fromusername' => 'oyl2N1s8fNAuVsk-6M4O8r6TxHyg',
    'createtime' => '1526085442',
    'msgtype' => 'event',
    'event' => 'VIEW',
    'eventkey' => 'https://v.mctimes.cn/app/index.php?i=2&c=entry&m=ewei_shopv2&do=mobile',
    'menuid' => '695677183',
    'from' => 'oyl2N1s8fNAuVsk-6M4O8r6TxHyg',
    'to' => 'gh_a9952e35e47c',
    'time' => '1526085442',
    'type' => 'text',
    'content' => 'https://v.mctimes.cn/app/index.php?i=2&c=entry&m=ewei_shopv2&do=mobile',
    'redirection' => true,
    'source' => 'VIEW',
  ),
)

2018-05-12 08:37:23 response :
------------

2018-05-12 08:37:46 trace :
------------
String:
<xml><ToUserName><![CDATA[gh_a9952e35e47c]]></ToUserName>
<FromUserName><![CDATA[oyl2N1s8fNAuVsk-6M4O8r6TxHyg]]></FromUserName>
<CreateTime>1526085465</CreateTime>
<MsgType><![CDATA[event]]></MsgType>
<Event><![CDATA[VIEW]]></Event>
<EventKey><![CDATA[https://v.mctimes.cn/app/index.php?i=2&c=entry&m=ewei_shopv2&do=mobile]]></EventKey>
<MenuId>695677183</MenuId>
</xml>

2018-05-12 08:37:46 params :
------------
String:
array (
  'rule' => -2,
  'module' => '',
  'message' => 
  array (
    'tousername' => 'gh_a9952e35e47c',
    'fromusername' => 'oyl2N1s8fNAuVsk-6M4O8r6TxHyg',
    'createtime' => '1526085465',
    'msgtype' => 'event',
    'event' => 'VIEW',
    'eventkey' => 'https://v.mctimes.cn/app/index.php?i=2&c=entry&m=ewei_shopv2&do=mobile',
    'menuid' => '695677183',
    'from' => 'oyl2N1s8fNAuVsk-6M4O8r6TxHyg',
    'to' => 'gh_a9952e35e47c',
    'time' => '1526085465',
    'type' => 'text',
    'content' => 'https://v.mctimes.cn/app/index.php?i=2&c=entry&m=ewei_shopv2&do=mobile',
    'redirection' => true,
    'source' => 'VIEW',
  ),
)

2018-05-12 08:37:46 response :
------------

2018-05-12 11:50:50 trace :
------------
String:
<xml><ToUserName><![CDATA[gh_8a317808696e]]></ToUserName>
<FromUserName><![CDATA[o4s6w1B_2iCf9A-P0ywP3Jnc-J9c]]></FromUserName>
<CreateTime>1526097049</CreateTime>
<MsgType><![CDATA[text]]></MsgType>
<Content><![CDATA[å’¨è¯¢]]></Content>
<MsgId>6554536916524839054</MsgId>
</xml>

2018-05-12 11:50:50 params :
------------
String:
array (
  'rule' => -2,
  'module' => '',
  'message' => 
  array (
    'tousername' => 'gh_8a317808696e',
    'fromusername' => 'o4s6w1B_2iCf9A-P0ywP3Jnc-J9c',
    'createtime' => '1526097049',
    'msgtype' => 'text',
    'content' => 'å’¨è¯¢',
    'msgid' => '6554536916524839054',
    'from' => 'o4s6w1B_2iCf9A-P0ywP3Jnc-J9c',
    'to' => 'gh_8a317808696e',
    'time' => '1526097049',
    'type' => 'text',
    'event' => NULL,
    'redirection' => false,
    'source' => NULL,
  ),
)

2018-05-12 11:50:50 response :
------------

2018-05-12 13:01:18 trace :
------------
String:
<xml><ToUserName><![CDATA[gh_8a317808696e]]></ToUserName>
<FromUserName><![CDATA[o4s6w1OkeWaAhmgsi7FLwSoRva_w]]></FromUserName>
<CreateTime>1526101277</CreateTime>
<MsgType><![CDATA[event]]></MsgType>
<Event><![CDATA[subscribe]]></Event>
<EventKey><![CDATA[]]></EventKey>
</xml>

2018-05-12 13:01:18 params :
------------
String:
array (
  'rule' => -2,
  'module' => '',
  'message' => 
  array (
    'tousername' => 'gh_8a317808696e',
    'fromusername' => 'o4s6w1OkeWaAhmgsi7FLwSoRva_w',
    'createtime' => '1526101277',
    'msgtype' => 'event',
    'event' => 'subscribe',
    'eventkey' => '',
    'from' => 'o4s6w1OkeWaAhmgsi7FLwSoRva_w',
    'to' => 'gh_8a317808696e',
    'time' => '1526101277',
    'type' => 'text',
    'redirection' => true,
    'source' => 'subscribe',
  ),
)

2018-05-12 13:01:18 response :
------------

2018-05-12 13:34:46 trace :
------------
String:
<xml><ToUserName><![CDATA[gh_8a317808696e]]></ToUserName>
<FromUserName><![CDATA[o4s6w1Hp2wXW5ts_2wBG5iNSA_Yk]]></FromUserName>
<CreateTime>1526103284</CreateTime>
<MsgType><![CDATA[text]]></MsgType>
<Content><![CDATA[è¯·é—®æˆ‘æ˜¨å¤©é¢„çº¦äº†å½“å¹´å’¨è¯¢ï¼ŒçŽ°åœ¨æ€Žä¹ˆç‚¹å¼€æ— é¡µé¢ï¼Œåªæœ‰å¯¹è¯æ¡†ï¼Ÿ]]></Content>
<MsgId>6554563695645945876</MsgId>
</xml>

2018-05-12 13:34:46 params :
------------
String:
array (
  'rule' => -2,
  'module' => '',
  'message' => 
  array (
    'tousername' => 'gh_8a317808696e',
    'fromusername' => 'o4s6w1Hp2wXW5ts_2wBG5iNSA_Yk',
    'createtime' => '1526103284',
    'msgtype' => 'text',
    'content' => 'è¯·é—®æˆ‘æ˜¨å¤©é¢„çº¦äº†å½“å¹´å’¨è¯¢ï¼ŒçŽ°åœ¨æ€Žä¹ˆç‚¹å¼€æ— é¡µé¢ï¼Œåªæœ‰å¯¹è¯æ¡†ï¼Ÿ',
    'msgid' => '6554563695645945876',
    'from' => 'o4s6w1Hp2wXW5ts_2wBG5iNSA_Yk',
    'to' => 'gh_8a317808696e',
    'time' => '1526103284',
    'type' => 'text',
    'event' => NULL,
    'redirection' => false,
    'source' => NULL,
  ),
)

2018-05-12 13:34:46 response :
------------

2018-05-12 13:35:08 trace :
------------
String:
<xml><ToUserName><![CDATA[gh_8a317808696e]]></ToUserName>
<FromUserName><![CDATA[o4s6w1Hp2wXW5ts_2wBG5iNSA_Yk]]></FromUserName>
<CreateTime>1526103307</CreateTime>
<MsgType><![CDATA[text]]></MsgType>
<Content><![CDATA[å½“é¢å’¨è¯¢]]></Content>
<MsgId>6554563794430193771</MsgId>
</xml>

2018-05-12 13:35:08 params :
------------
String:
array (
  'rule' => -2,
  'module' => '',
  'message' => 
  array (
    'tousername' => 'gh_8a317808696e',
    'fromusername' => 'o4s6w1Hp2wXW5ts_2wBG5iNSA_Yk',
    'createtime' => '1526103307',
    'msgtype' => 'text',
    'content' => 'å½“é¢å’¨è¯¢',
    'msgid' => '6554563794430193771',
    'from' => 'o4s6w1Hp2wXW5ts_2wBG5iNSA_Yk',
    'to' => 'gh_8a317808696e',
    'time' => '1526103307',
    'type' => 'text',
    'event' => NULL,
    'redirection' => false,
    'source' => NULL,
  ),
)

2018-05-12 13:35:08 response :
------------

2018-05-12 13:47:58 trace :
------------
String:
<xml><ToUserName><![CDATA[gh_8a317808696e]]></ToUserName>
<FromUserName><![CDATA[o4s6w1EYFbkughB6eDOelyEA74G0]]></FromUserName>
<CreateTime>1526104077</CreateTime>
<MsgType><![CDATA[event]]></MsgType>
<Event><![CDATA[subscribe]]></Event>
<EventKey><![CDATA[]]></EventKey>
</xml>

2018-05-12 13:47:59 params :
------------
String:
array (
  'rule' => -2,
  'module' => '',
  'message' => 
  array (
    'tousername' => 'gh_8a317808696e',
    'fromusername' => 'o4s6w1EYFbkughB6eDOelyEA74G0',
    'createtime' => '1526104077',
    'msgtype' => 'event',
    'event' => 'subscribe',
    'eventkey' => '',
    'from' => 'o4s6w1EYFbkughB6eDOelyEA74G0',
    'to' => 'gh_8a317808696e',
    'time' => '1526104077',
    'type' => 'text',
    'redirection' => true,
    'source' => 'subscribe',
  ),
)

2018-05-12 13:47:59 response :
------------

2018-05-12 13:49:05 trace :
------------
String:
<xml><ToUserName><![CDATA[gh_8a317808696e]]></ToUserName>
<FromUserName><![CDATA[o4s6w1EYFbkughB6eDOelyEA74G0]]></FromUserName>
<CreateTime>1526104144</CreateTime>
<MsgType><![CDATA[event]]></MsgType>
<Event><![CDATA[unsubscribe]]></Event>
<EventKey><![CDATA[]]></EventKey>
</xml>

2018-05-12 13:53:54 trace :
------------
String:
<xml><ToUserName><![CDATA[gh_8a317808696e]]></ToUserName>
<FromUserName><![CDATA[o4s6w1Hp2wXW5ts_2wBG5iNSA_Yk]]></FromUserName>
<CreateTime>1526104433</CreateTime>
<MsgType><![CDATA[event]]></MsgType>
<Event><![CDATA[unsubscribe]]></Event>
<EventKey><![CDATA[]]></EventKey>
</xml>

2018-05-12 14:17:12 trace :
------------
String:
<xml><ToUserName><![CDATA[gh_8a317808696e]]></ToUserName>
<FromUserName><![CDATA[o4s6w1EuabHMq-PjdxnsiA_6ns9Q]]></FromUserName>
<CreateTime>1526105831</CreateTime>
<MsgType><![CDATA[text]]></MsgType>
<Content><![CDATA[/:,@-D]]></Content>
<MsgId>6554574634927657709</MsgId>
</xml>

2018-05-12 14:17:13 params :
------------
String:
array (
  'rule' => -2,
  'module' => '',
  'message' => 
  array (
    'tousername' => 'gh_8a317808696e',
    'fromusername' => 'o4s6w1EuabHMq-PjdxnsiA_6ns9Q',
    'createtime' => '1526105831',
    'msgtype' => 'text',
    'content' => '/:,@-D',
    'msgid' => '6554574634927657709',
    'from' => 'o4s6w1EuabHMq-PjdxnsiA_6ns9Q',
    'to' => 'gh_8a317808696e',
    'time' => '1526105831',
    'type' => 'text',
    'event' => NULL,
    'redirection' => false,
    'source' => NULL,
  ),
)

2018-05-12 14:17:13 response :
------------

2018-05-12 14:30:45 trace :
------------
String:
<xml><ToUserName><![CDATA[gh_8a317808696e]]></ToUserName>
<FromUserName><![CDATA[o4s6w1MYH5jfbGFLn-PgrSPNka8w]]></FromUserName>
<CreateTime>1526106643</CreateTime>
<MsgType><![CDATA[event]]></MsgType>
<Event><![CDATA[subscribe]]></Event>
<EventKey><![CDATA[]]></EventKey>
</xml>

2018-05-12 14:30:46 params :
------------
String:
array (
  'rule' => -2,
  'module' => '',
  'message' => 
  array (
    'tousername' => 'gh_8a317808696e',
    'fromusername' => 'o4s6w1MYH5jfbGFLn-PgrSPNka8w',
    'createtime' => '1526106643',
    'msgtype' => 'event',
    'event' => 'subscribe',
    'eventkey' => '',
    'from' => 'o4s6w1MYH5jfbGFLn-PgrSPNka8w',
    'to' => 'gh_8a317808696e',
    'time' => '1526106643',
    'type' => 'text',
    'redirection' => true,
    'source' => 'subscribe',
  ),
)

2018-05-12 14:30:46 response :
------------

2018-05-12 14:30:51 trace :
------------
String:
<xml><ToUserName><![CDATA[gh_8a317808696e]]></ToUserName>
<FromUserName><![CDATA[o4s6w1EG4C9DqZKwjmsGmGe3IyV4]]></FromUserName>
<CreateTime>1526106650</CreateTime>
<MsgType><![CDATA[event]]></MsgType>
<Event><![CDATA[subscribe]]></Event>
<EventKey><![CDATA[]]></EventKey>
</xml>

2018-05-12 14:30:51 params :
------------
String:
array (
  'rule' => -2,
  'module' => '',
  'message' => 
  array (
    'tousername' => 'gh_8a317808696e',
    'fromusername' => 'o4s6w1EG4C9DqZKwjmsGmGe3IyV4',
    'createtime' => '1526106650',
    'msgtype' => 'event',
    'event' => 'subscribe',
    'eventkey' => '',
    'from' => 'o4s6w1EG4C9DqZKwjmsGmGe3IyV4',
    'to' => 'gh_8a317808696e',
    'time' => '1526106650',
    'type' => 'text',
    'redirection' => true,
    'source' => 'subscribe',
  ),
)

2018-05-12 14:30:51 response :
------------

2018-05-12 14:32:25 trace :
------------
String:
<xml><ToUserName><![CDATA[gh_8a317808696e]]></ToUserName>
<FromUserName><![CDATA[o4s6w1EG4C9DqZKwjmsGmGe3IyV4]]></FromUserName>
<CreateTime>1526106744</CreateTime>
<MsgType><![CDATA[event]]></MsgType>
<Event><![CDATA[unsubscribe]]></Event>
<EventKey><![CDATA[]]></EventKey>
</xml>

2018-05-12 14:36:36 trace :
------------
String:
<xml><ToUserName><![CDATA[gh_8a317808696e]]></ToUserName>
<FromUserName><![CDATA[o4s6w1EG4C9DqZKwjmsGmGe3IyV4]]></FromUserName>
<CreateTime>1526106994</CreateTime>
<MsgType><![CDATA[event]]></MsgType>
<Event><![CDATA[subscribe]]></Event>
<EventKey><![CDATA[]]></EventKey>
</xml>

2018-05-12 14:36:36 params :
------------
String:
array (
  'rule' => -2,
  'module' => '',
  'message' => 
  array (
    'tousername' => 'gh_8a317808696e',
    'fromusername' => 'o4s6w1EG4C9DqZKwjmsGmGe3IyV4',
    'createtime' => '1526106994',
    'msgtype' => 'event',
    'event' => 'subscribe',
    'eventkey' => '',
    'from' => 'o4s6w1EG4C9DqZKwjmsGmGe3IyV4',
    'to' => 'gh_8a317808696e',
    'time' => '1526106994',
    'type' => 'text',
    'redirection' => true,
    'source' => 'subscribe',
  ),
)

2018-05-12 14:36:36 response :
------------

2018-05-12 14:38:22 trace :
------------
String:
<xml><ToUserName><![CDATA[gh_8a317808696e]]></ToUserName>
<FromUserName><![CDATA[o4s6w1J-k7bLMYRd1Br_QMhLpXZs]]></FromUserName>
<CreateTime>1526107101</CreateTime>
<MsgType><![CDATA[event]]></MsgType>
<Event><![CDATA[subscribe]]></Event>
<EventKey><![CDATA[]]></EventKey>
</xml>

2018-05-12 14:38:22 params :
------------
String:
array (
  'rule' => -2,
  'module' => '',
  'message' => 
  array (
    'tousername' => 'gh_8a317808696e',
    'fromusername' => 'o4s6w1J-k7bLMYRd1Br_QMhLpXZs',
    'createtime' => '1526107101',
    'msgtype' => 'event',
    'event' => 'subscribe',
    'eventkey' => '',
    'from' => 'o4s6w1J-k7bLMYRd1Br_QMhLpXZs',
    'to' => 'gh_8a317808696e',
    'time' => '1526107101',
    'type' => 'text',
    'redirection' => true,
    'source' => 'subscribe',
  ),
)

2018-05-12 14:38:22 response :
------------

2018-05-12 14:47:39 trace :
------------
String:
<xml><ToUserName><![CDATA[gh_8a317808696e]]></ToUserName>
<FromUserName><![CDATA[o4s6w1HKsn9gGtAOv3svsczJ19RM]]></FromUserName>
<CreateTime>1526107657</CreateTime>
<MsgType><![CDATA[text]]></MsgType>
<Content><![CDATA[æˆ‘æ€Žä¹ˆæŸ¥ä¸åˆ°æˆ‘çš„é¢„çº¦äº†]]></Content>
<MsgId>6554582477537946239</MsgId>
</xml>

2018-05-12 14:47:39 params :
------------
String:
array (
  'rule' => -2,
  'module' => '',
  'message' => 
  array (
    'tousername' => 'gh_8a317808696e',
    'fromusername' => 'o4s6w1HKsn9gGtAOv3svsczJ19RM',
    'createtime' => '1526107657',
    'msgtype' => 'text',
    'content' => 'æˆ‘æ€Žä¹ˆæŸ¥ä¸åˆ°æˆ‘çš„é¢„çº¦äº†',
    'msgid' => '6554582477537946239',
    'from' => 'o4s6w1HKsn9gGtAOv3svsczJ19RM',
    'to' => 'gh_8a317808696e',
    'time' => '1526107657',
    'type' => 'text',
    'event' => NULL,
    'redirection' => false,
    'source' => NULL,
  ),
)

2018-05-12 14:47:39 response :
------------

2018-05-12 14:48:34 trace :
------------
String:
<xml><ToUserName><![CDATA[gh_8a317808696e]]></ToUserName>
<FromUserName><![CDATA[o4s6w1HKsn9gGtAOv3svsczJ19RM]]></FromUserName>
<CreateTime>1526107712</CreateTime>
<MsgType><![CDATA[text]]></MsgType>
<Content><![CDATA[å¯ä»¥å›žç­”é—®é¢˜å—ï¼Ÿ]]></Content>
<MsgId>6554582713761147709</MsgId>
</xml>

2018-05-12 14:48:34 params :
------------
String:
array (
  'rule' => -2,
  'module' => '',
  'message' => 
  array (
    'tousername' => 'gh_8a317808696e',
    'fromusername' => 'o4s6w1HKsn9gGtAOv3svsczJ19RM',
    'createtime' => '1526107712',
    'msgtype' => 'text',
    'content' => 'å¯ä»¥å›žç­”é—®é¢˜å—ï¼Ÿ',
    'msgid' => '6554582713761147709',
    'from' => 'o4s6w1HKsn9gGtAOv3svsczJ19RM',
    'to' => 'gh_8a317808696e',
    'time' => '1526107712',
    'type' => 'text',
    'event' => NULL,
    'redirection' => false,
    'source' => NULL,
  ),
)

2018-05-12 14:48:34 response :
------------

2018-05-12 14:52:27 trace :
------------
String:
<xml><ToUserName><![CDATA[gh_8a317808696e]]></ToUserName>
<FromUserName><![CDATA[o4s6w1KSElaK_Jq4T6R9_MCj7AA8]]></FromUserName>
<CreateTime>1526107946</CreateTime>
<MsgType><![CDATA[event]]></MsgType>
<Event><![CDATA[subscribe]]></Event>
<EventKey><![CDATA[]]></EventKey>
</xml>

2018-05-12 14:52:27 params :
------------
String:
array (
  'rule' => -2,
  'module' => '',
  'message' => 
  array (
    'tousername' => 'gh_8a317808696e',
    'fromusername' => 'o4s6w1KSElaK_Jq4T6R9_MCj7AA8',
    'createtime' => '1526107946',
    'msgtype' => 'event',
    'event' => 'subscribe',
    'eventkey' => '',
    'from' => 'o4s6w1KSElaK_Jq4T6R9_MCj7AA8',
    'to' => 'gh_8a317808696e',
    'time' => '1526107946',
    'type' => 'text',
    'redirection' => true,
    'source' => 'subscribe',
  ),
)

2018-05-12 14:52:27 response :
------------

2018-05-12 14:52:38 trace :
------------
String:
<xml><ToUserName><![CDATA[gh_8a317808696e]]></ToUserName>
<FromUserName><![CDATA[o4s6w1JivxmUchaqeF4iWeHGZKW8]]></FromUserName>
<CreateTime>1526107956</CreateTime>
<MsgType><![CDATA[event]]></MsgType>
<Event><![CDATA[subscribe]]></Event>
<EventKey><![CDATA[]]></EventKey>
</xml>

2018-05-12 14:52:38 params :
------------
String:
array (
  'rule' => -2,
  'module' => '',
  'message' => 
  array (
    'tousername' => 'gh_8a317808696e',
    'fromusername' => 'o4s6w1JivxmUchaqeF4iWeHGZKW8',
    'createtime' => '1526107956',
    'msgtype' => 'event',
    'event' => 'subscribe',
    'eventkey' => '',
    'from' => 'o4s6w1JivxmUchaqeF4iWeHGZKW8',
    'to' => 'gh_8a317808696e',
    'time' => '1526107956',
    'type' => 'text',
    'redirection' => true,
    'source' => 'subscribe',
  ),
)

2018-05-12 14:52:38 response :
------------

2018-05-12 14:56:23 trace :
------------
String:
<xml><ToUserName><![CDATA[gh_8a317808696e]]></ToUserName>
<FromUserName><![CDATA[o4s6w1IMz7IZm3_zeP4ZNUdNcTKE]]></FromUserName>
<CreateTime>1526108182</CreateTime>
<MsgType><![CDATA[event]]></MsgType>
<Event><![CDATA[subscribe]]></Event>
<EventKey><![CDATA[]]></EventKey>
</xml>

2018-05-12 14:56:24 params :
------------
String:
array (
  'rule' => -2,
  'module' => '',
  'message' => 
  array (
    'tousername' => 'gh_8a317808696e',
    'fromusername' => 'o4s6w1IMz7IZm3_zeP4ZNUdNcTKE',
    'createtime' => '1526108182',
    'msgtype' => 'event',
    'event' => 'subscribe',
    'eventkey' => '',
    'from' => 'o4s6w1IMz7IZm3_zeP4ZNUdNcTKE',
    'to' => 'gh_8a317808696e',
    'time' => '1526108182',
    'type' => 'text',
    'redirection' => true,
    'source' => 'subscribe',
  ),
)

2018-05-12 14:56:24 response :
------------

2018-05-12 14:56:52 trace :
------------
String:
<xml><ToUserName><![CDATA[gh_8a317808696e]]></ToUserName>
<FromUserName><![CDATA[o4s6w1IMz7IZm3_zeP4ZNUdNcTKE]]></FromUserName>
<CreateTime>1526108211</CreateTime>
<MsgType><![CDATA[text]]></MsgType>
<Content><![CDATA[/::)]]></Content>
<MsgId>6554584856949830231</MsgId>
</xml>

2018-05-12 14:56:53 params :
------------
String:
array (
  'rule' => -2,
  'module' => '',
  'message' => 
  array (
    'tousername' => 'gh_8a317808696e',
    'fromusername' => 'o4s6w1IMz7IZm3_zeP4ZNUdNcTKE',
    'createtime' => '1526108211',
    'msgtype' => 'text',
    'content' => '/::)',
    'msgid' => '6554584856949830231',
    'from' => 'o4s6w1IMz7IZm3_zeP4ZNUdNcTKE',
    'to' => 'gh_8a317808696e',
    'time' => '1526108211',
    'type' => 'text',
    'event' => NULL,
    'redirection' => false,
    'source' => NULL,
  ),
)

2018-05-12 14:56:53 response :
------------

2018-05-12 15:12:48 trace :
------------
String:
<xml><ToUserName><![CDATA[gh_8a317808696e]]></ToUserName>
<FromUserName><![CDATA[o4s6w1MydTqfhkF5xQl6AL8GrCNI]]></FromUserName>
<CreateTime>1526109167</CreateTime>
<MsgType><![CDATA[event]]></MsgType>
<Event><![CDATA[subscribe]]></Event>
<EventKey><![CDATA[]]></EventKey>
</xml>

2018-05-12 15:12:49 params :
------------
String:
array (
  'rule' => -2,
  'module' => '',
  'message' => 
  array (
    'tousername' => 'gh_8a317808696e',
    'fromusername' => 'o4s6w1MydTqfhkF5xQl6AL8GrCNI',
    'createtime' => '1526109167',
    'msgtype' => 'event',
    'event' => 'subscribe',
    'eventkey' => '',
    'from' => 'o4s6w1MydTqfhkF5xQl6AL8GrCNI',
    'to' => 'gh_8a317808696e',
    'time' => '1526109167',
    'type' => 'text',
    'redirection' => true,
    'source' => 'subscribe',
  ),
)

2018-05-12 15:12:49 response :
------------

2018-05-12 15:21:52 trace :
------------
String:
<xml><ToUserName><![CDATA[gh_8a317808696e]]></ToUserName>
<FromUserName><![CDATA[o4s6w1BuglRs20aGFN3559fVAoO0]]></FromUserName>
<CreateTime>1526109710</CreateTime>
<MsgType><![CDATA[event]]></MsgType>
<Event><![CDATA[subscribe]]></Event>
<EventKey><![CDATA[]]></EventKey>
</xml>

2018-05-12 15:21:52 params :
------------
String:
array (
  'rule' => -2,
  'module' => '',
  'message' => 
  array (
    'tousername' => 'gh_8a317808696e',
    'fromusername' => 'o4s6w1BuglRs20aGFN3559fVAoO0',
    'createtime' => '1526109710',
    'msgtype' => 'event',
    'event' => 'subscribe',
    'eventkey' => '',
    'from' => 'o4s6w1BuglRs20aGFN3559fVAoO0',
    'to' => 'gh_8a317808696e',
    'time' => '1526109710',
    'type' => 'text',
    'redirection' => true,
    'source' => 'subscribe',
  ),
)

2018-05-12 15:21:52 response :
------------

2018-05-12 15:45:02 trace :
------------
String:
<xml><ToUserName><![CDATA[gh_8a317808696e]]></ToUserName>
<FromUserName><![CDATA[o4s6w1Ov7th-9AIHaM4ccSlz-V6I]]></FromUserName>
<CreateTime>1526111101</CreateTime>
<MsgType><![CDATA[event]]></MsgType>
<Event><![CDATA[subscribe]]></Event>
<EventKey><![CDATA[]]></EventKey>
</xml>

2018-05-12 15:45:03 params :
------------
String:
array (
  'rule' => -2,
  'module' => '',
  'message' => 
  array (
    'tousername' => 'gh_8a317808696e',
    'fromusername' => 'o4s6w1Ov7th-9AIHaM4ccSlz-V6I',
    'createtime' => '1526111101',
    'msgtype' => 'event',
    'event' => 'subscribe',
    'eventkey' => '',
    'from' => 'o4s6w1Ov7th-9AIHaM4ccSlz-V6I',
    'to' => 'gh_8a317808696e',
    'time' => '1526111101',
    'type' => 'text',
    'redirection' => true,
    'source' => 'subscribe',
  ),
)

2018-05-12 15:45:03 response :
------------

2018-05-12 15:45:50 trace :
------------
String:
<xml><ToUserName><![CDATA[gh_8a317808696e]]></ToUserName>
<FromUserName><![CDATA[o4s6w1Ov7th-9AIHaM4ccSlz-V6I]]></FromUserName>
<CreateTime>1526111149</CreateTime>
<MsgType><![CDATA[text]]></MsgType>
<Content><![CDATA[è¿™ä¸ª9æ€Žä¹ˆç”¨çš„]]></Content>
<MsgId>6554597475563757305</MsgId>
</xml>

2018-05-12 15:45:50 params :
------------
String:
array (
  'rule' => -2,
  'module' => '',
  'message' => 
  array (
    'tousername' => 'gh_8a317808696e',
    'fromusername' => 'o4s6w1Ov7th-9AIHaM4ccSlz-V6I',
    'createtime' => '1526111149',
    'msgtype' => 'text',
    'content' => 'è¿™ä¸ª9æ€Žä¹ˆç”¨çš„',
    'msgid' => '6554597475563757305',
    'from' => 'o4s6w1Ov7th-9AIHaM4ccSlz-V6I',
    'to' => 'gh_8a317808696e',
    'time' => '1526111149',
    'type' => 'text',
    'event' => NULL,
    'redirection' => false,
    'source' => NULL,
  ),
)

2018-05-12 15:45:50 response :
------------

2018-05-12 16:20:54 trace :
------------
String:
<xml><ToUserName><![CDATA[gh_8a317808696e]]></ToUserName>
<FromUserName><![CDATA[o4s6w1MaYiqmw2odKvXarahqv6E8]]></FromUserName>
<CreateTime>1526113252</CreateTime>
<MsgType><![CDATA[event]]></MsgType>
<Event><![CDATA[subscribe]]></Event>
<EventKey><![CDATA[]]></EventKey>
</xml>

2018-05-12 16:20:55 params :
------------
String:
array (
  'rule' => -2,
  'module' => '',
  'message' => 
  array (
    'tousername' => 'gh_8a317808696e',
    'fromusername' => 'o4s6w1MaYiqmw2odKvXarahqv6E8',
    'createtime' => '1526113252',
    'msgtype' => 'event',
    'event' => 'subscribe',
    'eventkey' => '',
    'from' => 'o4s6w1MaYiqmw2odKvXarahqv6E8',
    'to' => 'gh_8a317808696e',
    'time' => '1526113252',
    'type' => 'text',
    'redirection' => true,
    'source' => 'subscribe',
  ),
)

2018-05-12 16:20:55 response :
------------

2018-05-12 17:15:48 trace :
------------
String:
<xml><ToUserName><![CDATA[gh_8a317808696e]]></ToUserName>
<FromUserName><![CDATA[o4s6w1EuabHMq-PjdxnsiA_6ns9Q]]></FromUserName>
<CreateTime>1526116547</CreateTime>
<MsgType><![CDATA[text]]></MsgType>
<Content><![CDATA[/:,@-D]]></Content>
<MsgId>6554620659797239780</MsgId>
</xml>

2018-05-12 17:15:49 params :
------------
String:
array (
  'rule' => -2,
  'module' => '',
  'message' => 
  array (
    'tousername' => 'gh_8a317808696e',
    'fromusername' => 'o4s6w1EuabHMq-PjdxnsiA_6ns9Q',
    'createtime' => '1526116547',
    'msgtype' => 'text',
    'content' => '/:,@-D',
    'msgid' => '6554620659797239780',
    'from' => 'o4s6w1EuabHMq-PjdxnsiA_6ns9Q',
    'to' => 'gh_8a317808696e',
    'time' => '1526116547',
    'type' => 'text',
    'event' => NULL,
    'redirection' => false,
    'source' => NULL,
  ),
)

2018-05-12 17:15:49 response :
------------

2018-05-12 17:37:21 trace :
------------
String:
<xml><ToUserName><![CDATA[gh_8a317808696e]]></ToUserName>
<FromUserName><![CDATA[o4s6w1PYeXkHBtw73RcMr6V_Pq3I]]></FromUserName>
<CreateTime>1526117839</CreateTime>
<MsgType><![CDATA[event]]></MsgType>
<Event><![CDATA[subscribe]]></Event>
<EventKey><![CDATA[]]></EventKey>
</xml>

2018-05-12 17:37:22 params :
------------
String:
array (
  'rule' => -2,
  'module' => '',
  'message' => 
  array (
    'tousername' => 'gh_8a317808696e',
    'fromusername' => 'o4s6w1PYeXkHBtw73RcMr6V_Pq3I',
    'createtime' => '1526117839',
    'msgtype' => 'event',
    'event' => 'subscribe',
    'eventkey' => '',
    'from' => 'o4s6w1PYeXkHBtw73RcMr6V_Pq3I',
    'to' => 'gh_8a317808696e',
    'time' => '1526117839',
    'type' => 'text',
    'redirection' => true,
    'source' => 'subscribe',
  ),
)

2018-05-12 17:37:22 response :
------------

2018-05-12 18:24:41 trace :
------------
String:
<xml><ToUserName><![CDATA[gh_8a317808696e]]></ToUserName>
<FromUserName><![CDATA[o4s6w1KSElaK_Jq4T6R9_MCj7AA8]]></FromUserName>
<CreateTime>1526120680</CreateTime>
<MsgType><![CDATA[text]]></MsgType>
<Content><![CDATA[å½“é¢å’¨è¯¢]]></Content>
<MsgId>6554638410897086758</MsgId>
</xml>

2018-05-12 18:24:42 params :
------------
String:
array (
  'rule' => -2,
  'module' => '',
  'message' => 
  array (
    'tousername' => 'gh_8a317808696e',
    'fromusername' => 'o4s6w1KSElaK_Jq4T6R9_MCj7AA8',
    'createtime' => '1526120680',
    'msgtype' => 'text',
    'content' => 'å½“é¢å’¨è¯¢',
    'msgid' => '6554638410897086758',
    'from' => 'o4s6w1KSElaK_Jq4T6R9_MCj7AA8',
    'to' => 'gh_8a317808696e',
    'time' => '1526120680',
    'type' => 'text',
    'event' => NULL,
    'redirection' => false,
    'source' => NULL,
  ),
)

2018-05-12 18:24:42 response :
------------

2018-05-12 18:27:30 trace :
------------
String:
<xml><ToUserName><![CDATA[gh_8a317808696e]]></ToUserName>
<FromUserName><![CDATA[o4s6w1BBhAp8CXTedDmkaH_H5i2g]]></FromUserName>
<CreateTime>1526120849</CreateTime>
<MsgType><![CDATA[event]]></MsgType>
<Event><![CDATA[subscribe]]></Event>
<EventKey><![CDATA[]]></EventKey>
</xml>

2018-05-12 18:27:30 params :
------------
String:
array (
  'rule' => -2,
  'module' => '',
  'message' => 
  array (
    'tousername' => 'gh_8a317808696e',
    'fromusername' => 'o4s6w1BBhAp8CXTedDmkaH_H5i2g',
    'createtime' => '1526120849',
    'msgtype' => 'event',
    'event' => 'subscribe',
    'eventkey' => '',
    'from' => 'o4s6w1BBhAp8CXTedDmkaH_H5i2g',
    'to' => 'gh_8a317808696e',
    'time' => '1526120849',
    'type' => 'text',
    'redirection' => true,
    'source' => 'subscribe',
  ),
)

2018-05-12 18:27:30 response :
------------

2018-05-12 18:27:56 trace :
------------
String:
<xml><ToUserName><![CDATA[gh_8a317808696e]]></ToUserName>
<FromUserName><![CDATA[o4s6w1BBhAp8CXTedDmkaH_H5i2g]]></FromUserName>
<CreateTime>1526120875</CreateTime>
<MsgType><![CDATA[text]]></MsgType>
<Content><![CDATA[åŽ†å²]]></Content>
<MsgId>6554639248415710171</MsgId>
</xml>

2018-05-12 18:27:56 params :
------------
String:
array (
  'rule' => -2,
  'module' => '',
  'message' => 
  array (
    'tousername' => 'gh_8a317808696e',
    'fromusername' => 'o4s6w1BBhAp8CXTedDmkaH_H5i2g',
    'createtime' => '1526120875',
    'msgtype' => 'text',
    'content' => 'åŽ†å²',
    'msgid' => '6554639248415710171',
    'from' => 'o4s6w1BBhAp8CXTedDmkaH_H5i2g',
    'to' => 'gh_8a317808696e',
    'time' => '1526120875',
    'type' => 'text',
    'event' => NULL,
    'redirection' => false,
    'source' => NULL,
  ),
)

2018-05-12 18:27:56 response :
------------

2018-05-12 19:16:01 trace :
------------
String:
<xml><ToUserName><![CDATA[gh_8a317808696e]]></ToUserName>
<FromUserName><![CDATA[o4s6w1Hp2wXW5ts_2wBG5iNSA_Yk]]></FromUserName>
<CreateTime>1526123759</CreateTime>
<MsgType><![CDATA[event]]></MsgType>
<Event><![CDATA[subscribe]]></Event>
<EventKey><![CDATA[]]></EventKey>
</xml>

2018-05-12 19:16:01 params :
------------
String:
array (
  'rule' => -2,
  'module' => '',
  'message' => 
  array (
    'tousername' => 'gh_8a317808696e',
    'fromusername' => 'o4s6w1Hp2wXW5ts_2wBG5iNSA_Yk',
    'createtime' => '1526123759',
    'msgtype' => 'event',
    'event' => 'subscribe',
    'eventkey' => '',
    'from' => 'o4s6w1Hp2wXW5ts_2wBG5iNSA_Yk',
    'to' => 'gh_8a317808696e',
    'time' => '1526123759',
    'type' => 'text',
    'redirection' => true,
    'source' => 'subscribe',
  ),
)

2018-05-12 19:16:01 response :
------------

2018-05-12 19:16:19 trace :
------------
String:
<xml><ToUserName><![CDATA[gh_8a317808696e]]></ToUserName>
<FromUserName><![CDATA[o4s6w1Hp2wXW5ts_2wBG5iNSA_Yk]]></FromUserName>
<CreateTime>1526123778</CreateTime>
<MsgType><![CDATA[event]]></MsgType>
<Event><![CDATA[unsubscribe]]></Event>
<EventKey><![CDATA[]]></EventKey>
</xml>

2018-05-12 19:36:46 trace :
------------
String:
<xml><ToUserName><![CDATA[gh_8a317808696e]]></ToUserName>
<FromUserName><![CDATA[o4s6w1H4Ei3T6t3i-wBDrVYkHzjw]]></FromUserName>
<CreateTime>1526125004</CreateTime>
<MsgType><![CDATA[event]]></MsgType>
<Event><![CDATA[subscribe]]></Event>
<EventKey><![CDATA[]]></EventKey>
</xml>

2018-05-12 19:36:46 params :
------------
String:
array (
  'rule' => -2,
  'module' => '',
  'message' => 
  array (
    'tousername' => 'gh_8a317808696e',
    'fromusername' => 'o4s6w1H4Ei3T6t3i-wBDrVYkHzjw',
    'createtime' => '1526125004',
    'msgtype' => 'event',
    'event' => 'subscribe',
    'eventkey' => '',
    'from' => 'o4s6w1H4Ei3T6t3i-wBDrVYkHzjw',
    'to' => 'gh_8a317808696e',
    'time' => '1526125004',
    'type' => 'text',
    'redirection' => true,
    'source' => 'subscribe',
  ),
)

2018-05-12 19:36:46 response :
------------

2018-05-12 21:45:49 trace :
------------
String:
<xml><ToUserName><![CDATA[gh_3d9ec5667ec1]]></ToUserName>
<FromUserName><![CDATA[o3hgew2oNKvLLZ8UGJcPmtew_zXw]]></FromUserName>
<CreateTime>1526132747</CreateTime>
<MsgType><![CDATA[event]]></MsgType>
<Event><![CDATA[user_view_card]]></Event>
<CardId><![CDATA[p3hgewwmNS6lAo0HM97FfGnv638c]]></CardId>
<UserCardCode><![CDATA[630751659615]]></UserCardCode>
<OuterStr><![CDATA[]]></OuterStr>
</xml>

2018-05-12 21:45:49 params :
------------
String:
array (
  'rule' => -2,
  'module' => '',
  'message' => 
  array (
    'tousername' => 'gh_3d9ec5667ec1',
    'fromusername' => 'o3hgew2oNKvLLZ8UGJcPmtew_zXw',
    'createtime' => '1526132747',
    'msgtype' => 'event',
    'event' => 'user_view_card',
    'cardid' => 'p3hgewwmNS6lAo0HM97FfGnv638c',
    'usercardcode' => '630751659615',
    'outerstr' => '',
    'from' => 'o3hgew2oNKvLLZ8UGJcPmtew_zXw',
    'to' => 'gh_3d9ec5667ec1',
    'time' => '1526132747',
    'type' => 'event',
  ),
)

2018-05-12 21:45:49 response :
------------

2018-05-12 22:22:54 trace :
------------
String:
<xml><ToUserName><![CDATA[gh_8a317808696e]]></ToUserName>
<FromUserName><![CDATA[o4s6w1EuabHMq-PjdxnsiA_6ns9Q]]></FromUserName>
<CreateTime>1526134973</CreateTime>
<MsgType><![CDATA[text]]></MsgType>
<Content><![CDATA[å›¾æ–‡å’¨è¯¢]]></Content>
<MsgId>6554699798864695628</MsgId>
</xml>

2018-05-12 22:22:55 params :
------------
String:
array (
  'rule' => -2,
  'module' => '',
  'message' => 
  array (
    'tousername' => 'gh_8a317808696e',
    'fromusername' => 'o4s6w1EuabHMq-PjdxnsiA_6ns9Q',
    'createtime' => '1526134973',
    'msgtype' => 'text',
    'content' => 'å›¾æ–‡å’¨è¯¢',
    'msgid' => '6554699798864695628',
    'from' => 'o4s6w1EuabHMq-PjdxnsiA_6ns9Q',
    'to' => 'gh_8a317808696e',
    'time' => '1526134973',
    'type' => 'text',
    'event' => NULL,
    'redirection' => false,
    'source' => NULL,
  ),
)

2018-05-12 22:22:55 response :
------------

2018-05-12 22:23:06 trace :
------------
String:
<xml><ToUserName><![CDATA[gh_8a317808696e]]></ToUserName>
<FromUserName><![CDATA[o4s6w1EuabHMq-PjdxnsiA_6ns9Q]]></FromUserName>
<CreateTime>1526134985</CreateTime>
<MsgType><![CDATA[text]]></MsgType>
<Content><![CDATA[æ€Žä¹ˆæ²¡äº†å‘¢ðŸ˜Š]]></Content>
<MsgId>6554699850404303193</MsgId>
</xml>

2018-05-12 22:23:06 params :
------------
String:
array (
  'rule' => -2,
  'module' => '',
  'message' => 
  array (
    'tousername' => 'gh_8a317808696e',
    'fromusername' => 'o4s6w1EuabHMq-PjdxnsiA_6ns9Q',
    'createtime' => '1526134985',
    'msgtype' => 'text',
    'content' => 'æ€Žä¹ˆæ²¡äº†å‘¢ðŸ˜Š',
    'msgid' => '6554699850404303193',
    'from' => 'o4s6w1EuabHMq-PjdxnsiA_6ns9Q',
    'to' => 'gh_8a317808696e',
    'time' => '1526134985',
    'type' => 'text',
    'event' => NULL,
    'redirection' => false,
    'source' => NULL,
  ),
)

2018-05-12 22:23:06 response :
------------

2018-05-12 22:27:28 trace :
------------
String:
<xml><ToUserName><![CDATA[gh_8a317808696e]]></ToUserName>
<FromUserName><![CDATA[o4s6w1Cdf-OgMINKzNkU2zg1qYUw]]></FromUserName>
<CreateTime>1526135247</CreateTime>
<MsgType><![CDATA[text]]></MsgType>
<Content><![CDATA[æœæ­£è´µ]]></Content>
<MsgId>6554700975685734974</MsgId>
</xml>

2018-05-12 22:27:28 params :
------------
String:
array (
  'rule' => -2,
  'module' => '',
  'message' => 
  array (
    'tousername' => 'gh_8a317808696e',
    'fromusername' => 'o4s6w1Cdf-OgMINKzNkU2zg1qYUw',
    'createtime' => '1526135247',
    'msgtype' => 'text',
    'content' => 'æœæ­£è´µ',
    'msgid' => '6554700975685734974',
    'from' => 'o4s6w1Cdf-OgMINKzNkU2zg1qYUw',
    'to' => 'gh_8a317808696e',
    'time' => '1526135247',
    'type' => 'text',
    'event' => NULL,
    'redirection' => false,
    'source' => NULL,
  ),
)

2018-05-12 22:27:28 response :
------------

2018-05-12 22:53:57 trace :
------------
String:
<xml><ToUserName><![CDATA[gh_8a317808696e]]></ToUserName>
<FromUserName><![CDATA[o4s6w1Cdf-OgMINKzNkU2zg1qYUw]]></FromUserName>
<CreateTime>1526136835</CreateTime>
<MsgType><![CDATA[text]]></MsgType>
<Content><![CDATA[å¼€å§‹å’¨è¯¢]]></Content>
<MsgId>6554707796093801876</MsgId>
</xml>

2018-05-12 22:53:57 params :
------------
String:
array (
  'rule' => -2,
  'module' => '',
  'message' => 
  array (
    'tousername' => 'gh_8a317808696e',
    'fromusername' => 'o4s6w1Cdf-OgMINKzNkU2zg1qYUw',
    'createtime' => '1526136835',
    'msgtype' => 'text',
    'content' => 'å¼€å§‹å’¨è¯¢',
    'msgid' => '6554707796093801876',
    'from' => 'o4s6w1Cdf-OgMINKzNkU2zg1qYUw',
    'to' => 'gh_8a317808696e',
    'time' => '1526136835',
    'type' => 'text',
    'event' => NULL,
    'redirection' => false,
    'source' => NULL,
  ),
)

2018-05-12 22:53:57 response :
------------

2018-05-12 22:55:03 trace :
------------
String:
<xml><ToUserName><![CDATA[gh_8a317808696e]]></ToUserName>
<FromUserName><![CDATA[o4s6w1Cdf-OgMINKzNkU2zg1qYUw]]></FromUserName>
<CreateTime>1526136902</CreateTime>
<MsgType><![CDATA[event]]></MsgType>
<Event><![CDATA[unsubscribe]]></Event>
<EventKey><![CDATA[]]></EventKey>
</xml>

2018-05-12 22:55:41 trace :
------------
String:
<xml><ToUserName><![CDATA[gh_8a317808696e]]></ToUserName>
<FromUserName><![CDATA[o4s6w1Cdf-OgMINKzNkU2zg1qYUw]]></FromUserName>
<CreateTime>1526136940</CreateTime>
<MsgType><![CDATA[event]]></MsgType>
<Event><![CDATA[subscribe]]></Event>
<EventKey><![CDATA[]]></EventKey>
</xml>

2018-05-12 22:55:41 params :
------------
String:
array (
  'rule' => -2,
  'module' => '',
  'message' => 
  array (
    'tousername' => 'gh_8a317808696e',
    'fromusername' => 'o4s6w1Cdf-OgMINKzNkU2zg1qYUw',
    'createtime' => '1526136940',
    'msgtype' => 'event',
    'event' => 'subscribe',
    'eventkey' => '',
    'from' => 'o4s6w1Cdf-OgMINKzNkU2zg1qYUw',
    'to' => 'gh_8a317808696e',
    'time' => '1526136940',
    'type' => 'text',
    'redirection' => true,
    'source' => 'subscribe',
  ),
)

2018-05-12 22:55:41 response :
------------

2018-05-12 22:58:21 trace :
------------
String:
<xml><ToUserName><![CDATA[gh_8a317808696e]]></ToUserName>
<FromUserName><![CDATA[o4s6w1Cdf-OgMINKzNkU2zg1qYUw]]></FromUserName>
<CreateTime>1526137100</CreateTime>
<MsgType><![CDATA[text]]></MsgType>
<Content><![CDATA[å’¨è¯¢]]></Content>
<MsgId>6554708934260135399</MsgId>
</xml>

2018-05-12 22:58:21 params :
------------
String:
array (
  'rule' => -2,
  'module' => '',
  'message' => 
  array (
    'tousername' => 'gh_8a317808696e',
    'fromusername' => 'o4s6w1Cdf-OgMINKzNkU2zg1qYUw',
    'createtime' => '1526137100',
    'msgtype' => 'text',
    'content' => 'å’¨è¯¢',
    'msgid' => '6554708934260135399',
    'from' => 'o4s6w1Cdf-OgMINKzNkU2zg1qYUw',
    'to' => 'gh_8a317808696e',
    'time' => '1526137100',
    'type' => 'text',
    'event' => NULL,
    'redirection' => false,
    'source' => NULL,
  ),
)

2018-05-12 22:58:21 response :
------------

2018-05-12 22:58:56 trace :
------------
String:
<xml><ToUserName><![CDATA[gh_8a317808696e]]></ToUserName>
<FromUserName><![CDATA[o4s6w1G8iDtRD_gi6-NLyhAVaNDE]]></FromUserName>
<CreateTime>1526137135</CreateTime>
<MsgType><![CDATA[event]]></MsgType>
<Event><![CDATA[subscribe]]></Event>
<EventKey><![CDATA[]]></EventKey>
</xml>

2018-05-12 22:58:56 params :
------------
String:
array (
  'rule' => -2,
  'module' => '',
  'message' => 
  array (
    'tousername' => 'gh_8a317808696e',
    'fromusername' => 'o4s6w1G8iDtRD_gi6-NLyhAVaNDE',
    'createtime' => '1526137135',
    'msgtype' => 'event',
    'event' => 'subscribe',
    'eventkey' => '',
    'from' => 'o4s6w1G8iDtRD_gi6-NLyhAVaNDE',
    'to' => 'gh_8a317808696e',
    'time' => '1526137135',
    'type' => 'text',
    'redirection' => true,
    'source' => 'subscribe',
  ),
)

2018-05-12 22:58:56 response :
------------

