2018-04-06 14:05:29 trace :
------------
String:
<xml><ToUserName><![CDATA[gh_3d9ec5667ec1]]></ToUserName>
<FromUserName><![CDATA[o3hgew1izFokA4tCnYJt745d7Qao]]></FromUserName>
<CreateTime>1522994727</CreateTime>
<MsgType><![CDATA[event]]></MsgType>
<Event><![CDATA[LOCATION]]></Event>
<Latitude>23.021877</Latitude>
<Longitude>113.382980</Longitude>
<Precision>30.000000</Precision>
</xml>

2018-04-06 14:05:29 params :
------------
String:
array (
  'message' => 
  array (
    'tousername' => 'gh_3d9ec5667ec1',
    'fromusername' => 'o3hgew1izFokA4tCnYJt745d7Qao',
    'createtime' => '1522994727',
    'msgtype' => 'event',
    'event' => 'LOCATION',
    'latitude' => '23.021877',
    'longitude' => '113.382980',
    'precision' => '30.000000',
    'from' => 'o3hgew1izFokA4tCnYJt745d7Qao',
    'to' => 'gh_3d9ec5667ec1',
    'time' => '1522994727',
    'type' => 'trace',
    'location_x' => '23.021877',
    'location_y' => '113.382980',
  ),
  'module' => 'default',
  'rule' => '-1',
)

2018-04-06 14:05:29 response :
------------
Array:
errno : -1 ;
message : Invaild value ;

