2018-03-27 13:21:22 trace :
------------
String:
<xml><ToUserName><![CDATA[gh_3d9ec5667ec1]]></ToUserName>
<FromUserName><![CDATA[o3hgew4FVWRx-NnANjCGPsf6Q_SA]]></FromUserName>
<CreateTime>1522128081</CreateTime>
<MsgType><![CDATA[event]]></MsgType>
<Event><![CDATA[subscribe]]></Event>
<EventKey><![CDATA[]]></EventKey>
</xml>

2018-03-27 13:21:23 params :
------------
String:
array (
  'rule' => -2,
  'module' => '',
  'message' => 
  array (
    'tousername' => 'gh_3d9ec5667ec1',
    'fromusername' => 'o3hgew4FVWRx-NnANjCGPsf6Q_SA',
    'createtime' => '1522128081',
    'msgtype' => 'event',
    'event' => 'subscribe',
    'eventkey' => '',
    'from' => 'o3hgew4FVWRx-NnANjCGPsf6Q_SA',
    'to' => 'gh_3d9ec5667ec1',
    'time' => '1522128081',
    'type' => 'text',
    'redirection' => true,
    'source' => 'subscribe',
  ),
)

2018-03-27 13:21:23 response :
------------

2018-03-27 13:21:39 trace :
------------
String:
<xml><ToUserName><![CDATA[gh_3d9ec5667ec1]]></ToUserName>
<FromUserName><![CDATA[o3hgew4FVWRx-NnANjCGPsf6Q_SA]]></FromUserName>
<CreateTime>1522128099</CreateTime>
<MsgType><![CDATA[event]]></MsgType>
<Event><![CDATA[user_get_card]]></Event>
<CardId><![CDATA[p3hgewwmNS6lAo0HM97FfGnv638c]]></CardId>
<IsGiveByFriend>0</IsGiveByFriend>
<UserCardCode><![CDATA[251123578185]]></UserCardCode>
<FriendUserName><![CDATA[]]></FriendUserName>
<OuterId>0</OuterId>
<OldUserCardCode><![CDATA[]]></OldUserCardCode>
<IsRestoreMemberCard>0</IsRestoreMemberCard>
<IsRecommendByFriend>0</IsRecommendByFriend>
<SourceScene><![CDATA[SOURCE_SCENE_QRCODE]]></SourceScene>
<UnionId><![CDATA[oAAAAACLFBzbRB4DaohHF-dySIB0]]></UnionId>
</xml>

2018-03-27 13:21:39 params :
------------
String:
array (
  'rule' => -2,
  'module' => '',
  'message' => 
  array (
    'tousername' => 'gh_3d9ec5667ec1',
    'fromusername' => 'o3hgew4FVWRx-NnANjCGPsf6Q_SA',
    'createtime' => '1522128099',
    'msgtype' => 'event',
    'event' => 'user_get_card',
    'cardid' => 'p3hgewwmNS6lAo0HM97FfGnv638c',
    'isgivebyfriend' => '0',
    'usercardcode' => '251123578185',
    'friendusername' => '',
    'outerid' => '0',
    'oldusercardcode' => '',
    'isrestoremembercard' => '0',
    'isrecommendbyfriend' => '0',
    'sourcescene' => 'SOURCE_SCENE_QRCODE',
    'unionid' => 'oAAAAACLFBzbRB4DaohHF-dySIB0',
    'from' => 'o3hgew4FVWRx-NnANjCGPsf6Q_SA',
    'to' => 'gh_3d9ec5667ec1',
    'time' => '1522128099',
    'type' => 'coupon',
  ),
)

2018-03-27 13:21:39 response :
------------

2018-03-27 13:21:39 trace :
------------
String:
<xml><ToUserName><![CDATA[gh_3d9ec5667ec1]]></ToUserName>
<FromUserName><![CDATA[o3hgew4FVWRx-NnANjCGPsf6Q_SA]]></FromUserName>
<CreateTime>1522128099</CreateTime>
<MsgType><![CDATA[event]]></MsgType>
<Event><![CDATA[user_view_card]]></Event>
<CardId><![CDATA[p3hgewwmNS6lAo0HM97FfGnv638c]]></CardId>
<UserCardCode><![CDATA[251123578185]]></UserCardCode>
<OuterStr><![CDATA[]]></OuterStr>
</xml>

2018-03-27 13:21:40 params :
------------
String:
array (
  'rule' => -2,
  'module' => '',
  'message' => 
  array (
    'tousername' => 'gh_3d9ec5667ec1',
    'fromusername' => 'o3hgew4FVWRx-NnANjCGPsf6Q_SA',
    'createtime' => '1522128099',
    'msgtype' => 'event',
    'event' => 'user_view_card',
    'cardid' => 'p3hgewwmNS6lAo0HM97FfGnv638c',
    'usercardcode' => '251123578185',
    'outerstr' => '',
    'from' => 'o3hgew4FVWRx-NnANjCGPsf6Q_SA',
    'to' => 'gh_3d9ec5667ec1',
    'time' => '1522128099',
    'type' => 'event',
  ),
)

2018-03-27 13:21:40 response :
------------

2018-03-27 13:21:49 trace :
------------
String:
<xml><ToUserName><![CDATA[gh_3d9ec5667ec1]]></ToUserName>
<FromUserName><![CDATA[o3hgew4FVWRx-NnANjCGPsf6Q_SA]]></FromUserName>
<CreateTime>1522128108</CreateTime>
<MsgType><![CDATA[event]]></MsgType>
<Event><![CDATA[user_enter_session_from_card]]></Event>
<CardId><![CDATA[p3hgewwmNS6lAo0HM97FfGnv638c]]></CardId>
<UserCardCode><![CDATA[251123578185]]></UserCardCode>
</xml>

2018-03-27 13:21:49 params :
------------
String:
array (
  'rule' => -2,
  'module' => '',
  'message' => 
  array (
    'tousername' => 'gh_3d9ec5667ec1',
    'fromusername' => 'o3hgew4FVWRx-NnANjCGPsf6Q_SA',
    'createtime' => '1522128108',
    'msgtype' => 'event',
    'event' => 'user_enter_session_from_card',
    'cardid' => 'p3hgewwmNS6lAo0HM97FfGnv638c',
    'usercardcode' => '251123578185',
    'from' => 'o3hgew4FVWRx-NnANjCGPsf6Q_SA',
    'to' => 'gh_3d9ec5667ec1',
    'time' => '1522128108',
    'type' => 'event',
  ),
)

2018-03-27 13:21:49 response :
------------

2018-03-27 13:22:19 trace :
------------
String:
<xml><ToUserName><![CDATA[gh_3d9ec5667ec1]]></ToUserName>
<FromUserName><![CDATA[o3hgew4FVWRx-NnANjCGPsf6Q_SA]]></FromUserName>
<CreateTime>1522128138</CreateTime>
<MsgType><![CDATA[event]]></MsgType>
<Event><![CDATA[user_enter_session_from_card]]></Event>
<CardId><![CDATA[p3hgewwmNS6lAo0HM97FfGnv638c]]></CardId>
<UserCardCode><![CDATA[251123578185]]></UserCardCode>
</xml>

2018-03-27 13:22:19 params :
------------
String:
array (
  'rule' => -2,
  'module' => '',
  'message' => 
  array (
    'tousername' => 'gh_3d9ec5667ec1',
    'fromusername' => 'o3hgew4FVWRx-NnANjCGPsf6Q_SA',
    'createtime' => '1522128138',
    'msgtype' => 'event',
    'event' => 'user_enter_session_from_card',
    'cardid' => 'p3hgewwmNS6lAo0HM97FfGnv638c',
    'usercardcode' => '251123578185',
    'from' => 'o3hgew4FVWRx-NnANjCGPsf6Q_SA',
    'to' => 'gh_3d9ec5667ec1',
    'time' => '1522128138',
    'type' => 'event',
  ),
)

2018-03-27 13:22:19 response :
------------

2018-03-27 13:44:25 trace :
------------
String:
<xml><ToUserName><![CDATA[gh_3d9ec5667ec1]]></ToUserName>
<FromUserName><![CDATA[o3hgew4EKRW9jxJHP9c29zPPAb3k]]></FromUserName>
<CreateTime>1522129463</CreateTime>
<MsgType><![CDATA[event]]></MsgType>
<Event><![CDATA[subscribe]]></Event>
<EventKey><![CDATA[]]></EventKey>
</xml>

2018-03-27 13:44:26 params :
------------
String:
array (
  'rule' => -2,
  'module' => '',
  'message' => 
  array (
    'tousername' => 'gh_3d9ec5667ec1',
    'fromusername' => 'o3hgew4EKRW9jxJHP9c29zPPAb3k',
    'createtime' => '1522129463',
    'msgtype' => 'event',
    'event' => 'subscribe',
    'eventkey' => '',
    'from' => 'o3hgew4EKRW9jxJHP9c29zPPAb3k',
    'to' => 'gh_3d9ec5667ec1',
    'time' => '1522129463',
    'type' => 'text',
    'redirection' => true,
    'source' => 'subscribe',
  ),
)

2018-03-27 13:44:26 response :
------------

2018-03-27 13:44:30 trace :
------------
String:
<xml><ToUserName><![CDATA[gh_3d9ec5667ec1]]></ToUserName>
<FromUserName><![CDATA[o3hgew4EKRW9jxJHP9c29zPPAb3k]]></FromUserName>
<CreateTime>1522129469</CreateTime>
<MsgType><![CDATA[event]]></MsgType>
<Event><![CDATA[LOCATION]]></Event>
<Latitude>23.039042</Latitude>
<Longitude>113.573921</Longitude>
<Precision>30.000000</Precision>
</xml>

2018-03-27 13:44:30 params :
------------
String:
array (
  'message' => 
  array (
    'tousername' => 'gh_3d9ec5667ec1',
    'fromusername' => 'o3hgew4EKRW9jxJHP9c29zPPAb3k',
    'createtime' => '1522129469',
    'msgtype' => 'event',
    'event' => 'LOCATION',
    'latitude' => '23.039042',
    'longitude' => '113.573921',
    'precision' => '30.000000',
    'from' => 'o3hgew4EKRW9jxJHP9c29zPPAb3k',
    'to' => 'gh_3d9ec5667ec1',
    'time' => '1522129469',
    'type' => 'trace',
    'location_x' => '23.039042',
    'location_y' => '113.573921',
  ),
  'module' => 'default',
  'rule' => '-1',
)

2018-03-27 13:44:30 response :
------------
Array:
errno : -1 ;
message : Invaild value ;

2018-03-27 13:44:48 trace :
------------
String:
<xml><ToUserName><![CDATA[gh_3d9ec5667ec1]]></ToUserName>
<FromUserName><![CDATA[o3hgew4EKRW9jxJHP9c29zPPAb3k]]></FromUserName>
<CreateTime>1522129487</CreateTime>
<MsgType><![CDATA[event]]></MsgType>
<Event><![CDATA[LOCATION]]></Event>
<Latitude>23.039042</Latitude>
<Longitude>113.573921</Longitude>
<Precision>30.000000</Precision>
</xml>

2018-03-27 13:44:48 params :
------------
String:
array (
  'message' => 
  array (
    'tousername' => 'gh_3d9ec5667ec1',
    'fromusername' => 'o3hgew4EKRW9jxJHP9c29zPPAb3k',
    'createtime' => '1522129487',
    'msgtype' => 'event',
    'event' => 'LOCATION',
    'latitude' => '23.039042',
    'longitude' => '113.573921',
    'precision' => '30.000000',
    'from' => 'o3hgew4EKRW9jxJHP9c29zPPAb3k',
    'to' => 'gh_3d9ec5667ec1',
    'time' => '1522129487',
    'type' => 'trace',
    'location_x' => '23.039042',
    'location_y' => '113.573921',
  ),
  'module' => 'default',
  'rule' => '-1',
)

2018-03-27 13:44:48 response :
------------
Array:
errno : -1 ;
message : Invaild value ;

2018-03-27 13:46:17 trace :
------------
String:
<xml><ToUserName><![CDATA[gh_3d9ec5667ec1]]></ToUserName>
<FromUserName><![CDATA[o3hgew4EKRW9jxJHP9c29zPPAb3k]]></FromUserName>
<CreateTime>1522129576</CreateTime>
<MsgType><![CDATA[event]]></MsgType>
<Event><![CDATA[LOCATION]]></Event>
<Latitude>23.039026</Latitude>
<Longitude>113.573914</Longitude>
<Precision>30.000000</Precision>
</xml>

2018-03-27 13:46:17 params :
------------
String:
array (
  'message' => 
  array (
    'tousername' => 'gh_3d9ec5667ec1',
    'fromusername' => 'o3hgew4EKRW9jxJHP9c29zPPAb3k',
    'createtime' => '1522129576',
    'msgtype' => 'event',
    'event' => 'LOCATION',
    'latitude' => '23.039026',
    'longitude' => '113.573914',
    'precision' => '30.000000',
    'from' => 'o3hgew4EKRW9jxJHP9c29zPPAb3k',
    'to' => 'gh_3d9ec5667ec1',
    'time' => '1522129576',
    'type' => 'trace',
    'location_x' => '23.039026',
    'location_y' => '113.573914',
  ),
  'module' => 'default',
  'rule' => '-1',
)

2018-03-27 13:46:17 response :
------------
Array:
errno : -1 ;
message : Invaild value ;

2018-03-27 13:46:31 trace :
------------
String:
<xml><ToUserName><![CDATA[gh_3d9ec5667ec1]]></ToUserName>
<FromUserName><![CDATA[o3hgew4EKRW9jxJHP9c29zPPAb3k]]></FromUserName>
<CreateTime>1522129590</CreateTime>
<MsgType><![CDATA[event]]></MsgType>
<Event><![CDATA[LOCATION]]></Event>
<Latitude>23.039026</Latitude>
<Longitude>113.573914</Longitude>
<Precision>30.000000</Precision>
</xml>

2018-03-27 13:46:31 params :
------------
String:
array (
  'message' => 
  array (
    'tousername' => 'gh_3d9ec5667ec1',
    'fromusername' => 'o3hgew4EKRW9jxJHP9c29zPPAb3k',
    'createtime' => '1522129590',
    'msgtype' => 'event',
    'event' => 'LOCATION',
    'latitude' => '23.039026',
    'longitude' => '113.573914',
    'precision' => '30.000000',
    'from' => 'o3hgew4EKRW9jxJHP9c29zPPAb3k',
    'to' => 'gh_3d9ec5667ec1',
    'time' => '1522129590',
    'type' => 'trace',
    'location_x' => '23.039026',
    'location_y' => '113.573914',
  ),
  'module' => 'default',
  'rule' => '-1',
)

2018-03-27 13:46:31 response :
------------
Array:
errno : -1 ;
message : Invaild value ;

2018-03-27 13:51:37 trace :
------------
String:
<xml><ToUserName><![CDATA[gh_3d9ec5667ec1]]></ToUserName>
<FromUserName><![CDATA[o3hgew9ugzYqwr7kDpWYxNku16JE]]></FromUserName>
<CreateTime>1522129896</CreateTime>
<MsgType><![CDATA[event]]></MsgType>
<Event><![CDATA[subscribe]]></Event>
<EventKey><![CDATA[]]></EventKey>
</xml>

2018-03-27 13:51:37 params :
------------
String:
array (
  'rule' => -2,
  'module' => '',
  'message' => 
  array (
    'tousername' => 'gh_3d9ec5667ec1',
    'fromusername' => 'o3hgew9ugzYqwr7kDpWYxNku16JE',
    'createtime' => '1522129896',
    'msgtype' => 'event',
    'event' => 'subscribe',
    'eventkey' => '',
    'from' => 'o3hgew9ugzYqwr7kDpWYxNku16JE',
    'to' => 'gh_3d9ec5667ec1',
    'time' => '1522129896',
    'type' => 'text',
    'redirection' => true,
    'source' => 'subscribe',
  ),
)

2018-03-27 13:51:37 response :
------------

2018-03-27 13:51:40 trace :
------------
String:
<xml><ToUserName><![CDATA[gh_3d9ec5667ec1]]></ToUserName>
<FromUserName><![CDATA[o3hgew9ugzYqwr7kDpWYxNku16JE]]></FromUserName>
<CreateTime>1522129899</CreateTime>
<MsgType><![CDATA[event]]></MsgType>
<Event><![CDATA[LOCATION]]></Event>
<Latitude>23.039413</Latitude>
<Longitude>113.573997</Longitude>
<Precision>65.000000</Precision>
</xml>

2018-03-27 13:51:40 params :
------------
String:
array (
  'message' => 
  array (
    'tousername' => 'gh_3d9ec5667ec1',
    'fromusername' => 'o3hgew9ugzYqwr7kDpWYxNku16JE',
    'createtime' => '1522129899',
    'msgtype' => 'event',
    'event' => 'LOCATION',
    'latitude' => '23.039413',
    'longitude' => '113.573997',
    'precision' => '65.000000',
    'from' => 'o3hgew9ugzYqwr7kDpWYxNku16JE',
    'to' => 'gh_3d9ec5667ec1',
    'time' => '1522129899',
    'type' => 'trace',
    'location_x' => '23.039413',
    'location_y' => '113.573997',
  ),
  'module' => 'default',
  'rule' => '-1',
)

2018-03-27 13:51:40 response :
------------
Array:
errno : -1 ;
message : Invaild value ;

2018-03-27 13:56:12 trace :
------------
String:
<xml><ToUserName><![CDATA[gh_3d9ec5667ec1]]></ToUserName>
<FromUserName><![CDATA[o3hgew48qBdFT8Gxncg57OShJkZ8]]></FromUserName>
<CreateTime>1522130170</CreateTime>
<MsgType><![CDATA[event]]></MsgType>
<Event><![CDATA[subscribe]]></Event>
<EventKey><![CDATA[]]></EventKey>
</xml>

2018-03-27 13:56:12 params :
------------
String:
array (
  'rule' => -2,
  'module' => '',
  'message' => 
  array (
    'tousername' => 'gh_3d9ec5667ec1',
    'fromusername' => 'o3hgew48qBdFT8Gxncg57OShJkZ8',
    'createtime' => '1522130170',
    'msgtype' => 'event',
    'event' => 'subscribe',
    'eventkey' => '',
    'from' => 'o3hgew48qBdFT8Gxncg57OShJkZ8',
    'to' => 'gh_3d9ec5667ec1',
    'time' => '1522130170',
    'type' => 'text',
    'redirection' => true,
    'source' => 'subscribe',
  ),
)

2018-03-27 13:56:12 response :
------------

2018-03-27 13:57:03 trace :
------------
String:
<xml><ToUserName><![CDATA[gh_3d9ec5667ec1]]></ToUserName>
<FromUserName><![CDATA[o3hgew48qBdFT8Gxncg57OShJkZ8]]></FromUserName>
<CreateTime>1522130222</CreateTime>
<MsgType><![CDATA[event]]></MsgType>
<Event><![CDATA[user_get_card]]></Event>
<CardId><![CDATA[p3hgewwmNS6lAo0HM97FfGnv638c]]></CardId>
<IsGiveByFriend>0</IsGiveByFriend>
<UserCardCode><![CDATA[202948683893]]></UserCardCode>
<FriendUserName><![CDATA[]]></FriendUserName>
<OuterId>0</OuterId>
<OldUserCardCode><![CDATA[]]></OldUserCardCode>
<IsRestoreMemberCard>0</IsRestoreMemberCard>
<IsRecommendByFriend>0</IsRecommendByFriend>
<SourceScene><![CDATA[SOURCE_SCENE_QRCODE]]></SourceScene>
<UnionId><![CDATA[oAAAAAM9fjtqZJF6HEQvxTKmOYp4]]></UnionId>
</xml>

2018-03-27 13:57:03 params :
------------
String:
array (
  'rule' => -2,
  'module' => '',
  'message' => 
  array (
    'tousername' => 'gh_3d9ec5667ec1',
    'fromusername' => 'o3hgew48qBdFT8Gxncg57OShJkZ8',
    'createtime' => '1522130222',
    'msgtype' => 'event',
    'event' => 'user_get_card',
    'cardid' => 'p3hgewwmNS6lAo0HM97FfGnv638c',
    'isgivebyfriend' => '0',
    'usercardcode' => '202948683893',
    'friendusername' => '',
    'outerid' => '0',
    'oldusercardcode' => '',
    'isrestoremembercard' => '0',
    'isrecommendbyfriend' => '0',
    'sourcescene' => 'SOURCE_SCENE_QRCODE',
    'unionid' => 'oAAAAAM9fjtqZJF6HEQvxTKmOYp4',
    'from' => 'o3hgew48qBdFT8Gxncg57OShJkZ8',
    'to' => 'gh_3d9ec5667ec1',
    'time' => '1522130222',
    'type' => 'coupon',
  ),
)

2018-03-27 13:57:03 response :
------------

2018-03-27 13:57:03 trace :
------------
String:
<xml><ToUserName><![CDATA[gh_3d9ec5667ec1]]></ToUserName>
<FromUserName><![CDATA[o3hgew48qBdFT8Gxncg57OShJkZ8]]></FromUserName>
<CreateTime>1522130222</CreateTime>
<MsgType><![CDATA[event]]></MsgType>
<Event><![CDATA[user_view_card]]></Event>
<CardId><![CDATA[p3hgewwmNS6lAo0HM97FfGnv638c]]></CardId>
<UserCardCode><![CDATA[202948683893]]></UserCardCode>
<OuterStr><![CDATA[]]></OuterStr>
</xml>

2018-03-27 13:57:03 params :
------------
String:
array (
  'rule' => -2,
  'module' => '',
  'message' => 
  array (
    'tousername' => 'gh_3d9ec5667ec1',
    'fromusername' => 'o3hgew48qBdFT8Gxncg57OShJkZ8',
    'createtime' => '1522130222',
    'msgtype' => 'event',
    'event' => 'user_view_card',
    'cardid' => 'p3hgewwmNS6lAo0HM97FfGnv638c',
    'usercardcode' => '202948683893',
    'outerstr' => '',
    'from' => 'o3hgew48qBdFT8Gxncg57OShJkZ8',
    'to' => 'gh_3d9ec5667ec1',
    'time' => '1522130222',
    'type' => 'event',
  ),
)

2018-03-27 13:57:03 response :
------------

2018-03-27 13:57:11 trace :
------------
String:
<xml><ToUserName><![CDATA[gh_3d9ec5667ec1]]></ToUserName>
<FromUserName><![CDATA[o3hgew48qBdFT8Gxncg57OShJkZ8]]></FromUserName>
<CreateTime>1522130230</CreateTime>
<MsgType><![CDATA[event]]></MsgType>
<Event><![CDATA[user_enter_session_from_card]]></Event>
<CardId><![CDATA[p3hgewwmNS6lAo0HM97FfGnv638c]]></CardId>
<UserCardCode><![CDATA[202948683893]]></UserCardCode>
</xml>

2018-03-27 13:57:11 params :
------------
String:
array (
  'rule' => -2,
  'module' => '',
  'message' => 
  array (
    'tousername' => 'gh_3d9ec5667ec1',
    'fromusername' => 'o3hgew48qBdFT8Gxncg57OShJkZ8',
    'createtime' => '1522130230',
    'msgtype' => 'event',
    'event' => 'user_enter_session_from_card',
    'cardid' => 'p3hgewwmNS6lAo0HM97FfGnv638c',
    'usercardcode' => '202948683893',
    'from' => 'o3hgew48qBdFT8Gxncg57OShJkZ8',
    'to' => 'gh_3d9ec5667ec1',
    'time' => '1522130230',
    'type' => 'event',
  ),
)

2018-03-27 13:57:11 response :
------------

2018-03-27 15:14:55 trace :
------------
String:
<xml><ToUserName><![CDATA[gh_3d9ec5667ec1]]></ToUserName>
<FromUserName><![CDATA[o3hgew6Xphf-tX9s03roo6W_0bjE]]></FromUserName>
<CreateTime>1522134889</CreateTime>
<MsgType><![CDATA[event]]></MsgType>
<Event><![CDATA[subscribe]]></Event>
<EventKey><![CDATA[]]></EventKey>
</xml>

2018-03-27 15:14:56 params :
------------
String:
array (
  'rule' => -2,
  'module' => '',
  'message' => 
  array (
    'tousername' => 'gh_3d9ec5667ec1',
    'fromusername' => 'o3hgew6Xphf-tX9s03roo6W_0bjE',
    'createtime' => '1522134889',
    'msgtype' => 'event',
    'event' => 'subscribe',
    'eventkey' => '',
    'from' => 'o3hgew6Xphf-tX9s03roo6W_0bjE',
    'to' => 'gh_3d9ec5667ec1',
    'time' => '1522134889',
    'type' => 'text',
    'redirection' => true,
    'source' => 'subscribe',
  ),
)

2018-03-27 15:14:56 response :
------------

2018-03-27 15:14:56 trace :
------------
String:
<xml><ToUserName><![CDATA[gh_3d9ec5667ec1]]></ToUserName>
<FromUserName><![CDATA[o3hgew6Xphf-tX9s03roo6W_0bjE]]></FromUserName>
<CreateTime>1522134895</CreateTime>
<MsgType><![CDATA[event]]></MsgType>
<Event><![CDATA[LOCATION]]></Event>
<Latitude>23.039040</Latitude>
<Longitude>113.573906</Longitude>
<Precision>30.000000</Precision>
</xml>

2018-03-27 15:14:56 params :
------------
String:
array (
  'message' => 
  array (
    'tousername' => 'gh_3d9ec5667ec1',
    'fromusername' => 'o3hgew6Xphf-tX9s03roo6W_0bjE',
    'createtime' => '1522134895',
    'msgtype' => 'event',
    'event' => 'LOCATION',
    'latitude' => '23.039040',
    'longitude' => '113.573906',
    'precision' => '30.000000',
    'from' => 'o3hgew6Xphf-tX9s03roo6W_0bjE',
    'to' => 'gh_3d9ec5667ec1',
    'time' => '1522134895',
    'type' => 'trace',
    'location_x' => '23.039040',
    'location_y' => '113.573906',
  ),
  'module' => 'default',
  'rule' => '-1',
)

2018-03-27 15:14:56 response :
------------
Array:
errno : -1 ;
message : Invaild value ;

2018-03-27 15:51:52 trace :
------------
String:
<xml><ToUserName><![CDATA[gh_3d9ec5667ec1]]></ToUserName>
<FromUserName><![CDATA[o3hgewwSpcKAY5bixWLCHIHdelQ4]]></FromUserName>
<CreateTime>1522137111</CreateTime>
<MsgType><![CDATA[event]]></MsgType>
<Event><![CDATA[subscribe]]></Event>
<EventKey><![CDATA[]]></EventKey>
</xml>

2018-03-27 15:51:53 params :
------------
String:
array (
  'rule' => -2,
  'module' => '',
  'message' => 
  array (
    'tousername' => 'gh_3d9ec5667ec1',
    'fromusername' => 'o3hgewwSpcKAY5bixWLCHIHdelQ4',
    'createtime' => '1522137111',
    'msgtype' => 'event',
    'event' => 'subscribe',
    'eventkey' => '',
    'from' => 'o3hgewwSpcKAY5bixWLCHIHdelQ4',
    'to' => 'gh_3d9ec5667ec1',
    'time' => '1522137111',
    'type' => 'text',
    'redirection' => true,
    'source' => 'subscribe',
  ),
)

2018-03-27 15:51:53 response :
------------

2018-03-27 15:51:53 trace :
------------
String:
<xml><ToUserName><![CDATA[gh_3d9ec5667ec1]]></ToUserName>
<FromUserName><![CDATA[o3hgew8lPEljcabLK8KD2mISGHBE]]></FromUserName>
<CreateTime>1522137112</CreateTime>
<MsgType><![CDATA[event]]></MsgType>
<Event><![CDATA[subscribe]]></Event>
<EventKey><![CDATA[]]></EventKey>
</xml>

2018-03-27 15:51:54 params :
------------
String:
array (
  'rule' => -2,
  'module' => '',
  'message' => 
  array (
    'tousername' => 'gh_3d9ec5667ec1',
    'fromusername' => 'o3hgew8lPEljcabLK8KD2mISGHBE',
    'createtime' => '1522137112',
    'msgtype' => 'event',
    'event' => 'subscribe',
    'eventkey' => '',
    'from' => 'o3hgew8lPEljcabLK8KD2mISGHBE',
    'to' => 'gh_3d9ec5667ec1',
    'time' => '1522137112',
    'type' => 'text',
    'redirection' => true,
    'source' => 'subscribe',
  ),
)

2018-03-27 15:51:54 response :
------------

2018-03-27 15:51:57 trace :
------------
String:
<xml><ToUserName><![CDATA[gh_3d9ec5667ec1]]></ToUserName>
<FromUserName><![CDATA[o3hgew8lPEljcabLK8KD2mISGHBE]]></FromUserName>
<CreateTime>1522137115</CreateTime>
<MsgType><![CDATA[event]]></MsgType>
<Event><![CDATA[LOCATION]]></Event>
<Latitude>23.039337</Latitude>
<Longitude>113.574188</Longitude>
<Precision>29.000000</Precision>
</xml>

2018-03-27 15:51:57 params :
------------
String:
array (
  'message' => 
  array (
    'tousername' => 'gh_3d9ec5667ec1',
    'fromusername' => 'o3hgew8lPEljcabLK8KD2mISGHBE',
    'createtime' => '1522137115',
    'msgtype' => 'event',
    'event' => 'LOCATION',
    'latitude' => '23.039337',
    'longitude' => '113.574188',
    'precision' => '29.000000',
    'from' => 'o3hgew8lPEljcabLK8KD2mISGHBE',
    'to' => 'gh_3d9ec5667ec1',
    'time' => '1522137115',
    'type' => 'trace',
    'location_x' => '23.039337',
    'location_y' => '113.574188',
  ),
  'module' => 'default',
  'rule' => '-1',
)

2018-03-27 15:51:57 response :
------------
Array:
errno : -1 ;
message : Invaild value ;

2018-03-27 15:51:58 trace :
------------
String:
<xml><ToUserName><![CDATA[gh_3d9ec5667ec1]]></ToUserName>
<FromUserName><![CDATA[o3hgewwSpcKAY5bixWLCHIHdelQ4]]></FromUserName>
<CreateTime>1522137117</CreateTime>
<MsgType><![CDATA[event]]></MsgType>
<Event><![CDATA[LOCATION]]></Event>
<Latitude>23.039461</Latitude>
<Longitude>113.574051</Longitude>
<Precision>30.000000</Precision>
</xml>

2018-03-27 15:51:58 params :
------------
String:
array (
  'message' => 
  array (
    'tousername' => 'gh_3d9ec5667ec1',
    'fromusername' => 'o3hgewwSpcKAY5bixWLCHIHdelQ4',
    'createtime' => '1522137117',
    'msgtype' => 'event',
    'event' => 'LOCATION',
    'latitude' => '23.039461',
    'longitude' => '113.574051',
    'precision' => '30.000000',
    'from' => 'o3hgewwSpcKAY5bixWLCHIHdelQ4',
    'to' => 'gh_3d9ec5667ec1',
    'time' => '1522137117',
    'type' => 'trace',
    'location_x' => '23.039461',
    'location_y' => '113.574051',
  ),
  'module' => 'default',
  'rule' => '-1',
)

2018-03-27 15:51:58 response :
------------
Array:
errno : -1 ;
message : Invaild value ;

2018-03-27 15:52:17 trace :
------------
String:
<xml><ToUserName><![CDATA[gh_3d9ec5667ec1]]></ToUserName>
<FromUserName><![CDATA[o3hgewwSpcKAY5bixWLCHIHdelQ4]]></FromUserName>
<CreateTime>1522137136</CreateTime>
<MsgType><![CDATA[event]]></MsgType>
<Event><![CDATA[LOCATION]]></Event>
<Latitude>23.039461</Latitude>
<Longitude>113.574051</Longitude>
<Precision>30.000000</Precision>
</xml>

2018-03-27 15:52:17 params :
------------
String:
array (
  'message' => 
  array (
    'tousername' => 'gh_3d9ec5667ec1',
    'fromusername' => 'o3hgewwSpcKAY5bixWLCHIHdelQ4',
    'createtime' => '1522137136',
    'msgtype' => 'event',
    'event' => 'LOCATION',
    'latitude' => '23.039461',
    'longitude' => '113.574051',
    'precision' => '30.000000',
    'from' => 'o3hgewwSpcKAY5bixWLCHIHdelQ4',
    'to' => 'gh_3d9ec5667ec1',
    'time' => '1522137136',
    'type' => 'trace',
    'location_x' => '23.039461',
    'location_y' => '113.574051',
  ),
  'module' => 'default',
  'rule' => '-1',
)

2018-03-27 15:52:17 response :
------------
Array:
errno : -1 ;
message : Invaild value ;

2018-03-27 15:52:18 trace :
------------
String:
<xml><ToUserName><![CDATA[gh_3d9ec5667ec1]]></ToUserName>
<FromUserName><![CDATA[o3hgew8lPEljcabLK8KD2mISGHBE]]></FromUserName>
<CreateTime>1522137137</CreateTime>
<MsgType><![CDATA[event]]></MsgType>
<Event><![CDATA[user_get_card]]></Event>
<CardId><![CDATA[p3hgewwmNS6lAo0HM97FfGnv638c]]></CardId>
<IsGiveByFriend>0</IsGiveByFriend>
<UserCardCode><![CDATA[356386953776]]></UserCardCode>
<FriendUserName><![CDATA[]]></FriendUserName>
<OuterId>0</OuterId>
<OldUserCardCode><![CDATA[]]></OldUserCardCode>
<IsRestoreMemberCard>0</IsRestoreMemberCard>
<IsRecommendByFriend>0</IsRecommendByFriend>
<SourceScene><![CDATA[SOURCE_SCENE_QRCODE]]></SourceScene>
<UnionId><![CDATA[oAAAAAByeQV63237TonCdMQlM_E4]]></UnionId>
</xml>

2018-03-27 15:52:18 params :
------------
String:
array (
  'rule' => -2,
  'module' => '',
  'message' => 
  array (
    'tousername' => 'gh_3d9ec5667ec1',
    'fromusername' => 'o3hgew8lPEljcabLK8KD2mISGHBE',
    'createtime' => '1522137137',
    'msgtype' => 'event',
    'event' => 'user_get_card',
    'cardid' => 'p3hgewwmNS6lAo0HM97FfGnv638c',
    'isgivebyfriend' => '0',
    'usercardcode' => '356386953776',
    'friendusername' => '',
    'outerid' => '0',
    'oldusercardcode' => '',
    'isrestoremembercard' => '0',
    'isrecommendbyfriend' => '0',
    'sourcescene' => 'SOURCE_SCENE_QRCODE',
    'unionid' => 'oAAAAAByeQV63237TonCdMQlM_E4',
    'from' => 'o3hgew8lPEljcabLK8KD2mISGHBE',
    'to' => 'gh_3d9ec5667ec1',
    'time' => '1522137137',
    'type' => 'coupon',
  ),
)

2018-03-27 15:52:18 response :
------------

2018-03-27 15:52:18 trace :
------------
String:
<xml><ToUserName><![CDATA[gh_3d9ec5667ec1]]></ToUserName>
<FromUserName><![CDATA[o3hgew8lPEljcabLK8KD2mISGHBE]]></FromUserName>
<CreateTime>1522137137</CreateTime>
<MsgType><![CDATA[event]]></MsgType>
<Event><![CDATA[user_view_card]]></Event>
<CardId><![CDATA[p3hgewwmNS6lAo0HM97FfGnv638c]]></CardId>
<UserCardCode><![CDATA[356386953776]]></UserCardCode>
<OuterStr><![CDATA[]]></OuterStr>
</xml>

2018-03-27 15:52:18 params :
------------
String:
array (
  'rule' => -2,
  'module' => '',
  'message' => 
  array (
    'tousername' => 'gh_3d9ec5667ec1',
    'fromusername' => 'o3hgew8lPEljcabLK8KD2mISGHBE',
    'createtime' => '1522137137',
    'msgtype' => 'event',
    'event' => 'user_view_card',
    'cardid' => 'p3hgewwmNS6lAo0HM97FfGnv638c',
    'usercardcode' => '356386953776',
    'outerstr' => '',
    'from' => 'o3hgew8lPEljcabLK8KD2mISGHBE',
    'to' => 'gh_3d9ec5667ec1',
    'time' => '1522137137',
    'type' => 'event',
  ),
)

2018-03-27 15:52:18 response :
------------

2018-03-27 15:52:25 trace :
------------
String:
<xml><ToUserName><![CDATA[gh_3d9ec5667ec1]]></ToUserName>
<FromUserName><![CDATA[o3hgewwSpcKAY5bixWLCHIHdelQ4]]></FromUserName>
<CreateTime>1522137144</CreateTime>
<MsgType><![CDATA[event]]></MsgType>
<Event><![CDATA[LOCATION]]></Event>
<Latitude>23.039034</Latitude>
<Longitude>113.573921</Longitude>
<Precision>30.000000</Precision>
</xml>

2018-03-27 15:52:25 params :
------------
String:
array (
  'message' => 
  array (
    'tousername' => 'gh_3d9ec5667ec1',
    'fromusername' => 'o3hgewwSpcKAY5bixWLCHIHdelQ4',
    'createtime' => '1522137144',
    'msgtype' => 'event',
    'event' => 'LOCATION',
    'latitude' => '23.039034',
    'longitude' => '113.573921',
    'precision' => '30.000000',
    'from' => 'o3hgewwSpcKAY5bixWLCHIHdelQ4',
    'to' => 'gh_3d9ec5667ec1',
    'time' => '1522137144',
    'type' => 'trace',
    'location_x' => '23.039034',
    'location_y' => '113.573921',
  ),
  'module' => 'default',
  'rule' => '-1',
)

2018-03-27 15:52:25 response :
------------
Array:
errno : -1 ;
message : Invaild value ;

2018-03-27 15:52:48 trace :
------------
String:
<xml><ToUserName><![CDATA[gh_3d9ec5667ec1]]></ToUserName>
<FromUserName><![CDATA[o3hgewwSpcKAY5bixWLCHIHdelQ4]]></FromUserName>
<CreateTime>1522137166</CreateTime>
<MsgType><![CDATA[event]]></MsgType>
<Event><![CDATA[LOCATION]]></Event>
<Latitude>23.039034</Latitude>
<Longitude>113.573921</Longitude>
<Precision>30.000000</Precision>
</xml>

2018-03-27 15:52:48 params :
------------
String:
array (
  'message' => 
  array (
    'tousername' => 'gh_3d9ec5667ec1',
    'fromusername' => 'o3hgewwSpcKAY5bixWLCHIHdelQ4',
    'createtime' => '1522137166',
    'msgtype' => 'event',
    'event' => 'LOCATION',
    'latitude' => '23.039034',
    'longitude' => '113.573921',
    'precision' => '30.000000',
    'from' => 'o3hgewwSpcKAY5bixWLCHIHdelQ4',
    'to' => 'gh_3d9ec5667ec1',
    'time' => '1522137166',
    'type' => 'trace',
    'location_x' => '23.039034',
    'location_y' => '113.573921',
  ),
  'module' => 'default',
  'rule' => '-1',
)

2018-03-27 15:52:48 response :
------------
Array:
errno : -1 ;
message : Invaild value ;

2018-03-27 16:07:52 trace :
------------
String:
<xml><ToUserName><![CDATA[gh_3d9ec5667ec1]]></ToUserName>
<FromUserName><![CDATA[o3hgew-v6S2aMFVjYdfkGyNhou-s]]></FromUserName>
<CreateTime>1522138071</CreateTime>
<MsgType><![CDATA[event]]></MsgType>
<Event><![CDATA[subscribe]]></Event>
<EventKey><![CDATA[]]></EventKey>
</xml>

2018-03-27 16:07:53 params :
------------
String:
array (
  'rule' => -2,
  'module' => '',
  'message' => 
  array (
    'tousername' => 'gh_3d9ec5667ec1',
    'fromusername' => 'o3hgew-v6S2aMFVjYdfkGyNhou-s',
    'createtime' => '1522138071',
    'msgtype' => 'event',
    'event' => 'subscribe',
    'eventkey' => '',
    'from' => 'o3hgew-v6S2aMFVjYdfkGyNhou-s',
    'to' => 'gh_3d9ec5667ec1',
    'time' => '1522138071',
    'type' => 'text',
    'redirection' => true,
    'source' => 'subscribe',
  ),
)

2018-03-27 16:07:53 response :
------------

2018-03-27 16:08:14 trace :
------------
String:
<xml><ToUserName><![CDATA[gh_3d9ec5667ec1]]></ToUserName>
<FromUserName><![CDATA[o3hgew-v6S2aMFVjYdfkGyNhou-s]]></FromUserName>
<CreateTime>1522138093</CreateTime>
<MsgType><![CDATA[event]]></MsgType>
<Event><![CDATA[LOCATION]]></Event>
<Latitude>23.039476</Latitude>
<Longitude>113.573792</Longitude>
<Precision>40.000000</Precision>
</xml>

2018-03-27 16:08:14 params :
------------
String:
array (
  'message' => 
  array (
    'tousername' => 'gh_3d9ec5667ec1',
    'fromusername' => 'o3hgew-v6S2aMFVjYdfkGyNhou-s',
    'createtime' => '1522138093',
    'msgtype' => 'event',
    'event' => 'LOCATION',
    'latitude' => '23.039476',
    'longitude' => '113.573792',
    'precision' => '40.000000',
    'from' => 'o3hgew-v6S2aMFVjYdfkGyNhou-s',
    'to' => 'gh_3d9ec5667ec1',
    'time' => '1522138093',
    'type' => 'trace',
    'location_x' => '23.039476',
    'location_y' => '113.573792',
  ),
  'module' => 'default',
  'rule' => '-1',
)

2018-03-27 16:08:14 response :
------------
Array:
errno : -1 ;
message : Invaild value ;

