2018-05-04 00:39:03 trace :
------------
String:
<xml><ToUserName><![CDATA[gh_3d9ec5667ec1]]></ToUserName>
<FromUserName><![CDATA[o3hgew3Udk4nDd4ttLiaHExiURHQ]]></FromUserName>
<CreateTime>1525365541</CreateTime>
<MsgType><![CDATA[event]]></MsgType>
<Event><![CDATA[LOCATION]]></Event>
<Latitude>23.131182</Latitude>
<Longitude>113.322212</Longitude>
<Precision>65.000000</Precision>
</xml>

2018-05-04 00:39:03 params :
------------
String:
array (
  'message' => 
  array (
    'tousername' => 'gh_3d9ec5667ec1',
    'fromusername' => 'o3hgew3Udk4nDd4ttLiaHExiURHQ',
    'createtime' => '1525365541',
    'msgtype' => 'event',
    'event' => 'LOCATION',
    'latitude' => '23.131182',
    'longitude' => '113.322212',
    'precision' => '65.000000',
    'from' => 'o3hgew3Udk4nDd4ttLiaHExiURHQ',
    'to' => 'gh_3d9ec5667ec1',
    'time' => '1525365541',
    'type' => 'trace',
    'location_x' => '23.131182',
    'location_y' => '113.322212',
  ),
  'module' => 'default',
  'rule' => '-1',
)

2018-05-04 00:39:03 response :
------------
Array:
errno : -1 ;
message : Invaild value ;

