2018-06-22 11:49:59 trace :
------------
String:
<xml><ToUserName><![CDATA[gh_8a317808696e]]></ToUserName>
<FromUserName><![CDATA[o4s6w1K9vNvUmKqAoIRMK8HCV0O4]]></FromUserName>
<CreateTime>1529639399</CreateTime>
<MsgType><![CDATA[event]]></MsgType>
<Event><![CDATA[subscribe]]></Event>
<EventKey><![CDATA[]]></EventKey>
</xml>

2018-06-22 11:50:00 params :
------------
String:
array (
  'message' => 
  array (
    'tousername' => 'gh_8a317808696e',
    'fromusername' => 'o4s6w1K9vNvUmKqAoIRMK8HCV0O4',
    'createtime' => '1529639399',
    'msgtype' => 'event',
    'event' => 'subscribe',
    'eventkey' => '',
    'from' => 'o4s6w1K9vNvUmKqAoIRMK8HCV0O4',
    'to' => 'gh_8a317808696e',
    'time' => '1529639399',
    'type' => 'text',
    'redirection' => true,
    'source' => 'subscribe',
    'content' => '咨询',
  ),
  'module' => 'reply',
  'rule' => '15',
  'priority' => '0',
  'keyword' => 
  array (
    'id' => '21',
    'rid' => '15',
    'uniacid' => '3',
    'module' => 'reply',
    'content' => '咨询',
    'type' => '1',
    'displayorder' => '0',
    'status' => '1',
    'reply_type' => 
    array (
      0 => 'basic',
    ),
  ),
  'reply_type' => 
  array (
    0 => 'basic',
  ),
)

2018-06-22 11:50:00 response :
------------
Array:
FromUserName : gh_8a317808696e ;
ToUserName : o4s6w1K9vNvUmKqAoIRMK8HCV0O4 ;
MsgType : text ;
Content : 欢迎关注全V健康！/可爱/可爱
点击下方“开始咨询”进入首页就可以找医生咨询啦！ ;

2018-06-22 16:03:19 trace :
------------
String:
<xml><ToUserName><![CDATA[gh_8a317808696e]]></ToUserName>
<FromUserName><![CDATA[o4s6w1ET-GsH99VBZiISYvK5kwHE]]></FromUserName>
<CreateTime>1529654598</CreateTime>
<MsgType><![CDATA[event]]></MsgType>
<Event><![CDATA[unsubscribe]]></Event>
<EventKey><![CDATA[]]></EventKey>
</xml>

2018-06-22 16:03:33 trace :
------------
String:
<xml><ToUserName><![CDATA[gh_8a317808696e]]></ToUserName>
<FromUserName><![CDATA[o4s6w1ET-GsH99VBZiISYvK5kwHE]]></FromUserName>
<CreateTime>1529654613</CreateTime>
<MsgType><![CDATA[event]]></MsgType>
<Event><![CDATA[subscribe]]></Event>
<EventKey><![CDATA[]]></EventKey>
</xml>

2018-06-22 16:03:34 params :
------------
String:
array (
  'message' => 
  array (
    'tousername' => 'gh_8a317808696e',
    'fromusername' => 'o4s6w1ET-GsH99VBZiISYvK5kwHE',
    'createtime' => '1529654613',
    'msgtype' => 'event',
    'event' => 'subscribe',
    'eventkey' => '',
    'from' => 'o4s6w1ET-GsH99VBZiISYvK5kwHE',
    'to' => 'gh_8a317808696e',
    'time' => '1529654613',
    'type' => 'text',
    'redirection' => true,
    'source' => 'subscribe',
    'content' => '咨询',
  ),
  'module' => 'reply',
  'rule' => '15',
  'priority' => '0',
  'keyword' => 
  array (
    'id' => '21',
    'rid' => '15',
    'uniacid' => '3',
    'module' => 'reply',
    'content' => '咨询',
    'type' => '1',
    'displayorder' => '0',
    'status' => '1',
    'reply_type' => 
    array (
      0 => 'basic',
    ),
  ),
  'reply_type' => 
  array (
    0 => 'basic',
  ),
)

2018-06-22 16:03:34 response :
------------
Array:
FromUserName : gh_8a317808696e ;
ToUserName : o4s6w1ET-GsH99VBZiISYvK5kwHE ;
MsgType : text ;
Content : 欢迎关注全V健康！/可爱/可爱
点击下方“开始咨询”进入首页就可以找医生咨询啦！ ;

2018-06-22 16:51:51 trace :
------------
String:
<xml><ToUserName><![CDATA[gh_8a317808696e]]></ToUserName>
<FromUserName><![CDATA[o4s6w1ET-GsH99VBZiISYvK5kwHE]]></FromUserName>
<CreateTime>1529657510</CreateTime>
<MsgType><![CDATA[event]]></MsgType>
<Event><![CDATA[unsubscribe]]></Event>
<EventKey><![CDATA[]]></EventKey>
</xml>

2018-06-22 16:52:28 trace :
------------
String:
<xml><ToUserName><![CDATA[gh_8a317808696e]]></ToUserName>
<FromUserName><![CDATA[o4s6w1ET-GsH99VBZiISYvK5kwHE]]></FromUserName>
<CreateTime>1529657548</CreateTime>
<MsgType><![CDATA[event]]></MsgType>
<Event><![CDATA[subscribe]]></Event>
<EventKey><![CDATA[]]></EventKey>
</xml>

2018-06-22 16:52:28 params :
------------
String:
array (
  'message' => 
  array (
    'tousername' => 'gh_8a317808696e',
    'fromusername' => 'o4s6w1ET-GsH99VBZiISYvK5kwHE',
    'createtime' => '1529657548',
    'msgtype' => 'event',
    'event' => 'subscribe',
    'eventkey' => '',
    'from' => 'o4s6w1ET-GsH99VBZiISYvK5kwHE',
    'to' => 'gh_8a317808696e',
    'time' => '1529657548',
    'type' => 'text',
    'redirection' => true,
    'source' => 'subscribe',
    'content' => '咨询',
  ),
  'module' => 'reply',
  'rule' => '15',
  'priority' => '0',
  'keyword' => 
  array (
    'id' => '21',
    'rid' => '15',
    'uniacid' => '3',
    'module' => 'reply',
    'content' => '咨询',
    'type' => '1',
    'displayorder' => '0',
    'status' => '1',
    'reply_type' => 
    array (
      0 => 'basic',
    ),
  ),
  'reply_type' => 
  array (
    0 => 'basic',
  ),
)

2018-06-22 16:52:28 response :
------------
Array:
FromUserName : gh_8a317808696e ;
ToUserName : o4s6w1ET-GsH99VBZiISYvK5kwHE ;
MsgType : text ;
Content : 欢迎关注全V健康！/可爱/可爱
点击下方“开始咨询”进入首页就可以找医生咨询啦！ ;

2018-06-22 21:11:09 trace :
------------
String:
<xml><ToUserName><![CDATA[gh_8a317808696e]]></ToUserName>
<FromUserName><![CDATA[o4s6w1N5-jJfSbiEZ8s1NgisrHSQ]]></FromUserName>
<CreateTime>1529673068</CreateTime>
<MsgType><![CDATA[event]]></MsgType>
<Event><![CDATA[subscribe]]></Event>
<EventKey><![CDATA[]]></EventKey>
</xml>

2018-06-22 21:11:09 params :
------------
String:
array (
  'message' => 
  array (
    'tousername' => 'gh_8a317808696e',
    'fromusername' => 'o4s6w1N5-jJfSbiEZ8s1NgisrHSQ',
    'createtime' => '1529673068',
    'msgtype' => 'event',
    'event' => 'subscribe',
    'eventkey' => '',
    'from' => 'o4s6w1N5-jJfSbiEZ8s1NgisrHSQ',
    'to' => 'gh_8a317808696e',
    'time' => '1529673068',
    'type' => 'text',
    'redirection' => true,
    'source' => 'subscribe',
    'content' => '咨询',
  ),
  'module' => 'reply',
  'rule' => '15',
  'priority' => '0',
  'keyword' => 
  array (
    'id' => '21',
    'rid' => '15',
    'uniacid' => '3',
    'module' => 'reply',
    'content' => '咨询',
    'type' => '1',
    'displayorder' => '0',
    'status' => '1',
    'reply_type' => 
    array (
      0 => 'basic',
    ),
  ),
  'reply_type' => 
  array (
    0 => 'basic',
  ),
)

2018-06-22 21:11:09 response :
------------
Array:
FromUserName : gh_8a317808696e ;
ToUserName : o4s6w1N5-jJfSbiEZ8s1NgisrHSQ ;
MsgType : text ;
Content : 欢迎关注全V健康！/可爱/可爱
点击下方“开始咨询”进入首页就可以找医生咨询啦！ ;

2018-06-22 21:15:06 trace :
------------
String:
<xml><ToUserName><![CDATA[gh_8a317808696e]]></ToUserName>
<FromUserName><![CDATA[o4s6w1N5-jJfSbiEZ8s1NgisrHSQ]]></FromUserName>
<CreateTime>1529673306</CreateTime>
<MsgType><![CDATA[event]]></MsgType>
<Event><![CDATA[unsubscribe]]></Event>
<EventKey><![CDATA[]]></EventKey>
</xml>

