2018-04-04 10:15:31 trace :
------------
String:
<xml><ToUserName><![CDATA[gh_3d9ec5667ec1]]></ToUserName>
<FromUserName><![CDATA[o3hgew714Arp7d8kfhfuugiKlaYY]]></FromUserName>
<CreateTime>1522808130</CreateTime>
<MsgType><![CDATA[event]]></MsgType>
<Event><![CDATA[LOCATION]]></Event>
<Latitude>22.719757</Latitude>
<Longitude>113.327629</Longitude>
<Precision>65.000000</Precision>
</xml>

2018-04-04 10:15:31 params :
------------
String:
array (
  'message' => 
  array (
    'tousername' => 'gh_3d9ec5667ec1',
    'fromusername' => 'o3hgew714Arp7d8kfhfuugiKlaYY',
    'createtime' => '1522808130',
    'msgtype' => 'event',
    'event' => 'LOCATION',
    'latitude' => '22.719757',
    'longitude' => '113.327629',
    'precision' => '65.000000',
    'from' => 'o3hgew714Arp7d8kfhfuugiKlaYY',
    'to' => 'gh_3d9ec5667ec1',
    'time' => '1522808130',
    'type' => 'trace',
    'location_x' => '22.719757',
    'location_y' => '113.327629',
  ),
  'module' => 'default',
  'rule' => '-1',
)

2018-04-04 10:15:31 response :
------------
Array:
errno : -1 ;
message : Invaild value ;

2018-04-04 23:42:55 trace :
------------
String:
<xml><ToUserName><![CDATA[gh_3d9ec5667ec1]]></ToUserName>
<FromUserName><![CDATA[o3hgew9sGV5n44QTUYSKbPrM087c]]></FromUserName>
<CreateTime>1522856574</CreateTime>
<MsgType><![CDATA[event]]></MsgType>
<Event><![CDATA[unsubscribe]]></Event>
<EventKey><![CDATA[]]></EventKey>
</xml>

