2018-03-06 03:05:04 trace :
------------
String:
<xml><ToUserName><![CDATA[gh_3d9ec5667ec1]]></ToUserName>
<FromUserName><![CDATA[o3hgew40NcSj2impKDfwtx1lTmH8]]></FromUserName>
<CreateTime>1520276702</CreateTime>
<MsgType><![CDATA[event]]></MsgType>
<Event><![CDATA[CLICK]]></Event>
<EventKey><![CDATA[会员卡]]></EventKey>
</xml>

2018-03-06 03:05:04 params :
------------
String:
array (
  'rule' => -2,
  'module' => '',
  'message' => 
  array (
    'tousername' => 'gh_3d9ec5667ec1',
    'fromusername' => 'o3hgew40NcSj2impKDfwtx1lTmH8',
    'createtime' => '1520276702',
    'msgtype' => 'event',
    'event' => 'CLICK',
    'eventkey' => '会员卡',
    'from' => 'o3hgew40NcSj2impKDfwtx1lTmH8',
    'to' => 'gh_3d9ec5667ec1',
    'time' => '1520276702',
    'type' => 'text',
    'content' => '会员卡',
    'redirection' => true,
    'source' => 'click',
  ),
)

2018-03-06 03:05:04 response :
------------

2018-03-06 03:05:07 trace :
------------
String:
<xml><ToUserName><![CDATA[gh_3d9ec5667ec1]]></ToUserName>
<FromUserName><![CDATA[o3hgew40NcSj2impKDfwtx1lTmH8]]></FromUserName>
<CreateTime>1520276706</CreateTime>
<MsgType><![CDATA[event]]></MsgType>
<Event><![CDATA[VIEW]]></Event>
<EventKey><![CDATA[https://wxapp.mctimes.cn/app/index.php?i=1&c=entry&rid=32&do=app_qd&m=meepo_xianchang]]></EventKey>
<MenuId>424736618</MenuId>
</xml>

2018-03-06 03:05:07 params :
------------
String:
array (
  'rule' => -2,
  'module' => '',
  'message' => 
  array (
    'tousername' => 'gh_3d9ec5667ec1',
    'fromusername' => 'o3hgew40NcSj2impKDfwtx1lTmH8',
    'createtime' => '1520276706',
    'msgtype' => 'event',
    'event' => 'VIEW',
    'eventkey' => 'https://wxapp.mctimes.cn/app/index.php?i=1&c=entry&rid=32&do=app_qd&m=meepo_xianchang',
    'menuid' => '424736618',
    'from' => 'o3hgew40NcSj2impKDfwtx1lTmH8',
    'to' => 'gh_3d9ec5667ec1',
    'time' => '1520276706',
    'type' => 'text',
    'content' => 'https://wxapp.mctimes.cn/app/index.php?i=1&c=entry&rid=32&do=app_qd&m=meepo_xianchang',
    'redirection' => true,
    'source' => 'VIEW',
  ),
)

2018-03-06 03:05:07 response :
------------

2018-03-06 10:01:58 trace :
------------
String:
<xml><ToUserName><![CDATA[gh_3d9ec5667ec1]]></ToUserName>
<FromUserName><![CDATA[o3hgew-KGcHtkLR47UhPalts1ksU]]></FromUserName>
<CreateTime>1520301717</CreateTime>
<MsgType><![CDATA[event]]></MsgType>
<Event><![CDATA[LOCATION]]></Event>
<Latitude>22.954823</Latitude>
<Longitude>113.665611</Longitude>
<Precision>30.000000</Precision>
</xml>

2018-03-06 10:01:58 params :
------------
String:
array (
  'message' => 
  array (
    'tousername' => 'gh_3d9ec5667ec1',
    'fromusername' => 'o3hgew-KGcHtkLR47UhPalts1ksU',
    'createtime' => '1520301717',
    'msgtype' => 'event',
    'event' => 'LOCATION',
    'latitude' => '22.954823',
    'longitude' => '113.665611',
    'precision' => '30.000000',
    'from' => 'o3hgew-KGcHtkLR47UhPalts1ksU',
    'to' => 'gh_3d9ec5667ec1',
    'time' => '1520301717',
    'type' => 'trace',
    'location_x' => '22.954823',
    'location_y' => '113.665611',
  ),
  'module' => 'default',
  'rule' => '-1',
)

2018-03-06 10:01:58 response :
------------
Array:
errno : -1 ;
message : Invaild value ;

2018-03-06 10:03:09 trace :
------------
String:
<xml><ToUserName><![CDATA[gh_3d9ec5667ec1]]></ToUserName>
<FromUserName><![CDATA[o3hgew4cscWLDXLYIMv7SNKfqE9E]]></FromUserName>
<CreateTime>1520301788</CreateTime>
<MsgType><![CDATA[event]]></MsgType>
<Event><![CDATA[LOCATION]]></Event>
<Latitude>22.243263</Latitude>
<Longitude>113.519577</Longitude>
<Precision>82.000000</Precision>
</xml>

2018-03-06 10:03:09 params :
------------
String:
array (
  'message' => 
  array (
    'tousername' => 'gh_3d9ec5667ec1',
    'fromusername' => 'o3hgew4cscWLDXLYIMv7SNKfqE9E',
    'createtime' => '1520301788',
    'msgtype' => 'event',
    'event' => 'LOCATION',
    'latitude' => '22.243263',
    'longitude' => '113.519577',
    'precision' => '82.000000',
    'from' => 'o3hgew4cscWLDXLYIMv7SNKfqE9E',
    'to' => 'gh_3d9ec5667ec1',
    'time' => '1520301788',
    'type' => 'trace',
    'location_x' => '22.243263',
    'location_y' => '113.519577',
  ),
  'module' => 'default',
  'rule' => '-1',
)

2018-03-06 10:03:09 response :
------------
Array:
errno : -1 ;
message : Invaild value ;

2018-03-06 10:16:50 trace :
------------
String:
<xml><ToUserName><![CDATA[gh_3d9ec5667ec1]]></ToUserName>
<FromUserName><![CDATA[o3hgew3n9iysfK6Or5PuuRhUNSh8]]></FromUserName>
<CreateTime>1520302609</CreateTime>
<MsgType><![CDATA[event]]></MsgType>
<Event><![CDATA[LOCATION]]></Event>
<Latitude>23.383404</Latitude>
<Longitude>113.220123</Longitude>
<Precision>30.000000</Precision>
</xml>

2018-03-06 10:16:50 params :
------------
String:
array (
  'message' => 
  array (
    'tousername' => 'gh_3d9ec5667ec1',
    'fromusername' => 'o3hgew3n9iysfK6Or5PuuRhUNSh8',
    'createtime' => '1520302609',
    'msgtype' => 'event',
    'event' => 'LOCATION',
    'latitude' => '23.383404',
    'longitude' => '113.220123',
    'precision' => '30.000000',
    'from' => 'o3hgew3n9iysfK6Or5PuuRhUNSh8',
    'to' => 'gh_3d9ec5667ec1',
    'time' => '1520302609',
    'type' => 'trace',
    'location_x' => '23.383404',
    'location_y' => '113.220123',
  ),
  'module' => 'default',
  'rule' => '-1',
)

2018-03-06 10:16:50 response :
------------
Array:
errno : -1 ;
message : Invaild value ;

2018-03-06 13:04:28 trace :
------------
String:
<xml><ToUserName><![CDATA[gh_3d9ec5667ec1]]></ToUserName>
<FromUserName><![CDATA[o3hgewxDw80UyBrvYcrXrxAiKbKQ]]></FromUserName>
<CreateTime>1520312667</CreateTime>
<MsgType><![CDATA[event]]></MsgType>
<Event><![CDATA[subscribe]]></Event>
<EventKey><![CDATA[]]></EventKey>
</xml>

2018-03-06 13:04:29 params :
------------
String:
array (
  'rule' => -2,
  'module' => '',
  'message' => 
  array (
    'tousername' => 'gh_3d9ec5667ec1',
    'fromusername' => 'o3hgewxDw80UyBrvYcrXrxAiKbKQ',
    'createtime' => '1520312667',
    'msgtype' => 'event',
    'event' => 'subscribe',
    'eventkey' => '',
    'from' => 'o3hgewxDw80UyBrvYcrXrxAiKbKQ',
    'to' => 'gh_3d9ec5667ec1',
    'time' => '1520312667',
    'type' => 'text',
    'redirection' => true,
    'source' => 'subscribe',
  ),
)

2018-03-06 13:04:29 response :
------------

2018-03-06 13:04:33 trace :
------------
String:
<xml><ToUserName><![CDATA[gh_3d9ec5667ec1]]></ToUserName>
<FromUserName><![CDATA[o3hgewxDw80UyBrvYcrXrxAiKbKQ]]></FromUserName>
<CreateTime>1520312672</CreateTime>
<MsgType><![CDATA[event]]></MsgType>
<Event><![CDATA[VIEW]]></Event>
<EventKey><![CDATA[https://wxapp.mctimes.cn/app/index.php?i=1&c=entry&rid=32&do=app_qd&m=meepo_xianchang]]></EventKey>
<MenuId>424736618</MenuId>
</xml>

2018-03-06 13:04:33 params :
------------
String:
array (
  'rule' => -2,
  'module' => '',
  'message' => 
  array (
    'tousername' => 'gh_3d9ec5667ec1',
    'fromusername' => 'o3hgewxDw80UyBrvYcrXrxAiKbKQ',
    'createtime' => '1520312672',
    'msgtype' => 'event',
    'event' => 'VIEW',
    'eventkey' => 'https://wxapp.mctimes.cn/app/index.php?i=1&c=entry&rid=32&do=app_qd&m=meepo_xianchang',
    'menuid' => '424736618',
    'from' => 'o3hgewxDw80UyBrvYcrXrxAiKbKQ',
    'to' => 'gh_3d9ec5667ec1',
    'time' => '1520312672',
    'type' => 'text',
    'content' => 'https://wxapp.mctimes.cn/app/index.php?i=1&c=entry&rid=32&do=app_qd&m=meepo_xianchang',
    'redirection' => true,
    'source' => 'VIEW',
  ),
)

2018-03-06 13:04:33 response :
------------

2018-03-06 13:34:41 trace :
------------
String:
<xml><ToUserName><![CDATA[gh_3d9ec5667ec1]]></ToUserName>
<FromUserName><![CDATA[o3hgewwzt91Ohmjxe43j123xhc9Y]]></FromUserName>
<CreateTime>1520314480</CreateTime>
<MsgType><![CDATA[event]]></MsgType>
<Event><![CDATA[subscribe]]></Event>
<EventKey><![CDATA[]]></EventKey>
</xml>

2018-03-06 13:34:42 params :
------------
String:
array (
  'rule' => -2,
  'module' => '',
  'message' => 
  array (
    'tousername' => 'gh_3d9ec5667ec1',
    'fromusername' => 'o3hgewwzt91Ohmjxe43j123xhc9Y',
    'createtime' => '1520314480',
    'msgtype' => 'event',
    'event' => 'subscribe',
    'eventkey' => '',
    'from' => 'o3hgewwzt91Ohmjxe43j123xhc9Y',
    'to' => 'gh_3d9ec5667ec1',
    'time' => '1520314480',
    'type' => 'text',
    'redirection' => true,
    'source' => 'subscribe',
  ),
)

2018-03-06 13:34:42 response :
------------

2018-03-06 13:34:45 trace :
------------
String:
<xml><ToUserName><![CDATA[gh_3d9ec5667ec1]]></ToUserName>
<FromUserName><![CDATA[o3hgewwzt91Ohmjxe43j123xhc9Y]]></FromUserName>
<CreateTime>1520314484</CreateTime>
<MsgType><![CDATA[event]]></MsgType>
<Event><![CDATA[LOCATION]]></Event>
<Latitude>22.804749</Latitude>
<Longitude>114.042053</Longitude>
<Precision>65.000000</Precision>
</xml>

2018-03-06 13:34:45 params :
------------
String:
array (
  'message' => 
  array (
    'tousername' => 'gh_3d9ec5667ec1',
    'fromusername' => 'o3hgewwzt91Ohmjxe43j123xhc9Y',
    'createtime' => '1520314484',
    'msgtype' => 'event',
    'event' => 'LOCATION',
    'latitude' => '22.804749',
    'longitude' => '114.042053',
    'precision' => '65.000000',
    'from' => 'o3hgewwzt91Ohmjxe43j123xhc9Y',
    'to' => 'gh_3d9ec5667ec1',
    'time' => '1520314484',
    'type' => 'trace',
    'location_x' => '22.804749',
    'location_y' => '114.042053',
  ),
  'module' => 'default',
  'rule' => '-1',
)

2018-03-06 13:34:45 response :
------------
Array:
errno : -1 ;
message : Invaild value ;

2018-03-06 13:35:31 trace :
------------
String:
<xml><ToUserName><![CDATA[gh_3d9ec5667ec1]]></ToUserName>
<FromUserName><![CDATA[o3hgewwzt91Ohmjxe43j123xhc9Y]]></FromUserName>
<CreateTime>1520314530</CreateTime>
<MsgType><![CDATA[event]]></MsgType>
<Event><![CDATA[CLICK]]></Event>
<EventKey><![CDATA[会员卡]]></EventKey>
</xml>

2018-03-06 13:35:31 params :
------------
String:
array (
  'rule' => -2,
  'module' => '',
  'message' => 
  array (
    'tousername' => 'gh_3d9ec5667ec1',
    'fromusername' => 'o3hgewwzt91Ohmjxe43j123xhc9Y',
    'createtime' => '1520314530',
    'msgtype' => 'event',
    'event' => 'CLICK',
    'eventkey' => '会员卡',
    'from' => 'o3hgewwzt91Ohmjxe43j123xhc9Y',
    'to' => 'gh_3d9ec5667ec1',
    'time' => '1520314530',
    'type' => 'text',
    'content' => '会员卡',
    'redirection' => true,
    'source' => 'click',
  ),
)

2018-03-06 13:35:31 response :
------------

2018-03-06 13:35:39 trace :
------------
String:
<xml><ToUserName><![CDATA[gh_3d9ec5667ec1]]></ToUserName>
<FromUserName><![CDATA[o3hgewwzt91Ohmjxe43j123xhc9Y]]></FromUserName>
<CreateTime>1520314538</CreateTime>
<MsgType><![CDATA[event]]></MsgType>
<Event><![CDATA[unsubscribe]]></Event>
<EventKey><![CDATA[]]></EventKey>
</xml>

2018-03-06 13:57:14 trace :
------------
String:
<xml><ToUserName><![CDATA[gh_3d9ec5667ec1]]></ToUserName>
<FromUserName><![CDATA[o3hgew9QPTImj72GVb1p9j7SqleQ]]></FromUserName>
<CreateTime>1520315833</CreateTime>
<MsgType><![CDATA[event]]></MsgType>
<Event><![CDATA[subscribe]]></Event>
<EventKey><![CDATA[]]></EventKey>
</xml>

2018-03-06 13:57:15 params :
------------
String:
array (
  'rule' => -2,
  'module' => '',
  'message' => 
  array (
    'tousername' => 'gh_3d9ec5667ec1',
    'fromusername' => 'o3hgew9QPTImj72GVb1p9j7SqleQ',
    'createtime' => '1520315833',
    'msgtype' => 'event',
    'event' => 'subscribe',
    'eventkey' => '',
    'from' => 'o3hgew9QPTImj72GVb1p9j7SqleQ',
    'to' => 'gh_3d9ec5667ec1',
    'time' => '1520315833',
    'type' => 'text',
    'redirection' => true,
    'source' => 'subscribe',
  ),
)

2018-03-06 13:57:15 response :
------------

2018-03-06 13:57:19 trace :
------------
String:
<xml><ToUserName><![CDATA[gh_3d9ec5667ec1]]></ToUserName>
<FromUserName><![CDATA[o3hgew9QPTImj72GVb1p9j7SqleQ]]></FromUserName>
<CreateTime>1520315838</CreateTime>
<MsgType><![CDATA[event]]></MsgType>
<Event><![CDATA[CLICK]]></Event>
<EventKey><![CDATA[会员卡]]></EventKey>
</xml>

2018-03-06 13:57:19 params :
------------
String:
array (
  'rule' => -2,
  'module' => '',
  'message' => 
  array (
    'tousername' => 'gh_3d9ec5667ec1',
    'fromusername' => 'o3hgew9QPTImj72GVb1p9j7SqleQ',
    'createtime' => '1520315838',
    'msgtype' => 'event',
    'event' => 'CLICK',
    'eventkey' => '会员卡',
    'from' => 'o3hgew9QPTImj72GVb1p9j7SqleQ',
    'to' => 'gh_3d9ec5667ec1',
    'time' => '1520315838',
    'type' => 'text',
    'content' => '会员卡',
    'redirection' => true,
    'source' => 'click',
  ),
)

2018-03-06 13:57:19 response :
------------

2018-03-06 13:57:26 trace :
------------
String:
<xml><ToUserName><![CDATA[gh_3d9ec5667ec1]]></ToUserName>
<FromUserName><![CDATA[o3hgew9QPTImj72GVb1p9j7SqleQ]]></FromUserName>
<CreateTime>1520315845</CreateTime>
<MsgType><![CDATA[event]]></MsgType>
<Event><![CDATA[CLICK]]></Event>
<EventKey><![CDATA[会员卡]]></EventKey>
</xml>

2018-03-06 13:57:26 params :
------------
String:
array (
  'rule' => -2,
  'module' => '',
  'message' => 
  array (
    'tousername' => 'gh_3d9ec5667ec1',
    'fromusername' => 'o3hgew9QPTImj72GVb1p9j7SqleQ',
    'createtime' => '1520315845',
    'msgtype' => 'event',
    'event' => 'CLICK',
    'eventkey' => '会员卡',
    'from' => 'o3hgew9QPTImj72GVb1p9j7SqleQ',
    'to' => 'gh_3d9ec5667ec1',
    'time' => '1520315845',
    'type' => 'text',
    'content' => '会员卡',
    'redirection' => true,
    'source' => 'click',
  ),
)

2018-03-06 13:57:26 response :
------------

2018-03-06 13:57:29 trace :
------------
String:
<xml><ToUserName><![CDATA[gh_3d9ec5667ec1]]></ToUserName>
<FromUserName><![CDATA[o3hgew9QPTImj72GVb1p9j7SqleQ]]></FromUserName>
<CreateTime>1520315848</CreateTime>
<MsgType><![CDATA[event]]></MsgType>
<Event><![CDATA[VIEW]]></Event>
<EventKey><![CDATA[https://wxapp.mctimes.cn/app/index.php?i=1&c=entry&rid=32&do=app_qd&m=meepo_xianchang]]></EventKey>
<MenuId>424736618</MenuId>
</xml>

2018-03-06 13:57:29 params :
------------
String:
array (
  'rule' => -2,
  'module' => '',
  'message' => 
  array (
    'tousername' => 'gh_3d9ec5667ec1',
    'fromusername' => 'o3hgew9QPTImj72GVb1p9j7SqleQ',
    'createtime' => '1520315848',
    'msgtype' => 'event',
    'event' => 'VIEW',
    'eventkey' => 'https://wxapp.mctimes.cn/app/index.php?i=1&c=entry&rid=32&do=app_qd&m=meepo_xianchang',
    'menuid' => '424736618',
    'from' => 'o3hgew9QPTImj72GVb1p9j7SqleQ',
    'to' => 'gh_3d9ec5667ec1',
    'time' => '1520315848',
    'type' => 'text',
    'content' => 'https://wxapp.mctimes.cn/app/index.php?i=1&c=entry&rid=32&do=app_qd&m=meepo_xianchang',
    'redirection' => true,
    'source' => 'VIEW',
  ),
)

2018-03-06 13:57:29 response :
------------

2018-03-06 14:11:36 trace :
------------
String:
<xml><ToUserName><![CDATA[gh_3d9ec5667ec1]]></ToUserName>
<FromUserName><![CDATA[o3hgew6s-68NMiw75eWMy8rgWuu4]]></FromUserName>
<CreateTime>1520316695</CreateTime>
<MsgType><![CDATA[event]]></MsgType>
<Event><![CDATA[subscribe]]></Event>
<EventKey><![CDATA[]]></EventKey>
</xml>

2018-03-06 14:11:36 params :
------------
String:
array (
  'rule' => -2,
  'module' => '',
  'message' => 
  array (
    'tousername' => 'gh_3d9ec5667ec1',
    'fromusername' => 'o3hgew6s-68NMiw75eWMy8rgWuu4',
    'createtime' => '1520316695',
    'msgtype' => 'event',
    'event' => 'subscribe',
    'eventkey' => '',
    'from' => 'o3hgew6s-68NMiw75eWMy8rgWuu4',
    'to' => 'gh_3d9ec5667ec1',
    'time' => '1520316695',
    'type' => 'text',
    'redirection' => true,
    'source' => 'subscribe',
  ),
)

2018-03-06 14:11:36 response :
------------

2018-03-06 14:11:41 trace :
------------
String:
<xml><ToUserName><![CDATA[gh_3d9ec5667ec1]]></ToUserName>
<FromUserName><![CDATA[o3hgew6s-68NMiw75eWMy8rgWuu4]]></FromUserName>
<CreateTime>1520316700</CreateTime>
<MsgType><![CDATA[event]]></MsgType>
<Event><![CDATA[LOCATION]]></Event>
<Latitude>22.805330</Latitude>
<Longitude>114.041916</Longitude>
<Precision>30.000000</Precision>
</xml>

2018-03-06 14:11:41 params :
------------
String:
array (
  'message' => 
  array (
    'tousername' => 'gh_3d9ec5667ec1',
    'fromusername' => 'o3hgew6s-68NMiw75eWMy8rgWuu4',
    'createtime' => '1520316700',
    'msgtype' => 'event',
    'event' => 'LOCATION',
    'latitude' => '22.805330',
    'longitude' => '114.041916',
    'precision' => '30.000000',
    'from' => 'o3hgew6s-68NMiw75eWMy8rgWuu4',
    'to' => 'gh_3d9ec5667ec1',
    'time' => '1520316700',
    'type' => 'trace',
    'location_x' => '22.805330',
    'location_y' => '114.041916',
  ),
  'module' => 'default',
  'rule' => '-1',
)

2018-03-06 14:11:41 response :
------------
Array:
errno : -1 ;
message : Invaild value ;

2018-03-06 14:11:44 trace :
------------
String:
<xml><ToUserName><![CDATA[gh_3d9ec5667ec1]]></ToUserName>
<FromUserName><![CDATA[o3hgew6s-68NMiw75eWMy8rgWuu4]]></FromUserName>
<CreateTime>1520316703</CreateTime>
<MsgType><![CDATA[event]]></MsgType>
<Event><![CDATA[CLICK]]></Event>
<EventKey><![CDATA[会员卡]]></EventKey>
</xml>

2018-03-06 14:11:44 params :
------------
String:
array (
  'rule' => -2,
  'module' => '',
  'message' => 
  array (
    'tousername' => 'gh_3d9ec5667ec1',
    'fromusername' => 'o3hgew6s-68NMiw75eWMy8rgWuu4',
    'createtime' => '1520316703',
    'msgtype' => 'event',
    'event' => 'CLICK',
    'eventkey' => '会员卡',
    'from' => 'o3hgew6s-68NMiw75eWMy8rgWuu4',
    'to' => 'gh_3d9ec5667ec1',
    'time' => '1520316703',
    'type' => 'text',
    'content' => '会员卡',
    'redirection' => true,
    'source' => 'click',
  ),
)

2018-03-06 14:11:44 response :
------------

2018-03-06 14:11:52 trace :
------------
String:
<xml><ToUserName><![CDATA[gh_3d9ec5667ec1]]></ToUserName>
<FromUserName><![CDATA[o3hgew6s-68NMiw75eWMy8rgWuu4]]></FromUserName>
<CreateTime>1520316711</CreateTime>
<MsgType><![CDATA[event]]></MsgType>
<Event><![CDATA[VIEW]]></Event>
<EventKey><![CDATA[https://wxapp.mctimes.cn/app/index.php?i=1&c=entry&rid=32&do=app_qd&m=meepo_xianchang]]></EventKey>
<MenuId>424736618</MenuId>
</xml>

2018-03-06 14:11:52 params :
------------
String:
array (
  'rule' => -2,
  'module' => '',
  'message' => 
  array (
    'tousername' => 'gh_3d9ec5667ec1',
    'fromusername' => 'o3hgew6s-68NMiw75eWMy8rgWuu4',
    'createtime' => '1520316711',
    'msgtype' => 'event',
    'event' => 'VIEW',
    'eventkey' => 'https://wxapp.mctimes.cn/app/index.php?i=1&c=entry&rid=32&do=app_qd&m=meepo_xianchang',
    'menuid' => '424736618',
    'from' => 'o3hgew6s-68NMiw75eWMy8rgWuu4',
    'to' => 'gh_3d9ec5667ec1',
    'time' => '1520316711',
    'type' => 'text',
    'content' => 'https://wxapp.mctimes.cn/app/index.php?i=1&c=entry&rid=32&do=app_qd&m=meepo_xianchang',
    'redirection' => true,
    'source' => 'VIEW',
  ),
)

2018-03-06 14:11:52 response :
------------

2018-03-06 14:12:07 trace :
------------
String:
<xml><ToUserName><![CDATA[gh_3d9ec5667ec1]]></ToUserName>
<FromUserName><![CDATA[o3hgew6s-68NMiw75eWMy8rgWuu4]]></FromUserName>
<CreateTime>1520316726</CreateTime>
<MsgType><![CDATA[event]]></MsgType>
<Event><![CDATA[LOCATION]]></Event>
<Latitude>22.805330</Latitude>
<Longitude>114.041916</Longitude>
<Precision>30.000000</Precision>
</xml>

2018-03-06 14:12:07 params :
------------
String:
array (
  'message' => 
  array (
    'tousername' => 'gh_3d9ec5667ec1',
    'fromusername' => 'o3hgew6s-68NMiw75eWMy8rgWuu4',
    'createtime' => '1520316726',
    'msgtype' => 'event',
    'event' => 'LOCATION',
    'latitude' => '22.805330',
    'longitude' => '114.041916',
    'precision' => '30.000000',
    'from' => 'o3hgew6s-68NMiw75eWMy8rgWuu4',
    'to' => 'gh_3d9ec5667ec1',
    'time' => '1520316726',
    'type' => 'trace',
    'location_x' => '22.805330',
    'location_y' => '114.041916',
  ),
  'module' => 'default',
  'rule' => '-1',
)

2018-03-06 14:12:07 response :
------------
Array:
errno : -1 ;
message : Invaild value ;

2018-03-06 14:29:13 trace :
------------
String:
<xml><ToUserName><![CDATA[gh_3d9ec5667ec1]]></ToUserName>
<FromUserName><![CDATA[o3hgew0k1RCc0W2o4nY-ZJNsKlgo]]></FromUserName>
<CreateTime>1520317752</CreateTime>
<MsgType><![CDATA[event]]></MsgType>
<Event><![CDATA[subscribe]]></Event>
<EventKey><![CDATA[]]></EventKey>
</xml>

2018-03-06 14:29:13 params :
------------
String:
array (
  'rule' => -2,
  'module' => '',
  'message' => 
  array (
    'tousername' => 'gh_3d9ec5667ec1',
    'fromusername' => 'o3hgew0k1RCc0W2o4nY-ZJNsKlgo',
    'createtime' => '1520317752',
    'msgtype' => 'event',
    'event' => 'subscribe',
    'eventkey' => '',
    'from' => 'o3hgew0k1RCc0W2o4nY-ZJNsKlgo',
    'to' => 'gh_3d9ec5667ec1',
    'time' => '1520317752',
    'type' => 'text',
    'redirection' => true,
    'source' => 'subscribe',
  ),
)

2018-03-06 14:29:13 response :
------------

2018-03-06 14:29:15 trace :
------------
String:
<xml><ToUserName><![CDATA[gh_3d9ec5667ec1]]></ToUserName>
<FromUserName><![CDATA[o3hgew0k1RCc0W2o4nY-ZJNsKlgo]]></FromUserName>
<CreateTime>1520317754</CreateTime>
<MsgType><![CDATA[event]]></MsgType>
<Event><![CDATA[LOCATION]]></Event>
<Latitude>22.804766</Latitude>
<Longitude>114.042000</Longitude>
<Precision>65.000000</Precision>
</xml>

2018-03-06 14:29:15 params :
------------
String:
array (
  'message' => 
  array (
    'tousername' => 'gh_3d9ec5667ec1',
    'fromusername' => 'o3hgew0k1RCc0W2o4nY-ZJNsKlgo',
    'createtime' => '1520317754',
    'msgtype' => 'event',
    'event' => 'LOCATION',
    'latitude' => '22.804766',
    'longitude' => '114.042000',
    'precision' => '65.000000',
    'from' => 'o3hgew0k1RCc0W2o4nY-ZJNsKlgo',
    'to' => 'gh_3d9ec5667ec1',
    'time' => '1520317754',
    'type' => 'trace',
    'location_x' => '22.804766',
    'location_y' => '114.042000',
  ),
  'module' => 'default',
  'rule' => '-1',
)

2018-03-06 14:29:15 response :
------------
Array:
errno : -1 ;
message : Invaild value ;

2018-03-06 14:29:17 trace :
------------
String:
<xml><ToUserName><![CDATA[gh_3d9ec5667ec1]]></ToUserName>
<FromUserName><![CDATA[o3hgew0k1RCc0W2o4nY-ZJNsKlgo]]></FromUserName>
<CreateTime>1520317756</CreateTime>
<MsgType><![CDATA[event]]></MsgType>
<Event><![CDATA[CLICK]]></Event>
<EventKey><![CDATA[会员卡]]></EventKey>
</xml>

2018-03-06 14:29:17 params :
------------
String:
array (
  'rule' => -2,
  'module' => '',
  'message' => 
  array (
    'tousername' => 'gh_3d9ec5667ec1',
    'fromusername' => 'o3hgew0k1RCc0W2o4nY-ZJNsKlgo',
    'createtime' => '1520317756',
    'msgtype' => 'event',
    'event' => 'CLICK',
    'eventkey' => '会员卡',
    'from' => 'o3hgew0k1RCc0W2o4nY-ZJNsKlgo',
    'to' => 'gh_3d9ec5667ec1',
    'time' => '1520317756',
    'type' => 'text',
    'content' => '会员卡',
    'redirection' => true,
    'source' => 'click',
  ),
)

2018-03-06 14:29:17 response :
------------

2018-03-06 14:29:22 trace :
------------
String:
<xml><ToUserName><![CDATA[gh_3d9ec5667ec1]]></ToUserName>
<FromUserName><![CDATA[o3hgew0k1RCc0W2o4nY-ZJNsKlgo]]></FromUserName>
<CreateTime>1520317761</CreateTime>
<MsgType><![CDATA[event]]></MsgType>
<Event><![CDATA[VIEW]]></Event>
<EventKey><![CDATA[https://wxapp.mctimes.cn/app/index.php?i=1&c=entry&rid=32&do=app_qd&m=meepo_xianchang]]></EventKey>
<MenuId>424736618</MenuId>
</xml>

2018-03-06 14:29:22 params :
------------
String:
array (
  'rule' => -2,
  'module' => '',
  'message' => 
  array (
    'tousername' => 'gh_3d9ec5667ec1',
    'fromusername' => 'o3hgew0k1RCc0W2o4nY-ZJNsKlgo',
    'createtime' => '1520317761',
    'msgtype' => 'event',
    'event' => 'VIEW',
    'eventkey' => 'https://wxapp.mctimes.cn/app/index.php?i=1&c=entry&rid=32&do=app_qd&m=meepo_xianchang',
    'menuid' => '424736618',
    'from' => 'o3hgew0k1RCc0W2o4nY-ZJNsKlgo',
    'to' => 'gh_3d9ec5667ec1',
    'time' => '1520317761',
    'type' => 'text',
    'content' => 'https://wxapp.mctimes.cn/app/index.php?i=1&c=entry&rid=32&do=app_qd&m=meepo_xianchang',
    'redirection' => true,
    'source' => 'VIEW',
  ),
)

2018-03-06 14:29:22 response :
------------

2018-03-06 14:44:51 trace :
------------
String:
<xml><ToUserName><![CDATA[gh_3d9ec5667ec1]]></ToUserName>
<FromUserName><![CDATA[o3hgewzOvs2HLnz71wJ0AyxMytwg]]></FromUserName>
<CreateTime>1520318690</CreateTime>
<MsgType><![CDATA[event]]></MsgType>
<Event><![CDATA[subscribe]]></Event>
<EventKey><![CDATA[]]></EventKey>
</xml>

2018-03-06 14:44:51 params :
------------
String:
array (
  'rule' => -2,
  'module' => '',
  'message' => 
  array (
    'tousername' => 'gh_3d9ec5667ec1',
    'fromusername' => 'o3hgewzOvs2HLnz71wJ0AyxMytwg',
    'createtime' => '1520318690',
    'msgtype' => 'event',
    'event' => 'subscribe',
    'eventkey' => '',
    'from' => 'o3hgewzOvs2HLnz71wJ0AyxMytwg',
    'to' => 'gh_3d9ec5667ec1',
    'time' => '1520318690',
    'type' => 'text',
    'redirection' => true,
    'source' => 'subscribe',
  ),
)

2018-03-06 14:44:51 response :
------------

2018-03-06 14:52:55 trace :
------------
String:
<xml><ToUserName><![CDATA[gh_3d9ec5667ec1]]></ToUserName>
<FromUserName><![CDATA[o3hgewzOvs2HLnz71wJ0AyxMytwg]]></FromUserName>
<CreateTime>1520319174</CreateTime>
<MsgType><![CDATA[event]]></MsgType>
<Event><![CDATA[CLICK]]></Event>
<EventKey><![CDATA[会员卡]]></EventKey>
</xml>

2018-03-06 14:52:55 params :
------------
String:
array (
  'rule' => -2,
  'module' => '',
  'message' => 
  array (
    'tousername' => 'gh_3d9ec5667ec1',
    'fromusername' => 'o3hgewzOvs2HLnz71wJ0AyxMytwg',
    'createtime' => '1520319174',
    'msgtype' => 'event',
    'event' => 'CLICK',
    'eventkey' => '会员卡',
    'from' => 'o3hgewzOvs2HLnz71wJ0AyxMytwg',
    'to' => 'gh_3d9ec5667ec1',
    'time' => '1520319174',
    'type' => 'text',
    'content' => '会员卡',
    'redirection' => true,
    'source' => 'click',
  ),
)

2018-03-06 14:52:55 response :
------------

2018-03-06 14:52:57 trace :
------------
String:
<xml><ToUserName><![CDATA[gh_3d9ec5667ec1]]></ToUserName>
<FromUserName><![CDATA[o3hgewzOvs2HLnz71wJ0AyxMytwg]]></FromUserName>
<CreateTime>1520319176</CreateTime>
<MsgType><![CDATA[event]]></MsgType>
<Event><![CDATA[VIEW]]></Event>
<EventKey><![CDATA[https://wxapp.mctimes.cn/app/index.php?i=1&c=entry&rid=32&do=app_qd&m=meepo_xianchang]]></EventKey>
<MenuId>424736618</MenuId>
</xml>

2018-03-06 14:52:57 params :
------------
String:
array (
  'rule' => -2,
  'module' => '',
  'message' => 
  array (
    'tousername' => 'gh_3d9ec5667ec1',
    'fromusername' => 'o3hgewzOvs2HLnz71wJ0AyxMytwg',
    'createtime' => '1520319176',
    'msgtype' => 'event',
    'event' => 'VIEW',
    'eventkey' => 'https://wxapp.mctimes.cn/app/index.php?i=1&c=entry&rid=32&do=app_qd&m=meepo_xianchang',
    'menuid' => '424736618',
    'from' => 'o3hgewzOvs2HLnz71wJ0AyxMytwg',
    'to' => 'gh_3d9ec5667ec1',
    'time' => '1520319176',
    'type' => 'text',
    'content' => 'https://wxapp.mctimes.cn/app/index.php?i=1&c=entry&rid=32&do=app_qd&m=meepo_xianchang',
    'redirection' => true,
    'source' => 'VIEW',
  ),
)

2018-03-06 14:52:57 response :
------------

2018-03-06 14:53:02 trace :
------------
String:
<xml><ToUserName><![CDATA[gh_3d9ec5667ec1]]></ToUserName>
<FromUserName><![CDATA[o3hgewzOvs2HLnz71wJ0AyxMytwg]]></FromUserName>
<CreateTime>1520319182</CreateTime>
<MsgType><![CDATA[event]]></MsgType>
<Event><![CDATA[CLICK]]></Event>
<EventKey><![CDATA[会员卡]]></EventKey>
</xml>

2018-03-06 14:53:02 params :
------------
String:
array (
  'rule' => -2,
  'module' => '',
  'message' => 
  array (
    'tousername' => 'gh_3d9ec5667ec1',
    'fromusername' => 'o3hgewzOvs2HLnz71wJ0AyxMytwg',
    'createtime' => '1520319182',
    'msgtype' => 'event',
    'event' => 'CLICK',
    'eventkey' => '会员卡',
    'from' => 'o3hgewzOvs2HLnz71wJ0AyxMytwg',
    'to' => 'gh_3d9ec5667ec1',
    'time' => '1520319182',
    'type' => 'text',
    'content' => '会员卡',
    'redirection' => true,
    'source' => 'click',
  ),
)

2018-03-06 14:53:02 response :
------------

2018-03-06 15:09:09 trace :
------------
String:
<xml><ToUserName><![CDATA[gh_3d9ec5667ec1]]></ToUserName>
<FromUserName><![CDATA[o3hgew8hYzH7da5G4JzA8aEI46t0]]></FromUserName>
<CreateTime>1520320147</CreateTime>
<MsgType><![CDATA[event]]></MsgType>
<Event><![CDATA[subscribe]]></Event>
<EventKey><![CDATA[]]></EventKey>
</xml>

2018-03-06 15:09:09 params :
------------
String:
array (
  'rule' => -2,
  'module' => '',
  'message' => 
  array (
    'tousername' => 'gh_3d9ec5667ec1',
    'fromusername' => 'o3hgew8hYzH7da5G4JzA8aEI46t0',
    'createtime' => '1520320147',
    'msgtype' => 'event',
    'event' => 'subscribe',
    'eventkey' => '',
    'from' => 'o3hgew8hYzH7da5G4JzA8aEI46t0',
    'to' => 'gh_3d9ec5667ec1',
    'time' => '1520320147',
    'type' => 'text',
    'redirection' => true,
    'source' => 'subscribe',
  ),
)

2018-03-06 15:09:09 response :
------------

2018-03-06 15:34:32 trace :
------------
String:
<xml><ToUserName><![CDATA[gh_3d9ec5667ec1]]></ToUserName>
<FromUserName><![CDATA[o3hgew8u0j22ddy5lvYasVAIw4FQ]]></FromUserName>
<CreateTime>1520321671</CreateTime>
<MsgType><![CDATA[event]]></MsgType>
<Event><![CDATA[subscribe]]></Event>
<EventKey><![CDATA[]]></EventKey>
</xml>

2018-03-06 15:34:32 params :
------------
String:
array (
  'rule' => -2,
  'module' => '',
  'message' => 
  array (
    'tousername' => 'gh_3d9ec5667ec1',
    'fromusername' => 'o3hgew8u0j22ddy5lvYasVAIw4FQ',
    'createtime' => '1520321671',
    'msgtype' => 'event',
    'event' => 'subscribe',
    'eventkey' => '',
    'from' => 'o3hgew8u0j22ddy5lvYasVAIw4FQ',
    'to' => 'gh_3d9ec5667ec1',
    'time' => '1520321671',
    'type' => 'text',
    'redirection' => true,
    'source' => 'subscribe',
  ),
)

2018-03-06 15:34:32 response :
------------

2018-03-06 15:34:37 trace :
------------
String:
<xml><ToUserName><![CDATA[gh_3d9ec5667ec1]]></ToUserName>
<FromUserName><![CDATA[o3hgew8u0j22ddy5lvYasVAIw4FQ]]></FromUserName>
<CreateTime>1520321676</CreateTime>
<MsgType><![CDATA[event]]></MsgType>
<Event><![CDATA[LOCATION]]></Event>
<Latitude>22.805250</Latitude>
<Longitude>114.042068</Longitude>
<Precision>30.000000</Precision>
</xml>

2018-03-06 15:34:37 params :
------------
String:
array (
  'message' => 
  array (
    'tousername' => 'gh_3d9ec5667ec1',
    'fromusername' => 'o3hgew8u0j22ddy5lvYasVAIw4FQ',
    'createtime' => '1520321676',
    'msgtype' => 'event',
    'event' => 'LOCATION',
    'latitude' => '22.805250',
    'longitude' => '114.042068',
    'precision' => '30.000000',
    'from' => 'o3hgew8u0j22ddy5lvYasVAIw4FQ',
    'to' => 'gh_3d9ec5667ec1',
    'time' => '1520321676',
    'type' => 'trace',
    'location_x' => '22.805250',
    'location_y' => '114.042068',
  ),
  'module' => 'default',
  'rule' => '-1',
)

2018-03-06 15:34:37 response :
------------
Array:
errno : -1 ;
message : Invaild value ;

2018-03-06 15:34:42 trace :
------------
String:
<xml><ToUserName><![CDATA[gh_3d9ec5667ec1]]></ToUserName>
<FromUserName><![CDATA[o3hgew8u0j22ddy5lvYasVAIw4FQ]]></FromUserName>
<CreateTime>1520321681</CreateTime>
<MsgType><![CDATA[event]]></MsgType>
<Event><![CDATA[CLICK]]></Event>
<EventKey><![CDATA[会员卡]]></EventKey>
</xml>

2018-03-06 15:34:42 params :
------------
String:
array (
  'rule' => -2,
  'module' => '',
  'message' => 
  array (
    'tousername' => 'gh_3d9ec5667ec1',
    'fromusername' => 'o3hgew8u0j22ddy5lvYasVAIw4FQ',
    'createtime' => '1520321681',
    'msgtype' => 'event',
    'event' => 'CLICK',
    'eventkey' => '会员卡',
    'from' => 'o3hgew8u0j22ddy5lvYasVAIw4FQ',
    'to' => 'gh_3d9ec5667ec1',
    'time' => '1520321681',
    'type' => 'text',
    'content' => '会员卡',
    'redirection' => true,
    'source' => 'click',
  ),
)

2018-03-06 15:34:42 response :
------------

2018-03-06 15:35:11 trace :
------------
String:
<xml><ToUserName><![CDATA[gh_3d9ec5667ec1]]></ToUserName>
<FromUserName><![CDATA[o3hgew8u0j22ddy5lvYasVAIw4FQ]]></FromUserName>
<CreateTime>1520321710</CreateTime>
<MsgType><![CDATA[event]]></MsgType>
<Event><![CDATA[VIEW]]></Event>
<EventKey><![CDATA[https://wxapp.mctimes.cn/app/index.php?i=1&c=entry&rid=32&do=app_qd&m=meepo_xianchang]]></EventKey>
<MenuId>424736618</MenuId>
</xml>

2018-03-06 15:35:11 params :
------------
String:
array (
  'rule' => -2,
  'module' => '',
  'message' => 
  array (
    'tousername' => 'gh_3d9ec5667ec1',
    'fromusername' => 'o3hgew8u0j22ddy5lvYasVAIw4FQ',
    'createtime' => '1520321710',
    'msgtype' => 'event',
    'event' => 'VIEW',
    'eventkey' => 'https://wxapp.mctimes.cn/app/index.php?i=1&c=entry&rid=32&do=app_qd&m=meepo_xianchang',
    'menuid' => '424736618',
    'from' => 'o3hgew8u0j22ddy5lvYasVAIw4FQ',
    'to' => 'gh_3d9ec5667ec1',
    'time' => '1520321710',
    'type' => 'text',
    'content' => 'https://wxapp.mctimes.cn/app/index.php?i=1&c=entry&rid=32&do=app_qd&m=meepo_xianchang',
    'redirection' => true,
    'source' => 'VIEW',
  ),
)

2018-03-06 15:35:11 response :
------------

2018-03-06 15:35:16 trace :
------------
String:
<xml><ToUserName><![CDATA[gh_3d9ec5667ec1]]></ToUserName>
<FromUserName><![CDATA[o3hgew8u0j22ddy5lvYasVAIw4FQ]]></FromUserName>
<CreateTime>1520321715</CreateTime>
<MsgType><![CDATA[event]]></MsgType>
<Event><![CDATA[LOCATION]]></Event>
<Latitude>22.805250</Latitude>
<Longitude>114.042068</Longitude>
<Precision>30.000000</Precision>
</xml>

2018-03-06 15:35:16 params :
------------
String:
array (
  'message' => 
  array (
    'tousername' => 'gh_3d9ec5667ec1',
    'fromusername' => 'o3hgew8u0j22ddy5lvYasVAIw4FQ',
    'createtime' => '1520321715',
    'msgtype' => 'event',
    'event' => 'LOCATION',
    'latitude' => '22.805250',
    'longitude' => '114.042068',
    'precision' => '30.000000',
    'from' => 'o3hgew8u0j22ddy5lvYasVAIw4FQ',
    'to' => 'gh_3d9ec5667ec1',
    'time' => '1520321715',
    'type' => 'trace',
    'location_x' => '22.805250',
    'location_y' => '114.042068',
  ),
  'module' => 'default',
  'rule' => '-1',
)

2018-03-06 15:35:16 response :
------------
Array:
errno : -1 ;
message : Invaild value ;

2018-03-06 15:35:21 trace :
------------
String:
<xml><ToUserName><![CDATA[gh_3d9ec5667ec1]]></ToUserName>
<FromUserName><![CDATA[o3hgew8u0j22ddy5lvYasVAIw4FQ]]></FromUserName>
<CreateTime>1520321720</CreateTime>
<MsgType><![CDATA[event]]></MsgType>
<Event><![CDATA[LOCATION]]></Event>
<Latitude>22.805250</Latitude>
<Longitude>114.042198</Longitude>
<Precision>30.000000</Precision>
</xml>

2018-03-06 15:35:21 params :
------------
String:
array (
  'message' => 
  array (
    'tousername' => 'gh_3d9ec5667ec1',
    'fromusername' => 'o3hgew8u0j22ddy5lvYasVAIw4FQ',
    'createtime' => '1520321720',
    'msgtype' => 'event',
    'event' => 'LOCATION',
    'latitude' => '22.805250',
    'longitude' => '114.042198',
    'precision' => '30.000000',
    'from' => 'o3hgew8u0j22ddy5lvYasVAIw4FQ',
    'to' => 'gh_3d9ec5667ec1',
    'time' => '1520321720',
    'type' => 'trace',
    'location_x' => '22.805250',
    'location_y' => '114.042198',
  ),
  'module' => 'default',
  'rule' => '-1',
)

2018-03-06 15:35:21 response :
------------
Array:
errno : -1 ;
message : Invaild value ;

2018-03-06 15:44:09 trace :
------------
String:
<xml><ToUserName><![CDATA[gh_3d9ec5667ec1]]></ToUserName>
<FromUserName><![CDATA[o3hgeww04YPbRnQzs8X8J3yxli68]]></FromUserName>
<CreateTime>1520322248</CreateTime>
<MsgType><![CDATA[event]]></MsgType>
<Event><![CDATA[subscribe]]></Event>
<EventKey><![CDATA[]]></EventKey>
</xml>

2018-03-06 15:44:10 params :
------------
String:
array (
  'rule' => -2,
  'module' => '',
  'message' => 
  array (
    'tousername' => 'gh_3d9ec5667ec1',
    'fromusername' => 'o3hgeww04YPbRnQzs8X8J3yxli68',
    'createtime' => '1520322248',
    'msgtype' => 'event',
    'event' => 'subscribe',
    'eventkey' => '',
    'from' => 'o3hgeww04YPbRnQzs8X8J3yxli68',
    'to' => 'gh_3d9ec5667ec1',
    'time' => '1520322248',
    'type' => 'text',
    'redirection' => true,
    'source' => 'subscribe',
  ),
)

2018-03-06 15:44:10 response :
------------

2018-03-06 15:44:12 trace :
------------
String:
<xml><ToUserName><![CDATA[gh_3d9ec5667ec1]]></ToUserName>
<FromUserName><![CDATA[o3hgeww04YPbRnQzs8X8J3yxli68]]></FromUserName>
<CreateTime>1520322251</CreateTime>
<MsgType><![CDATA[event]]></MsgType>
<Event><![CDATA[LOCATION]]></Event>
<Latitude>22.805414</Latitude>
<Longitude>114.041870</Longitude>
<Precision>30.000000</Precision>
</xml>

2018-03-06 15:44:12 params :
------------
String:
array (
  'message' => 
  array (
    'tousername' => 'gh_3d9ec5667ec1',
    'fromusername' => 'o3hgeww04YPbRnQzs8X8J3yxli68',
    'createtime' => '1520322251',
    'msgtype' => 'event',
    'event' => 'LOCATION',
    'latitude' => '22.805414',
    'longitude' => '114.041870',
    'precision' => '30.000000',
    'from' => 'o3hgeww04YPbRnQzs8X8J3yxli68',
    'to' => 'gh_3d9ec5667ec1',
    'time' => '1520322251',
    'type' => 'trace',
    'location_x' => '22.805414',
    'location_y' => '114.041870',
  ),
  'module' => 'default',
  'rule' => '-1',
)

2018-03-06 15:44:12 response :
------------
Array:
errno : -1 ;
message : Invaild value ;

2018-03-06 15:44:14 trace :
------------
String:
<xml><ToUserName><![CDATA[gh_3d9ec5667ec1]]></ToUserName>
<FromUserName><![CDATA[o3hgeww04YPbRnQzs8X8J3yxli68]]></FromUserName>
<CreateTime>1520322253</CreateTime>
<MsgType><![CDATA[event]]></MsgType>
<Event><![CDATA[CLICK]]></Event>
<EventKey><![CDATA[会员卡]]></EventKey>
</xml>

2018-03-06 15:44:14 params :
------------
String:
array (
  'rule' => -2,
  'module' => '',
  'message' => 
  array (
    'tousername' => 'gh_3d9ec5667ec1',
    'fromusername' => 'o3hgeww04YPbRnQzs8X8J3yxli68',
    'createtime' => '1520322253',
    'msgtype' => 'event',
    'event' => 'CLICK',
    'eventkey' => '会员卡',
    'from' => 'o3hgeww04YPbRnQzs8X8J3yxli68',
    'to' => 'gh_3d9ec5667ec1',
    'time' => '1520322253',
    'type' => 'text',
    'content' => '会员卡',
    'redirection' => true,
    'source' => 'click',
  ),
)

2018-03-06 15:44:14 response :
------------

2018-03-06 15:59:45 trace :
------------
String:
<xml><ToUserName><![CDATA[gh_3d9ec5667ec1]]></ToUserName>
<FromUserName><![CDATA[o3hgew4LdXW_vCoZTaWcGOtC13mM]]></FromUserName>
<CreateTime>1520323183</CreateTime>
<MsgType><![CDATA[event]]></MsgType>
<Event><![CDATA[subscribe]]></Event>
<EventKey><![CDATA[]]></EventKey>
</xml>

2018-03-06 15:59:45 params :
------------
String:
array (
  'rule' => -2,
  'module' => '',
  'message' => 
  array (
    'tousername' => 'gh_3d9ec5667ec1',
    'fromusername' => 'o3hgew4LdXW_vCoZTaWcGOtC13mM',
    'createtime' => '1520323183',
    'msgtype' => 'event',
    'event' => 'subscribe',
    'eventkey' => '',
    'from' => 'o3hgew4LdXW_vCoZTaWcGOtC13mM',
    'to' => 'gh_3d9ec5667ec1',
    'time' => '1520323183',
    'type' => 'text',
    'redirection' => true,
    'source' => 'subscribe',
  ),
)

2018-03-06 15:59:45 response :
------------

2018-03-06 15:59:48 trace :
------------
String:
<xml><ToUserName><![CDATA[gh_3d9ec5667ec1]]></ToUserName>
<FromUserName><![CDATA[o3hgew4LdXW_vCoZTaWcGOtC13mM]]></FromUserName>
<CreateTime>1520323187</CreateTime>
<MsgType><![CDATA[event]]></MsgType>
<Event><![CDATA[VIEW]]></Event>
<EventKey><![CDATA[https://wxapp.mctimes.cn/app/index.php?i=1&c=entry&rid=32&do=app_qd&m=meepo_xianchang]]></EventKey>
<MenuId>424736618</MenuId>
</xml>

2018-03-06 15:59:48 params :
------------
String:
array (
  'rule' => -2,
  'module' => '',
  'message' => 
  array (
    'tousername' => 'gh_3d9ec5667ec1',
    'fromusername' => 'o3hgew4LdXW_vCoZTaWcGOtC13mM',
    'createtime' => '1520323187',
    'msgtype' => 'event',
    'event' => 'VIEW',
    'eventkey' => 'https://wxapp.mctimes.cn/app/index.php?i=1&c=entry&rid=32&do=app_qd&m=meepo_xianchang',
    'menuid' => '424736618',
    'from' => 'o3hgew4LdXW_vCoZTaWcGOtC13mM',
    'to' => 'gh_3d9ec5667ec1',
    'time' => '1520323187',
    'type' => 'text',
    'content' => 'https://wxapp.mctimes.cn/app/index.php?i=1&c=entry&rid=32&do=app_qd&m=meepo_xianchang',
    'redirection' => true,
    'source' => 'VIEW',
  ),
)

2018-03-06 15:59:48 response :
------------

2018-03-06 15:59:52 trace :
------------
String:
<xml><ToUserName><![CDATA[gh_3d9ec5667ec1]]></ToUserName>
<FromUserName><![CDATA[o3hgew4LdXW_vCoZTaWcGOtC13mM]]></FromUserName>
<CreateTime>1520323191</CreateTime>
<MsgType><![CDATA[event]]></MsgType>
<Event><![CDATA[CLICK]]></Event>
<EventKey><![CDATA[会员卡]]></EventKey>
</xml>

2018-03-06 15:59:52 params :
------------
String:
array (
  'rule' => -2,
  'module' => '',
  'message' => 
  array (
    'tousername' => 'gh_3d9ec5667ec1',
    'fromusername' => 'o3hgew4LdXW_vCoZTaWcGOtC13mM',
    'createtime' => '1520323191',
    'msgtype' => 'event',
    'event' => 'CLICK',
    'eventkey' => '会员卡',
    'from' => 'o3hgew4LdXW_vCoZTaWcGOtC13mM',
    'to' => 'gh_3d9ec5667ec1',
    'time' => '1520323191',
    'type' => 'text',
    'content' => '会员卡',
    'redirection' => true,
    'source' => 'click',
  ),
)

2018-03-06 15:59:52 response :
------------

2018-03-06 15:59:55 trace :
------------
String:
<xml><ToUserName><![CDATA[gh_3d9ec5667ec1]]></ToUserName>
<FromUserName><![CDATA[o3hgew4LdXW_vCoZTaWcGOtC13mM]]></FromUserName>
<CreateTime>1520323194</CreateTime>
<MsgType><![CDATA[event]]></MsgType>
<Event><![CDATA[CLICK]]></Event>
<EventKey><![CDATA[会员卡]]></EventKey>
</xml>

2018-03-06 15:59:55 params :
------------
String:
array (
  'rule' => -2,
  'module' => '',
  'message' => 
  array (
    'tousername' => 'gh_3d9ec5667ec1',
    'fromusername' => 'o3hgew4LdXW_vCoZTaWcGOtC13mM',
    'createtime' => '1520323194',
    'msgtype' => 'event',
    'event' => 'CLICK',
    'eventkey' => '会员卡',
    'from' => 'o3hgew4LdXW_vCoZTaWcGOtC13mM',
    'to' => 'gh_3d9ec5667ec1',
    'time' => '1520323194',
    'type' => 'text',
    'content' => '会员卡',
    'redirection' => true,
    'source' => 'click',
  ),
)

2018-03-06 15:59:55 response :
------------

2018-03-06 16:10:00 trace :
------------
String:
<xml><ToUserName><![CDATA[gh_3d9ec5667ec1]]></ToUserName>
<FromUserName><![CDATA[o3hgeww04YPbRnQzs8X8J3yxli68]]></FromUserName>
<CreateTime>1520323799</CreateTime>
<MsgType><![CDATA[event]]></MsgType>
<Event><![CDATA[LOCATION]]></Event>
<Latitude>22.804701</Latitude>
<Longitude>114.041786</Longitude>
<Precision>30.000000</Precision>
</xml>

2018-03-06 16:10:00 params :
------------
String:
array (
  'message' => 
  array (
    'tousername' => 'gh_3d9ec5667ec1',
    'fromusername' => 'o3hgeww04YPbRnQzs8X8J3yxli68',
    'createtime' => '1520323799',
    'msgtype' => 'event',
    'event' => 'LOCATION',
    'latitude' => '22.804701',
    'longitude' => '114.041786',
    'precision' => '30.000000',
    'from' => 'o3hgeww04YPbRnQzs8X8J3yxli68',
    'to' => 'gh_3d9ec5667ec1',
    'time' => '1520323799',
    'type' => 'trace',
    'location_x' => '22.804701',
    'location_y' => '114.041786',
  ),
  'module' => 'default',
  'rule' => '-1',
)

2018-03-06 16:10:00 response :
------------
Array:
errno : -1 ;
message : Invaild value ;

2018-03-06 16:29:06 trace :
------------
String:
<xml><ToUserName><![CDATA[gh_3d9ec5667ec1]]></ToUserName>
<FromUserName><![CDATA[o3hgew9K7PK_Xcu15HWHqL8gFwVk]]></FromUserName>
<CreateTime>1520324945</CreateTime>
<MsgType><![CDATA[event]]></MsgType>
<Event><![CDATA[subscribe]]></Event>
<EventKey><![CDATA[]]></EventKey>
</xml>

2018-03-06 16:29:06 params :
------------
String:
array (
  'rule' => -2,
  'module' => '',
  'message' => 
  array (
    'tousername' => 'gh_3d9ec5667ec1',
    'fromusername' => 'o3hgew9K7PK_Xcu15HWHqL8gFwVk',
    'createtime' => '1520324945',
    'msgtype' => 'event',
    'event' => 'subscribe',
    'eventkey' => '',
    'from' => 'o3hgew9K7PK_Xcu15HWHqL8gFwVk',
    'to' => 'gh_3d9ec5667ec1',
    'time' => '1520324945',
    'type' => 'text',
    'redirection' => true,
    'source' => 'subscribe',
  ),
)

2018-03-06 16:29:06 response :
------------

2018-03-06 16:29:09 trace :
------------
String:
<xml><ToUserName><![CDATA[gh_3d9ec5667ec1]]></ToUserName>
<FromUserName><![CDATA[o3hgew9K7PK_Xcu15HWHqL8gFwVk]]></FromUserName>
<CreateTime>1520324949</CreateTime>
<MsgType><![CDATA[event]]></MsgType>
<Event><![CDATA[LOCATION]]></Event>
<Latitude>22.805183</Latitude>
<Longitude>114.041992</Longitude>
<Precision>30.000000</Precision>
</xml>

2018-03-06 16:29:09 params :
------------
String:
array (
  'message' => 
  array (
    'tousername' => 'gh_3d9ec5667ec1',
    'fromusername' => 'o3hgew9K7PK_Xcu15HWHqL8gFwVk',
    'createtime' => '1520324949',
    'msgtype' => 'event',
    'event' => 'LOCATION',
    'latitude' => '22.805183',
    'longitude' => '114.041992',
    'precision' => '30.000000',
    'from' => 'o3hgew9K7PK_Xcu15HWHqL8gFwVk',
    'to' => 'gh_3d9ec5667ec1',
    'time' => '1520324949',
    'type' => 'trace',
    'location_x' => '22.805183',
    'location_y' => '114.041992',
  ),
  'module' => 'default',
  'rule' => '-1',
)

2018-03-06 16:29:09 response :
------------
Array:
errno : -1 ;
message : Invaild value ;

2018-03-06 16:29:12 trace :
------------
String:
<xml><ToUserName><![CDATA[gh_3d9ec5667ec1]]></ToUserName>
<FromUserName><![CDATA[o3hgew9K7PK_Xcu15HWHqL8gFwVk]]></FromUserName>
<CreateTime>1520324951</CreateTime>
<MsgType><![CDATA[event]]></MsgType>
<Event><![CDATA[CLICK]]></Event>
<EventKey><![CDATA[会员卡]]></EventKey>
</xml>

2018-03-06 16:29:12 params :
------------
String:
array (
  'rule' => -2,
  'module' => '',
  'message' => 
  array (
    'tousername' => 'gh_3d9ec5667ec1',
    'fromusername' => 'o3hgew9K7PK_Xcu15HWHqL8gFwVk',
    'createtime' => '1520324951',
    'msgtype' => 'event',
    'event' => 'CLICK',
    'eventkey' => '会员卡',
    'from' => 'o3hgew9K7PK_Xcu15HWHqL8gFwVk',
    'to' => 'gh_3d9ec5667ec1',
    'time' => '1520324951',
    'type' => 'text',
    'content' => '会员卡',
    'redirection' => true,
    'source' => 'click',
  ),
)

2018-03-06 16:29:12 response :
------------

2018-03-06 16:29:20 trace :
------------
String:
<xml><ToUserName><![CDATA[gh_3d9ec5667ec1]]></ToUserName>
<FromUserName><![CDATA[o3hgew9K7PK_Xcu15HWHqL8gFwVk]]></FromUserName>
<CreateTime>1520324959</CreateTime>
<MsgType><![CDATA[event]]></MsgType>
<Event><![CDATA[VIEW]]></Event>
<EventKey><![CDATA[https://wxapp.mctimes.cn/app/index.php?i=1&c=entry&rid=32&do=app_qd&m=meepo_xianchang]]></EventKey>
<MenuId>424736618</MenuId>
</xml>

2018-03-06 16:29:20 params :
------------
String:
array (
  'rule' => -2,
  'module' => '',
  'message' => 
  array (
    'tousername' => 'gh_3d9ec5667ec1',
    'fromusername' => 'o3hgew9K7PK_Xcu15HWHqL8gFwVk',
    'createtime' => '1520324959',
    'msgtype' => 'event',
    'event' => 'VIEW',
    'eventkey' => 'https://wxapp.mctimes.cn/app/index.php?i=1&c=entry&rid=32&do=app_qd&m=meepo_xianchang',
    'menuid' => '424736618',
    'from' => 'o3hgew9K7PK_Xcu15HWHqL8gFwVk',
    'to' => 'gh_3d9ec5667ec1',
    'time' => '1520324959',
    'type' => 'text',
    'content' => 'https://wxapp.mctimes.cn/app/index.php?i=1&c=entry&rid=32&do=app_qd&m=meepo_xianchang',
    'redirection' => true,
    'source' => 'VIEW',
  ),
)

2018-03-06 16:29:20 response :
------------

2018-03-06 16:29:24 trace :
------------
String:
<xml><ToUserName><![CDATA[gh_3d9ec5667ec1]]></ToUserName>
<FromUserName><![CDATA[o3hgew9K7PK_Xcu15HWHqL8gFwVk]]></FromUserName>
<CreateTime>1520324963</CreateTime>
<MsgType><![CDATA[event]]></MsgType>
<Event><![CDATA[LOCATION]]></Event>
<Latitude>22.805183</Latitude>
<Longitude>114.041992</Longitude>
<Precision>30.000000</Precision>
</xml>

2018-03-06 16:29:24 params :
------------
String:
array (
  'message' => 
  array (
    'tousername' => 'gh_3d9ec5667ec1',
    'fromusername' => 'o3hgew9K7PK_Xcu15HWHqL8gFwVk',
    'createtime' => '1520324963',
    'msgtype' => 'event',
    'event' => 'LOCATION',
    'latitude' => '22.805183',
    'longitude' => '114.041992',
    'precision' => '30.000000',
    'from' => 'o3hgew9K7PK_Xcu15HWHqL8gFwVk',
    'to' => 'gh_3d9ec5667ec1',
    'time' => '1520324963',
    'type' => 'trace',
    'location_x' => '22.805183',
    'location_y' => '114.041992',
  ),
  'module' => 'default',
  'rule' => '-1',
)

2018-03-06 16:29:24 response :
------------
Array:
errno : -1 ;
message : Invaild value ;

2018-03-06 16:29:34 trace :
------------
String:
<xml><ToUserName><![CDATA[gh_3d9ec5667ec1]]></ToUserName>
<FromUserName><![CDATA[o3hgew9K7PK_Xcu15HWHqL8gFwVk]]></FromUserName>
<CreateTime>1520324974</CreateTime>
<MsgType><![CDATA[event]]></MsgType>
<Event><![CDATA[unsubscribe]]></Event>
<EventKey><![CDATA[]]></EventKey>
</xml>

2018-03-06 16:30:31 trace :
------------
String:
<xml><ToUserName><![CDATA[gh_3d9ec5667ec1]]></ToUserName>
<FromUserName><![CDATA[o3hgew97wGC5J5u0weDeJXfF5vxE]]></FromUserName>
<CreateTime>1520325030</CreateTime>
<MsgType><![CDATA[event]]></MsgType>
<Event><![CDATA[subscribe]]></Event>
<EventKey><![CDATA[]]></EventKey>
</xml>

2018-03-06 16:30:31 params :
------------
String:
array (
  'rule' => -2,
  'module' => '',
  'message' => 
  array (
    'tousername' => 'gh_3d9ec5667ec1',
    'fromusername' => 'o3hgew97wGC5J5u0weDeJXfF5vxE',
    'createtime' => '1520325030',
    'msgtype' => 'event',
    'event' => 'subscribe',
    'eventkey' => '',
    'from' => 'o3hgew97wGC5J5u0weDeJXfF5vxE',
    'to' => 'gh_3d9ec5667ec1',
    'time' => '1520325030',
    'type' => 'text',
    'redirection' => true,
    'source' => 'subscribe',
  ),
)

2018-03-06 16:30:31 response :
------------

2018-03-06 16:30:34 trace :
------------
String:
<xml><ToUserName><![CDATA[gh_3d9ec5667ec1]]></ToUserName>
<FromUserName><![CDATA[o3hgew97wGC5J5u0weDeJXfF5vxE]]></FromUserName>
<CreateTime>1520325033</CreateTime>
<MsgType><![CDATA[event]]></MsgType>
<Event><![CDATA[LOCATION]]></Event>
<Latitude>22.913454</Latitude>
<Longitude>114.007782</Longitude>
<Precision>65.000000</Precision>
</xml>

2018-03-06 16:30:34 params :
------------
String:
array (
  'message' => 
  array (
    'tousername' => 'gh_3d9ec5667ec1',
    'fromusername' => 'o3hgew97wGC5J5u0weDeJXfF5vxE',
    'createtime' => '1520325033',
    'msgtype' => 'event',
    'event' => 'LOCATION',
    'latitude' => '22.913454',
    'longitude' => '114.007782',
    'precision' => '65.000000',
    'from' => 'o3hgew97wGC5J5u0weDeJXfF5vxE',
    'to' => 'gh_3d9ec5667ec1',
    'time' => '1520325033',
    'type' => 'trace',
    'location_x' => '22.913454',
    'location_y' => '114.007782',
  ),
  'module' => 'default',
  'rule' => '-1',
)

2018-03-06 16:30:34 response :
------------
Array:
errno : -1 ;
message : Invaild value ;

2018-03-06 20:21:53 trace :
------------
String:
<xml><ToUserName><![CDATA[gh_3d9ec5667ec1]]></ToUserName>
<FromUserName><![CDATA[o3hgewzOvs2HLnz71wJ0AyxMytwg]]></FromUserName>
<CreateTime>1520338912</CreateTime>
<MsgType><![CDATA[event]]></MsgType>
<Event><![CDATA[CLICK]]></Event>
<EventKey><![CDATA[会员卡]]></EventKey>
</xml>

2018-03-06 20:21:53 params :
------------
String:
array (
  'rule' => -2,
  'module' => '',
  'message' => 
  array (
    'tousername' => 'gh_3d9ec5667ec1',
    'fromusername' => 'o3hgewzOvs2HLnz71wJ0AyxMytwg',
    'createtime' => '1520338912',
    'msgtype' => 'event',
    'event' => 'CLICK',
    'eventkey' => '会员卡',
    'from' => 'o3hgewzOvs2HLnz71wJ0AyxMytwg',
    'to' => 'gh_3d9ec5667ec1',
    'time' => '1520338912',
    'type' => 'text',
    'content' => '会员卡',
    'redirection' => true,
    'source' => 'click',
  ),
)

2018-03-06 20:21:53 response :
------------

2018-03-06 20:21:56 trace :
------------
String:
<xml><ToUserName><![CDATA[gh_3d9ec5667ec1]]></ToUserName>
<FromUserName><![CDATA[o3hgewzOvs2HLnz71wJ0AyxMytwg]]></FromUserName>
<CreateTime>1520338915</CreateTime>
<MsgType><![CDATA[event]]></MsgType>
<Event><![CDATA[VIEW]]></Event>
<EventKey><![CDATA[https://wxapp.mctimes.cn/app/index.php?i=1&c=entry&rid=32&do=app_qd&m=meepo_xianchang]]></EventKey>
<MenuId>424736618</MenuId>
</xml>

2018-03-06 20:21:56 params :
------------
String:
array (
  'rule' => -2,
  'module' => '',
  'message' => 
  array (
    'tousername' => 'gh_3d9ec5667ec1',
    'fromusername' => 'o3hgewzOvs2HLnz71wJ0AyxMytwg',
    'createtime' => '1520338915',
    'msgtype' => 'event',
    'event' => 'VIEW',
    'eventkey' => 'https://wxapp.mctimes.cn/app/index.php?i=1&c=entry&rid=32&do=app_qd&m=meepo_xianchang',
    'menuid' => '424736618',
    'from' => 'o3hgewzOvs2HLnz71wJ0AyxMytwg',
    'to' => 'gh_3d9ec5667ec1',
    'time' => '1520338915',
    'type' => 'text',
    'content' => 'https://wxapp.mctimes.cn/app/index.php?i=1&c=entry&rid=32&do=app_qd&m=meepo_xianchang',
    'redirection' => true,
    'source' => 'VIEW',
  ),
)

2018-03-06 20:21:56 response :
------------

