2018-06-12 08:51:05 trace :
------------
String:
<xml><ToUserName><![CDATA[gh_8a317808696e]]></ToUserName>
<FromUserName><![CDATA[o4s6w1AayZ3CreHq1U8TbFbV_Y60]]></FromUserName>
<CreateTime>1528764664</CreateTime>
<MsgType><![CDATA[event]]></MsgType>
<Event><![CDATA[TEMPLATESENDJOBFINISH]]></Event>
<MsgID>321659393160642561</MsgID>
<Status><![CDATA[success]]></Status>
</xml>

2018-06-12 08:51:05 params :
------------
String:
array (
  'rule' => -2,
  'module' => '',
  'message' => 
  array (
    'tousername' => 'gh_8a317808696e',
    'fromusername' => 'o4s6w1AayZ3CreHq1U8TbFbV_Y60',
    'createtime' => '1528764664',
    'msgtype' => 'event',
    'event' => 'TEMPLATESENDJOBFINISH',
    'msgid' => '321659393160642561',
    'status' => 'success',
    'from' => 'o4s6w1AayZ3CreHq1U8TbFbV_Y60',
    'to' => 'gh_8a317808696e',
    'time' => '1528764664',
    'type' => 'event',
  ),
)

2018-06-12 08:51:05 response :
------------

2018-06-12 09:15:54 trace :
------------
String:
<xml><ToUserName><![CDATA[gh_8a317808696e]]></ToUserName>
<FromUserName><![CDATA[o4s6w1KpdaSLebrg9I0qkyJmmIGU]]></FromUserName>
<CreateTime>1528766153</CreateTime>
<MsgType><![CDATA[event]]></MsgType>
<Event><![CDATA[subscribe]]></Event>
<EventKey><![CDATA[]]></EventKey>
</xml>

2018-06-12 09:15:55 params :
------------
String:
array (
  'message' => 
  array (
    'tousername' => 'gh_8a317808696e',
    'fromusername' => 'o4s6w1KpdaSLebrg9I0qkyJmmIGU',
    'createtime' => '1528766153',
    'msgtype' => 'event',
    'event' => 'subscribe',
    'eventkey' => '',
    'from' => 'o4s6w1KpdaSLebrg9I0qkyJmmIGU',
    'to' => 'gh_8a317808696e',
    'time' => '1528766153',
    'type' => 'text',
    'redirection' => true,
    'source' => 'subscribe',
    'content' => '咨询',
  ),
  'module' => 'reply',
  'rule' => '15',
  'priority' => '0',
  'keyword' => 
  array (
    'id' => '21',
    'rid' => '15',
    'uniacid' => '3',
    'module' => 'reply',
    'content' => '咨询',
    'type' => '1',
    'displayorder' => '0',
    'status' => '1',
    'reply_type' => 
    array (
      0 => 'basic',
    ),
  ),
  'reply_type' => 
  array (
    0 => 'basic',
  ),
)

2018-06-12 09:15:55 response :
------------
Array:
FromUserName : gh_8a317808696e ;
ToUserName : o4s6w1KpdaSLebrg9I0qkyJmmIGU ;
MsgType : text ;
Content : 欢迎关注全V健康！/可爱/可爱
点击下方“开始咨询”进入首页就可以找医生咨询啦！ ;

2018-06-12 09:16:26 trace :
------------
String:
<xml><ToUserName><![CDATA[gh_8a317808696e]]></ToUserName>
<FromUserName><![CDATA[o4s6w1ET-GsH99VBZiISYvK5kwHE]]></FromUserName>
<CreateTime>1528766186</CreateTime>
<MsgType><![CDATA[event]]></MsgType>
<Event><![CDATA[TEMPLATESENDJOBFINISH]]></Event>
<MsgID>321684920617549826</MsgID>
<Status><![CDATA[success]]></Status>
</xml>

2018-06-12 09:16:26 params :
------------
String:
array (
  'rule' => -2,
  'module' => '',
  'message' => 
  array (
    'tousername' => 'gh_8a317808696e',
    'fromusername' => 'o4s6w1ET-GsH99VBZiISYvK5kwHE',
    'createtime' => '1528766186',
    'msgtype' => 'event',
    'event' => 'TEMPLATESENDJOBFINISH',
    'msgid' => '321684920617549826',
    'status' => 'success',
    'from' => 'o4s6w1ET-GsH99VBZiISYvK5kwHE',
    'to' => 'gh_8a317808696e',
    'time' => '1528766186',
    'type' => 'event',
  ),
)

2018-06-12 09:16:26 response :
------------

2018-06-12 09:17:53 trace :
------------
String:
<xml><ToUserName><![CDATA[gh_8a317808696e]]></ToUserName>
<FromUserName><![CDATA[o4s6w1I-IJAESFkFKdB49xUDLCIE]]></FromUserName>
<CreateTime>1528766273</CreateTime>
<MsgType><![CDATA[event]]></MsgType>
<Event><![CDATA[TEMPLATESENDJOBFINISH]]></Event>
<MsgID>321686382181449735</MsgID>
<Status><![CDATA[success]]></Status>
</xml>

2018-06-12 09:17:53 params :
------------
String:
array (
  'rule' => -2,
  'module' => '',
  'message' => 
  array (
    'tousername' => 'gh_8a317808696e',
    'fromusername' => 'o4s6w1I-IJAESFkFKdB49xUDLCIE',
    'createtime' => '1528766273',
    'msgtype' => 'event',
    'event' => 'TEMPLATESENDJOBFINISH',
    'msgid' => '321686382181449735',
    'status' => 'success',
    'from' => 'o4s6w1I-IJAESFkFKdB49xUDLCIE',
    'to' => 'gh_8a317808696e',
    'time' => '1528766273',
    'type' => 'event',
  ),
)

2018-06-12 09:17:53 response :
------------

2018-06-12 09:25:52 trace :
------------
String:
<xml><ToUserName><![CDATA[gh_8a317808696e]]></ToUserName>
<FromUserName><![CDATA[o4s6w1J0U70CMug_JhFD0FNY_XM4]]></FromUserName>
<CreateTime>1528766752</CreateTime>
<MsgType><![CDATA[event]]></MsgType>
<Event><![CDATA[subscribe]]></Event>
<EventKey><![CDATA[]]></EventKey>
</xml>

2018-06-12 09:25:52 params :
------------
String:
array (
  'message' => 
  array (
    'tousername' => 'gh_8a317808696e',
    'fromusername' => 'o4s6w1J0U70CMug_JhFD0FNY_XM4',
    'createtime' => '1528766752',
    'msgtype' => 'event',
    'event' => 'subscribe',
    'eventkey' => '',
    'from' => 'o4s6w1J0U70CMug_JhFD0FNY_XM4',
    'to' => 'gh_8a317808696e',
    'time' => '1528766752',
    'type' => 'text',
    'redirection' => true,
    'source' => 'subscribe',
    'content' => '咨询',
  ),
  'module' => 'reply',
  'rule' => '15',
  'priority' => '0',
  'keyword' => 
  array (
    'id' => '21',
    'rid' => '15',
    'uniacid' => '3',
    'module' => 'reply',
    'content' => '咨询',
    'type' => '1',
    'displayorder' => '0',
    'status' => '1',
    'reply_type' => 
    array (
      0 => 'basic',
    ),
  ),
  'reply_type' => 
  array (
    0 => 'basic',
  ),
)

2018-06-12 09:25:52 response :
------------
Array:
FromUserName : gh_8a317808696e ;
ToUserName : o4s6w1J0U70CMug_JhFD0FNY_XM4 ;
MsgType : text ;
Content : 欢迎关注全V健康！/可爱/可爱
点击下方“开始咨询”进入首页就可以找医生咨询啦！ ;

2018-06-12 09:30:23 trace :
------------
String:
<xml><ToUserName><![CDATA[gh_8a317808696e]]></ToUserName>
<FromUserName><![CDATA[o4s6w1E6A0twAaHWttz8QqhzcqVs]]></FromUserName>
<CreateTime>1528767023</CreateTime>
<MsgType><![CDATA[event]]></MsgType>
<Event><![CDATA[subscribe]]></Event>
<EventKey><![CDATA[]]></EventKey>
</xml>

2018-06-12 09:30:23 params :
------------
String:
array (
  'message' => 
  array (
    'tousername' => 'gh_8a317808696e',
    'fromusername' => 'o4s6w1E6A0twAaHWttz8QqhzcqVs',
    'createtime' => '1528767023',
    'msgtype' => 'event',
    'event' => 'subscribe',
    'eventkey' => '',
    'from' => 'o4s6w1E6A0twAaHWttz8QqhzcqVs',
    'to' => 'gh_8a317808696e',
    'time' => '1528767023',
    'type' => 'text',
    'redirection' => true,
    'source' => 'subscribe',
    'content' => '咨询',
  ),
  'module' => 'reply',
  'rule' => '15',
  'priority' => '0',
  'keyword' => 
  array (
    'id' => '21',
    'rid' => '15',
    'uniacid' => '3',
    'module' => 'reply',
    'content' => '咨询',
    'type' => '1',
    'displayorder' => '0',
    'status' => '1',
    'reply_type' => 
    array (
      0 => 'basic',
    ),
  ),
  'reply_type' => 
  array (
    0 => 'basic',
  ),
)

2018-06-12 09:30:23 response :
------------
Array:
FromUserName : gh_8a317808696e ;
ToUserName : o4s6w1E6A0twAaHWttz8QqhzcqVs ;
MsgType : text ;
Content : 欢迎关注全V健康！/可爱/可爱
点击下方“开始咨询”进入首页就可以找医生咨询啦！ ;

2018-06-12 09:31:20 trace :
------------
String:
<xml><ToUserName><![CDATA[gh_8a317808696e]]></ToUserName>
<FromUserName><![CDATA[o4s6w1EO0Y3ui4jpBLmiLiMf3AbA]]></FromUserName>
<CreateTime>1528767080</CreateTime>
<MsgType><![CDATA[event]]></MsgType>
<Event><![CDATA[subscribe]]></Event>
<EventKey><![CDATA[]]></EventKey>
</xml>

2018-06-12 09:31:20 params :
------------
String:
array (
  'message' => 
  array (
    'tousername' => 'gh_8a317808696e',
    'fromusername' => 'o4s6w1EO0Y3ui4jpBLmiLiMf3AbA',
    'createtime' => '1528767080',
    'msgtype' => 'event',
    'event' => 'subscribe',
    'eventkey' => '',
    'from' => 'o4s6w1EO0Y3ui4jpBLmiLiMf3AbA',
    'to' => 'gh_8a317808696e',
    'time' => '1528767080',
    'type' => 'text',
    'redirection' => true,
    'source' => 'subscribe',
    'content' => '咨询',
  ),
  'module' => 'reply',
  'rule' => '15',
  'priority' => '0',
  'keyword' => 
  array (
    'id' => '21',
    'rid' => '15',
    'uniacid' => '3',
    'module' => 'reply',
    'content' => '咨询',
    'type' => '1',
    'displayorder' => '0',
    'status' => '1',
    'reply_type' => 
    array (
      0 => 'basic',
    ),
  ),
  'reply_type' => 
  array (
    0 => 'basic',
  ),
)

2018-06-12 09:31:20 response :
------------
Array:
FromUserName : gh_8a317808696e ;
ToUserName : o4s6w1EO0Y3ui4jpBLmiLiMf3AbA ;
MsgType : text ;
Content : 欢迎关注全V健康！/可爱/可爱
点击下方“开始咨询”进入首页就可以找医生咨询啦！ ;

2018-06-12 09:34:46 trace :
------------
String:
<xml><ToUserName><![CDATA[gh_8a317808696e]]></ToUserName>
<FromUserName><![CDATA[o4s6w1BQeOZwzP6L9oGBH5Aq0IqU]]></FromUserName>
<CreateTime>1528767286</CreateTime>
<MsgType><![CDATA[event]]></MsgType>
<Event><![CDATA[subscribe]]></Event>
<EventKey><![CDATA[]]></EventKey>
</xml>

2018-06-12 09:34:47 params :
------------
String:
array (
  'message' => 
  array (
    'tousername' => 'gh_8a317808696e',
    'fromusername' => 'o4s6w1BQeOZwzP6L9oGBH5Aq0IqU',
    'createtime' => '1528767286',
    'msgtype' => 'event',
    'event' => 'subscribe',
    'eventkey' => '',
    'from' => 'o4s6w1BQeOZwzP6L9oGBH5Aq0IqU',
    'to' => 'gh_8a317808696e',
    'time' => '1528767286',
    'type' => 'text',
    'redirection' => true,
    'source' => 'subscribe',
    'content' => '咨询',
  ),
  'module' => 'reply',
  'rule' => '15',
  'priority' => '0',
  'keyword' => 
  array (
    'id' => '21',
    'rid' => '15',
    'uniacid' => '3',
    'module' => 'reply',
    'content' => '咨询',
    'type' => '1',
    'displayorder' => '0',
    'status' => '1',
    'reply_type' => 
    array (
      0 => 'basic',
    ),
  ),
  'reply_type' => 
  array (
    0 => 'basic',
  ),
)

2018-06-12 09:34:47 response :
------------
Array:
FromUserName : gh_8a317808696e ;
ToUserName : o4s6w1BQeOZwzP6L9oGBH5Aq0IqU ;
MsgType : text ;
Content : 欢迎关注全V健康！/可爱/可爱
点击下方“开始咨询”进入首页就可以找医生咨询啦！ ;

2018-06-12 09:41:03 trace :
------------
String:
<xml><ToUserName><![CDATA[gh_8a317808696e]]></ToUserName>
<FromUserName><![CDATA[o4s6w1OVsCsbSQiJJA9KZcnTg4TI]]></FromUserName>
<CreateTime>1528767663</CreateTime>
<MsgType><![CDATA[event]]></MsgType>
<Event><![CDATA[subscribe]]></Event>
<EventKey><![CDATA[]]></EventKey>
</xml>

2018-06-12 09:41:03 params :
------------
String:
array (
  'message' => 
  array (
    'tousername' => 'gh_8a317808696e',
    'fromusername' => 'o4s6w1OVsCsbSQiJJA9KZcnTg4TI',
    'createtime' => '1528767663',
    'msgtype' => 'event',
    'event' => 'subscribe',
    'eventkey' => '',
    'from' => 'o4s6w1OVsCsbSQiJJA9KZcnTg4TI',
    'to' => 'gh_8a317808696e',
    'time' => '1528767663',
    'type' => 'text',
    'redirection' => true,
    'source' => 'subscribe',
    'content' => '咨询',
  ),
  'module' => 'reply',
  'rule' => '15',
  'priority' => '0',
  'keyword' => 
  array (
    'id' => '21',
    'rid' => '15',
    'uniacid' => '3',
    'module' => 'reply',
    'content' => '咨询',
    'type' => '1',
    'displayorder' => '0',
    'status' => '1',
    'reply_type' => 
    array (
      0 => 'basic',
    ),
  ),
  'reply_type' => 
  array (
    0 => 'basic',
  ),
)

2018-06-12 09:41:03 response :
------------
Array:
FromUserName : gh_8a317808696e ;
ToUserName : o4s6w1OVsCsbSQiJJA9KZcnTg4TI ;
MsgType : text ;
Content : 欢迎关注全V健康！/可爱/可爱
点击下方“开始咨询”进入首页就可以找医生咨询啦！ ;

2018-06-12 09:44:27 trace :
------------
String:
<xml><ToUserName><![CDATA[gh_8a317808696e]]></ToUserName>
<FromUserName><![CDATA[o4s6w1HSi2dv7fMlI6-brJ9WKW3o]]></FromUserName>
<CreateTime>1528767866</CreateTime>
<MsgType><![CDATA[event]]></MsgType>
<Event><![CDATA[subscribe]]></Event>
<EventKey><![CDATA[]]></EventKey>
</xml>

2018-06-12 09:44:27 params :
------------
String:
array (
  'message' => 
  array (
    'tousername' => 'gh_8a317808696e',
    'fromusername' => 'o4s6w1HSi2dv7fMlI6-brJ9WKW3o',
    'createtime' => '1528767866',
    'msgtype' => 'event',
    'event' => 'subscribe',
    'eventkey' => '',
    'from' => 'o4s6w1HSi2dv7fMlI6-brJ9WKW3o',
    'to' => 'gh_8a317808696e',
    'time' => '1528767866',
    'type' => 'text',
    'redirection' => true,
    'source' => 'subscribe',
    'content' => '咨询',
  ),
  'module' => 'reply',
  'rule' => '15',
  'priority' => '0',
  'keyword' => 
  array (
    'id' => '21',
    'rid' => '15',
    'uniacid' => '3',
    'module' => 'reply',
    'content' => '咨询',
    'type' => '1',
    'displayorder' => '0',
    'status' => '1',
    'reply_type' => 
    array (
      0 => 'basic',
    ),
  ),
  'reply_type' => 
  array (
    0 => 'basic',
  ),
)

2018-06-12 09:44:27 response :
------------
Array:
FromUserName : gh_8a317808696e ;
ToUserName : o4s6w1HSi2dv7fMlI6-brJ9WKW3o ;
MsgType : text ;
Content : 欢迎关注全V健康！/可爱/可爱
点击下方“开始咨询”进入首页就可以找医生咨询啦！ ;

2018-06-12 09:57:01 trace :
------------
String:
<xml><ToUserName><![CDATA[gh_8a317808696e]]></ToUserName>
<FromUserName><![CDATA[o4s6w1AJBUTDKuGa_BYKOy8dvg7U]]></FromUserName>
<CreateTime>1528768620</CreateTime>
<MsgType><![CDATA[event]]></MsgType>
<Event><![CDATA[subscribe]]></Event>
<EventKey><![CDATA[]]></EventKey>
</xml>

2018-06-12 09:57:01 params :
------------
String:
array (
  'message' => 
  array (
    'tousername' => 'gh_8a317808696e',
    'fromusername' => 'o4s6w1AJBUTDKuGa_BYKOy8dvg7U',
    'createtime' => '1528768620',
    'msgtype' => 'event',
    'event' => 'subscribe',
    'eventkey' => '',
    'from' => 'o4s6w1AJBUTDKuGa_BYKOy8dvg7U',
    'to' => 'gh_8a317808696e',
    'time' => '1528768620',
    'type' => 'text',
    'redirection' => true,
    'source' => 'subscribe',
    'content' => '咨询',
  ),
  'module' => 'reply',
  'rule' => '15',
  'priority' => '0',
  'keyword' => 
  array (
    'id' => '21',
    'rid' => '15',
    'uniacid' => '3',
    'module' => 'reply',
    'content' => '咨询',
    'type' => '1',
    'displayorder' => '0',
    'status' => '1',
    'reply_type' => 
    array (
      0 => 'basic',
    ),
  ),
  'reply_type' => 
  array (
    0 => 'basic',
  ),
)

2018-06-12 09:57:01 response :
------------
Array:
FromUserName : gh_8a317808696e ;
ToUserName : o4s6w1AJBUTDKuGa_BYKOy8dvg7U ;
MsgType : text ;
Content : 欢迎关注全V健康！/可爱/可爱
点击下方“开始咨询”进入首页就可以找医生咨询啦！ ;

2018-06-12 09:57:52 trace :
------------
String:
<xml><ToUserName><![CDATA[gh_8a317808696e]]></ToUserName>
<FromUserName><![CDATA[o4s6w1GfCn2H5zb1-ABBe2cTDCYE]]></FromUserName>
<CreateTime>1528768672</CreateTime>
<MsgType><![CDATA[event]]></MsgType>
<Event><![CDATA[subscribe]]></Event>
<EventKey><![CDATA[]]></EventKey>
</xml>

2018-06-12 09:57:52 params :
------------
String:
array (
  'message' => 
  array (
    'tousername' => 'gh_8a317808696e',
    'fromusername' => 'o4s6w1GfCn2H5zb1-ABBe2cTDCYE',
    'createtime' => '1528768672',
    'msgtype' => 'event',
    'event' => 'subscribe',
    'eventkey' => '',
    'from' => 'o4s6w1GfCn2H5zb1-ABBe2cTDCYE',
    'to' => 'gh_8a317808696e',
    'time' => '1528768672',
    'type' => 'text',
    'redirection' => true,
    'source' => 'subscribe',
    'content' => '咨询',
  ),
  'module' => 'reply',
  'rule' => '15',
  'priority' => '0',
  'keyword' => 
  array (
    'id' => '21',
    'rid' => '15',
    'uniacid' => '3',
    'module' => 'reply',
    'content' => '咨询',
    'type' => '1',
    'displayorder' => '0',
    'status' => '1',
    'reply_type' => 
    array (
      0 => 'basic',
    ),
  ),
  'reply_type' => 
  array (
    0 => 'basic',
  ),
)

2018-06-12 09:57:52 response :
------------
Array:
FromUserName : gh_8a317808696e ;
ToUserName : o4s6w1GfCn2H5zb1-ABBe2cTDCYE ;
MsgType : text ;
Content : 欢迎关注全V健康！/可爱/可爱
点击下方“开始咨询”进入首页就可以找医生咨询啦！ ;

2018-06-12 10:04:10 trace :
------------
String:
<xml><ToUserName><![CDATA[gh_8a317808696e]]></ToUserName>
<FromUserName><![CDATA[o4s6w1AzcVkeCUVc45bsX88TRNSQ]]></FromUserName>
<CreateTime>1528769049</CreateTime>
<MsgType><![CDATA[event]]></MsgType>
<Event><![CDATA[subscribe]]></Event>
<EventKey><![CDATA[]]></EventKey>
</xml>

2018-06-12 10:04:10 params :
------------
String:
array (
  'message' => 
  array (
    'tousername' => 'gh_8a317808696e',
    'fromusername' => 'o4s6w1AzcVkeCUVc45bsX88TRNSQ',
    'createtime' => '1528769049',
    'msgtype' => 'event',
    'event' => 'subscribe',
    'eventkey' => '',
    'from' => 'o4s6w1AzcVkeCUVc45bsX88TRNSQ',
    'to' => 'gh_8a317808696e',
    'time' => '1528769049',
    'type' => 'text',
    'redirection' => true,
    'source' => 'subscribe',
    'content' => '咨询',
  ),
  'module' => 'reply',
  'rule' => '15',
  'priority' => '0',
  'keyword' => 
  array (
    'id' => '21',
    'rid' => '15',
    'uniacid' => '3',
    'module' => 'reply',
    'content' => '咨询',
    'type' => '1',
    'displayorder' => '0',
    'status' => '1',
    'reply_type' => 
    array (
      0 => 'basic',
    ),
  ),
  'reply_type' => 
  array (
    0 => 'basic',
  ),
)

2018-06-12 10:04:10 response :
------------
Array:
FromUserName : gh_8a317808696e ;
ToUserName : o4s6w1AzcVkeCUVc45bsX88TRNSQ ;
MsgType : text ;
Content : 欢迎关注全V健康！/可爱/可爱
点击下方“开始咨询”进入首页就可以找医生咨询啦！ ;

2018-06-12 10:04:52 trace :
------------
String:
<xml><ToUserName><![CDATA[gh_8a317808696e]]></ToUserName>
<FromUserName><![CDATA[o4s6w1CuqfMcVNUtRjX9IofRYMbE]]></FromUserName>
<CreateTime>1528769092</CreateTime>
<MsgType><![CDATA[event]]></MsgType>
<Event><![CDATA[subscribe]]></Event>
<EventKey><![CDATA[]]></EventKey>
</xml>

2018-06-12 10:04:53 params :
------------
String:
array (
  'message' => 
  array (
    'tousername' => 'gh_8a317808696e',
    'fromusername' => 'o4s6w1CuqfMcVNUtRjX9IofRYMbE',
    'createtime' => '1528769092',
    'msgtype' => 'event',
    'event' => 'subscribe',
    'eventkey' => '',
    'from' => 'o4s6w1CuqfMcVNUtRjX9IofRYMbE',
    'to' => 'gh_8a317808696e',
    'time' => '1528769092',
    'type' => 'text',
    'redirection' => true,
    'source' => 'subscribe',
    'content' => '咨询',
  ),
  'module' => 'reply',
  'rule' => '15',
  'priority' => '0',
  'keyword' => 
  array (
    'id' => '21',
    'rid' => '15',
    'uniacid' => '3',
    'module' => 'reply',
    'content' => '咨询',
    'type' => '1',
    'displayorder' => '0',
    'status' => '1',
    'reply_type' => 
    array (
      0 => 'basic',
    ),
  ),
  'reply_type' => 
  array (
    0 => 'basic',
  ),
)

2018-06-12 10:04:53 response :
------------
Array:
FromUserName : gh_8a317808696e ;
ToUserName : o4s6w1CuqfMcVNUtRjX9IofRYMbE ;
MsgType : text ;
Content : 欢迎关注全V健康！/可爱/可爱
点击下方“开始咨询”进入首页就可以找医生咨询啦！ ;

2018-06-12 10:06:49 trace :
------------
String:
<xml><ToUserName><![CDATA[gh_8a317808696e]]></ToUserName>
<FromUserName><![CDATA[o4s6w1AxdkE7yHeUGSOXyYwaUdsM]]></FromUserName>
<CreateTime>1528769209</CreateTime>
<MsgType><![CDATA[event]]></MsgType>
<Event><![CDATA[subscribe]]></Event>
<EventKey><![CDATA[]]></EventKey>
</xml>

2018-06-12 10:06:49 params :
------------
String:
array (
  'message' => 
  array (
    'tousername' => 'gh_8a317808696e',
    'fromusername' => 'o4s6w1AxdkE7yHeUGSOXyYwaUdsM',
    'createtime' => '1528769209',
    'msgtype' => 'event',
    'event' => 'subscribe',
    'eventkey' => '',
    'from' => 'o4s6w1AxdkE7yHeUGSOXyYwaUdsM',
    'to' => 'gh_8a317808696e',
    'time' => '1528769209',
    'type' => 'text',
    'redirection' => true,
    'source' => 'subscribe',
    'content' => '咨询',
  ),
  'module' => 'reply',
  'rule' => '15',
  'priority' => '0',
  'keyword' => 
  array (
    'id' => '21',
    'rid' => '15',
    'uniacid' => '3',
    'module' => 'reply',
    'content' => '咨询',
    'type' => '1',
    'displayorder' => '0',
    'status' => '1',
    'reply_type' => 
    array (
      0 => 'basic',
    ),
  ),
  'reply_type' => 
  array (
    0 => 'basic',
  ),
)

2018-06-12 10:06:49 response :
------------
Array:
FromUserName : gh_8a317808696e ;
ToUserName : o4s6w1AxdkE7yHeUGSOXyYwaUdsM ;
MsgType : text ;
Content : 欢迎关注全V健康！/可爱/可爱
点击下方“开始咨询”进入首页就可以找医生咨询啦！ ;

2018-06-12 10:09:11 trace :
------------
String:
<xml><ToUserName><![CDATA[gh_8a317808696e]]></ToUserName>
<FromUserName><![CDATA[o4s6w1EYaOM9ObZkiuw5SIxw2tPU]]></FromUserName>
<CreateTime>1528769351</CreateTime>
<MsgType><![CDATA[event]]></MsgType>
<Event><![CDATA[subscribe]]></Event>
<EventKey><![CDATA[]]></EventKey>
</xml>

2018-06-12 10:09:11 params :
------------
String:
array (
  'message' => 
  array (
    'tousername' => 'gh_8a317808696e',
    'fromusername' => 'o4s6w1EYaOM9ObZkiuw5SIxw2tPU',
    'createtime' => '1528769351',
    'msgtype' => 'event',
    'event' => 'subscribe',
    'eventkey' => '',
    'from' => 'o4s6w1EYaOM9ObZkiuw5SIxw2tPU',
    'to' => 'gh_8a317808696e',
    'time' => '1528769351',
    'type' => 'text',
    'redirection' => true,
    'source' => 'subscribe',
    'content' => '咨询',
  ),
  'module' => 'reply',
  'rule' => '15',
  'priority' => '0',
  'keyword' => 
  array (
    'id' => '21',
    'rid' => '15',
    'uniacid' => '3',
    'module' => 'reply',
    'content' => '咨询',
    'type' => '1',
    'displayorder' => '0',
    'status' => '1',
    'reply_type' => 
    array (
      0 => 'basic',
    ),
  ),
  'reply_type' => 
  array (
    0 => 'basic',
  ),
)

2018-06-12 10:09:11 response :
------------
Array:
FromUserName : gh_8a317808696e ;
ToUserName : o4s6w1EYaOM9ObZkiuw5SIxw2tPU ;
MsgType : text ;
Content : 欢迎关注全V健康！/可爱/可爱
点击下方“开始咨询”进入首页就可以找医生咨询啦！ ;

2018-06-12 10:26:43 trace :
------------
String:
<xml><ToUserName><![CDATA[gh_8a317808696e]]></ToUserName>
<FromUserName><![CDATA[o4s6w1AAkIP-XZ2Qbr5JaEKIm_c8]]></FromUserName>
<CreateTime>1528770403</CreateTime>
<MsgType><![CDATA[event]]></MsgType>
<Event><![CDATA[TEMPLATESENDJOBFINISH]]></Event>
<MsgID>321755670875832320</MsgID>
<Status><![CDATA[success]]></Status>
</xml>

2018-06-12 10:26:43 params :
------------
String:
array (
  'rule' => -2,
  'module' => '',
  'message' => 
  array (
    'tousername' => 'gh_8a317808696e',
    'fromusername' => 'o4s6w1AAkIP-XZ2Qbr5JaEKIm_c8',
    'createtime' => '1528770403',
    'msgtype' => 'event',
    'event' => 'TEMPLATESENDJOBFINISH',
    'msgid' => '321755670875832320',
    'status' => 'success',
    'from' => 'o4s6w1AAkIP-XZ2Qbr5JaEKIm_c8',
    'to' => 'gh_8a317808696e',
    'time' => '1528770403',
    'type' => 'event',
  ),
)

2018-06-12 10:26:43 response :
------------

2018-06-12 14:55:17 trace :
------------
String:
<xml><ToUserName><![CDATA[gh_8a317808696e]]></ToUserName>
<FromUserName><![CDATA[o4s6w1Lx0SnBbzp8HqJmMRjFqAlE]]></FromUserName>
<CreateTime>1528786517</CreateTime>
<MsgType><![CDATA[event]]></MsgType>
<Event><![CDATA[TEMPLATESENDJOBFINISH]]></Event>
<MsgID>322026013162848256</MsgID>
<Status><![CDATA[success]]></Status>
</xml>

2018-06-12 14:55:17 params :
------------
String:
array (
  'rule' => -2,
  'module' => '',
  'message' => 
  array (
    'tousername' => 'gh_8a317808696e',
    'fromusername' => 'o4s6w1Lx0SnBbzp8HqJmMRjFqAlE',
    'createtime' => '1528786517',
    'msgtype' => 'event',
    'event' => 'TEMPLATESENDJOBFINISH',
    'msgid' => '322026013162848256',
    'status' => 'success',
    'from' => 'o4s6w1Lx0SnBbzp8HqJmMRjFqAlE',
    'to' => 'gh_8a317808696e',
    'time' => '1528786517',
    'type' => 'event',
  ),
)

2018-06-12 14:55:17 response :
------------

2018-06-12 15:40:54 trace :
------------
String:
<xml><ToUserName><![CDATA[gh_8a317808696e]]></ToUserName>
<FromUserName><![CDATA[o4s6w1I7yYepqjPjd48veVqVR8-E]]></FromUserName>
<CreateTime>1528789254</CreateTime>
<MsgType><![CDATA[event]]></MsgType>
<Event><![CDATA[TEMPLATESENDJOBFINISH]]></Event>
<MsgID>322071931430174721</MsgID>
<Status><![CDATA[success]]></Status>
</xml>

2018-06-12 15:40:54 params :
------------
String:
array (
  'rule' => -2,
  'module' => '',
  'message' => 
  array (
    'tousername' => 'gh_8a317808696e',
    'fromusername' => 'o4s6w1I7yYepqjPjd48veVqVR8-E',
    'createtime' => '1528789254',
    'msgtype' => 'event',
    'event' => 'TEMPLATESENDJOBFINISH',
    'msgid' => '322071931430174721',
    'status' => 'success',
    'from' => 'o4s6w1I7yYepqjPjd48veVqVR8-E',
    'to' => 'gh_8a317808696e',
    'time' => '1528789254',
    'type' => 'event',
  ),
)

2018-06-12 15:40:54 response :
------------

2018-06-12 17:54:49 trace :
------------
String:
<xml><ToUserName><![CDATA[gh_8a317808696e]]></ToUserName>
<FromUserName><![CDATA[o4s6w1ET-GsH99VBZiISYvK5kwHE]]></FromUserName>
<CreateTime>1528797289</CreateTime>
<MsgType><![CDATA[event]]></MsgType>
<Event><![CDATA[TEMPLATESENDJOBFINISH]]></Event>
<MsgID>322206742366797824</MsgID>
<Status><![CDATA[success]]></Status>
</xml>

2018-06-12 17:54:49 params :
------------
String:
array (
  'rule' => -2,
  'module' => '',
  'message' => 
  array (
    'tousername' => 'gh_8a317808696e',
    'fromusername' => 'o4s6w1ET-GsH99VBZiISYvK5kwHE',
    'createtime' => '1528797289',
    'msgtype' => 'event',
    'event' => 'TEMPLATESENDJOBFINISH',
    'msgid' => '322206742366797824',
    'status' => 'success',
    'from' => 'o4s6w1ET-GsH99VBZiISYvK5kwHE',
    'to' => 'gh_8a317808696e',
    'time' => '1528797289',
    'type' => 'event',
  ),
)

2018-06-12 17:54:49 response :
------------

2018-06-12 18:15:52 trace :
------------
String:
<xml><ToUserName><![CDATA[gh_8a317808696e]]></ToUserName>
<FromUserName><![CDATA[o4s6w1Gf9sH4pnZWP80D2-Ns0F6s]]></FromUserName>
<CreateTime>1528798551</CreateTime>
<MsgType><![CDATA[event]]></MsgType>
<Event><![CDATA[subscribe]]></Event>
<EventKey><![CDATA[]]></EventKey>
</xml>

2018-06-12 18:15:53 params :
------------
String:
array (
  'message' => 
  array (
    'tousername' => 'gh_8a317808696e',
    'fromusername' => 'o4s6w1Gf9sH4pnZWP80D2-Ns0F6s',
    'createtime' => '1528798551',
    'msgtype' => 'event',
    'event' => 'subscribe',
    'eventkey' => '',
    'from' => 'o4s6w1Gf9sH4pnZWP80D2-Ns0F6s',
    'to' => 'gh_8a317808696e',
    'time' => '1528798551',
    'type' => 'text',
    'redirection' => true,
    'source' => 'subscribe',
    'content' => '咨询',
  ),
  'module' => 'reply',
  'rule' => '15',
  'priority' => '0',
  'keyword' => 
  array (
    'id' => '21',
    'rid' => '15',
    'uniacid' => '3',
    'module' => 'reply',
    'content' => '咨询',
    'type' => '1',
    'displayorder' => '0',
    'status' => '1',
    'reply_type' => 
    array (
      0 => 'basic',
    ),
  ),
  'reply_type' => 
  array (
    0 => 'basic',
  ),
)

2018-06-12 18:15:53 response :
------------
Array:
FromUserName : gh_8a317808696e ;
ToUserName : o4s6w1Gf9sH4pnZWP80D2-Ns0F6s ;
MsgType : text ;
Content : 欢迎关注全V健康！/可爱/可爱
点击下方“开始咨询”进入首页就可以找医生咨询啦！ ;

2018-06-12 18:27:53 trace :
------------
String:
<xml><ToUserName><![CDATA[gh_8a317808696e]]></ToUserName>
<FromUserName><![CDATA[o4s6w1Lx0SnBbzp8HqJmMRjFqAlE]]></FromUserName>
<CreateTime>1528799272</CreateTime>
<MsgType><![CDATA[event]]></MsgType>
<Event><![CDATA[TEMPLATESENDJOBFINISH]]></Event>
<MsgID>322240014102675456</MsgID>
<Status><![CDATA[success]]></Status>
</xml>

2018-06-12 18:27:53 params :
------------
String:
array (
  'rule' => -2,
  'module' => '',
  'message' => 
  array (
    'tousername' => 'gh_8a317808696e',
    'fromusername' => 'o4s6w1Lx0SnBbzp8HqJmMRjFqAlE',
    'createtime' => '1528799272',
    'msgtype' => 'event',
    'event' => 'TEMPLATESENDJOBFINISH',
    'msgid' => '322240014102675456',
    'status' => 'success',
    'from' => 'o4s6w1Lx0SnBbzp8HqJmMRjFqAlE',
    'to' => 'gh_8a317808696e',
    'time' => '1528799272',
    'type' => 'event',
  ),
)

2018-06-12 18:27:53 response :
------------

2018-06-12 19:54:34 trace :
------------
String:
<xml><ToUserName><![CDATA[gh_8a317808696e]]></ToUserName>
<FromUserName><![CDATA[o4s6w1ET-GsH99VBZiISYvK5kwHE]]></FromUserName>
<CreateTime>1528804474</CreateTime>
<MsgType><![CDATA[event]]></MsgType>
<Event><![CDATA[TEMPLATESENDJOBFINISH]]></Event>
<MsgID>322327281647370240</MsgID>
<Status><![CDATA[success]]></Status>
</xml>

2018-06-12 19:54:34 params :
------------
String:
array (
  'rule' => -2,
  'module' => '',
  'message' => 
  array (
    'tousername' => 'gh_8a317808696e',
    'fromusername' => 'o4s6w1ET-GsH99VBZiISYvK5kwHE',
    'createtime' => '1528804474',
    'msgtype' => 'event',
    'event' => 'TEMPLATESENDJOBFINISH',
    'msgid' => '322327281647370240',
    'status' => 'success',
    'from' => 'o4s6w1ET-GsH99VBZiISYvK5kwHE',
    'to' => 'gh_8a317808696e',
    'time' => '1528804474',
    'type' => 'event',
  ),
)

2018-06-12 19:54:34 response :
------------

2018-06-12 20:50:24 trace :
------------
String:
<xml><ToUserName><![CDATA[gh_8a317808696e]]></ToUserName>
<FromUserName><![CDATA[o4s6w1DEzf5uV6-GFgeTAPaExGFY]]></FromUserName>
<CreateTime>1528807824</CreateTime>
<MsgType><![CDATA[event]]></MsgType>
<Event><![CDATA[subscribe]]></Event>
<EventKey><![CDATA[]]></EventKey>
</xml>

2018-06-12 20:50:24 params :
------------
String:
array (
  'message' => 
  array (
    'tousername' => 'gh_8a317808696e',
    'fromusername' => 'o4s6w1DEzf5uV6-GFgeTAPaExGFY',
    'createtime' => '1528807824',
    'msgtype' => 'event',
    'event' => 'subscribe',
    'eventkey' => '',
    'from' => 'o4s6w1DEzf5uV6-GFgeTAPaExGFY',
    'to' => 'gh_8a317808696e',
    'time' => '1528807824',
    'type' => 'text',
    'redirection' => true,
    'source' => 'subscribe',
    'content' => '咨询',
  ),
  'module' => 'reply',
  'rule' => '15',
  'priority' => '0',
  'keyword' => 
  array (
    'id' => '21',
    'rid' => '15',
    'uniacid' => '3',
    'module' => 'reply',
    'content' => '咨询',
    'type' => '1',
    'displayorder' => '0',
    'status' => '1',
    'reply_type' => 
    array (
      0 => 'basic',
    ),
  ),
  'reply_type' => 
  array (
    0 => 'basic',
  ),
)

2018-06-12 20:50:24 response :
------------
Array:
FromUserName : gh_8a317808696e ;
ToUserName : o4s6w1DEzf5uV6-GFgeTAPaExGFY ;
MsgType : text ;
Content : 欢迎关注全V健康！/可爱/可爱
点击下方“开始咨询”进入首页就可以找医生咨询啦！ ;

2018-06-12 21:02:44 trace :
------------
String:
<xml><ToUserName><![CDATA[gh_8a317808696e]]></ToUserName>
<FromUserName><![CDATA[o4s6w1ET-GsH99VBZiISYvK5kwHE]]></FromUserName>
<CreateTime>1528808564</CreateTime>
<MsgType><![CDATA[event]]></MsgType>
<Event><![CDATA[TEMPLATESENDJOBFINISH]]></Event>
<MsgID>322395896786599936</MsgID>
<Status><![CDATA[success]]></Status>
</xml>

2018-06-12 21:02:44 params :
------------
String:
array (
  'rule' => -2,
  'module' => '',
  'message' => 
  array (
    'tousername' => 'gh_8a317808696e',
    'fromusername' => 'o4s6w1ET-GsH99VBZiISYvK5kwHE',
    'createtime' => '1528808564',
    'msgtype' => 'event',
    'event' => 'TEMPLATESENDJOBFINISH',
    'msgid' => '322395896786599936',
    'status' => 'success',
    'from' => 'o4s6w1ET-GsH99VBZiISYvK5kwHE',
    'to' => 'gh_8a317808696e',
    'time' => '1528808564',
    'type' => 'event',
  ),
)

2018-06-12 21:02:44 response :
------------

