2018-04-13 08:30:34 trace :
------------
String:
<xml><ToUserName><![CDATA[gh_3d9ec5667ec1]]></ToUserName>
<FromUserName><![CDATA[o3hgewyAB1jy2ASq-xy2PqqxUz2Q]]></FromUserName>
<CreateTime>1523579433</CreateTime>
<MsgType><![CDATA[event]]></MsgType>
<Event><![CDATA[user_view_card]]></Event>
<CardId><![CDATA[p3hgewwmNS6lAo0HM97FfGnv638c]]></CardId>
<UserCardCode><![CDATA[383068550776]]></UserCardCode>
<OuterStr><![CDATA[]]></OuterStr>
</xml>

2018-04-13 08:30:34 params :
------------
String:
array (
  'rule' => -2,
  'module' => '',
  'message' => 
  array (
    'tousername' => 'gh_3d9ec5667ec1',
    'fromusername' => 'o3hgewyAB1jy2ASq-xy2PqqxUz2Q',
    'createtime' => '1523579433',
    'msgtype' => 'event',
    'event' => 'user_view_card',
    'cardid' => 'p3hgewwmNS6lAo0HM97FfGnv638c',
    'usercardcode' => '383068550776',
    'outerstr' => '',
    'from' => 'o3hgewyAB1jy2ASq-xy2PqqxUz2Q',
    'to' => 'gh_3d9ec5667ec1',
    'time' => '1523579433',
    'type' => 'event',
  ),
)

2018-04-13 08:30:34 response :
------------

2018-04-13 12:52:06 trace :
------------
String:
<xml><ToUserName><![CDATA[gh_3d9ec5667ec1]]></ToUserName>
<FromUserName><![CDATA[o3hgew3Udk4nDd4ttLiaHExiURHQ]]></FromUserName>
<CreateTime>1523595125</CreateTime>
<MsgType><![CDATA[event]]></MsgType>
<Event><![CDATA[LOCATION]]></Event>
<Latitude>23.027298</Latitude>
<Longitude>113.342468</Longitude>
<Precision>65.000000</Precision>
</xml>

2018-04-13 12:52:06 params :
------------
String:
array (
  'message' => 
  array (
    'tousername' => 'gh_3d9ec5667ec1',
    'fromusername' => 'o3hgew3Udk4nDd4ttLiaHExiURHQ',
    'createtime' => '1523595125',
    'msgtype' => 'event',
    'event' => 'LOCATION',
    'latitude' => '23.027298',
    'longitude' => '113.342468',
    'precision' => '65.000000',
    'from' => 'o3hgew3Udk4nDd4ttLiaHExiURHQ',
    'to' => 'gh_3d9ec5667ec1',
    'time' => '1523595125',
    'type' => 'trace',
    'location_x' => '23.027298',
    'location_y' => '113.342468',
  ),
  'module' => 'default',
  'rule' => '-1',
)

2018-04-13 12:52:06 response :
------------
Array:
errno : -1 ;
message : Invaild value ;

2018-04-13 16:24:32 trace :
------------
String:
<xml><ToUserName><![CDATA[gh_3d9ec5667ec1]]></ToUserName>
<FromUserName><![CDATA[o3hgew4D4mO22k97zyMgg2Ul9Ab8]]></FromUserName>
<CreateTime>1523607871</CreateTime>
<MsgType><![CDATA[text]]></MsgType>
<Content><![CDATA[并点下底部领取会员卡]]></Content>
<MsgId>6543845978300845186</MsgId>
</xml>

2018-04-13 16:24:32 params :
------------
String:
array (
  'rule' => -2,
  'module' => '',
  'message' => 
  array (
    'tousername' => 'gh_3d9ec5667ec1',
    'fromusername' => 'o3hgew4D4mO22k97zyMgg2Ul9Ab8',
    'createtime' => '1523607871',
    'msgtype' => 'text',
    'content' => '并点下底部领取会员卡',
    'msgid' => '6543845978300845186',
    'from' => 'o3hgew4D4mO22k97zyMgg2Ul9Ab8',
    'to' => 'gh_3d9ec5667ec1',
    'time' => '1523607871',
    'type' => 'text',
    'event' => NULL,
    'redirection' => false,
    'source' => NULL,
  ),
)

2018-04-13 16:24:32 response :
------------

2018-04-13 16:26:38 trace :
------------
String:
<xml><ToUserName><![CDATA[gh_3d9ec5667ec1]]></ToUserName>
<FromUserName><![CDATA[o3hgew0SCNPWRGH1pUAfkTmrOi0w]]></FromUserName>
<CreateTime>1523607996</CreateTime>
<MsgType><![CDATA[event]]></MsgType>
<Event><![CDATA[subscribe]]></Event>
<EventKey><![CDATA[]]></EventKey>
</xml>

2018-04-13 16:26:38 params :
------------
String:
array (
  'rule' => -2,
  'module' => '',
  'message' => 
  array (
    'tousername' => 'gh_3d9ec5667ec1',
    'fromusername' => 'o3hgew0SCNPWRGH1pUAfkTmrOi0w',
    'createtime' => '1523607996',
    'msgtype' => 'event',
    'event' => 'subscribe',
    'eventkey' => '',
    'from' => 'o3hgew0SCNPWRGH1pUAfkTmrOi0w',
    'to' => 'gh_3d9ec5667ec1',
    'time' => '1523607996',
    'type' => 'text',
    'redirection' => true,
    'source' => 'subscribe',
  ),
)

2018-04-13 16:26:38 response :
------------

2018-04-13 16:26:42 trace :
------------
String:
<xml><ToUserName><![CDATA[gh_3d9ec5667ec1]]></ToUserName>
<FromUserName><![CDATA[o3hgew0SCNPWRGH1pUAfkTmrOi0w]]></FromUserName>
<CreateTime>1523608001</CreateTime>
<MsgType><![CDATA[event]]></MsgType>
<Event><![CDATA[LOCATION]]></Event>
<Latitude>30.567404</Latitude>
<Longitude>104.183601</Longitude>
<Precision>310.000000</Precision>
</xml>

2018-04-13 16:26:42 params :
------------
String:
array (
  'message' => 
  array (
    'tousername' => 'gh_3d9ec5667ec1',
    'fromusername' => 'o3hgew0SCNPWRGH1pUAfkTmrOi0w',
    'createtime' => '1523608001',
    'msgtype' => 'event',
    'event' => 'LOCATION',
    'latitude' => '30.567404',
    'longitude' => '104.183601',
    'precision' => '310.000000',
    'from' => 'o3hgew0SCNPWRGH1pUAfkTmrOi0w',
    'to' => 'gh_3d9ec5667ec1',
    'time' => '1523608001',
    'type' => 'trace',
    'location_x' => '30.567404',
    'location_y' => '104.183601',
  ),
  'module' => 'default',
  'rule' => '-1',
)

2018-04-13 16:26:42 response :
------------
Array:
errno : -1 ;
message : Invaild value ;

2018-04-13 16:28:50 trace :
------------
String:
<xml><ToUserName><![CDATA[gh_3d9ec5667ec1]]></ToUserName>
<FromUserName><![CDATA[o3hgew0SCNPWRGH1pUAfkTmrOi0w]]></FromUserName>
<CreateTime>1523608129</CreateTime>
<MsgType><![CDATA[event]]></MsgType>
<Event><![CDATA[LOCATION]]></Event>
<Latitude>30.567404</Latitude>
<Longitude>104.183601</Longitude>
<Precision>310.000000</Precision>
</xml>

2018-04-13 16:28:50 params :
------------
String:
array (
  'message' => 
  array (
    'tousername' => 'gh_3d9ec5667ec1',
    'fromusername' => 'o3hgew0SCNPWRGH1pUAfkTmrOi0w',
    'createtime' => '1523608129',
    'msgtype' => 'event',
    'event' => 'LOCATION',
    'latitude' => '30.567404',
    'longitude' => '104.183601',
    'precision' => '310.000000',
    'from' => 'o3hgew0SCNPWRGH1pUAfkTmrOi0w',
    'to' => 'gh_3d9ec5667ec1',
    'time' => '1523608129',
    'type' => 'trace',
    'location_x' => '30.567404',
    'location_y' => '104.183601',
  ),
  'module' => 'default',
  'rule' => '-1',
)

2018-04-13 16:28:50 response :
------------
Array:
errno : -1 ;
message : Invaild value ;

2018-04-13 16:29:09 trace :
------------
String:
<xml><ToUserName><![CDATA[gh_3d9ec5667ec1]]></ToUserName>
<FromUserName><![CDATA[o3hgew0SCNPWRGH1pUAfkTmrOi0w]]></FromUserName>
<CreateTime>1523608148</CreateTime>
<MsgType><![CDATA[event]]></MsgType>
<Event><![CDATA[user_get_card]]></Event>
<CardId><![CDATA[p3hgewwmNS6lAo0HM97FfGnv638c]]></CardId>
<IsGiveByFriend>0</IsGiveByFriend>
<UserCardCode><![CDATA[474343574254]]></UserCardCode>
<FriendUserName><![CDATA[]]></FriendUserName>
<OuterId>0</OuterId>
<OldUserCardCode><![CDATA[]]></OldUserCardCode>
<IsRestoreMemberCard>0</IsRestoreMemberCard>
<IsRecommendByFriend>0</IsRecommendByFriend>
<SourceScene><![CDATA[SOURCE_SCENE_QRCODE]]></SourceScene>
<UnionId><![CDATA[oAAAAAAXa8Y2KtDV3B4RT9ioWRpg]]></UnionId>
</xml>

2018-04-13 16:29:09 params :
------------
String:
array (
  'rule' => -2,
  'module' => '',
  'message' => 
  array (
    'tousername' => 'gh_3d9ec5667ec1',
    'fromusername' => 'o3hgew0SCNPWRGH1pUAfkTmrOi0w',
    'createtime' => '1523608148',
    'msgtype' => 'event',
    'event' => 'user_get_card',
    'cardid' => 'p3hgewwmNS6lAo0HM97FfGnv638c',
    'isgivebyfriend' => '0',
    'usercardcode' => '474343574254',
    'friendusername' => '',
    'outerid' => '0',
    'oldusercardcode' => '',
    'isrestoremembercard' => '0',
    'isrecommendbyfriend' => '0',
    'sourcescene' => 'SOURCE_SCENE_QRCODE',
    'unionid' => 'oAAAAAAXa8Y2KtDV3B4RT9ioWRpg',
    'from' => 'o3hgew0SCNPWRGH1pUAfkTmrOi0w',
    'to' => 'gh_3d9ec5667ec1',
    'time' => '1523608148',
    'type' => 'coupon',
  ),
)

2018-04-13 16:29:09 response :
------------

2018-04-13 16:29:10 trace :
------------
String:
<xml><ToUserName><![CDATA[gh_3d9ec5667ec1]]></ToUserName>
<FromUserName><![CDATA[o3hgew0SCNPWRGH1pUAfkTmrOi0w]]></FromUserName>
<CreateTime>1523608149</CreateTime>
<MsgType><![CDATA[event]]></MsgType>
<Event><![CDATA[user_view_card]]></Event>
<CardId><![CDATA[p3hgewwmNS6lAo0HM97FfGnv638c]]></CardId>
<UserCardCode><![CDATA[474343574254]]></UserCardCode>
<OuterStr><![CDATA[]]></OuterStr>
</xml>

2018-04-13 16:29:10 params :
------------
String:
array (
  'rule' => -2,
  'module' => '',
  'message' => 
  array (
    'tousername' => 'gh_3d9ec5667ec1',
    'fromusername' => 'o3hgew0SCNPWRGH1pUAfkTmrOi0w',
    'createtime' => '1523608149',
    'msgtype' => 'event',
    'event' => 'user_view_card',
    'cardid' => 'p3hgewwmNS6lAo0HM97FfGnv638c',
    'usercardcode' => '474343574254',
    'outerstr' => '',
    'from' => 'o3hgew0SCNPWRGH1pUAfkTmrOi0w',
    'to' => 'gh_3d9ec5667ec1',
    'time' => '1523608149',
    'type' => 'event',
  ),
)

2018-04-13 16:29:10 response :
------------

2018-04-13 16:29:18 trace :
------------
String:
<xml><ToUserName><![CDATA[gh_3d9ec5667ec1]]></ToUserName>
<FromUserName><![CDATA[o3hgew0SCNPWRGH1pUAfkTmrOi0w]]></FromUserName>
<CreateTime>1523608157</CreateTime>
<MsgType><![CDATA[event]]></MsgType>
<Event><![CDATA[LOCATION]]></Event>
<Latitude>30.567404</Latitude>
<Longitude>104.183601</Longitude>
<Precision>310.000000</Precision>
</xml>

2018-04-13 16:29:18 params :
------------
String:
array (
  'message' => 
  array (
    'tousername' => 'gh_3d9ec5667ec1',
    'fromusername' => 'o3hgew0SCNPWRGH1pUAfkTmrOi0w',
    'createtime' => '1523608157',
    'msgtype' => 'event',
    'event' => 'LOCATION',
    'latitude' => '30.567404',
    'longitude' => '104.183601',
    'precision' => '310.000000',
    'from' => 'o3hgew0SCNPWRGH1pUAfkTmrOi0w',
    'to' => 'gh_3d9ec5667ec1',
    'time' => '1523608157',
    'type' => 'trace',
    'location_x' => '30.567404',
    'location_y' => '104.183601',
  ),
  'module' => 'default',
  'rule' => '-1',
)

2018-04-13 16:29:18 response :
------------
Array:
errno : -1 ;
message : Invaild value ;

2018-04-13 16:37:59 trace :
------------
String:
<xml><ToUserName><![CDATA[gh_3d9ec5667ec1]]></ToUserName>
<FromUserName><![CDATA[o3hgew4D4mO22k97zyMgg2Ul9Ab8]]></FromUserName>
<CreateTime>1523608678</CreateTime>
<MsgType><![CDATA[event]]></MsgType>
<Event><![CDATA[user_view_card]]></Event>
<CardId><![CDATA[p3hgewwmNS6lAo0HM97FfGnv638c]]></CardId>
<UserCardCode><![CDATA[242279125086]]></UserCardCode>
<OuterStr><![CDATA[]]></OuterStr>
</xml>

2018-04-13 16:37:59 params :
------------
String:
array (
  'rule' => -2,
  'module' => '',
  'message' => 
  array (
    'tousername' => 'gh_3d9ec5667ec1',
    'fromusername' => 'o3hgew4D4mO22k97zyMgg2Ul9Ab8',
    'createtime' => '1523608678',
    'msgtype' => 'event',
    'event' => 'user_view_card',
    'cardid' => 'p3hgewwmNS6lAo0HM97FfGnv638c',
    'usercardcode' => '242279125086',
    'outerstr' => '',
    'from' => 'o3hgew4D4mO22k97zyMgg2Ul9Ab8',
    'to' => 'gh_3d9ec5667ec1',
    'time' => '1523608678',
    'type' => 'event',
  ),
)

2018-04-13 16:37:59 response :
------------

2018-04-13 17:16:52 trace :
------------
String:
<xml><ToUserName><![CDATA[gh_3d9ec5667ec1]]></ToUserName>
<FromUserName><![CDATA[o3hgew0SCNPWRGH1pUAfkTmrOi0w]]></FromUserName>
<CreateTime>1523611011</CreateTime>
<MsgType><![CDATA[event]]></MsgType>
<Event><![CDATA[LOCATION]]></Event>
<Latitude>30.565525</Latitude>
<Longitude>104.184349</Longitude>
<Precision>30.000000</Precision>
</xml>

2018-04-13 17:16:52 params :
------------
String:
array (
  'message' => 
  array (
    'tousername' => 'gh_3d9ec5667ec1',
    'fromusername' => 'o3hgew0SCNPWRGH1pUAfkTmrOi0w',
    'createtime' => '1523611011',
    'msgtype' => 'event',
    'event' => 'LOCATION',
    'latitude' => '30.565525',
    'longitude' => '104.184349',
    'precision' => '30.000000',
    'from' => 'o3hgew0SCNPWRGH1pUAfkTmrOi0w',
    'to' => 'gh_3d9ec5667ec1',
    'time' => '1523611011',
    'type' => 'trace',
    'location_x' => '30.565525',
    'location_y' => '104.184349',
  ),
  'module' => 'default',
  'rule' => '-1',
)

2018-04-13 17:16:52 response :
------------
Array:
errno : -1 ;
message : Invaild value ;

