2018-04-12 10:25:22 trace :
------------
String:
<xml><ToUserName><![CDATA[gh_3d9ec5667ec1]]></ToUserName>
<FromUserName><![CDATA[o3hgew8ZhLR5pUdb0U47JHuqcGn4]]></FromUserName>
<CreateTime>1523499920</CreateTime>
<MsgType><![CDATA[event]]></MsgType>
<Event><![CDATA[user_view_card]]></Event>
<CardId><![CDATA[p3hgewwmNS6lAo0HM97FfGnv638c]]></CardId>
<UserCardCode><![CDATA[893420326996]]></UserCardCode>
<OuterStr><![CDATA[]]></OuterStr>
</xml>

2018-04-12 10:25:22 params :
------------
String:
array (
  'rule' => -2,
  'module' => '',
  'message' => 
  array (
    'tousername' => 'gh_3d9ec5667ec1',
    'fromusername' => 'o3hgew8ZhLR5pUdb0U47JHuqcGn4',
    'createtime' => '1523499920',
    'msgtype' => 'event',
    'event' => 'user_view_card',
    'cardid' => 'p3hgewwmNS6lAo0HM97FfGnv638c',
    'usercardcode' => '893420326996',
    'outerstr' => '',
    'from' => 'o3hgew8ZhLR5pUdb0U47JHuqcGn4',
    'to' => 'gh_3d9ec5667ec1',
    'time' => '1523499920',
    'type' => 'event',
  ),
)

2018-04-12 10:25:22 response :
------------

2018-04-12 20:00:36 trace :
------------
String:
<xml><ToUserName><![CDATA[gh_3d9ec5667ec1]]></ToUserName>
<FromUserName><![CDATA[o3hgewwpSyVyzS7NLxDoSBVKHDzg]]></FromUserName>
<CreateTime>1523534435</CreateTime>
<MsgType><![CDATA[event]]></MsgType>
<Event><![CDATA[user_view_card]]></Event>
<CardId><![CDATA[p3hgew9XkkbkwPgTsmLu8YQw8Ink]]></CardId>
<UserCardCode><![CDATA[384249670997]]></UserCardCode>
<OuterStr><![CDATA[]]></OuterStr>
</xml>

2018-04-12 20:00:36 params :
------------
String:
array (
  'rule' => -2,
  'module' => '',
  'message' => 
  array (
    'tousername' => 'gh_3d9ec5667ec1',
    'fromusername' => 'o3hgewwpSyVyzS7NLxDoSBVKHDzg',
    'createtime' => '1523534435',
    'msgtype' => 'event',
    'event' => 'user_view_card',
    'cardid' => 'p3hgew9XkkbkwPgTsmLu8YQw8Ink',
    'usercardcode' => '384249670997',
    'outerstr' => '',
    'from' => 'o3hgewwpSyVyzS7NLxDoSBVKHDzg',
    'to' => 'gh_3d9ec5667ec1',
    'time' => '1523534435',
    'type' => 'event',
  ),
)

2018-04-12 20:00:36 response :
------------

