2018-07-17 06:29:46 trace :
------------
String:
<xml><ToUserName><![CDATA[gh_8a317808696e]]></ToUserName>
<FromUserName><![CDATA[o4s6w1G9eNWEJKPdHxo2uuBpYGzM]]></FromUserName>
<CreateTime>1531780186</CreateTime>
<MsgType><![CDATA[event]]></MsgType>
<Event><![CDATA[TEMPLATESENDJOBFINISH]]></Event>
<MsgID>372251440799956992</MsgID>
<Status><![CDATA[success]]></Status>
</xml>

2018-07-17 06:29:46 params :
------------
String:
array (
  'rule' => -2,
  'module' => '',
  'message' => 
  array (
    'tousername' => 'gh_8a317808696e',
    'fromusername' => 'o4s6w1G9eNWEJKPdHxo2uuBpYGzM',
    'createtime' => '1531780186',
    'msgtype' => 'event',
    'event' => 'TEMPLATESENDJOBFINISH',
    'msgid' => '372251440799956992',
    'status' => 'success',
    'from' => 'o4s6w1G9eNWEJKPdHxo2uuBpYGzM',
    'to' => 'gh_8a317808696e',
    'time' => '1531780186',
    'type' => 'event',
  ),
)

2018-07-17 06:29:46 response :
------------

2018-07-17 09:43:09 trace :
------------
String:
<xml><ToUserName><![CDATA[gh_8a317808696e]]></ToUserName>
<FromUserName><![CDATA[o4s6w1M8T4NLeZ36XVP0d6I4LiQQ]]></FromUserName>
<CreateTime>1531791789</CreateTime>
<MsgType><![CDATA[event]]></MsgType>
<Event><![CDATA[subscribe]]></Event>
<EventKey><![CDATA[]]></EventKey>
</xml>

2018-07-17 09:43:10 params :
------------
String:
array (
  'message' => 
  array (
    'tousername' => 'gh_8a317808696e',
    'fromusername' => 'o4s6w1M8T4NLeZ36XVP0d6I4LiQQ',
    'createtime' => '1531791789',
    'msgtype' => 'event',
    'event' => 'subscribe',
    'eventkey' => '',
    'from' => 'o4s6w1M8T4NLeZ36XVP0d6I4LiQQ',
    'to' => 'gh_8a317808696e',
    'time' => '1531791789',
    'type' => 'text',
    'redirection' => true,
    'source' => 'subscribe',
    'content' => '咨询',
  ),
  'module' => 'reply',
  'rule' => '15',
  'priority' => '0',
  'keyword' => 
  array (
    'id' => '21',
    'rid' => '15',
    'uniacid' => '3',
    'module' => 'reply',
    'content' => '咨询',
    'type' => '1',
    'displayorder' => '0',
    'status' => '1',
    'reply_type' => 
    array (
      0 => 'basic',
    ),
  ),
  'reply_type' => 
  array (
    0 => 'basic',
  ),
)

2018-07-17 09:43:10 response :
------------
Array:
FromUserName : gh_8a317808696e ;
ToUserName : o4s6w1M8T4NLeZ36XVP0d6I4LiQQ ;
MsgType : text ;
Content : 欢迎关注全V健康！/可爱/可爱
点击下方“开始咨询”进入首页就可以找医生咨询啦！ ;

2018-07-17 10:01:53 trace :
------------
String:
<xml><ToUserName><![CDATA[gh_8a317808696e]]></ToUserName>
<FromUserName><![CDATA[o4s6w1JaM6PtzXnFDp3J7Z9yiKtI]]></FromUserName>
<CreateTime>1531792913</CreateTime>
<MsgType><![CDATA[event]]></MsgType>
<Event><![CDATA[subscribe]]></Event>
<EventKey><![CDATA[]]></EventKey>
</xml>

2018-07-17 10:01:54 params :
------------
String:
array (
  'message' => 
  array (
    'tousername' => 'gh_8a317808696e',
    'fromusername' => 'o4s6w1JaM6PtzXnFDp3J7Z9yiKtI',
    'createtime' => '1531792913',
    'msgtype' => 'event',
    'event' => 'subscribe',
    'eventkey' => '',
    'from' => 'o4s6w1JaM6PtzXnFDp3J7Z9yiKtI',
    'to' => 'gh_8a317808696e',
    'time' => '1531792913',
    'type' => 'text',
    'redirection' => true,
    'source' => 'subscribe',
    'content' => '咨询',
  ),
  'module' => 'reply',
  'rule' => '15',
  'priority' => '0',
  'keyword' => 
  array (
    'id' => '21',
    'rid' => '15',
    'uniacid' => '3',
    'module' => 'reply',
    'content' => '咨询',
    'type' => '1',
    'displayorder' => '0',
    'status' => '1',
    'reply_type' => 
    array (
      0 => 'basic',
    ),
  ),
  'reply_type' => 
  array (
    0 => 'basic',
  ),
)

2018-07-17 10:01:54 response :
------------
Array:
FromUserName : gh_8a317808696e ;
ToUserName : o4s6w1JaM6PtzXnFDp3J7Z9yiKtI ;
MsgType : text ;
Content : 欢迎关注全V健康！/可爱/可爱
点击下方“开始咨询”进入首页就可以找医生咨询啦！ ;

2018-07-17 10:23:23 trace :
------------
String:
<xml><ToUserName><![CDATA[gh_8a317808696e]]></ToUserName>
<FromUserName><![CDATA[o4s6w1JbrPEeYJCYRAJaVxKRmXUw]]></FromUserName>
<CreateTime>1531794202</CreateTime>
<MsgType><![CDATA[event]]></MsgType>
<Event><![CDATA[subscribe]]></Event>
<EventKey><![CDATA[]]></EventKey>
</xml>

2018-07-17 10:23:24 params :
------------
String:
array (
  'message' => 
  array (
    'tousername' => 'gh_8a317808696e',
    'fromusername' => 'o4s6w1JbrPEeYJCYRAJaVxKRmXUw',
    'createtime' => '1531794202',
    'msgtype' => 'event',
    'event' => 'subscribe',
    'eventkey' => '',
    'from' => 'o4s6w1JbrPEeYJCYRAJaVxKRmXUw',
    'to' => 'gh_8a317808696e',
    'time' => '1531794202',
    'type' => 'text',
    'redirection' => true,
    'source' => 'subscribe',
    'content' => '咨询',
  ),
  'module' => 'reply',
  'rule' => '15',
  'priority' => '0',
  'keyword' => 
  array (
    'id' => '21',
    'rid' => '15',
    'uniacid' => '3',
    'module' => 'reply',
    'content' => '咨询',
    'type' => '1',
    'displayorder' => '0',
    'status' => '1',
    'reply_type' => 
    array (
      0 => 'basic',
    ),
  ),
  'reply_type' => 
  array (
    0 => 'basic',
  ),
)

2018-07-17 10:23:24 response :
------------
Array:
FromUserName : gh_8a317808696e ;
ToUserName : o4s6w1JbrPEeYJCYRAJaVxKRmXUw ;
MsgType : text ;
Content : 欢迎关注全V健康！/可爱/可爱
点击下方“开始咨询”进入首页就可以找医生咨询啦！ ;

2018-07-17 10:30:24 trace :
------------
String:
<xml><ToUserName><![CDATA[gh_8a317808696e]]></ToUserName>
<FromUserName><![CDATA[o4s6w1ICuhQS0XmO__2YxTtFpYJQ]]></FromUserName>
<CreateTime>1531794624</CreateTime>
<MsgType><![CDATA[event]]></MsgType>
<Event><![CDATA[subscribe]]></Event>
<EventKey><![CDATA[]]></EventKey>
</xml>

2018-07-17 10:30:25 params :
------------
String:
array (
  'message' => 
  array (
    'tousername' => 'gh_8a317808696e',
    'fromusername' => 'o4s6w1ICuhQS0XmO__2YxTtFpYJQ',
    'createtime' => '1531794624',
    'msgtype' => 'event',
    'event' => 'subscribe',
    'eventkey' => '',
    'from' => 'o4s6w1ICuhQS0XmO__2YxTtFpYJQ',
    'to' => 'gh_8a317808696e',
    'time' => '1531794624',
    'type' => 'text',
    'redirection' => true,
    'source' => 'subscribe',
    'content' => '咨询',
  ),
  'module' => 'reply',
  'rule' => '15',
  'priority' => '0',
  'keyword' => 
  array (
    'id' => '21',
    'rid' => '15',
    'uniacid' => '3',
    'module' => 'reply',
    'content' => '咨询',
    'type' => '1',
    'displayorder' => '0',
    'status' => '1',
    'reply_type' => 
    array (
      0 => 'basic',
    ),
  ),
  'reply_type' => 
  array (
    0 => 'basic',
  ),
)

2018-07-17 10:30:25 response :
------------
Array:
FromUserName : gh_8a317808696e ;
ToUserName : o4s6w1ICuhQS0XmO__2YxTtFpYJQ ;
MsgType : text ;
Content : 欢迎关注全V健康！/可爱/可爱
点击下方“开始咨询”进入首页就可以找医生咨询啦！ ;

2018-07-17 11:02:00 trace :
------------
String:
<xml><ToUserName><![CDATA[gh_8a317808696e]]></ToUserName>
<FromUserName><![CDATA[o4s6w1Iu-SA8m6PePC1f60QIvhGs]]></FromUserName>
<CreateTime>1531796519</CreateTime>
<MsgType><![CDATA[event]]></MsgType>
<Event><![CDATA[subscribe]]></Event>
<EventKey><![CDATA[]]></EventKey>
</xml>

2018-07-17 11:02:01 params :
------------
String:
array (
  'message' => 
  array (
    'tousername' => 'gh_8a317808696e',
    'fromusername' => 'o4s6w1Iu-SA8m6PePC1f60QIvhGs',
    'createtime' => '1531796519',
    'msgtype' => 'event',
    'event' => 'subscribe',
    'eventkey' => '',
    'from' => 'o4s6w1Iu-SA8m6PePC1f60QIvhGs',
    'to' => 'gh_8a317808696e',
    'time' => '1531796519',
    'type' => 'text',
    'redirection' => true,
    'source' => 'subscribe',
    'content' => '咨询',
  ),
  'module' => 'reply',
  'rule' => '15',
  'priority' => '0',
  'keyword' => 
  array (
    'id' => '21',
    'rid' => '15',
    'uniacid' => '3',
    'module' => 'reply',
    'content' => '咨询',
    'type' => '1',
    'displayorder' => '0',
    'status' => '1',
    'reply_type' => 
    array (
      0 => 'basic',
    ),
  ),
  'reply_type' => 
  array (
    0 => 'basic',
  ),
)

2018-07-17 11:02:01 response :
------------
Array:
FromUserName : gh_8a317808696e ;
ToUserName : o4s6w1Iu-SA8m6PePC1f60QIvhGs ;
MsgType : text ;
Content : 欢迎关注全V健康！/可爱/可爱
点击下方“开始咨询”进入首页就可以找医生咨询啦！ ;

2018-07-17 11:05:03 trace :
------------
String:
<xml><ToUserName><![CDATA[gh_8a317808696e]]></ToUserName>
<FromUserName><![CDATA[o4s6w1IoI6CUl4eR_mmlPqndEcHQ]]></FromUserName>
<CreateTime>1531796702</CreateTime>
<MsgType><![CDATA[event]]></MsgType>
<Event><![CDATA[subscribe]]></Event>
<EventKey><![CDATA[]]></EventKey>
</xml>

2018-07-17 11:05:04 params :
------------
String:
array (
  'message' => 
  array (
    'tousername' => 'gh_8a317808696e',
    'fromusername' => 'o4s6w1IoI6CUl4eR_mmlPqndEcHQ',
    'createtime' => '1531796702',
    'msgtype' => 'event',
    'event' => 'subscribe',
    'eventkey' => '',
    'from' => 'o4s6w1IoI6CUl4eR_mmlPqndEcHQ',
    'to' => 'gh_8a317808696e',
    'time' => '1531796702',
    'type' => 'text',
    'redirection' => true,
    'source' => 'subscribe',
    'content' => '咨询',
  ),
  'module' => 'reply',
  'rule' => '15',
  'priority' => '0',
  'keyword' => 
  array (
    'id' => '21',
    'rid' => '15',
    'uniacid' => '3',
    'module' => 'reply',
    'content' => '咨询',
    'type' => '1',
    'displayorder' => '0',
    'status' => '1',
    'reply_type' => 
    array (
      0 => 'basic',
    ),
  ),
  'reply_type' => 
  array (
    0 => 'basic',
  ),
)

2018-07-17 11:05:04 response :
------------
Array:
FromUserName : gh_8a317808696e ;
ToUserName : o4s6w1IoI6CUl4eR_mmlPqndEcHQ ;
MsgType : text ;
Content : 欢迎关注全V健康！/可爱/可爱
点击下方“开始咨询”进入首页就可以找医生咨询啦！ ;

2018-07-17 11:09:22 trace :
------------
String:
<xml><ToUserName><![CDATA[gh_8a317808696e]]></ToUserName>
<FromUserName><![CDATA[o4s6w1D_ZcabHQd0IlSTuwWEMkys]]></FromUserName>
<CreateTime>1531796960</CreateTime>
<MsgType><![CDATA[event]]></MsgType>
<Event><![CDATA[subscribe]]></Event>
<EventKey><![CDATA[]]></EventKey>
</xml>

2018-07-17 11:09:22 params :
------------
String:
array (
  'message' => 
  array (
    'tousername' => 'gh_8a317808696e',
    'fromusername' => 'o4s6w1D_ZcabHQd0IlSTuwWEMkys',
    'createtime' => '1531796960',
    'msgtype' => 'event',
    'event' => 'subscribe',
    'eventkey' => '',
    'from' => 'o4s6w1D_ZcabHQd0IlSTuwWEMkys',
    'to' => 'gh_8a317808696e',
    'time' => '1531796960',
    'type' => 'text',
    'redirection' => true,
    'source' => 'subscribe',
    'content' => '咨询',
  ),
  'module' => 'reply',
  'rule' => '15',
  'priority' => '0',
  'keyword' => 
  array (
    'id' => '21',
    'rid' => '15',
    'uniacid' => '3',
    'module' => 'reply',
    'content' => '咨询',
    'type' => '1',
    'displayorder' => '0',
    'status' => '1',
    'reply_type' => 
    array (
      0 => 'basic',
    ),
  ),
  'reply_type' => 
  array (
    0 => 'basic',
  ),
)

2018-07-17 11:09:22 response :
------------
Array:
FromUserName : gh_8a317808696e ;
ToUserName : o4s6w1D_ZcabHQd0IlSTuwWEMkys ;
MsgType : text ;
Content : 欢迎关注全V健康！/可爱/可爱
点击下方“开始咨询”进入首页就可以找医生咨询啦！ ;

2018-07-17 21:28:32 trace :
------------
String:
<xml><ToUserName><![CDATA[gh_8a317808696e]]></ToUserName>
<FromUserName><![CDATA[o4s6w1M8T4NLeZ36XVP0d6I4LiQQ]]></FromUserName>
<CreateTime>1531834111</CreateTime>
<MsgType><![CDATA[text]]></MsgType>
<Content><![CDATA[你好]]></Content>
<MsgId>6579177410198071420</MsgId>
</xml>

2018-07-17 21:28:32 params :
------------
String:
array (
  'rule' => -2,
  'module' => '',
  'message' => 
  array (
    'tousername' => 'gh_8a317808696e',
    'fromusername' => 'o4s6w1M8T4NLeZ36XVP0d6I4LiQQ',
    'createtime' => '1531834111',
    'msgtype' => 'text',
    'content' => '你好',
    'msgid' => '6579177410198071420',
    'from' => 'o4s6w1M8T4NLeZ36XVP0d6I4LiQQ',
    'to' => 'gh_8a317808696e',
    'time' => '1531834111',
    'type' => 'text',
    'event' => NULL,
    'redirection' => false,
    'source' => NULL,
  ),
)

2018-07-17 21:28:32 response :
------------

