2018-03-15 13:23:31 trace :
------------
String:
<xml><ToUserName><![CDATA[gh_3d9ec5667ec1]]></ToUserName>
<FromUserName><![CDATA[o3hgew9qLrWnMiUWV-0x0oD8dLYY]]></FromUserName>
<CreateTime>1521091410</CreateTime>
<MsgType><![CDATA[event]]></MsgType>
<Event><![CDATA[LOCATION]]></Event>
<Latitude>30.565676</Latitude>
<Longitude>104.184326</Longitude>
<Precision>65.000000</Precision>
</xml>

2018-03-15 13:23:31 params :
------------
String:
array (
  'message' => 
  array (
    'tousername' => 'gh_3d9ec5667ec1',
    'fromusername' => 'o3hgew9qLrWnMiUWV-0x0oD8dLYY',
    'createtime' => '1521091410',
    'msgtype' => 'event',
    'event' => 'LOCATION',
    'latitude' => '30.565676',
    'longitude' => '104.184326',
    'precision' => '65.000000',
    'from' => 'o3hgew9qLrWnMiUWV-0x0oD8dLYY',
    'to' => 'gh_3d9ec5667ec1',
    'time' => '1521091410',
    'type' => 'trace',
    'location_x' => '30.565676',
    'location_y' => '104.184326',
  ),
  'module' => 'default',
  'rule' => '-1',
)

2018-03-15 13:23:31 response :
------------
Array:
errno : -1 ;
message : Invaild value ;

2018-03-15 13:28:22 trace :
------------
String:
<xml><ToUserName><![CDATA[gh_3d9ec5667ec1]]></ToUserName>
<FromUserName><![CDATA[o3hgew5XbvFNBB72ZTOlLB8YHoGY]]></FromUserName>
<CreateTime>1521091701</CreateTime>
<MsgType><![CDATA[event]]></MsgType>
<Event><![CDATA[subscribe]]></Event>
<EventKey><![CDATA[]]></EventKey>
</xml>

2018-03-15 13:28:22 params :
------------
String:
array (
  'rule' => -2,
  'module' => '',
  'message' => 
  array (
    'tousername' => 'gh_3d9ec5667ec1',
    'fromusername' => 'o3hgew5XbvFNBB72ZTOlLB8YHoGY',
    'createtime' => '1521091701',
    'msgtype' => 'event',
    'event' => 'subscribe',
    'eventkey' => '',
    'from' => 'o3hgew5XbvFNBB72ZTOlLB8YHoGY',
    'to' => 'gh_3d9ec5667ec1',
    'time' => '1521091701',
    'type' => 'text',
    'redirection' => true,
    'source' => 'subscribe',
  ),
)

2018-03-15 13:28:22 response :
------------

2018-03-15 13:32:10 trace :
------------
String:
<xml><ToUserName><![CDATA[gh_3d9ec5667ec1]]></ToUserName>
<FromUserName><![CDATA[o3hgew4BxlxZZnrspcTnMaowNrPQ]]></FromUserName>
<CreateTime>1521091929</CreateTime>
<MsgType><![CDATA[event]]></MsgType>
<Event><![CDATA[LOCATION]]></Event>
<Latitude>30.577267</Latitude>
<Longitude>104.185219</Longitude>
<Precision>65.000000</Precision>
</xml>

2018-03-15 13:32:10 params :
------------
String:
array (
  'message' => 
  array (
    'tousername' => 'gh_3d9ec5667ec1',
    'fromusername' => 'o3hgew4BxlxZZnrspcTnMaowNrPQ',
    'createtime' => '1521091929',
    'msgtype' => 'event',
    'event' => 'LOCATION',
    'latitude' => '30.577267',
    'longitude' => '104.185219',
    'precision' => '65.000000',
    'from' => 'o3hgew4BxlxZZnrspcTnMaowNrPQ',
    'to' => 'gh_3d9ec5667ec1',
    'time' => '1521091929',
    'type' => 'trace',
    'location_x' => '30.577267',
    'location_y' => '104.185219',
  ),
  'module' => 'default',
  'rule' => '-1',
)

2018-03-15 13:32:10 response :
------------
Array:
errno : -1 ;
message : Invaild value ;

2018-03-15 13:54:40 trace :
------------
String:
<xml><ToUserName><![CDATA[gh_3d9ec5667ec1]]></ToUserName>
<FromUserName><![CDATA[o3hgew7q-j5u8jRboCOC6TDe2z_s]]></FromUserName>
<CreateTime>1521093279</CreateTime>
<MsgType><![CDATA[event]]></MsgType>
<Event><![CDATA[subscribe]]></Event>
<EventKey><![CDATA[]]></EventKey>
</xml>

2018-03-15 13:54:41 params :
------------
String:
array (
  'rule' => -2,
  'module' => '',
  'message' => 
  array (
    'tousername' => 'gh_3d9ec5667ec1',
    'fromusername' => 'o3hgew7q-j5u8jRboCOC6TDe2z_s',
    'createtime' => '1521093279',
    'msgtype' => 'event',
    'event' => 'subscribe',
    'eventkey' => '',
    'from' => 'o3hgew7q-j5u8jRboCOC6TDe2z_s',
    'to' => 'gh_3d9ec5667ec1',
    'time' => '1521093279',
    'type' => 'text',
    'redirection' => true,
    'source' => 'subscribe',
  ),
)

2018-03-15 13:54:41 response :
------------

2018-03-15 13:54:46 trace :
------------
String:
<xml><ToUserName><![CDATA[gh_3d9ec5667ec1]]></ToUserName>
<FromUserName><![CDATA[o3hgew7q-j5u8jRboCOC6TDe2z_s]]></FromUserName>
<CreateTime>1521093285</CreateTime>
<MsgType><![CDATA[event]]></MsgType>
<Event><![CDATA[LOCATION]]></Event>
<Latitude>23.396212</Latitude>
<Longitude>113.238831</Longitude>
<Precision>65.000000</Precision>
</xml>

2018-03-15 13:54:46 params :
------------
String:
array (
  'message' => 
  array (
    'tousername' => 'gh_3d9ec5667ec1',
    'fromusername' => 'o3hgew7q-j5u8jRboCOC6TDe2z_s',
    'createtime' => '1521093285',
    'msgtype' => 'event',
    'event' => 'LOCATION',
    'latitude' => '23.396212',
    'longitude' => '113.238831',
    'precision' => '65.000000',
    'from' => 'o3hgew7q-j5u8jRboCOC6TDe2z_s',
    'to' => 'gh_3d9ec5667ec1',
    'time' => '1521093285',
    'type' => 'trace',
    'location_x' => '23.396212',
    'location_y' => '113.238831',
  ),
  'module' => 'default',
  'rule' => '-1',
)

2018-03-15 13:54:46 response :
------------
Array:
errno : -1 ;
message : Invaild value ;

2018-03-15 13:57:28 trace :
------------
String:
<xml><ToUserName><![CDATA[gh_3d9ec5667ec1]]></ToUserName>
<FromUserName><![CDATA[o3hgew9qLrWnMiUWV-0x0oD8dLYY]]></FromUserName>
<CreateTime>1521093447</CreateTime>
<MsgType><![CDATA[event]]></MsgType>
<Event><![CDATA[LOCATION]]></Event>
<Latitude>30.565668</Latitude>
<Longitude>104.184326</Longitude>
<Precision>65.000000</Precision>
</xml>

2018-03-15 13:57:28 params :
------------
String:
array (
  'message' => 
  array (
    'tousername' => 'gh_3d9ec5667ec1',
    'fromusername' => 'o3hgew9qLrWnMiUWV-0x0oD8dLYY',
    'createtime' => '1521093447',
    'msgtype' => 'event',
    'event' => 'LOCATION',
    'latitude' => '30.565668',
    'longitude' => '104.184326',
    'precision' => '65.000000',
    'from' => 'o3hgew9qLrWnMiUWV-0x0oD8dLYY',
    'to' => 'gh_3d9ec5667ec1',
    'time' => '1521093447',
    'type' => 'trace',
    'location_x' => '30.565668',
    'location_y' => '104.184326',
  ),
  'module' => 'default',
  'rule' => '-1',
)

2018-03-15 13:57:28 response :
------------
Array:
errno : -1 ;
message : Invaild value ;

2018-03-15 13:57:34 trace :
------------
String:
<xml><ToUserName><![CDATA[gh_3d9ec5667ec1]]></ToUserName>
<FromUserName><![CDATA[o3hgew9qLrWnMiUWV-0x0oD8dLYY]]></FromUserName>
<CreateTime>1521093453</CreateTime>
<MsgType><![CDATA[event]]></MsgType>
<Event><![CDATA[LOCATION]]></Event>
<Latitude>30.565626</Latitude>
<Longitude>104.184334</Longitude>
<Precision>65.000000</Precision>
</xml>

2018-03-15 13:57:34 params :
------------
String:
array (
  'message' => 
  array (
    'tousername' => 'gh_3d9ec5667ec1',
    'fromusername' => 'o3hgew9qLrWnMiUWV-0x0oD8dLYY',
    'createtime' => '1521093453',
    'msgtype' => 'event',
    'event' => 'LOCATION',
    'latitude' => '30.565626',
    'longitude' => '104.184334',
    'precision' => '65.000000',
    'from' => 'o3hgew9qLrWnMiUWV-0x0oD8dLYY',
    'to' => 'gh_3d9ec5667ec1',
    'time' => '1521093453',
    'type' => 'trace',
    'location_x' => '30.565626',
    'location_y' => '104.184334',
  ),
  'module' => 'default',
  'rule' => '-1',
)

2018-03-15 13:57:34 response :
------------
Array:
errno : -1 ;
message : Invaild value ;

2018-03-15 14:06:18 trace :
------------
String:
<xml><ToUserName><![CDATA[gh_3d9ec5667ec1]]></ToUserName>
<FromUserName><![CDATA[o3hgew7nn1pEybsc4YXvm3kSTdVE]]></FromUserName>
<CreateTime>1521093977</CreateTime>
<MsgType><![CDATA[event]]></MsgType>
<Event><![CDATA[subscribe]]></Event>
<EventKey><![CDATA[]]></EventKey>
</xml>

2018-03-15 14:06:19 params :
------------
String:
array (
  'rule' => -2,
  'module' => '',
  'message' => 
  array (
    'tousername' => 'gh_3d9ec5667ec1',
    'fromusername' => 'o3hgew7nn1pEybsc4YXvm3kSTdVE',
    'createtime' => '1521093977',
    'msgtype' => 'event',
    'event' => 'subscribe',
    'eventkey' => '',
    'from' => 'o3hgew7nn1pEybsc4YXvm3kSTdVE',
    'to' => 'gh_3d9ec5667ec1',
    'time' => '1521093977',
    'type' => 'text',
    'redirection' => true,
    'source' => 'subscribe',
  ),
)

2018-03-15 14:06:19 response :
------------

2018-03-15 14:06:21 trace :
------------
String:
<xml><ToUserName><![CDATA[gh_3d9ec5667ec1]]></ToUserName>
<FromUserName><![CDATA[o3hgew7nn1pEybsc4YXvm3kSTdVE]]></FromUserName>
<CreateTime>1521093980</CreateTime>
<MsgType><![CDATA[event]]></MsgType>
<Event><![CDATA[LOCATION]]></Event>
<Latitude>23.396210</Latitude>
<Longitude>113.238853</Longitude>
<Precision>65.000000</Precision>
</xml>

2018-03-15 14:06:21 params :
------------
String:
array (
  'message' => 
  array (
    'tousername' => 'gh_3d9ec5667ec1',
    'fromusername' => 'o3hgew7nn1pEybsc4YXvm3kSTdVE',
    'createtime' => '1521093980',
    'msgtype' => 'event',
    'event' => 'LOCATION',
    'latitude' => '23.396210',
    'longitude' => '113.238853',
    'precision' => '65.000000',
    'from' => 'o3hgew7nn1pEybsc4YXvm3kSTdVE',
    'to' => 'gh_3d9ec5667ec1',
    'time' => '1521093980',
    'type' => 'trace',
    'location_x' => '23.396210',
    'location_y' => '113.238853',
  ),
  'module' => 'default',
  'rule' => '-1',
)

2018-03-15 14:06:21 response :
------------
Array:
errno : -1 ;
message : Invaild value ;

2018-03-15 14:06:31 trace :
------------
String:
<xml><ToUserName><![CDATA[gh_3d9ec5667ec1]]></ToUserName>
<FromUserName><![CDATA[o3hgew7nn1pEybsc4YXvm3kSTdVE]]></FromUserName>
<CreateTime>1521093990</CreateTime>
<MsgType><![CDATA[event]]></MsgType>
<Event><![CDATA[user_get_card]]></Event>
<CardId><![CDATA[p3hgewwmNS6lAo0HM97FfGnv638c]]></CardId>
<IsGiveByFriend>0</IsGiveByFriend>
<UserCardCode><![CDATA[639622049725]]></UserCardCode>
<FriendUserName><![CDATA[]]></FriendUserName>
<OuterId>0</OuterId>
<OldUserCardCode><![CDATA[]]></OldUserCardCode>
<IsRestoreMemberCard>0</IsRestoreMemberCard>
<IsRecommendByFriend>0</IsRecommendByFriend>
<SourceScene><![CDATA[SOURCE_SCENE_QRCODE]]></SourceScene>
<UnionId><![CDATA[oAAAAANDZS9n_pNlMTBZIbVQQNws]]></UnionId>
</xml>

2018-03-15 14:06:31 params :
------------
String:
array (
  'rule' => -2,
  'module' => '',
  'message' => 
  array (
    'tousername' => 'gh_3d9ec5667ec1',
    'fromusername' => 'o3hgew7nn1pEybsc4YXvm3kSTdVE',
    'createtime' => '1521093990',
    'msgtype' => 'event',
    'event' => 'user_get_card',
    'cardid' => 'p3hgewwmNS6lAo0HM97FfGnv638c',
    'isgivebyfriend' => '0',
    'usercardcode' => '639622049725',
    'friendusername' => '',
    'outerid' => '0',
    'oldusercardcode' => '',
    'isrestoremembercard' => '0',
    'isrecommendbyfriend' => '0',
    'sourcescene' => 'SOURCE_SCENE_QRCODE',
    'unionid' => 'oAAAAANDZS9n_pNlMTBZIbVQQNws',
    'from' => 'o3hgew7nn1pEybsc4YXvm3kSTdVE',
    'to' => 'gh_3d9ec5667ec1',
    'time' => '1521093990',
    'type' => 'coupon',
  ),
)

2018-03-15 14:06:31 response :
------------

2018-03-15 14:06:31 trace :
------------
String:
<xml><ToUserName><![CDATA[gh_3d9ec5667ec1]]></ToUserName>
<FromUserName><![CDATA[o3hgew7nn1pEybsc4YXvm3kSTdVE]]></FromUserName>
<CreateTime>1521093990</CreateTime>
<MsgType><![CDATA[event]]></MsgType>
<Event><![CDATA[user_view_card]]></Event>
<CardId><![CDATA[p3hgewwmNS6lAo0HM97FfGnv638c]]></CardId>
<UserCardCode><![CDATA[639622049725]]></UserCardCode>
<OuterStr><![CDATA[]]></OuterStr>
</xml>

2018-03-15 14:06:31 params :
------------
String:
array (
  'rule' => -2,
  'module' => '',
  'message' => 
  array (
    'tousername' => 'gh_3d9ec5667ec1',
    'fromusername' => 'o3hgew7nn1pEybsc4YXvm3kSTdVE',
    'createtime' => '1521093990',
    'msgtype' => 'event',
    'event' => 'user_view_card',
    'cardid' => 'p3hgewwmNS6lAo0HM97FfGnv638c',
    'usercardcode' => '639622049725',
    'outerstr' => '',
    'from' => 'o3hgew7nn1pEybsc4YXvm3kSTdVE',
    'to' => 'gh_3d9ec5667ec1',
    'time' => '1521093990',
    'type' => 'event',
  ),
)

2018-03-15 14:06:31 response :
------------

2018-03-15 14:08:46 trace :
------------
String:
<xml><ToUserName><![CDATA[gh_3d9ec5667ec1]]></ToUserName>
<FromUserName><![CDATA[o3hgew1PdhML7LTd4oOX620bagpU]]></FromUserName>
<CreateTime>1521094125</CreateTime>
<MsgType><![CDATA[event]]></MsgType>
<Event><![CDATA[subscribe]]></Event>
<EventKey><![CDATA[]]></EventKey>
</xml>

2018-03-15 14:08:47 params :
------------
String:
array (
  'rule' => -2,
  'module' => '',
  'message' => 
  array (
    'tousername' => 'gh_3d9ec5667ec1',
    'fromusername' => 'o3hgew1PdhML7LTd4oOX620bagpU',
    'createtime' => '1521094125',
    'msgtype' => 'event',
    'event' => 'subscribe',
    'eventkey' => '',
    'from' => 'o3hgew1PdhML7LTd4oOX620bagpU',
    'to' => 'gh_3d9ec5667ec1',
    'time' => '1521094125',
    'type' => 'text',
    'redirection' => true,
    'source' => 'subscribe',
  ),
)

2018-03-15 14:08:47 response :
------------

2018-03-15 14:08:48 trace :
------------
String:
<xml><ToUserName><![CDATA[gh_3d9ec5667ec1]]></ToUserName>
<FromUserName><![CDATA[o3hgew1PdhML7LTd4oOX620bagpU]]></FromUserName>
<CreateTime>1521094127</CreateTime>
<MsgType><![CDATA[event]]></MsgType>
<Event><![CDATA[LOCATION]]></Event>
<Latitude>23.396217</Latitude>
<Longitude>113.238846</Longitude>
<Precision>65.000000</Precision>
</xml>

2018-03-15 14:08:48 params :
------------
String:
array (
  'message' => 
  array (
    'tousername' => 'gh_3d9ec5667ec1',
    'fromusername' => 'o3hgew1PdhML7LTd4oOX620bagpU',
    'createtime' => '1521094127',
    'msgtype' => 'event',
    'event' => 'LOCATION',
    'latitude' => '23.396217',
    'longitude' => '113.238846',
    'precision' => '65.000000',
    'from' => 'o3hgew1PdhML7LTd4oOX620bagpU',
    'to' => 'gh_3d9ec5667ec1',
    'time' => '1521094127',
    'type' => 'trace',
    'location_x' => '23.396217',
    'location_y' => '113.238846',
  ),
  'module' => 'default',
  'rule' => '-1',
)

2018-03-15 14:08:48 response :
------------
Array:
errno : -1 ;
message : Invaild value ;

2018-03-15 14:09:05 trace :
------------
String:
<xml><ToUserName><![CDATA[gh_3d9ec5667ec1]]></ToUserName>
<FromUserName><![CDATA[o3hgew7dFMmYv95RAnGI5IjW9wxg]]></FromUserName>
<CreateTime>1521094144</CreateTime>
<MsgType><![CDATA[event]]></MsgType>
<Event><![CDATA[subscribe]]></Event>
<EventKey><![CDATA[]]></EventKey>
</xml>

2018-03-15 14:09:05 params :
------------
String:
array (
  'rule' => -2,
  'module' => '',
  'message' => 
  array (
    'tousername' => 'gh_3d9ec5667ec1',
    'fromusername' => 'o3hgew7dFMmYv95RAnGI5IjW9wxg',
    'createtime' => '1521094144',
    'msgtype' => 'event',
    'event' => 'subscribe',
    'eventkey' => '',
    'from' => 'o3hgew7dFMmYv95RAnGI5IjW9wxg',
    'to' => 'gh_3d9ec5667ec1',
    'time' => '1521094144',
    'type' => 'text',
    'redirection' => true,
    'source' => 'subscribe',
  ),
)

2018-03-15 14:09:05 response :
------------

2018-03-15 14:09:08 trace :
------------
String:
<xml><ToUserName><![CDATA[gh_3d9ec5667ec1]]></ToUserName>
<FromUserName><![CDATA[o3hgew1PdhML7LTd4oOX620bagpU]]></FromUserName>
<CreateTime>1521094147</CreateTime>
<MsgType><![CDATA[event]]></MsgType>
<Event><![CDATA[user_get_card]]></Event>
<CardId><![CDATA[p3hgewwmNS6lAo0HM97FfGnv638c]]></CardId>
<IsGiveByFriend>0</IsGiveByFriend>
<UserCardCode><![CDATA[767752349467]]></UserCardCode>
<FriendUserName><![CDATA[]]></FriendUserName>
<OuterId>0</OuterId>
<OldUserCardCode><![CDATA[]]></OldUserCardCode>
<IsRestoreMemberCard>0</IsRestoreMemberCard>
<IsRecommendByFriend>0</IsRecommendByFriend>
<SourceScene><![CDATA[SOURCE_SCENE_QRCODE]]></SourceScene>
<UnionId><![CDATA[oAAAAAJREz7TPRJjWNjd58-VwODI]]></UnionId>
</xml>

2018-03-15 14:09:08 params :
------------
String:
array (
  'rule' => -2,
  'module' => '',
  'message' => 
  array (
    'tousername' => 'gh_3d9ec5667ec1',
    'fromusername' => 'o3hgew1PdhML7LTd4oOX620bagpU',
    'createtime' => '1521094147',
    'msgtype' => 'event',
    'event' => 'user_get_card',
    'cardid' => 'p3hgewwmNS6lAo0HM97FfGnv638c',
    'isgivebyfriend' => '0',
    'usercardcode' => '767752349467',
    'friendusername' => '',
    'outerid' => '0',
    'oldusercardcode' => '',
    'isrestoremembercard' => '0',
    'isrecommendbyfriend' => '0',
    'sourcescene' => 'SOURCE_SCENE_QRCODE',
    'unionid' => 'oAAAAAJREz7TPRJjWNjd58-VwODI',
    'from' => 'o3hgew1PdhML7LTd4oOX620bagpU',
    'to' => 'gh_3d9ec5667ec1',
    'time' => '1521094147',
    'type' => 'coupon',
  ),
)

2018-03-15 14:09:08 response :
------------

2018-03-15 14:09:08 trace :
------------
String:
<xml><ToUserName><![CDATA[gh_3d9ec5667ec1]]></ToUserName>
<FromUserName><![CDATA[o3hgew1PdhML7LTd4oOX620bagpU]]></FromUserName>
<CreateTime>1521094147</CreateTime>
<MsgType><![CDATA[event]]></MsgType>
<Event><![CDATA[user_view_card]]></Event>
<CardId><![CDATA[p3hgewwmNS6lAo0HM97FfGnv638c]]></CardId>
<UserCardCode><![CDATA[767752349467]]></UserCardCode>
<OuterStr><![CDATA[]]></OuterStr>
</xml>

2018-03-15 14:09:08 params :
------------
String:
array (
  'rule' => -2,
  'module' => '',
  'message' => 
  array (
    'tousername' => 'gh_3d9ec5667ec1',
    'fromusername' => 'o3hgew1PdhML7LTd4oOX620bagpU',
    'createtime' => '1521094147',
    'msgtype' => 'event',
    'event' => 'user_view_card',
    'cardid' => 'p3hgewwmNS6lAo0HM97FfGnv638c',
    'usercardcode' => '767752349467',
    'outerstr' => '',
    'from' => 'o3hgew1PdhML7LTd4oOX620bagpU',
    'to' => 'gh_3d9ec5667ec1',
    'time' => '1521094147',
    'type' => 'event',
  ),
)

2018-03-15 14:09:08 response :
------------

2018-03-15 14:10:21 trace :
------------
String:
<xml><ToUserName><![CDATA[gh_3d9ec5667ec1]]></ToUserName>
<FromUserName><![CDATA[o3hgew4xK9OuMcE9N34igurbHr0s]]></FromUserName>
<CreateTime>1521094220</CreateTime>
<MsgType><![CDATA[event]]></MsgType>
<Event><![CDATA[subscribe]]></Event>
<EventKey><![CDATA[]]></EventKey>
</xml>

2018-03-15 14:10:21 params :
------------
String:
array (
  'rule' => -2,
  'module' => '',
  'message' => 
  array (
    'tousername' => 'gh_3d9ec5667ec1',
    'fromusername' => 'o3hgew4xK9OuMcE9N34igurbHr0s',
    'createtime' => '1521094220',
    'msgtype' => 'event',
    'event' => 'subscribe',
    'eventkey' => '',
    'from' => 'o3hgew4xK9OuMcE9N34igurbHr0s',
    'to' => 'gh_3d9ec5667ec1',
    'time' => '1521094220',
    'type' => 'text',
    'redirection' => true,
    'source' => 'subscribe',
  ),
)

2018-03-15 14:10:21 response :
------------

2018-03-15 14:10:40 trace :
------------
String:
<xml><ToUserName><![CDATA[gh_3d9ec5667ec1]]></ToUserName>
<FromUserName><![CDATA[o3hgew4xK9OuMcE9N34igurbHr0s]]></FromUserName>
<CreateTime>1521094239</CreateTime>
<MsgType><![CDATA[event]]></MsgType>
<Event><![CDATA[LOCATION]]></Event>
<Latitude>23.396236</Latitude>
<Longitude>113.239006</Longitude>
<Precision>30.000000</Precision>
</xml>

2018-03-15 14:10:40 params :
------------
String:
array (
  'message' => 
  array (
    'tousername' => 'gh_3d9ec5667ec1',
    'fromusername' => 'o3hgew4xK9OuMcE9N34igurbHr0s',
    'createtime' => '1521094239',
    'msgtype' => 'event',
    'event' => 'LOCATION',
    'latitude' => '23.396236',
    'longitude' => '113.239006',
    'precision' => '30.000000',
    'from' => 'o3hgew4xK9OuMcE9N34igurbHr0s',
    'to' => 'gh_3d9ec5667ec1',
    'time' => '1521094239',
    'type' => 'trace',
    'location_x' => '23.396236',
    'location_y' => '113.239006',
  ),
  'module' => 'default',
  'rule' => '-1',
)

2018-03-15 14:10:40 response :
------------
Array:
errno : -1 ;
message : Invaild value ;

2018-03-15 14:23:35 trace :
------------
String:
<xml><ToUserName><![CDATA[gh_3d9ec5667ec1]]></ToUserName>
<FromUserName><![CDATA[o3hgew9qLrWnMiUWV-0x0oD8dLYY]]></FromUserName>
<CreateTime>1521095014</CreateTime>
<MsgType><![CDATA[event]]></MsgType>
<Event><![CDATA[LOCATION]]></Event>
<Latitude>30.565660</Latitude>
<Longitude>104.184341</Longitude>
<Precision>65.000000</Precision>
</xml>

2018-03-15 14:23:35 params :
------------
String:
array (
  'message' => 
  array (
    'tousername' => 'gh_3d9ec5667ec1',
    'fromusername' => 'o3hgew9qLrWnMiUWV-0x0oD8dLYY',
    'createtime' => '1521095014',
    'msgtype' => 'event',
    'event' => 'LOCATION',
    'latitude' => '30.565660',
    'longitude' => '104.184341',
    'precision' => '65.000000',
    'from' => 'o3hgew9qLrWnMiUWV-0x0oD8dLYY',
    'to' => 'gh_3d9ec5667ec1',
    'time' => '1521095014',
    'type' => 'trace',
    'location_x' => '30.565660',
    'location_y' => '104.184341',
  ),
  'module' => 'default',
  'rule' => '-1',
)

2018-03-15 14:23:35 response :
------------
Array:
errno : -1 ;
message : Invaild value ;

2018-03-15 14:55:29 trace :
------------
String:
<xml><ToUserName><![CDATA[gh_3d9ec5667ec1]]></ToUserName>
<FromUserName><![CDATA[o3hgew8lQQTItf1cfpSjgNtqJgOQ]]></FromUserName>
<CreateTime>1521096928</CreateTime>
<MsgType><![CDATA[event]]></MsgType>
<Event><![CDATA[subscribe]]></Event>
<EventKey><![CDATA[]]></EventKey>
</xml>

2018-03-15 14:55:29 params :
------------
String:
array (
  'rule' => -2,
  'module' => '',
  'message' => 
  array (
    'tousername' => 'gh_3d9ec5667ec1',
    'fromusername' => 'o3hgew8lQQTItf1cfpSjgNtqJgOQ',
    'createtime' => '1521096928',
    'msgtype' => 'event',
    'event' => 'subscribe',
    'eventkey' => '',
    'from' => 'o3hgew8lQQTItf1cfpSjgNtqJgOQ',
    'to' => 'gh_3d9ec5667ec1',
    'time' => '1521096928',
    'type' => 'text',
    'redirection' => true,
    'source' => 'subscribe',
  ),
)

2018-03-15 14:55:29 response :
------------

2018-03-15 14:55:31 trace :
------------
String:
<xml><ToUserName><![CDATA[gh_3d9ec5667ec1]]></ToUserName>
<FromUserName><![CDATA[o3hgew8lQQTItf1cfpSjgNtqJgOQ]]></FromUserName>
<CreateTime>1521096930</CreateTime>
<MsgType><![CDATA[event]]></MsgType>
<Event><![CDATA[LOCATION]]></Event>
<Latitude>23.396435</Latitude>
<Longitude>113.238945</Longitude>
<Precision>10.000000</Precision>
</xml>

2018-03-15 14:55:32 params :
------------
String:
array (
  'message' => 
  array (
    'tousername' => 'gh_3d9ec5667ec1',
    'fromusername' => 'o3hgew8lQQTItf1cfpSjgNtqJgOQ',
    'createtime' => '1521096930',
    'msgtype' => 'event',
    'event' => 'LOCATION',
    'latitude' => '23.396435',
    'longitude' => '113.238945',
    'precision' => '10.000000',
    'from' => 'o3hgew8lQQTItf1cfpSjgNtqJgOQ',
    'to' => 'gh_3d9ec5667ec1',
    'time' => '1521096930',
    'type' => 'trace',
    'location_x' => '23.396435',
    'location_y' => '113.238945',
  ),
  'module' => 'default',
  'rule' => '-1',
)

2018-03-15 14:55:32 response :
------------
Array:
errno : -1 ;
message : Invaild value ;

2018-03-15 15:07:58 trace :
------------
String:
<xml><ToUserName><![CDATA[gh_3d9ec5667ec1]]></ToUserName>
<FromUserName><![CDATA[o3hgew1o8XUzVwvnq9t_wjOi2wJo]]></FromUserName>
<CreateTime>1521097677</CreateTime>
<MsgType><![CDATA[event]]></MsgType>
<Event><![CDATA[subscribe]]></Event>
<EventKey><![CDATA[]]></EventKey>
</xml>

2018-03-15 15:07:59 params :
------------
String:
array (
  'rule' => -2,
  'module' => '',
  'message' => 
  array (
    'tousername' => 'gh_3d9ec5667ec1',
    'fromusername' => 'o3hgew1o8XUzVwvnq9t_wjOi2wJo',
    'createtime' => '1521097677',
    'msgtype' => 'event',
    'event' => 'subscribe',
    'eventkey' => '',
    'from' => 'o3hgew1o8XUzVwvnq9t_wjOi2wJo',
    'to' => 'gh_3d9ec5667ec1',
    'time' => '1521097677',
    'type' => 'text',
    'redirection' => true,
    'source' => 'subscribe',
  ),
)

2018-03-15 15:07:59 response :
------------

2018-03-15 15:08:01 trace :
------------
String:
<xml><ToUserName><![CDATA[gh_3d9ec5667ec1]]></ToUserName>
<FromUserName><![CDATA[o3hgew1o8XUzVwvnq9t_wjOi2wJo]]></FromUserName>
<CreateTime>1521097679</CreateTime>
<MsgType><![CDATA[event]]></MsgType>
<Event><![CDATA[LOCATION]]></Event>
<Latitude>23.396313</Latitude>
<Longitude>113.239052</Longitude>
<Precision>310.000000</Precision>
</xml>

2018-03-15 15:08:01 params :
------------
String:
array (
  'message' => 
  array (
    'tousername' => 'gh_3d9ec5667ec1',
    'fromusername' => 'o3hgew1o8XUzVwvnq9t_wjOi2wJo',
    'createtime' => '1521097679',
    'msgtype' => 'event',
    'event' => 'LOCATION',
    'latitude' => '23.396313',
    'longitude' => '113.239052',
    'precision' => '310.000000',
    'from' => 'o3hgew1o8XUzVwvnq9t_wjOi2wJo',
    'to' => 'gh_3d9ec5667ec1',
    'time' => '1521097679',
    'type' => 'trace',
    'location_x' => '23.396313',
    'location_y' => '113.239052',
  ),
  'module' => 'default',
  'rule' => '-1',
)

2018-03-15 15:08:01 response :
------------
Array:
errno : -1 ;
message : Invaild value ;

2018-03-15 15:38:53 trace :
------------
String:
<xml><ToUserName><![CDATA[gh_3d9ec5667ec1]]></ToUserName>
<FromUserName><![CDATA[o3hgew8RXcMoheyTbIIlLogCRzQw]]></FromUserName>
<CreateTime>1521099531</CreateTime>
<MsgType><![CDATA[event]]></MsgType>
<Event><![CDATA[subscribe]]></Event>
<EventKey><![CDATA[]]></EventKey>
</xml>

2018-03-15 15:38:54 params :
------------
String:
array (
  'rule' => -2,
  'module' => '',
  'message' => 
  array (
    'tousername' => 'gh_3d9ec5667ec1',
    'fromusername' => 'o3hgew8RXcMoheyTbIIlLogCRzQw',
    'createtime' => '1521099531',
    'msgtype' => 'event',
    'event' => 'subscribe',
    'eventkey' => '',
    'from' => 'o3hgew8RXcMoheyTbIIlLogCRzQw',
    'to' => 'gh_3d9ec5667ec1',
    'time' => '1521099531',
    'type' => 'text',
    'redirection' => true,
    'source' => 'subscribe',
  ),
)

2018-03-15 15:38:54 response :
------------

2018-03-15 15:38:56 trace :
------------
String:
<xml><ToUserName><![CDATA[gh_3d9ec5667ec1]]></ToUserName>
<FromUserName><![CDATA[o3hgew8RXcMoheyTbIIlLogCRzQw]]></FromUserName>
<CreateTime>1521099535</CreateTime>
<MsgType><![CDATA[event]]></MsgType>
<Event><![CDATA[LOCATION]]></Event>
<Latitude>23.396339</Latitude>
<Longitude>113.238953</Longitude>
<Precision>43.000000</Precision>
</xml>

2018-03-15 15:38:56 params :
------------
String:
array (
  'message' => 
  array (
    'tousername' => 'gh_3d9ec5667ec1',
    'fromusername' => 'o3hgew8RXcMoheyTbIIlLogCRzQw',
    'createtime' => '1521099535',
    'msgtype' => 'event',
    'event' => 'LOCATION',
    'latitude' => '23.396339',
    'longitude' => '113.238953',
    'precision' => '43.000000',
    'from' => 'o3hgew8RXcMoheyTbIIlLogCRzQw',
    'to' => 'gh_3d9ec5667ec1',
    'time' => '1521099535',
    'type' => 'trace',
    'location_x' => '23.396339',
    'location_y' => '113.238953',
  ),
  'module' => 'default',
  'rule' => '-1',
)

2018-03-15 15:38:56 response :
------------
Array:
errno : -1 ;
message : Invaild value ;

2018-03-15 15:39:17 trace :
------------
String:
<xml><ToUserName><![CDATA[gh_3d9ec5667ec1]]></ToUserName>
<FromUserName><![CDATA[o3hgew8RXcMoheyTbIIlLogCRzQw]]></FromUserName>
<CreateTime>1521099556</CreateTime>
<MsgType><![CDATA[event]]></MsgType>
<Event><![CDATA[LOCATION]]></Event>
<Latitude>23.396339</Latitude>
<Longitude>113.238953</Longitude>
<Precision>43.000000</Precision>
</xml>

2018-03-15 15:39:17 params :
------------
String:
array (
  'message' => 
  array (
    'tousername' => 'gh_3d9ec5667ec1',
    'fromusername' => 'o3hgew8RXcMoheyTbIIlLogCRzQw',
    'createtime' => '1521099556',
    'msgtype' => 'event',
    'event' => 'LOCATION',
    'latitude' => '23.396339',
    'longitude' => '113.238953',
    'precision' => '43.000000',
    'from' => 'o3hgew8RXcMoheyTbIIlLogCRzQw',
    'to' => 'gh_3d9ec5667ec1',
    'time' => '1521099556',
    'type' => 'trace',
    'location_x' => '23.396339',
    'location_y' => '113.238953',
  ),
  'module' => 'default',
  'rule' => '-1',
)

2018-03-15 15:39:17 response :
------------
Array:
errno : -1 ;
message : Invaild value ;

2018-03-15 15:39:33 trace :
------------
String:
<xml><ToUserName><![CDATA[gh_3d9ec5667ec1]]></ToUserName>
<FromUserName><![CDATA[o3hgew8RXcMoheyTbIIlLogCRzQw]]></FromUserName>
<CreateTime>1521099572</CreateTime>
<MsgType><![CDATA[event]]></MsgType>
<Event><![CDATA[LOCATION]]></Event>
<Latitude>23.396318</Latitude>
<Longitude>113.238930</Longitude>
<Precision>29.000000</Precision>
</xml>

2018-03-15 15:39:33 params :
------------
String:
array (
  'message' => 
  array (
    'tousername' => 'gh_3d9ec5667ec1',
    'fromusername' => 'o3hgew8RXcMoheyTbIIlLogCRzQw',
    'createtime' => '1521099572',
    'msgtype' => 'event',
    'event' => 'LOCATION',
    'latitude' => '23.396318',
    'longitude' => '113.238930',
    'precision' => '29.000000',
    'from' => 'o3hgew8RXcMoheyTbIIlLogCRzQw',
    'to' => 'gh_3d9ec5667ec1',
    'time' => '1521099572',
    'type' => 'trace',
    'location_x' => '23.396318',
    'location_y' => '113.238930',
  ),
  'module' => 'default',
  'rule' => '-1',
)

2018-03-15 15:39:33 response :
------------
Array:
errno : -1 ;
message : Invaild value ;

2018-03-15 15:46:59 trace :
------------
String:
<xml><ToUserName><![CDATA[gh_3d9ec5667ec1]]></ToUserName>
<FromUserName><![CDATA[o3hgew_F7zAdb1GK2j59W81J9jxw]]></FromUserName>
<CreateTime>1521100018</CreateTime>
<MsgType><![CDATA[event]]></MsgType>
<Event><![CDATA[subscribe]]></Event>
<EventKey><![CDATA[]]></EventKey>
</xml>

2018-03-15 15:47:00 params :
------------
String:
array (
  'rule' => -2,
  'module' => '',
  'message' => 
  array (
    'tousername' => 'gh_3d9ec5667ec1',
    'fromusername' => 'o3hgew_F7zAdb1GK2j59W81J9jxw',
    'createtime' => '1521100018',
    'msgtype' => 'event',
    'event' => 'subscribe',
    'eventkey' => '',
    'from' => 'o3hgew_F7zAdb1GK2j59W81J9jxw',
    'to' => 'gh_3d9ec5667ec1',
    'time' => '1521100018',
    'type' => 'text',
    'redirection' => true,
    'source' => 'subscribe',
  ),
)

2018-03-15 15:47:00 response :
------------

2018-03-15 15:47:03 trace :
------------
String:
<xml><ToUserName><![CDATA[gh_3d9ec5667ec1]]></ToUserName>
<FromUserName><![CDATA[o3hgew_F7zAdb1GK2j59W81J9jxw]]></FromUserName>
<CreateTime>1521100022</CreateTime>
<MsgType><![CDATA[event]]></MsgType>
<Event><![CDATA[LOCATION]]></Event>
<Latitude>23.396236</Latitude>
<Longitude>113.239006</Longitude>
<Precision>30.000000</Precision>
</xml>

2018-03-15 15:47:03 params :
------------
String:
array (
  'message' => 
  array (
    'tousername' => 'gh_3d9ec5667ec1',
    'fromusername' => 'o3hgew_F7zAdb1GK2j59W81J9jxw',
    'createtime' => '1521100022',
    'msgtype' => 'event',
    'event' => 'LOCATION',
    'latitude' => '23.396236',
    'longitude' => '113.239006',
    'precision' => '30.000000',
    'from' => 'o3hgew_F7zAdb1GK2j59W81J9jxw',
    'to' => 'gh_3d9ec5667ec1',
    'time' => '1521100022',
    'type' => 'trace',
    'location_x' => '23.396236',
    'location_y' => '113.239006',
  ),
  'module' => 'default',
  'rule' => '-1',
)

2018-03-15 15:47:03 response :
------------
Array:
errno : -1 ;
message : Invaild value ;

2018-03-15 15:47:19 trace :
------------
String:
<xml><ToUserName><![CDATA[gh_3d9ec5667ec1]]></ToUserName>
<FromUserName><![CDATA[o3hgew_F7zAdb1GK2j59W81J9jxw]]></FromUserName>
<CreateTime>1521100038</CreateTime>
<MsgType><![CDATA[event]]></MsgType>
<Event><![CDATA[LOCATION]]></Event>
<Latitude>23.396236</Latitude>
<Longitude>113.239006</Longitude>
<Precision>30.000000</Precision>
</xml>

2018-03-15 15:47:19 params :
------------
String:
array (
  'message' => 
  array (
    'tousername' => 'gh_3d9ec5667ec1',
    'fromusername' => 'o3hgew_F7zAdb1GK2j59W81J9jxw',
    'createtime' => '1521100038',
    'msgtype' => 'event',
    'event' => 'LOCATION',
    'latitude' => '23.396236',
    'longitude' => '113.239006',
    'precision' => '30.000000',
    'from' => 'o3hgew_F7zAdb1GK2j59W81J9jxw',
    'to' => 'gh_3d9ec5667ec1',
    'time' => '1521100038',
    'type' => 'trace',
    'location_x' => '23.396236',
    'location_y' => '113.239006',
  ),
  'module' => 'default',
  'rule' => '-1',
)

2018-03-15 15:47:19 response :
------------
Array:
errno : -1 ;
message : Invaild value ;

2018-03-15 15:47:56 trace :
------------
String:
<xml><ToUserName><![CDATA[gh_3d9ec5667ec1]]></ToUserName>
<FromUserName><![CDATA[o3hgew_F7zAdb1GK2j59W81J9jxw]]></FromUserName>
<CreateTime>1521100075</CreateTime>
<MsgType><![CDATA[event]]></MsgType>
<Event><![CDATA[LOCATION]]></Event>
<Latitude>23.396450</Latitude>
<Longitude>113.238884</Longitude>
<Precision>30.000000</Precision>
</xml>

2018-03-15 15:47:56 params :
------------
String:
array (
  'message' => 
  array (
    'tousername' => 'gh_3d9ec5667ec1',
    'fromusername' => 'o3hgew_F7zAdb1GK2j59W81J9jxw',
    'createtime' => '1521100075',
    'msgtype' => 'event',
    'event' => 'LOCATION',
    'latitude' => '23.396450',
    'longitude' => '113.238884',
    'precision' => '30.000000',
    'from' => 'o3hgew_F7zAdb1GK2j59W81J9jxw',
    'to' => 'gh_3d9ec5667ec1',
    'time' => '1521100075',
    'type' => 'trace',
    'location_x' => '23.396450',
    'location_y' => '113.238884',
  ),
  'module' => 'default',
  'rule' => '-1',
)

2018-03-15 15:47:56 response :
------------
Array:
errno : -1 ;
message : Invaild value ;

