2018-07-05 06:29:49 trace :
------------
String:
<xml><ToUserName><![CDATA[gh_8a317808696e]]></ToUserName>
<FromUserName><![CDATA[o4s6w1LCCWDuwptBKTwPT4TXej-M]]></FromUserName>
<CreateTime>1530743389</CreateTime>
<MsgType><![CDATA[event]]></MsgType>
<Event><![CDATA[TEMPLATESENDJOBFINISH]]></Event>
<MsgID>354856879823912960</MsgID>
<Status><![CDATA[success]]></Status>
</xml>

2018-07-05 06:29:49 params :
------------
String:
array (
  'rule' => -2,
  'module' => '',
  'message' => 
  array (
    'tousername' => 'gh_8a317808696e',
    'fromusername' => 'o4s6w1LCCWDuwptBKTwPT4TXej-M',
    'createtime' => '1530743389',
    'msgtype' => 'event',
    'event' => 'TEMPLATESENDJOBFINISH',
    'msgid' => '354856879823912960',
    'status' => 'success',
    'from' => 'o4s6w1LCCWDuwptBKTwPT4TXej-M',
    'to' => 'gh_8a317808696e',
    'time' => '1530743389',
    'type' => 'event',
  ),
)

2018-07-05 06:29:49 response :
------------

2018-07-05 07:02:04 trace :
------------
String:
<xml><ToUserName><![CDATA[gh_8a317808696e]]></ToUserName>
<FromUserName><![CDATA[o4s6w1DiqiWnB5VKNoytebEDl1Nc]]></FromUserName>
<CreateTime>1530745323</CreateTime>
<MsgType><![CDATA[event]]></MsgType>
<Event><![CDATA[TEMPLATESENDJOBFINISH]]></Event>
<MsgID>354889335382048768</MsgID>
<Status><![CDATA[success]]></Status>
</xml>

2018-07-05 07:02:04 params :
------------
String:
array (
  'rule' => -2,
  'module' => '',
  'message' => 
  array (
    'tousername' => 'gh_8a317808696e',
    'fromusername' => 'o4s6w1DiqiWnB5VKNoytebEDl1Nc',
    'createtime' => '1530745323',
    'msgtype' => 'event',
    'event' => 'TEMPLATESENDJOBFINISH',
    'msgid' => '354889335382048768',
    'status' => 'success',
    'from' => 'o4s6w1DiqiWnB5VKNoytebEDl1Nc',
    'to' => 'gh_8a317808696e',
    'time' => '1530745323',
    'type' => 'event',
  ),
)

2018-07-05 07:02:04 response :
------------

2018-07-05 08:15:06 trace :
------------
String:
<xml><ToUserName><![CDATA[gh_8a317808696e]]></ToUserName>
<FromUserName><![CDATA[o4s6w1Ikb-iiWxVh22zKjM8IABw0]]></FromUserName>
<CreateTime>1530749706</CreateTime>
<MsgType><![CDATA[event]]></MsgType>
<Event><![CDATA[unsubscribe]]></Event>
<EventKey><![CDATA[]]></EventKey>
</xml>

2018-07-05 11:01:52 trace :
------------
String:
<xml><ToUserName><![CDATA[gh_8a317808696e]]></ToUserName>
<FromUserName><![CDATA[o4s6w1LCCWDuwptBKTwPT4TXej-M]]></FromUserName>
<CreateTime>1530759712</CreateTime>
<MsgType><![CDATA[event]]></MsgType>
<Event><![CDATA[TEMPLATESENDJOBFINISH]]></Event>
<MsgID>355130728247328768</MsgID>
<Status><![CDATA[success]]></Status>
</xml>

2018-07-05 11:01:52 params :
------------
String:
array (
  'rule' => -2,
  'module' => '',
  'message' => 
  array (
    'tousername' => 'gh_8a317808696e',
    'fromusername' => 'o4s6w1LCCWDuwptBKTwPT4TXej-M',
    'createtime' => '1530759712',
    'msgtype' => 'event',
    'event' => 'TEMPLATESENDJOBFINISH',
    'msgid' => '355130728247328768',
    'status' => 'success',
    'from' => 'o4s6w1LCCWDuwptBKTwPT4TXej-M',
    'to' => 'gh_8a317808696e',
    'time' => '1530759712',
    'type' => 'event',
  ),
)

2018-07-05 11:01:52 response :
------------

2018-07-05 17:21:51 trace :
------------
String:
<xml><ToUserName><![CDATA[gh_3d9ec5667ec1]]></ToUserName>
<FromUserName><![CDATA[o3hgew4FvgtZYfkoR-ymunWn5tuw]]></FromUserName>
<CreateTime>1530782511</CreateTime>
<MsgType><![CDATA[event]]></MsgType>
<Event><![CDATA[LOCATION]]></Event>
<Latitude>23.296186</Latitude>
<Longitude>113.813934</Longitude>
<Precision>65.000000</Precision>
</xml>

2018-07-05 17:21:51 params :
------------
String:
array (
  'message' => 
  array (
    'tousername' => 'gh_3d9ec5667ec1',
    'fromusername' => 'o3hgew4FvgtZYfkoR-ymunWn5tuw',
    'createtime' => '1530782511',
    'msgtype' => 'event',
    'event' => 'LOCATION',
    'latitude' => '23.296186',
    'longitude' => '113.813934',
    'precision' => '65.000000',
    'from' => 'o3hgew4FvgtZYfkoR-ymunWn5tuw',
    'to' => 'gh_3d9ec5667ec1',
    'time' => '1530782511',
    'type' => 'trace',
    'location_x' => '23.296186',
    'location_y' => '113.813934',
  ),
  'module' => 'default',
  'rule' => '-1',
)

2018-07-05 17:21:51 response :
------------
Array:
errno : -1 ;
message : Invaild value ;

2018-07-05 17:21:57 trace :
------------
String:
<xml><ToUserName><![CDATA[gh_3d9ec5667ec1]]></ToUserName>
<FromUserName><![CDATA[o3hgew4FvgtZYfkoR-ymunWn5tuw]]></FromUserName>
<CreateTime>1530782516</CreateTime>
<MsgType><![CDATA[text]]></MsgType>
<Content><![CDATA[/:,@-D]]></Content>
<MsgId>6574660843937544514</MsgId>
</xml>

2018-07-05 17:21:57 params :
------------
String:
array (
  'rule' => -2,
  'module' => '',
  'message' => 
  array (
    'tousername' => 'gh_3d9ec5667ec1',
    'fromusername' => 'o3hgew4FvgtZYfkoR-ymunWn5tuw',
    'createtime' => '1530782516',
    'msgtype' => 'text',
    'content' => '/:,@-D',
    'msgid' => '6574660843937544514',
    'from' => 'o3hgew4FvgtZYfkoR-ymunWn5tuw',
    'to' => 'gh_3d9ec5667ec1',
    'time' => '1530782516',
    'type' => 'text',
    'event' => NULL,
    'redirection' => false,
    'source' => NULL,
  ),
)

2018-07-05 17:21:57 response :
------------

2018-07-05 18:05:44 trace :
------------
String:
<xml><ToUserName><![CDATA[gh_8a317808696e]]></ToUserName>
<FromUserName><![CDATA[o4s6w1GBSffmVSLuvdJ0JS3coYtg]]></FromUserName>
<CreateTime>1530785144</CreateTime>
<MsgType><![CDATA[event]]></MsgType>
<Event><![CDATA[MASSSENDJOBFINISH]]></Event>
<MsgID>1000000019</MsgID>
<Status><![CDATA[send success]]></Status>
<TotalCount>1626</TotalCount>
<FilterCount>1626</FilterCount>
<SentCount>1626</SentCount>
<ErrorCount>0</ErrorCount>
<CopyrightCheckResult><Count>0</Count>
<ResultList></ResultList>
<CheckState>0</CheckState>
</CopyrightCheckResult>
</xml>

2018-07-05 18:05:44 params :
------------
String:
array (
  'rule' => -2,
  'module' => '',
  'message' => 
  array (
    'tousername' => 'gh_8a317808696e',
    'fromusername' => 'o4s6w1GBSffmVSLuvdJ0JS3coYtg',
    'createtime' => '1530785144',
    'msgtype' => 'event',
    'event' => 'MASSSENDJOBFINISH',
    'msgid' => '1000000019',
    'status' => 'send success',
    'totalcount' => '1626',
    'filtercount' => '1626',
    'sentcount' => '1626',
    'errorcount' => '0',
    'copyrightcheckresult' => 
    array (
      'count' => '0',
      'resultlist' => '',
      'checkstate' => '0',
    ),
    'from' => 'o4s6w1GBSffmVSLuvdJ0JS3coYtg',
    'to' => 'gh_8a317808696e',
    'time' => '1530785144',
    'type' => 'event',
  ),
)

2018-07-05 18:05:44 response :
------------

2018-07-05 21:17:35 trace :
------------
String:
<xml><ToUserName><![CDATA[gh_3d9ec5667ec1]]></ToUserName>
<FromUserName><![CDATA[o3hgew3Udk4nDd4ttLiaHExiURHQ]]></FromUserName>
<CreateTime>1530796655</CreateTime>
<MsgType><![CDATA[event]]></MsgType>
<Event><![CDATA[LOCATION]]></Event>
<Latitude>23.027308</Latitude>
<Longitude>113.342377</Longitude>
<Precision>65.000000</Precision>
</xml>

2018-07-05 21:17:35 params :
------------
String:
array (
  'message' => 
  array (
    'tousername' => 'gh_3d9ec5667ec1',
    'fromusername' => 'o3hgew3Udk4nDd4ttLiaHExiURHQ',
    'createtime' => '1530796655',
    'msgtype' => 'event',
    'event' => 'LOCATION',
    'latitude' => '23.027308',
    'longitude' => '113.342377',
    'precision' => '65.000000',
    'from' => 'o3hgew3Udk4nDd4ttLiaHExiURHQ',
    'to' => 'gh_3d9ec5667ec1',
    'time' => '1530796655',
    'type' => 'trace',
    'location_x' => '23.027308',
    'location_y' => '113.342377',
  ),
  'module' => 'default',
  'rule' => '-1',
)

2018-07-05 21:17:35 response :
------------
Array:
errno : -1 ;
message : Invaild value ;

2018-07-05 23:17:00 trace :
------------
String:
<xml><ToUserName><![CDATA[gh_8a317808696e]]></ToUserName>
<FromUserName><![CDATA[o4s6w1AxjztGzx2-w0P-K-fudE9I]]></FromUserName>
<CreateTime>1530803818</CreateTime>
<MsgType><![CDATA[text]]></MsgType>
<Content><![CDATA[电子产品，损伤视力]]></Content>
<MsgId>6574752335456224367</MsgId>
</xml>

2018-07-05 23:17:00 params :
------------
String:
array (
  'rule' => -2,
  'module' => '',
  'message' => 
  array (
    'tousername' => 'gh_8a317808696e',
    'fromusername' => 'o4s6w1AxjztGzx2-w0P-K-fudE9I',
    'createtime' => '1530803818',
    'msgtype' => 'text',
    'content' => '电子产品，损伤视力',
    'msgid' => '6574752335456224367',
    'from' => 'o4s6w1AxjztGzx2-w0P-K-fudE9I',
    'to' => 'gh_8a317808696e',
    'time' => '1530803818',
    'type' => 'text',
    'event' => NULL,
    'redirection' => false,
    'source' => NULL,
  ),
)

2018-07-05 23:17:00 response :
------------

