2018-03-25 13:24:00 trace :
------------
String:
<xml><ToUserName><![CDATA[gh_3d9ec5667ec1]]></ToUserName>
<FromUserName><![CDATA[o3hgewwFzUktCNoCRTlvNg3MakQU]]></FromUserName>
<CreateTime>1521955439</CreateTime>
<MsgType><![CDATA[event]]></MsgType>
<Event><![CDATA[subscribe]]></Event>
<EventKey><![CDATA[]]></EventKey>
</xml>

2018-03-25 13:24:00 params :
------------
String:
array (
  'rule' => -2,
  'module' => '',
  'message' => 
  array (
    'tousername' => 'gh_3d9ec5667ec1',
    'fromusername' => 'o3hgewwFzUktCNoCRTlvNg3MakQU',
    'createtime' => '1521955439',
    'msgtype' => 'event',
    'event' => 'subscribe',
    'eventkey' => '',
    'from' => 'o3hgewwFzUktCNoCRTlvNg3MakQU',
    'to' => 'gh_3d9ec5667ec1',
    'time' => '1521955439',
    'type' => 'text',
    'redirection' => true,
    'source' => 'subscribe',
  ),
)

2018-03-25 13:24:00 response :
------------

2018-03-25 13:24:06 trace :
------------
String:
<xml><ToUserName><![CDATA[gh_3d9ec5667ec1]]></ToUserName>
<FromUserName><![CDATA[o3hgewwFzUktCNoCRTlvNg3MakQU]]></FromUserName>
<CreateTime>1521955445</CreateTime>
<MsgType><![CDATA[event]]></MsgType>
<Event><![CDATA[LOCATION]]></Event>
<Latitude>22.776611</Latitude>
<Longitude>113.826469</Longitude>
<Precision>30.000000</Precision>
</xml>

2018-03-25 13:24:06 params :
------------
String:
array (
  'message' => 
  array (
    'tousername' => 'gh_3d9ec5667ec1',
    'fromusername' => 'o3hgewwFzUktCNoCRTlvNg3MakQU',
    'createtime' => '1521955445',
    'msgtype' => 'event',
    'event' => 'LOCATION',
    'latitude' => '22.776611',
    'longitude' => '113.826469',
    'precision' => '30.000000',
    'from' => 'o3hgewwFzUktCNoCRTlvNg3MakQU',
    'to' => 'gh_3d9ec5667ec1',
    'time' => '1521955445',
    'type' => 'trace',
    'location_x' => '22.776611',
    'location_y' => '113.826469',
  ),
  'module' => 'default',
  'rule' => '-1',
)

2018-03-25 13:24:06 response :
------------
Array:
errno : -1 ;
message : Invaild value ;

2018-03-25 13:24:23 trace :
------------
String:
<xml><ToUserName><![CDATA[gh_3d9ec5667ec1]]></ToUserName>
<FromUserName><![CDATA[o3hgewwFzUktCNoCRTlvNg3MakQU]]></FromUserName>
<CreateTime>1521955462</CreateTime>
<MsgType><![CDATA[event]]></MsgType>
<Event><![CDATA[user_get_card]]></Event>
<CardId><![CDATA[p3hgewwmNS6lAo0HM97FfGnv638c]]></CardId>
<IsGiveByFriend>0</IsGiveByFriend>
<UserCardCode><![CDATA[481478158108]]></UserCardCode>
<FriendUserName><![CDATA[]]></FriendUserName>
<OuterId>0</OuterId>
<OldUserCardCode><![CDATA[]]></OldUserCardCode>
<IsRestoreMemberCard>0</IsRestoreMemberCard>
<IsRecommendByFriend>0</IsRecommendByFriend>
<SourceScene><![CDATA[SOURCE_SCENE_QRCODE]]></SourceScene>
<UnionId><![CDATA[oAAAAADCavzjd-aom1ryTcJSAP6Y]]></UnionId>
</xml>

2018-03-25 13:24:23 params :
------------
String:
array (
  'rule' => -2,
  'module' => '',
  'message' => 
  array (
    'tousername' => 'gh_3d9ec5667ec1',
    'fromusername' => 'o3hgewwFzUktCNoCRTlvNg3MakQU',
    'createtime' => '1521955462',
    'msgtype' => 'event',
    'event' => 'user_get_card',
    'cardid' => 'p3hgewwmNS6lAo0HM97FfGnv638c',
    'isgivebyfriend' => '0',
    'usercardcode' => '481478158108',
    'friendusername' => '',
    'outerid' => '0',
    'oldusercardcode' => '',
    'isrestoremembercard' => '0',
    'isrecommendbyfriend' => '0',
    'sourcescene' => 'SOURCE_SCENE_QRCODE',
    'unionid' => 'oAAAAADCavzjd-aom1ryTcJSAP6Y',
    'from' => 'o3hgewwFzUktCNoCRTlvNg3MakQU',
    'to' => 'gh_3d9ec5667ec1',
    'time' => '1521955462',
    'type' => 'coupon',
  ),
)

2018-03-25 13:24:23 response :
------------

2018-03-25 13:24:23 trace :
------------
String:
<xml><ToUserName><![CDATA[gh_3d9ec5667ec1]]></ToUserName>
<FromUserName><![CDATA[o3hgewwFzUktCNoCRTlvNg3MakQU]]></FromUserName>
<CreateTime>1521955462</CreateTime>
<MsgType><![CDATA[event]]></MsgType>
<Event><![CDATA[user_view_card]]></Event>
<CardId><![CDATA[p3hgewwmNS6lAo0HM97FfGnv638c]]></CardId>
<UserCardCode><![CDATA[481478158108]]></UserCardCode>
<OuterStr><![CDATA[]]></OuterStr>
</xml>

2018-03-25 13:24:23 params :
------------
String:
array (
  'rule' => -2,
  'module' => '',
  'message' => 
  array (
    'tousername' => 'gh_3d9ec5667ec1',
    'fromusername' => 'o3hgewwFzUktCNoCRTlvNg3MakQU',
    'createtime' => '1521955462',
    'msgtype' => 'event',
    'event' => 'user_view_card',
    'cardid' => 'p3hgewwmNS6lAo0HM97FfGnv638c',
    'usercardcode' => '481478158108',
    'outerstr' => '',
    'from' => 'o3hgewwFzUktCNoCRTlvNg3MakQU',
    'to' => 'gh_3d9ec5667ec1',
    'time' => '1521955462',
    'type' => 'event',
  ),
)

2018-03-25 13:24:23 response :
------------

2018-03-25 13:24:55 trace :
------------
String:
<xml><ToUserName><![CDATA[gh_3d9ec5667ec1]]></ToUserName>
<FromUserName><![CDATA[o3hgewwFzUktCNoCRTlvNg3MakQU]]></FromUserName>
<CreateTime>1521955494</CreateTime>
<MsgType><![CDATA[event]]></MsgType>
<Event><![CDATA[LOCATION]]></Event>
<Latitude>22.776703</Latitude>
<Longitude>113.826462</Longitude>
<Precision>30.000000</Precision>
</xml>

2018-03-25 13:24:55 params :
------------
String:
array (
  'message' => 
  array (
    'tousername' => 'gh_3d9ec5667ec1',
    'fromusername' => 'o3hgewwFzUktCNoCRTlvNg3MakQU',
    'createtime' => '1521955494',
    'msgtype' => 'event',
    'event' => 'LOCATION',
    'latitude' => '22.776703',
    'longitude' => '113.826462',
    'precision' => '30.000000',
    'from' => 'o3hgewwFzUktCNoCRTlvNg3MakQU',
    'to' => 'gh_3d9ec5667ec1',
    'time' => '1521955494',
    'type' => 'trace',
    'location_x' => '22.776703',
    'location_y' => '113.826462',
  ),
  'module' => 'default',
  'rule' => '-1',
)

2018-03-25 13:24:55 response :
------------
Array:
errno : -1 ;
message : Invaild value ;

2018-03-25 13:31:14 trace :
------------
String:
<xml><ToUserName><![CDATA[gh_3d9ec5667ec1]]></ToUserName>
<FromUserName><![CDATA[o3hgewwJ3UAipNZS7TdswVjs-AEc]]></FromUserName>
<CreateTime>1521955873</CreateTime>
<MsgType><![CDATA[event]]></MsgType>
<Event><![CDATA[subscribe]]></Event>
<EventKey><![CDATA[]]></EventKey>
</xml>

2018-03-25 13:31:15 params :
------------
String:
array (
  'rule' => -2,
  'module' => '',
  'message' => 
  array (
    'tousername' => 'gh_3d9ec5667ec1',
    'fromusername' => 'o3hgewwJ3UAipNZS7TdswVjs-AEc',
    'createtime' => '1521955873',
    'msgtype' => 'event',
    'event' => 'subscribe',
    'eventkey' => '',
    'from' => 'o3hgewwJ3UAipNZS7TdswVjs-AEc',
    'to' => 'gh_3d9ec5667ec1',
    'time' => '1521955873',
    'type' => 'text',
    'redirection' => true,
    'source' => 'subscribe',
  ),
)

2018-03-25 13:31:15 response :
------------

2018-03-25 13:31:19 trace :
------------
String:
<xml><ToUserName><![CDATA[gh_3d9ec5667ec1]]></ToUserName>
<FromUserName><![CDATA[o3hgewwJ3UAipNZS7TdswVjs-AEc]]></FromUserName>
<CreateTime>1521955878</CreateTime>
<MsgType><![CDATA[event]]></MsgType>
<Event><![CDATA[LOCATION]]></Event>
<Latitude>22.776663</Latitude>
<Longitude>113.826508</Longitude>
<Precision>30.000000</Precision>
</xml>

2018-03-25 13:31:19 params :
------------
String:
array (
  'message' => 
  array (
    'tousername' => 'gh_3d9ec5667ec1',
    'fromusername' => 'o3hgewwJ3UAipNZS7TdswVjs-AEc',
    'createtime' => '1521955878',
    'msgtype' => 'event',
    'event' => 'LOCATION',
    'latitude' => '22.776663',
    'longitude' => '113.826508',
    'precision' => '30.000000',
    'from' => 'o3hgewwJ3UAipNZS7TdswVjs-AEc',
    'to' => 'gh_3d9ec5667ec1',
    'time' => '1521955878',
    'type' => 'trace',
    'location_x' => '22.776663',
    'location_y' => '113.826508',
  ),
  'module' => 'default',
  'rule' => '-1',
)

2018-03-25 13:31:19 response :
------------
Array:
errno : -1 ;
message : Invaild value ;

2018-03-25 13:34:18 trace :
------------
String:
<xml><ToUserName><![CDATA[gh_3d9ec5667ec1]]></ToUserName>
<FromUserName><![CDATA[o3hgewwJ3UAipNZS7TdswVjs-AEc]]></FromUserName>
<CreateTime>1521956057</CreateTime>
<MsgType><![CDATA[event]]></MsgType>
<Event><![CDATA[LOCATION]]></Event>
<Latitude>22.776920</Latitude>
<Longitude>113.826462</Longitude>
<Precision>30.000000</Precision>
</xml>

2018-03-25 13:34:18 params :
------------
String:
array (
  'message' => 
  array (
    'tousername' => 'gh_3d9ec5667ec1',
    'fromusername' => 'o3hgewwJ3UAipNZS7TdswVjs-AEc',
    'createtime' => '1521956057',
    'msgtype' => 'event',
    'event' => 'LOCATION',
    'latitude' => '22.776920',
    'longitude' => '113.826462',
    'precision' => '30.000000',
    'from' => 'o3hgewwJ3UAipNZS7TdswVjs-AEc',
    'to' => 'gh_3d9ec5667ec1',
    'time' => '1521956057',
    'type' => 'trace',
    'location_x' => '22.776920',
    'location_y' => '113.826462',
  ),
  'module' => 'default',
  'rule' => '-1',
)

2018-03-25 13:34:18 response :
------------
Array:
errno : -1 ;
message : Invaild value ;

2018-03-25 13:34:35 trace :
------------
String:
<xml><ToUserName><![CDATA[gh_3d9ec5667ec1]]></ToUserName>
<FromUserName><![CDATA[o3hgewwJ3UAipNZS7TdswVjs-AEc]]></FromUserName>
<CreateTime>1521956074</CreateTime>
<MsgType><![CDATA[event]]></MsgType>
<Event><![CDATA[user_get_card]]></Event>
<CardId><![CDATA[p3hgewwmNS6lAo0HM97FfGnv638c]]></CardId>
<IsGiveByFriend>0</IsGiveByFriend>
<UserCardCode><![CDATA[658766941581]]></UserCardCode>
<FriendUserName><![CDATA[]]></FriendUserName>
<OuterId>0</OuterId>
<OldUserCardCode><![CDATA[]]></OldUserCardCode>
<IsRestoreMemberCard>0</IsRestoreMemberCard>
<IsRecommendByFriend>0</IsRecommendByFriend>
<SourceScene><![CDATA[SOURCE_SCENE_QRCODE]]></SourceScene>
<UnionId><![CDATA[oAAAAACpamExLPd7Br0ecMvHGBew]]></UnionId>
</xml>

2018-03-25 13:34:35 params :
------------
String:
array (
  'rule' => -2,
  'module' => '',
  'message' => 
  array (
    'tousername' => 'gh_3d9ec5667ec1',
    'fromusername' => 'o3hgewwJ3UAipNZS7TdswVjs-AEc',
    'createtime' => '1521956074',
    'msgtype' => 'event',
    'event' => 'user_get_card',
    'cardid' => 'p3hgewwmNS6lAo0HM97FfGnv638c',
    'isgivebyfriend' => '0',
    'usercardcode' => '658766941581',
    'friendusername' => '',
    'outerid' => '0',
    'oldusercardcode' => '',
    'isrestoremembercard' => '0',
    'isrecommendbyfriend' => '0',
    'sourcescene' => 'SOURCE_SCENE_QRCODE',
    'unionid' => 'oAAAAACpamExLPd7Br0ecMvHGBew',
    'from' => 'o3hgewwJ3UAipNZS7TdswVjs-AEc',
    'to' => 'gh_3d9ec5667ec1',
    'time' => '1521956074',
    'type' => 'coupon',
  ),
)

2018-03-25 13:34:35 response :
------------

2018-03-25 13:34:35 trace :
------------
String:
<xml><ToUserName><![CDATA[gh_3d9ec5667ec1]]></ToUserName>
<FromUserName><![CDATA[o3hgewwJ3UAipNZS7TdswVjs-AEc]]></FromUserName>
<CreateTime>1521956074</CreateTime>
<MsgType><![CDATA[event]]></MsgType>
<Event><![CDATA[user_view_card]]></Event>
<CardId><![CDATA[p3hgewwmNS6lAo0HM97FfGnv638c]]></CardId>
<UserCardCode><![CDATA[658766941581]]></UserCardCode>
<OuterStr><![CDATA[]]></OuterStr>
</xml>

2018-03-25 13:34:35 params :
------------
String:
array (
  'rule' => -2,
  'module' => '',
  'message' => 
  array (
    'tousername' => 'gh_3d9ec5667ec1',
    'fromusername' => 'o3hgewwJ3UAipNZS7TdswVjs-AEc',
    'createtime' => '1521956074',
    'msgtype' => 'event',
    'event' => 'user_view_card',
    'cardid' => 'p3hgewwmNS6lAo0HM97FfGnv638c',
    'usercardcode' => '658766941581',
    'outerstr' => '',
    'from' => 'o3hgewwJ3UAipNZS7TdswVjs-AEc',
    'to' => 'gh_3d9ec5667ec1',
    'time' => '1521956074',
    'type' => 'event',
  ),
)

2018-03-25 13:34:35 response :
------------

2018-03-25 13:35:18 trace :
------------
String:
<xml><ToUserName><![CDATA[gh_3d9ec5667ec1]]></ToUserName>
<FromUserName><![CDATA[o3hgewwJ3UAipNZS7TdswVjs-AEc]]></FromUserName>
<CreateTime>1521956117</CreateTime>
<MsgType><![CDATA[event]]></MsgType>
<Event><![CDATA[user_enter_session_from_card]]></Event>
<CardId><![CDATA[p3hgewwmNS6lAo0HM97FfGnv638c]]></CardId>
<UserCardCode><![CDATA[658766941581]]></UserCardCode>
</xml>

2018-03-25 13:35:18 params :
------------
String:
array (
  'rule' => -2,
  'module' => '',
  'message' => 
  array (
    'tousername' => 'gh_3d9ec5667ec1',
    'fromusername' => 'o3hgewwJ3UAipNZS7TdswVjs-AEc',
    'createtime' => '1521956117',
    'msgtype' => 'event',
    'event' => 'user_enter_session_from_card',
    'cardid' => 'p3hgewwmNS6lAo0HM97FfGnv638c',
    'usercardcode' => '658766941581',
    'from' => 'o3hgewwJ3UAipNZS7TdswVjs-AEc',
    'to' => 'gh_3d9ec5667ec1',
    'time' => '1521956117',
    'type' => 'event',
  ),
)

2018-03-25 13:35:18 response :
------------

2018-03-25 13:35:18 trace :
------------
String:
<xml><ToUserName><![CDATA[gh_3d9ec5667ec1]]></ToUserName>
<FromUserName><![CDATA[o3hgewwJ3UAipNZS7TdswVjs-AEc]]></FromUserName>
<CreateTime>1521956117</CreateTime>
<MsgType><![CDATA[event]]></MsgType>
<Event><![CDATA[LOCATION]]></Event>
<Latitude>22.776894</Latitude>
<Longitude>113.826462</Longitude>
<Precision>30.000000</Precision>
</xml>

2018-03-25 13:35:18 params :
------------
String:
array (
  'message' => 
  array (
    'tousername' => 'gh_3d9ec5667ec1',
    'fromusername' => 'o3hgewwJ3UAipNZS7TdswVjs-AEc',
    'createtime' => '1521956117',
    'msgtype' => 'event',
    'event' => 'LOCATION',
    'latitude' => '22.776894',
    'longitude' => '113.826462',
    'precision' => '30.000000',
    'from' => 'o3hgewwJ3UAipNZS7TdswVjs-AEc',
    'to' => 'gh_3d9ec5667ec1',
    'time' => '1521956117',
    'type' => 'trace',
    'location_x' => '22.776894',
    'location_y' => '113.826462',
  ),
  'module' => 'default',
  'rule' => '-1',
)

2018-03-25 13:35:18 response :
------------
Array:
errno : -1 ;
message : Invaild value ;

2018-03-25 13:35:42 trace :
------------
String:
<xml><ToUserName><![CDATA[gh_3d9ec5667ec1]]></ToUserName>
<FromUserName><![CDATA[o3hgewwJ3UAipNZS7TdswVjs-AEc]]></FromUserName>
<CreateTime>1521956141</CreateTime>
<MsgType><![CDATA[event]]></MsgType>
<Event><![CDATA[LOCATION]]></Event>
<Latitude>22.776943</Latitude>
<Longitude>113.826477</Longitude>
<Precision>30.000000</Precision>
</xml>

2018-03-25 13:35:42 params :
------------
String:
array (
  'message' => 
  array (
    'tousername' => 'gh_3d9ec5667ec1',
    'fromusername' => 'o3hgewwJ3UAipNZS7TdswVjs-AEc',
    'createtime' => '1521956141',
    'msgtype' => 'event',
    'event' => 'LOCATION',
    'latitude' => '22.776943',
    'longitude' => '113.826477',
    'precision' => '30.000000',
    'from' => 'o3hgewwJ3UAipNZS7TdswVjs-AEc',
    'to' => 'gh_3d9ec5667ec1',
    'time' => '1521956141',
    'type' => 'trace',
    'location_x' => '22.776943',
    'location_y' => '113.826477',
  ),
  'module' => 'default',
  'rule' => '-1',
)

2018-03-25 13:35:42 response :
------------
Array:
errno : -1 ;
message : Invaild value ;

2018-03-25 13:35:49 trace :
------------
String:
<xml><ToUserName><![CDATA[gh_3d9ec5667ec1]]></ToUserName>
<FromUserName><![CDATA[o3hgewwJ3UAipNZS7TdswVjs-AEc]]></FromUserName>
<CreateTime>1521956148</CreateTime>
<MsgType><![CDATA[text]]></MsgType>
<Content><![CDATA[1]]></Content>
<MsgId>6536751882033582173</MsgId>
</xml>

2018-03-25 13:35:49 params :
------------
String:
array (
  'rule' => -2,
  'module' => '',
  'message' => 
  array (
    'tousername' => 'gh_3d9ec5667ec1',
    'fromusername' => 'o3hgewwJ3UAipNZS7TdswVjs-AEc',
    'createtime' => '1521956148',
    'msgtype' => 'text',
    'content' => '1',
    'msgid' => '6536751882033582173',
    'from' => 'o3hgewwJ3UAipNZS7TdswVjs-AEc',
    'to' => 'gh_3d9ec5667ec1',
    'time' => '1521956148',
    'type' => 'text',
    'event' => NULL,
    'redirection' => false,
    'source' => NULL,
  ),
)

2018-03-25 13:35:49 response :
------------

2018-03-25 13:37:48 trace :
------------
String:
<xml><ToUserName><![CDATA[gh_3d9ec5667ec1]]></ToUserName>
<FromUserName><![CDATA[o3hgewwJ3UAipNZS7TdswVjs-AEc]]></FromUserName>
<CreateTime>1521956267</CreateTime>
<MsgType><![CDATA[event]]></MsgType>
<Event><![CDATA[LOCATION]]></Event>
<Latitude>22.776917</Latitude>
<Longitude>113.826462</Longitude>
<Precision>30.000000</Precision>
</xml>

2018-03-25 13:37:48 params :
------------
String:
array (
  'message' => 
  array (
    'tousername' => 'gh_3d9ec5667ec1',
    'fromusername' => 'o3hgewwJ3UAipNZS7TdswVjs-AEc',
    'createtime' => '1521956267',
    'msgtype' => 'event',
    'event' => 'LOCATION',
    'latitude' => '22.776917',
    'longitude' => '113.826462',
    'precision' => '30.000000',
    'from' => 'o3hgewwJ3UAipNZS7TdswVjs-AEc',
    'to' => 'gh_3d9ec5667ec1',
    'time' => '1521956267',
    'type' => 'trace',
    'location_x' => '22.776917',
    'location_y' => '113.826462',
  ),
  'module' => 'default',
  'rule' => '-1',
)

2018-03-25 13:37:48 response :
------------
Array:
errno : -1 ;
message : Invaild value ;

2018-03-25 13:38:00 trace :
------------
String:
<xml><ToUserName><![CDATA[gh_3d9ec5667ec1]]></ToUserName>
<FromUserName><![CDATA[o3hgewwJ3UAipNZS7TdswVjs-AEc]]></FromUserName>
<CreateTime>1521956279</CreateTime>
<MsgType><![CDATA[event]]></MsgType>
<Event><![CDATA[LOCATION]]></Event>
<Latitude>22.776917</Latitude>
<Longitude>113.826462</Longitude>
<Precision>30.000000</Precision>
</xml>

2018-03-25 13:38:00 params :
------------
String:
array (
  'message' => 
  array (
    'tousername' => 'gh_3d9ec5667ec1',
    'fromusername' => 'o3hgewwJ3UAipNZS7TdswVjs-AEc',
    'createtime' => '1521956279',
    'msgtype' => 'event',
    'event' => 'LOCATION',
    'latitude' => '22.776917',
    'longitude' => '113.826462',
    'precision' => '30.000000',
    'from' => 'o3hgewwJ3UAipNZS7TdswVjs-AEc',
    'to' => 'gh_3d9ec5667ec1',
    'time' => '1521956279',
    'type' => 'trace',
    'location_x' => '22.776917',
    'location_y' => '113.826462',
  ),
  'module' => 'default',
  'rule' => '-1',
)

2018-03-25 13:38:00 response :
------------
Array:
errno : -1 ;
message : Invaild value ;

2018-03-25 13:42:44 trace :
------------
String:
<xml><ToUserName><![CDATA[gh_3d9ec5667ec1]]></ToUserName>
<FromUserName><![CDATA[o3hgewwfPFfa2DS9Iw8vg-rsHGzc]]></FromUserName>
<CreateTime>1521956563</CreateTime>
<MsgType><![CDATA[event]]></MsgType>
<Event><![CDATA[subscribe]]></Event>
<EventKey><![CDATA[]]></EventKey>
</xml>

2018-03-25 13:42:44 params :
------------
String:
array (
  'rule' => -2,
  'module' => '',
  'message' => 
  array (
    'tousername' => 'gh_3d9ec5667ec1',
    'fromusername' => 'o3hgewwfPFfa2DS9Iw8vg-rsHGzc',
    'createtime' => '1521956563',
    'msgtype' => 'event',
    'event' => 'subscribe',
    'eventkey' => '',
    'from' => 'o3hgewwfPFfa2DS9Iw8vg-rsHGzc',
    'to' => 'gh_3d9ec5667ec1',
    'time' => '1521956563',
    'type' => 'text',
    'redirection' => true,
    'source' => 'subscribe',
  ),
)

2018-03-25 13:42:44 response :
------------

2018-03-25 13:42:47 trace :
------------
String:
<xml><ToUserName><![CDATA[gh_3d9ec5667ec1]]></ToUserName>
<FromUserName><![CDATA[o3hgewwfPFfa2DS9Iw8vg-rsHGzc]]></FromUserName>
<CreateTime>1521956566</CreateTime>
<MsgType><![CDATA[event]]></MsgType>
<Event><![CDATA[LOCATION]]></Event>
<Latitude>22.776875</Latitude>
<Longitude>113.826828</Longitude>
<Precision>65.000000</Precision>
</xml>

2018-03-25 13:42:47 params :
------------
String:
array (
  'message' => 
  array (
    'tousername' => 'gh_3d9ec5667ec1',
    'fromusername' => 'o3hgewwfPFfa2DS9Iw8vg-rsHGzc',
    'createtime' => '1521956566',
    'msgtype' => 'event',
    'event' => 'LOCATION',
    'latitude' => '22.776875',
    'longitude' => '113.826828',
    'precision' => '65.000000',
    'from' => 'o3hgewwfPFfa2DS9Iw8vg-rsHGzc',
    'to' => 'gh_3d9ec5667ec1',
    'time' => '1521956566',
    'type' => 'trace',
    'location_x' => '22.776875',
    'location_y' => '113.826828',
  ),
  'module' => 'default',
  'rule' => '-1',
)

2018-03-25 13:42:47 response :
------------
Array:
errno : -1 ;
message : Invaild value ;

2018-03-25 13:42:59 trace :
------------
String:
<xml><ToUserName><![CDATA[gh_3d9ec5667ec1]]></ToUserName>
<FromUserName><![CDATA[o3hgewwfPFfa2DS9Iw8vg-rsHGzc]]></FromUserName>
<CreateTime>1521956578</CreateTime>
<MsgType><![CDATA[event]]></MsgType>
<Event><![CDATA[user_get_card]]></Event>
<CardId><![CDATA[p3hgewwmNS6lAo0HM97FfGnv638c]]></CardId>
<IsGiveByFriend>0</IsGiveByFriend>
<UserCardCode><![CDATA[379380286276]]></UserCardCode>
<FriendUserName><![CDATA[]]></FriendUserName>
<OuterId>0</OuterId>
<OldUserCardCode><![CDATA[]]></OldUserCardCode>
<IsRestoreMemberCard>0</IsRestoreMemberCard>
<IsRecommendByFriend>0</IsRecommendByFriend>
<SourceScene><![CDATA[SOURCE_SCENE_QRCODE]]></SourceScene>
<UnionId><![CDATA[oAAAAAL4RTPcKKBaaspZ7U0fpAVg]]></UnionId>
</xml>

2018-03-25 13:42:59 params :
------------
String:
array (
  'rule' => -2,
  'module' => '',
  'message' => 
  array (
    'tousername' => 'gh_3d9ec5667ec1',
    'fromusername' => 'o3hgewwfPFfa2DS9Iw8vg-rsHGzc',
    'createtime' => '1521956578',
    'msgtype' => 'event',
    'event' => 'user_get_card',
    'cardid' => 'p3hgewwmNS6lAo0HM97FfGnv638c',
    'isgivebyfriend' => '0',
    'usercardcode' => '379380286276',
    'friendusername' => '',
    'outerid' => '0',
    'oldusercardcode' => '',
    'isrestoremembercard' => '0',
    'isrecommendbyfriend' => '0',
    'sourcescene' => 'SOURCE_SCENE_QRCODE',
    'unionid' => 'oAAAAAL4RTPcKKBaaspZ7U0fpAVg',
    'from' => 'o3hgewwfPFfa2DS9Iw8vg-rsHGzc',
    'to' => 'gh_3d9ec5667ec1',
    'time' => '1521956578',
    'type' => 'coupon',
  ),
)

2018-03-25 13:42:59 response :
------------

2018-03-25 13:43:00 trace :
------------
String:
<xml><ToUserName><![CDATA[gh_3d9ec5667ec1]]></ToUserName>
<FromUserName><![CDATA[o3hgewwfPFfa2DS9Iw8vg-rsHGzc]]></FromUserName>
<CreateTime>1521956579</CreateTime>
<MsgType><![CDATA[event]]></MsgType>
<Event><![CDATA[user_view_card]]></Event>
<CardId><![CDATA[p3hgewwmNS6lAo0HM97FfGnv638c]]></CardId>
<UserCardCode><![CDATA[379380286276]]></UserCardCode>
<OuterStr><![CDATA[]]></OuterStr>
</xml>

2018-03-25 13:43:00 params :
------------
String:
array (
  'rule' => -2,
  'module' => '',
  'message' => 
  array (
    'tousername' => 'gh_3d9ec5667ec1',
    'fromusername' => 'o3hgewwfPFfa2DS9Iw8vg-rsHGzc',
    'createtime' => '1521956579',
    'msgtype' => 'event',
    'event' => 'user_view_card',
    'cardid' => 'p3hgewwmNS6lAo0HM97FfGnv638c',
    'usercardcode' => '379380286276',
    'outerstr' => '',
    'from' => 'o3hgewwfPFfa2DS9Iw8vg-rsHGzc',
    'to' => 'gh_3d9ec5667ec1',
    'time' => '1521956579',
    'type' => 'event',
  ),
)

2018-03-25 13:43:00 response :
------------

2018-03-25 13:52:03 trace :
------------
String:
<xml><ToUserName><![CDATA[gh_3d9ec5667ec1]]></ToUserName>
<FromUserName><![CDATA[o3hgew3Oc8i2fGQfsvu6h0_psjnA]]></FromUserName>
<CreateTime>1521957122</CreateTime>
<MsgType><![CDATA[event]]></MsgType>
<Event><![CDATA[subscribe]]></Event>
<EventKey><![CDATA[]]></EventKey>
</xml>

2018-03-25 13:52:04 params :
------------
String:
array (
  'rule' => -2,
  'module' => '',
  'message' => 
  array (
    'tousername' => 'gh_3d9ec5667ec1',
    'fromusername' => 'o3hgew3Oc8i2fGQfsvu6h0_psjnA',
    'createtime' => '1521957122',
    'msgtype' => 'event',
    'event' => 'subscribe',
    'eventkey' => '',
    'from' => 'o3hgew3Oc8i2fGQfsvu6h0_psjnA',
    'to' => 'gh_3d9ec5667ec1',
    'time' => '1521957122',
    'type' => 'text',
    'redirection' => true,
    'source' => 'subscribe',
  ),
)

2018-03-25 13:52:04 response :
------------

2018-03-25 13:52:05 trace :
------------
String:
<xml><ToUserName><![CDATA[gh_3d9ec5667ec1]]></ToUserName>
<FromUserName><![CDATA[o3hgew3Oc8i2fGQfsvu6h0_psjnA]]></FromUserName>
<CreateTime>1521957124</CreateTime>
<MsgType><![CDATA[event]]></MsgType>
<Event><![CDATA[LOCATION]]></Event>
<Latitude>22.776743</Latitude>
<Longitude>113.826530</Longitude>
<Precision>30.000000</Precision>
</xml>

2018-03-25 13:52:05 params :
------------
String:
array (
  'message' => 
  array (
    'tousername' => 'gh_3d9ec5667ec1',
    'fromusername' => 'o3hgew3Oc8i2fGQfsvu6h0_psjnA',
    'createtime' => '1521957124',
    'msgtype' => 'event',
    'event' => 'LOCATION',
    'latitude' => '22.776743',
    'longitude' => '113.826530',
    'precision' => '30.000000',
    'from' => 'o3hgew3Oc8i2fGQfsvu6h0_psjnA',
    'to' => 'gh_3d9ec5667ec1',
    'time' => '1521957124',
    'type' => 'trace',
    'location_x' => '22.776743',
    'location_y' => '113.826530',
  ),
  'module' => 'default',
  'rule' => '-1',
)

2018-03-25 13:52:05 response :
------------
Array:
errno : -1 ;
message : Invaild value ;

2018-03-25 13:58:22 trace :
------------
String:
<xml><ToUserName><![CDATA[gh_3d9ec5667ec1]]></ToUserName>
<FromUserName><![CDATA[o3hgew2oNKvLLZ8UGJcPmtew_zXw]]></FromUserName>
<CreateTime>1521957501</CreateTime>
<MsgType><![CDATA[event]]></MsgType>
<Event><![CDATA[subscribe]]></Event>
<EventKey><![CDATA[]]></EventKey>
</xml>

2018-03-25 13:58:23 params :
------------
String:
array (
  'rule' => -2,
  'module' => '',
  'message' => 
  array (
    'tousername' => 'gh_3d9ec5667ec1',
    'fromusername' => 'o3hgew2oNKvLLZ8UGJcPmtew_zXw',
    'createtime' => '1521957501',
    'msgtype' => 'event',
    'event' => 'subscribe',
    'eventkey' => '',
    'from' => 'o3hgew2oNKvLLZ8UGJcPmtew_zXw',
    'to' => 'gh_3d9ec5667ec1',
    'time' => '1521957501',
    'type' => 'text',
    'redirection' => true,
    'source' => 'subscribe',
  ),
)

2018-03-25 13:58:23 response :
------------

2018-03-25 13:58:30 trace :
------------
String:
<xml><ToUserName><![CDATA[gh_3d9ec5667ec1]]></ToUserName>
<FromUserName><![CDATA[o3hgew2oNKvLLZ8UGJcPmtew_zXw]]></FromUserName>
<CreateTime>1521957509</CreateTime>
<MsgType><![CDATA[event]]></MsgType>
<Event><![CDATA[LOCATION]]></Event>
<Latitude>22.776520</Latitude>
<Longitude>113.826805</Longitude>
<Precision>65.000000</Precision>
</xml>

2018-03-25 13:58:30 params :
------------
String:
array (
  'message' => 
  array (
    'tousername' => 'gh_3d9ec5667ec1',
    'fromusername' => 'o3hgew2oNKvLLZ8UGJcPmtew_zXw',
    'createtime' => '1521957509',
    'msgtype' => 'event',
    'event' => 'LOCATION',
    'latitude' => '22.776520',
    'longitude' => '113.826805',
    'precision' => '65.000000',
    'from' => 'o3hgew2oNKvLLZ8UGJcPmtew_zXw',
    'to' => 'gh_3d9ec5667ec1',
    'time' => '1521957509',
    'type' => 'trace',
    'location_x' => '22.776520',
    'location_y' => '113.826805',
  ),
  'module' => 'default',
  'rule' => '-1',
)

2018-03-25 13:58:30 response :
------------
Array:
errno : -1 ;
message : Invaild value ;

2018-03-25 13:58:43 trace :
------------
String:
<xml><ToUserName><![CDATA[gh_3d9ec5667ec1]]></ToUserName>
<FromUserName><![CDATA[o3hgew2oNKvLLZ8UGJcPmtew_zXw]]></FromUserName>
<CreateTime>1521957522</CreateTime>
<MsgType><![CDATA[event]]></MsgType>
<Event><![CDATA[user_get_card]]></Event>
<CardId><![CDATA[p3hgewwmNS6lAo0HM97FfGnv638c]]></CardId>
<IsGiveByFriend>0</IsGiveByFriend>
<UserCardCode><![CDATA[630751659615]]></UserCardCode>
<FriendUserName><![CDATA[]]></FriendUserName>
<OuterId>0</OuterId>
<OldUserCardCode><![CDATA[]]></OldUserCardCode>
<IsRestoreMemberCard>0</IsRestoreMemberCard>
<IsRecommendByFriend>0</IsRecommendByFriend>
<SourceScene><![CDATA[SOURCE_SCENE_QRCODE]]></SourceScene>
<UnionId><![CDATA[oAAAAAMShehCC3ouR2_agAVtgRmc]]></UnionId>
</xml>

2018-03-25 13:58:43 params :
------------
String:
array (
  'rule' => -2,
  'module' => '',
  'message' => 
  array (
    'tousername' => 'gh_3d9ec5667ec1',
    'fromusername' => 'o3hgew2oNKvLLZ8UGJcPmtew_zXw',
    'createtime' => '1521957522',
    'msgtype' => 'event',
    'event' => 'user_get_card',
    'cardid' => 'p3hgewwmNS6lAo0HM97FfGnv638c',
    'isgivebyfriend' => '0',
    'usercardcode' => '630751659615',
    'friendusername' => '',
    'outerid' => '0',
    'oldusercardcode' => '',
    'isrestoremembercard' => '0',
    'isrecommendbyfriend' => '0',
    'sourcescene' => 'SOURCE_SCENE_QRCODE',
    'unionid' => 'oAAAAAMShehCC3ouR2_agAVtgRmc',
    'from' => 'o3hgew2oNKvLLZ8UGJcPmtew_zXw',
    'to' => 'gh_3d9ec5667ec1',
    'time' => '1521957522',
    'type' => 'coupon',
  ),
)

2018-03-25 13:58:43 response :
------------

2018-03-25 13:58:43 trace :
------------
String:
<xml><ToUserName><![CDATA[gh_3d9ec5667ec1]]></ToUserName>
<FromUserName><![CDATA[o3hgew2oNKvLLZ8UGJcPmtew_zXw]]></FromUserName>
<CreateTime>1521957523</CreateTime>
<MsgType><![CDATA[event]]></MsgType>
<Event><![CDATA[user_view_card]]></Event>
<CardId><![CDATA[p3hgewwmNS6lAo0HM97FfGnv638c]]></CardId>
<UserCardCode><![CDATA[630751659615]]></UserCardCode>
<OuterStr><![CDATA[]]></OuterStr>
</xml>

2018-03-25 13:58:43 params :
------------
String:
array (
  'rule' => -2,
  'module' => '',
  'message' => 
  array (
    'tousername' => 'gh_3d9ec5667ec1',
    'fromusername' => 'o3hgew2oNKvLLZ8UGJcPmtew_zXw',
    'createtime' => '1521957523',
    'msgtype' => 'event',
    'event' => 'user_view_card',
    'cardid' => 'p3hgewwmNS6lAo0HM97FfGnv638c',
    'usercardcode' => '630751659615',
    'outerstr' => '',
    'from' => 'o3hgew2oNKvLLZ8UGJcPmtew_zXw',
    'to' => 'gh_3d9ec5667ec1',
    'time' => '1521957523',
    'type' => 'event',
  ),
)

2018-03-25 13:58:43 response :
------------

2018-03-25 13:58:49 trace :
------------
String:
<xml><ToUserName><![CDATA[gh_3d9ec5667ec1]]></ToUserName>
<FromUserName><![CDATA[o3hgew2oNKvLLZ8UGJcPmtew_zXw]]></FromUserName>
<CreateTime>1521957528</CreateTime>
<MsgType><![CDATA[event]]></MsgType>
<Event><![CDATA[user_view_card]]></Event>
<CardId><![CDATA[p3hgewwmNS6lAo0HM97FfGnv638c]]></CardId>
<UserCardCode><![CDATA[630751659615]]></UserCardCode>
<OuterStr><![CDATA[]]></OuterStr>
</xml>

2018-03-25 13:58:49 params :
------------
String:
array (
  'rule' => -2,
  'module' => '',
  'message' => 
  array (
    'tousername' => 'gh_3d9ec5667ec1',
    'fromusername' => 'o3hgew2oNKvLLZ8UGJcPmtew_zXw',
    'createtime' => '1521957528',
    'msgtype' => 'event',
    'event' => 'user_view_card',
    'cardid' => 'p3hgewwmNS6lAo0HM97FfGnv638c',
    'usercardcode' => '630751659615',
    'outerstr' => '',
    'from' => 'o3hgew2oNKvLLZ8UGJcPmtew_zXw',
    'to' => 'gh_3d9ec5667ec1',
    'time' => '1521957528',
    'type' => 'event',
  ),
)

2018-03-25 13:58:49 response :
------------

2018-03-25 14:27:47 trace :
------------
String:
<xml><ToUserName><![CDATA[gh_3d9ec5667ec1]]></ToUserName>
<FromUserName><![CDATA[o3hgewwFzUktCNoCRTlvNg3MakQU]]></FromUserName>
<CreateTime>1521959266</CreateTime>
<MsgType><![CDATA[event]]></MsgType>
<Event><![CDATA[LOCATION]]></Event>
<Latitude>22.776537</Latitude>
<Longitude>113.826462</Longitude>
<Precision>30.000000</Precision>
</xml>

2018-03-25 14:27:47 params :
------------
String:
array (
  'message' => 
  array (
    'tousername' => 'gh_3d9ec5667ec1',
    'fromusername' => 'o3hgewwFzUktCNoCRTlvNg3MakQU',
    'createtime' => '1521959266',
    'msgtype' => 'event',
    'event' => 'LOCATION',
    'latitude' => '22.776537',
    'longitude' => '113.826462',
    'precision' => '30.000000',
    'from' => 'o3hgewwFzUktCNoCRTlvNg3MakQU',
    'to' => 'gh_3d9ec5667ec1',
    'time' => '1521959266',
    'type' => 'trace',
    'location_x' => '22.776537',
    'location_y' => '113.826462',
  ),
  'module' => 'default',
  'rule' => '-1',
)

2018-03-25 14:27:47 response :
------------
Array:
errno : -1 ;
message : Invaild value ;

2018-03-25 14:44:14 trace :
------------
String:
<xml><ToUserName><![CDATA[gh_3d9ec5667ec1]]></ToUserName>
<FromUserName><![CDATA[o3hgew0qIKEDBaNvp6l_G303HqBQ]]></FromUserName>
<CreateTime>1521960253</CreateTime>
<MsgType><![CDATA[event]]></MsgType>
<Event><![CDATA[subscribe]]></Event>
<EventKey><![CDATA[]]></EventKey>
</xml>

2018-03-25 14:44:15 params :
------------
String:
array (
  'rule' => -2,
  'module' => '',
  'message' => 
  array (
    'tousername' => 'gh_3d9ec5667ec1',
    'fromusername' => 'o3hgew0qIKEDBaNvp6l_G303HqBQ',
    'createtime' => '1521960253',
    'msgtype' => 'event',
    'event' => 'subscribe',
    'eventkey' => '',
    'from' => 'o3hgew0qIKEDBaNvp6l_G303HqBQ',
    'to' => 'gh_3d9ec5667ec1',
    'time' => '1521960253',
    'type' => 'text',
    'redirection' => true,
    'source' => 'subscribe',
  ),
)

2018-03-25 14:44:15 response :
------------

2018-03-25 14:44:19 trace :
------------
String:
<xml><ToUserName><![CDATA[gh_3d9ec5667ec1]]></ToUserName>
<FromUserName><![CDATA[o3hgew0qIKEDBaNvp6l_G303HqBQ]]></FromUserName>
<CreateTime>1521960258</CreateTime>
<MsgType><![CDATA[event]]></MsgType>
<Event><![CDATA[LOCATION]]></Event>
<Latitude>22.776817</Latitude>
<Longitude>113.826859</Longitude>
<Precision>65.000000</Precision>
</xml>

2018-03-25 14:44:19 params :
------------
String:
array (
  'message' => 
  array (
    'tousername' => 'gh_3d9ec5667ec1',
    'fromusername' => 'o3hgew0qIKEDBaNvp6l_G303HqBQ',
    'createtime' => '1521960258',
    'msgtype' => 'event',
    'event' => 'LOCATION',
    'latitude' => '22.776817',
    'longitude' => '113.826859',
    'precision' => '65.000000',
    'from' => 'o3hgew0qIKEDBaNvp6l_G303HqBQ',
    'to' => 'gh_3d9ec5667ec1',
    'time' => '1521960258',
    'type' => 'trace',
    'location_x' => '22.776817',
    'location_y' => '113.826859',
  ),
  'module' => 'default',
  'rule' => '-1',
)

2018-03-25 14:44:19 response :
------------
Array:
errno : -1 ;
message : Invaild value ;

2018-03-25 15:17:09 trace :
------------
String:
<xml><ToUserName><![CDATA[gh_3d9ec5667ec1]]></ToUserName>
<FromUserName><![CDATA[o3hgew6lfQBy4FFJBeEIu44Bu5ek]]></FromUserName>
<CreateTime>1521962228</CreateTime>
<MsgType><![CDATA[event]]></MsgType>
<Event><![CDATA[subscribe]]></Event>
<EventKey><![CDATA[]]></EventKey>
</xml>

2018-03-25 15:17:10 params :
------------
String:
array (
  'rule' => -2,
  'module' => '',
  'message' => 
  array (
    'tousername' => 'gh_3d9ec5667ec1',
    'fromusername' => 'o3hgew6lfQBy4FFJBeEIu44Bu5ek',
    'createtime' => '1521962228',
    'msgtype' => 'event',
    'event' => 'subscribe',
    'eventkey' => '',
    'from' => 'o3hgew6lfQBy4FFJBeEIu44Bu5ek',
    'to' => 'gh_3d9ec5667ec1',
    'time' => '1521962228',
    'type' => 'text',
    'redirection' => true,
    'source' => 'subscribe',
  ),
)

2018-03-25 15:17:10 response :
------------

2018-03-25 15:17:12 trace :
------------
String:
<xml><ToUserName><![CDATA[gh_3d9ec5667ec1]]></ToUserName>
<FromUserName><![CDATA[o3hgew6lfQBy4FFJBeEIu44Bu5ek]]></FromUserName>
<CreateTime>1521962231</CreateTime>
<MsgType><![CDATA[event]]></MsgType>
<Event><![CDATA[LOCATION]]></Event>
<Latitude>22.776529</Latitude>
<Longitude>113.826584</Longitude>
<Precision>30.000000</Precision>
</xml>

2018-03-25 15:17:12 params :
------------
String:
array (
  'message' => 
  array (
    'tousername' => 'gh_3d9ec5667ec1',
    'fromusername' => 'o3hgew6lfQBy4FFJBeEIu44Bu5ek',
    'createtime' => '1521962231',
    'msgtype' => 'event',
    'event' => 'LOCATION',
    'latitude' => '22.776529',
    'longitude' => '113.826584',
    'precision' => '30.000000',
    'from' => 'o3hgew6lfQBy4FFJBeEIu44Bu5ek',
    'to' => 'gh_3d9ec5667ec1',
    'time' => '1521962231',
    'type' => 'trace',
    'location_x' => '22.776529',
    'location_y' => '113.826584',
  ),
  'module' => 'default',
  'rule' => '-1',
)

2018-03-25 15:17:12 response :
------------
Array:
errno : -1 ;
message : Invaild value ;

2018-03-25 15:17:36 trace :
------------
String:
<xml><ToUserName><![CDATA[gh_3d9ec5667ec1]]></ToUserName>
<FromUserName><![CDATA[o3hgew6lfQBy4FFJBeEIu44Bu5ek]]></FromUserName>
<CreateTime>1521962255</CreateTime>
<MsgType><![CDATA[event]]></MsgType>
<Event><![CDATA[LOCATION]]></Event>
<Latitude>22.776529</Latitude>
<Longitude>113.826584</Longitude>
<Precision>30.000000</Precision>
</xml>

2018-03-25 15:17:36 params :
------------
String:
array (
  'message' => 
  array (
    'tousername' => 'gh_3d9ec5667ec1',
    'fromusername' => 'o3hgew6lfQBy4FFJBeEIu44Bu5ek',
    'createtime' => '1521962255',
    'msgtype' => 'event',
    'event' => 'LOCATION',
    'latitude' => '22.776529',
    'longitude' => '113.826584',
    'precision' => '30.000000',
    'from' => 'o3hgew6lfQBy4FFJBeEIu44Bu5ek',
    'to' => 'gh_3d9ec5667ec1',
    'time' => '1521962255',
    'type' => 'trace',
    'location_x' => '22.776529',
    'location_y' => '113.826584',
  ),
  'module' => 'default',
  'rule' => '-1',
)

2018-03-25 15:17:36 response :
------------
Array:
errno : -1 ;
message : Invaild value ;

2018-03-25 15:18:10 trace :
------------
String:
<xml><ToUserName><![CDATA[gh_3d9ec5667ec1]]></ToUserName>
<FromUserName><![CDATA[o3hgew6lfQBy4FFJBeEIu44Bu5ek]]></FromUserName>
<CreateTime>1521962289</CreateTime>
<MsgType><![CDATA[event]]></MsgType>
<Event><![CDATA[LOCATION]]></Event>
<Latitude>22.776617</Latitude>
<Longitude>113.826546</Longitude>
<Precision>30.000000</Precision>
</xml>

2018-03-25 15:18:10 params :
------------
String:
array (
  'message' => 
  array (
    'tousername' => 'gh_3d9ec5667ec1',
    'fromusername' => 'o3hgew6lfQBy4FFJBeEIu44Bu5ek',
    'createtime' => '1521962289',
    'msgtype' => 'event',
    'event' => 'LOCATION',
    'latitude' => '22.776617',
    'longitude' => '113.826546',
    'precision' => '30.000000',
    'from' => 'o3hgew6lfQBy4FFJBeEIu44Bu5ek',
    'to' => 'gh_3d9ec5667ec1',
    'time' => '1521962289',
    'type' => 'trace',
    'location_x' => '22.776617',
    'location_y' => '113.826546',
  ),
  'module' => 'default',
  'rule' => '-1',
)

2018-03-25 15:18:10 response :
------------
Array:
errno : -1 ;
message : Invaild value ;

2018-03-25 15:18:23 trace :
------------
String:
<xml><ToUserName><![CDATA[gh_3d9ec5667ec1]]></ToUserName>
<FromUserName><![CDATA[o3hgew6lfQBy4FFJBeEIu44Bu5ek]]></FromUserName>
<CreateTime>1521962302</CreateTime>
<MsgType><![CDATA[event]]></MsgType>
<Event><![CDATA[user_get_card]]></Event>
<CardId><![CDATA[p3hgewwmNS6lAo0HM97FfGnv638c]]></CardId>
<IsGiveByFriend>0</IsGiveByFriend>
<UserCardCode><![CDATA[130693095489]]></UserCardCode>
<FriendUserName><![CDATA[]]></FriendUserName>
<OuterId>0</OuterId>
<OldUserCardCode><![CDATA[]]></OldUserCardCode>
<IsRestoreMemberCard>0</IsRestoreMemberCard>
<IsRecommendByFriend>0</IsRecommendByFriend>
<SourceScene><![CDATA[SOURCE_SCENE_QRCODE]]></SourceScene>
<UnionId><![CDATA[oAAAAAPcrNGOhXHkoEbOVutOE9o8]]></UnionId>
</xml>

2018-03-25 15:18:23 params :
------------
String:
array (
  'rule' => -2,
  'module' => '',
  'message' => 
  array (
    'tousername' => 'gh_3d9ec5667ec1',
    'fromusername' => 'o3hgew6lfQBy4FFJBeEIu44Bu5ek',
    'createtime' => '1521962302',
    'msgtype' => 'event',
    'event' => 'user_get_card',
    'cardid' => 'p3hgewwmNS6lAo0HM97FfGnv638c',
    'isgivebyfriend' => '0',
    'usercardcode' => '130693095489',
    'friendusername' => '',
    'outerid' => '0',
    'oldusercardcode' => '',
    'isrestoremembercard' => '0',
    'isrecommendbyfriend' => '0',
    'sourcescene' => 'SOURCE_SCENE_QRCODE',
    'unionid' => 'oAAAAAPcrNGOhXHkoEbOVutOE9o8',
    'from' => 'o3hgew6lfQBy4FFJBeEIu44Bu5ek',
    'to' => 'gh_3d9ec5667ec1',
    'time' => '1521962302',
    'type' => 'coupon',
  ),
)

2018-03-25 15:18:23 response :
------------

2018-03-25 15:18:23 trace :
------------
String:
<xml><ToUserName><![CDATA[gh_3d9ec5667ec1]]></ToUserName>
<FromUserName><![CDATA[o3hgew6lfQBy4FFJBeEIu44Bu5ek]]></FromUserName>
<CreateTime>1521962302</CreateTime>
<MsgType><![CDATA[event]]></MsgType>
<Event><![CDATA[user_view_card]]></Event>
<CardId><![CDATA[p3hgewwmNS6lAo0HM97FfGnv638c]]></CardId>
<UserCardCode><![CDATA[130693095489]]></UserCardCode>
<OuterStr><![CDATA[]]></OuterStr>
</xml>

2018-03-25 15:18:23 params :
------------
String:
array (
  'rule' => -2,
  'module' => '',
  'message' => 
  array (
    'tousername' => 'gh_3d9ec5667ec1',
    'fromusername' => 'o3hgew6lfQBy4FFJBeEIu44Bu5ek',
    'createtime' => '1521962302',
    'msgtype' => 'event',
    'event' => 'user_view_card',
    'cardid' => 'p3hgewwmNS6lAo0HM97FfGnv638c',
    'usercardcode' => '130693095489',
    'outerstr' => '',
    'from' => 'o3hgew6lfQBy4FFJBeEIu44Bu5ek',
    'to' => 'gh_3d9ec5667ec1',
    'time' => '1521962302',
    'type' => 'event',
  ),
)

2018-03-25 15:18:23 response :
------------

2018-03-25 15:18:50 trace :
------------
String:
<xml><ToUserName><![CDATA[gh_3d9ec5667ec1]]></ToUserName>
<FromUserName><![CDATA[o3hgew6lfQBy4FFJBeEIu44Bu5ek]]></FromUserName>
<CreateTime>1521962328</CreateTime>
<MsgType><![CDATA[event]]></MsgType>
<Event><![CDATA[LOCATION]]></Event>
<Latitude>22.776726</Latitude>
<Longitude>113.826530</Longitude>
<Precision>30.000000</Precision>
</xml>

2018-03-25 15:18:50 params :
------------
String:
array (
  'message' => 
  array (
    'tousername' => 'gh_3d9ec5667ec1',
    'fromusername' => 'o3hgew6lfQBy4FFJBeEIu44Bu5ek',
    'createtime' => '1521962328',
    'msgtype' => 'event',
    'event' => 'LOCATION',
    'latitude' => '22.776726',
    'longitude' => '113.826530',
    'precision' => '30.000000',
    'from' => 'o3hgew6lfQBy4FFJBeEIu44Bu5ek',
    'to' => 'gh_3d9ec5667ec1',
    'time' => '1521962328',
    'type' => 'trace',
    'location_x' => '22.776726',
    'location_y' => '113.826530',
  ),
  'module' => 'default',
  'rule' => '-1',
)

2018-03-25 15:18:50 response :
------------
Array:
errno : -1 ;
message : Invaild value ;

2018-03-25 15:29:56 trace :
------------
String:
<xml><ToUserName><![CDATA[gh_3d9ec5667ec1]]></ToUserName>
<FromUserName><![CDATA[o3hgew0exB66Csw2x5QvOK_-jq2w]]></FromUserName>
<CreateTime>1521962995</CreateTime>
<MsgType><![CDATA[event]]></MsgType>
<Event><![CDATA[subscribe]]></Event>
<EventKey><![CDATA[]]></EventKey>
</xml>

2018-03-25 15:29:57 params :
------------
String:
array (
  'rule' => -2,
  'module' => '',
  'message' => 
  array (
    'tousername' => 'gh_3d9ec5667ec1',
    'fromusername' => 'o3hgew0exB66Csw2x5QvOK_-jq2w',
    'createtime' => '1521962995',
    'msgtype' => 'event',
    'event' => 'subscribe',
    'eventkey' => '',
    'from' => 'o3hgew0exB66Csw2x5QvOK_-jq2w',
    'to' => 'gh_3d9ec5667ec1',
    'time' => '1521962995',
    'type' => 'text',
    'redirection' => true,
    'source' => 'subscribe',
  ),
)

2018-03-25 15:29:57 response :
------------

2018-03-25 15:44:24 trace :
------------
String:
<xml><ToUserName><![CDATA[gh_3d9ec5667ec1]]></ToUserName>
<FromUserName><![CDATA[o3hgew5zzkz1Bp-7ahoIt49aAej8]]></FromUserName>
<CreateTime>1521963862</CreateTime>
<MsgType><![CDATA[event]]></MsgType>
<Event><![CDATA[subscribe]]></Event>
<EventKey><![CDATA[]]></EventKey>
</xml>

2018-03-25 15:44:25 params :
------------
String:
array (
  'rule' => -2,
  'module' => '',
  'message' => 
  array (
    'tousername' => 'gh_3d9ec5667ec1',
    'fromusername' => 'o3hgew5zzkz1Bp-7ahoIt49aAej8',
    'createtime' => '1521963862',
    'msgtype' => 'event',
    'event' => 'subscribe',
    'eventkey' => '',
    'from' => 'o3hgew5zzkz1Bp-7ahoIt49aAej8',
    'to' => 'gh_3d9ec5667ec1',
    'time' => '1521963862',
    'type' => 'text',
    'redirection' => true,
    'source' => 'subscribe',
  ),
)

2018-03-25 15:44:25 response :
------------

2018-03-25 15:44:29 trace :
------------
String:
<xml><ToUserName><![CDATA[gh_3d9ec5667ec1]]></ToUserName>
<FromUserName><![CDATA[o3hgew5zzkz1Bp-7ahoIt49aAej8]]></FromUserName>
<CreateTime>1521963868</CreateTime>
<MsgType><![CDATA[event]]></MsgType>
<Event><![CDATA[LOCATION]]></Event>
<Latitude>22.783815</Latitude>
<Longitude>113.834511</Longitude>
<Precision>430.000000</Precision>
</xml>

2018-03-25 15:44:29 params :
------------
String:
array (
  'message' => 
  array (
    'tousername' => 'gh_3d9ec5667ec1',
    'fromusername' => 'o3hgew5zzkz1Bp-7ahoIt49aAej8',
    'createtime' => '1521963868',
    'msgtype' => 'event',
    'event' => 'LOCATION',
    'latitude' => '22.783815',
    'longitude' => '113.834511',
    'precision' => '430.000000',
    'from' => 'o3hgew5zzkz1Bp-7ahoIt49aAej8',
    'to' => 'gh_3d9ec5667ec1',
    'time' => '1521963868',
    'type' => 'trace',
    'location_x' => '22.783815',
    'location_y' => '113.834511',
  ),
  'module' => 'default',
  'rule' => '-1',
)

2018-03-25 15:44:29 response :
------------
Array:
errno : -1 ;
message : Invaild value ;

2018-03-25 15:45:02 trace :
------------
String:
<xml><ToUserName><![CDATA[gh_3d9ec5667ec1]]></ToUserName>
<FromUserName><![CDATA[o3hgew5zzkz1Bp-7ahoIt49aAej8]]></FromUserName>
<CreateTime>1521963901</CreateTime>
<MsgType><![CDATA[event]]></MsgType>
<Event><![CDATA[user_get_card]]></Event>
<CardId><![CDATA[p3hgewwmNS6lAo0HM97FfGnv638c]]></CardId>
<IsGiveByFriend>0</IsGiveByFriend>
<UserCardCode><![CDATA[649104924095]]></UserCardCode>
<FriendUserName><![CDATA[]]></FriendUserName>
<OuterId>0</OuterId>
<OldUserCardCode><![CDATA[]]></OldUserCardCode>
<IsRestoreMemberCard>0</IsRestoreMemberCard>
<IsRecommendByFriend>0</IsRecommendByFriend>
<SourceScene><![CDATA[SOURCE_SCENE_QRCODE]]></SourceScene>
<UnionId><![CDATA[oAAAAAKZlYvWOYQDcdSo8xFwyEh4]]></UnionId>
</xml>

2018-03-25 15:45:02 params :
------------
String:
array (
  'rule' => -2,
  'module' => '',
  'message' => 
  array (
    'tousername' => 'gh_3d9ec5667ec1',
    'fromusername' => 'o3hgew5zzkz1Bp-7ahoIt49aAej8',
    'createtime' => '1521963901',
    'msgtype' => 'event',
    'event' => 'user_get_card',
    'cardid' => 'p3hgewwmNS6lAo0HM97FfGnv638c',
    'isgivebyfriend' => '0',
    'usercardcode' => '649104924095',
    'friendusername' => '',
    'outerid' => '0',
    'oldusercardcode' => '',
    'isrestoremembercard' => '0',
    'isrecommendbyfriend' => '0',
    'sourcescene' => 'SOURCE_SCENE_QRCODE',
    'unionid' => 'oAAAAAKZlYvWOYQDcdSo8xFwyEh4',
    'from' => 'o3hgew5zzkz1Bp-7ahoIt49aAej8',
    'to' => 'gh_3d9ec5667ec1',
    'time' => '1521963901',
    'type' => 'coupon',
  ),
)

2018-03-25 15:45:02 response :
------------

2018-03-25 15:45:02 trace :
------------
String:
<xml><ToUserName><![CDATA[gh_3d9ec5667ec1]]></ToUserName>
<FromUserName><![CDATA[o3hgew5zzkz1Bp-7ahoIt49aAej8]]></FromUserName>
<CreateTime>1521963901</CreateTime>
<MsgType><![CDATA[event]]></MsgType>
<Event><![CDATA[user_view_card]]></Event>
<CardId><![CDATA[p3hgewwmNS6lAo0HM97FfGnv638c]]></CardId>
<UserCardCode><![CDATA[649104924095]]></UserCardCode>
<OuterStr><![CDATA[]]></OuterStr>
</xml>

2018-03-25 15:45:02 params :
------------
String:
array (
  'rule' => -2,
  'module' => '',
  'message' => 
  array (
    'tousername' => 'gh_3d9ec5667ec1',
    'fromusername' => 'o3hgew5zzkz1Bp-7ahoIt49aAej8',
    'createtime' => '1521963901',
    'msgtype' => 'event',
    'event' => 'user_view_card',
    'cardid' => 'p3hgewwmNS6lAo0HM97FfGnv638c',
    'usercardcode' => '649104924095',
    'outerstr' => '',
    'from' => 'o3hgew5zzkz1Bp-7ahoIt49aAej8',
    'to' => 'gh_3d9ec5667ec1',
    'time' => '1521963901',
    'type' => 'event',
  ),
)

2018-03-25 15:45:02 response :
------------

2018-03-25 15:45:47 trace :
------------
String:
<xml><ToUserName><![CDATA[gh_3d9ec5667ec1]]></ToUserName>
<FromUserName><![CDATA[o3hgew5zzkz1Bp-7ahoIt49aAej8]]></FromUserName>
<CreateTime>1521963945</CreateTime>
<MsgType><![CDATA[event]]></MsgType>
<Event><![CDATA[user_enter_session_from_card]]></Event>
<CardId><![CDATA[p3hgewwmNS6lAo0HM97FfGnv638c]]></CardId>
<UserCardCode><![CDATA[649104924095]]></UserCardCode>
</xml>

2018-03-25 15:45:47 params :
------------
String:
array (
  'rule' => -2,
  'module' => '',
  'message' => 
  array (
    'tousername' => 'gh_3d9ec5667ec1',
    'fromusername' => 'o3hgew5zzkz1Bp-7ahoIt49aAej8',
    'createtime' => '1521963945',
    'msgtype' => 'event',
    'event' => 'user_enter_session_from_card',
    'cardid' => 'p3hgewwmNS6lAo0HM97FfGnv638c',
    'usercardcode' => '649104924095',
    'from' => 'o3hgew5zzkz1Bp-7ahoIt49aAej8',
    'to' => 'gh_3d9ec5667ec1',
    'time' => '1521963945',
    'type' => 'event',
  ),
)

2018-03-25 15:45:47 response :
------------

2018-03-25 15:45:47 trace :
------------
String:
<xml><ToUserName><![CDATA[gh_3d9ec5667ec1]]></ToUserName>
<FromUserName><![CDATA[o3hgew5zzkz1Bp-7ahoIt49aAej8]]></FromUserName>
<CreateTime>1521963946</CreateTime>
<MsgType><![CDATA[event]]></MsgType>
<Event><![CDATA[LOCATION]]></Event>
<Latitude>22.776268</Latitude>
<Longitude>113.826508</Longitude>
<Precision>220.000000</Precision>
</xml>

2018-03-25 15:45:47 params :
------------
String:
array (
  'message' => 
  array (
    'tousername' => 'gh_3d9ec5667ec1',
    'fromusername' => 'o3hgew5zzkz1Bp-7ahoIt49aAej8',
    'createtime' => '1521963946',
    'msgtype' => 'event',
    'event' => 'LOCATION',
    'latitude' => '22.776268',
    'longitude' => '113.826508',
    'precision' => '220.000000',
    'from' => 'o3hgew5zzkz1Bp-7ahoIt49aAej8',
    'to' => 'gh_3d9ec5667ec1',
    'time' => '1521963946',
    'type' => 'trace',
    'location_x' => '22.776268',
    'location_y' => '113.826508',
  ),
  'module' => 'default',
  'rule' => '-1',
)

2018-03-25 15:45:47 response :
------------
Array:
errno : -1 ;
message : Invaild value ;

2018-03-25 15:46:16 trace :
------------
String:
<xml><ToUserName><![CDATA[gh_3d9ec5667ec1]]></ToUserName>
<FromUserName><![CDATA[o3hgew5zzkz1Bp-7ahoIt49aAej8]]></FromUserName>
<CreateTime>1521963975</CreateTime>
<MsgType><![CDATA[event]]></MsgType>
<Event><![CDATA[LOCATION]]></Event>
<Latitude>22.776268</Latitude>
<Longitude>113.826508</Longitude>
<Precision>220.000000</Precision>
</xml>

2018-03-25 15:46:16 params :
------------
String:
array (
  'message' => 
  array (
    'tousername' => 'gh_3d9ec5667ec1',
    'fromusername' => 'o3hgew5zzkz1Bp-7ahoIt49aAej8',
    'createtime' => '1521963975',
    'msgtype' => 'event',
    'event' => 'LOCATION',
    'latitude' => '22.776268',
    'longitude' => '113.826508',
    'precision' => '220.000000',
    'from' => 'o3hgew5zzkz1Bp-7ahoIt49aAej8',
    'to' => 'gh_3d9ec5667ec1',
    'time' => '1521963975',
    'type' => 'trace',
    'location_x' => '22.776268',
    'location_y' => '113.826508',
  ),
  'module' => 'default',
  'rule' => '-1',
)

2018-03-25 15:46:16 response :
------------
Array:
errno : -1 ;
message : Invaild value ;

2018-03-25 15:46:46 trace :
------------
String:
<xml><ToUserName><![CDATA[gh_3d9ec5667ec1]]></ToUserName>
<FromUserName><![CDATA[o3hgew5zzkz1Bp-7ahoIt49aAej8]]></FromUserName>
<CreateTime>1521964005</CreateTime>
<MsgType><![CDATA[event]]></MsgType>
<Event><![CDATA[LOCATION]]></Event>
<Latitude>22.776268</Latitude>
<Longitude>113.826508</Longitude>
<Precision>220.000000</Precision>
</xml>

2018-03-25 15:46:46 params :
------------
String:
array (
  'message' => 
  array (
    'tousername' => 'gh_3d9ec5667ec1',
    'fromusername' => 'o3hgew5zzkz1Bp-7ahoIt49aAej8',
    'createtime' => '1521964005',
    'msgtype' => 'event',
    'event' => 'LOCATION',
    'latitude' => '22.776268',
    'longitude' => '113.826508',
    'precision' => '220.000000',
    'from' => 'o3hgew5zzkz1Bp-7ahoIt49aAej8',
    'to' => 'gh_3d9ec5667ec1',
    'time' => '1521964005',
    'type' => 'trace',
    'location_x' => '22.776268',
    'location_y' => '113.826508',
  ),
  'module' => 'default',
  'rule' => '-1',
)

2018-03-25 15:46:46 response :
------------
Array:
errno : -1 ;
message : Invaild value ;

2018-03-25 15:47:41 trace :
------------
String:
<xml><ToUserName><![CDATA[gh_3d9ec5667ec1]]></ToUserName>
<FromUserName><![CDATA[o3hgew3KgLODx2k6KerYxUBm0Fv4]]></FromUserName>
<CreateTime>1521964060</CreateTime>
<MsgType><![CDATA[event]]></MsgType>
<Event><![CDATA[subscribe]]></Event>
<EventKey><![CDATA[]]></EventKey>
</xml>

2018-03-25 15:47:41 params :
------------
String:
array (
  'rule' => -2,
  'module' => '',
  'message' => 
  array (
    'tousername' => 'gh_3d9ec5667ec1',
    'fromusername' => 'o3hgew3KgLODx2k6KerYxUBm0Fv4',
    'createtime' => '1521964060',
    'msgtype' => 'event',
    'event' => 'subscribe',
    'eventkey' => '',
    'from' => 'o3hgew3KgLODx2k6KerYxUBm0Fv4',
    'to' => 'gh_3d9ec5667ec1',
    'time' => '1521964060',
    'type' => 'text',
    'redirection' => true,
    'source' => 'subscribe',
  ),
)

2018-03-25 15:47:41 response :
------------

2018-03-25 15:47:45 trace :
------------
String:
<xml><ToUserName><![CDATA[gh_3d9ec5667ec1]]></ToUserName>
<FromUserName><![CDATA[o3hgew3KgLODx2k6KerYxUBm0Fv4]]></FromUserName>
<CreateTime>1521964064</CreateTime>
<MsgType><![CDATA[event]]></MsgType>
<Event><![CDATA[LOCATION]]></Event>
<Latitude>22.776711</Latitude>
<Longitude>113.826508</Longitude>
<Precision>30.000000</Precision>
</xml>

2018-03-25 15:47:45 params :
------------
String:
array (
  'message' => 
  array (
    'tousername' => 'gh_3d9ec5667ec1',
    'fromusername' => 'o3hgew3KgLODx2k6KerYxUBm0Fv4',
    'createtime' => '1521964064',
    'msgtype' => 'event',
    'event' => 'LOCATION',
    'latitude' => '22.776711',
    'longitude' => '113.826508',
    'precision' => '30.000000',
    'from' => 'o3hgew3KgLODx2k6KerYxUBm0Fv4',
    'to' => 'gh_3d9ec5667ec1',
    'time' => '1521964064',
    'type' => 'trace',
    'location_x' => '22.776711',
    'location_y' => '113.826508',
  ),
  'module' => 'default',
  'rule' => '-1',
)

2018-03-25 15:47:45 response :
------------
Array:
errno : -1 ;
message : Invaild value ;

2018-03-25 15:47:59 trace :
------------
String:
<xml><ToUserName><![CDATA[gh_3d9ec5667ec1]]></ToUserName>
<FromUserName><![CDATA[o3hgew3KgLODx2k6KerYxUBm0Fv4]]></FromUserName>
<CreateTime>1521964077</CreateTime>
<MsgType><![CDATA[event]]></MsgType>
<Event><![CDATA[LOCATION]]></Event>
<Latitude>22.776711</Latitude>
<Longitude>113.826508</Longitude>
<Precision>30.000000</Precision>
</xml>

2018-03-25 15:47:59 params :
------------
String:
array (
  'message' => 
  array (
    'tousername' => 'gh_3d9ec5667ec1',
    'fromusername' => 'o3hgew3KgLODx2k6KerYxUBm0Fv4',
    'createtime' => '1521964077',
    'msgtype' => 'event',
    'event' => 'LOCATION',
    'latitude' => '22.776711',
    'longitude' => '113.826508',
    'precision' => '30.000000',
    'from' => 'o3hgew3KgLODx2k6KerYxUBm0Fv4',
    'to' => 'gh_3d9ec5667ec1',
    'time' => '1521964077',
    'type' => 'trace',
    'location_x' => '22.776711',
    'location_y' => '113.826508',
  ),
  'module' => 'default',
  'rule' => '-1',
)

2018-03-25 15:47:59 response :
------------
Array:
errno : -1 ;
message : Invaild value ;

2018-03-25 15:48:52 trace :
------------
String:
<xml><ToUserName><![CDATA[gh_3d9ec5667ec1]]></ToUserName>
<FromUserName><![CDATA[o3hgew3KgLODx2k6KerYxUBm0Fv4]]></FromUserName>
<CreateTime>1521964131</CreateTime>
<MsgType><![CDATA[event]]></MsgType>
<Event><![CDATA[LOCATION]]></Event>
<Latitude>22.776737</Latitude>
<Longitude>113.826523</Longitude>
<Precision>30.000000</Precision>
</xml>

2018-03-25 15:48:52 params :
------------
String:
array (
  'message' => 
  array (
    'tousername' => 'gh_3d9ec5667ec1',
    'fromusername' => 'o3hgew3KgLODx2k6KerYxUBm0Fv4',
    'createtime' => '1521964131',
    'msgtype' => 'event',
    'event' => 'LOCATION',
    'latitude' => '22.776737',
    'longitude' => '113.826523',
    'precision' => '30.000000',
    'from' => 'o3hgew3KgLODx2k6KerYxUBm0Fv4',
    'to' => 'gh_3d9ec5667ec1',
    'time' => '1521964131',
    'type' => 'trace',
    'location_x' => '22.776737',
    'location_y' => '113.826523',
  ),
  'module' => 'default',
  'rule' => '-1',
)

2018-03-25 15:48:52 response :
------------
Array:
errno : -1 ;
message : Invaild value ;

2018-03-25 15:48:58 trace :
------------
String:
<xml><ToUserName><![CDATA[gh_3d9ec5667ec1]]></ToUserName>
<FromUserName><![CDATA[o3hgew3KgLODx2k6KerYxUBm0Fv4]]></FromUserName>
<CreateTime>1521964137</CreateTime>
<MsgType><![CDATA[event]]></MsgType>
<Event><![CDATA[LOCATION]]></Event>
<Latitude>22.776737</Latitude>
<Longitude>113.826523</Longitude>
<Precision>30.000000</Precision>
</xml>

2018-03-25 15:48:58 params :
------------
String:
array (
  'message' => 
  array (
    'tousername' => 'gh_3d9ec5667ec1',
    'fromusername' => 'o3hgew3KgLODx2k6KerYxUBm0Fv4',
    'createtime' => '1521964137',
    'msgtype' => 'event',
    'event' => 'LOCATION',
    'latitude' => '22.776737',
    'longitude' => '113.826523',
    'precision' => '30.000000',
    'from' => 'o3hgew3KgLODx2k6KerYxUBm0Fv4',
    'to' => 'gh_3d9ec5667ec1',
    'time' => '1521964137',
    'type' => 'trace',
    'location_x' => '22.776737',
    'location_y' => '113.826523',
  ),
  'module' => 'default',
  'rule' => '-1',
)

2018-03-25 15:48:58 response :
------------
Array:
errno : -1 ;
message : Invaild value ;

2018-03-25 16:04:00 trace :
------------
String:
<xml><ToUserName><![CDATA[gh_3d9ec5667ec1]]></ToUserName>
<FromUserName><![CDATA[o3hgewwFzUktCNoCRTlvNg3MakQU]]></FromUserName>
<CreateTime>1521965038</CreateTime>
<MsgType><![CDATA[event]]></MsgType>
<Event><![CDATA[LOCATION]]></Event>
<Latitude>22.776268</Latitude>
<Longitude>113.826508</Longitude>
<Precision>220.000000</Precision>
</xml>

2018-03-25 16:04:00 params :
------------
String:
array (
  'message' => 
  array (
    'tousername' => 'gh_3d9ec5667ec1',
    'fromusername' => 'o3hgewwFzUktCNoCRTlvNg3MakQU',
    'createtime' => '1521965038',
    'msgtype' => 'event',
    'event' => 'LOCATION',
    'latitude' => '22.776268',
    'longitude' => '113.826508',
    'precision' => '220.000000',
    'from' => 'o3hgewwFzUktCNoCRTlvNg3MakQU',
    'to' => 'gh_3d9ec5667ec1',
    'time' => '1521965038',
    'type' => 'trace',
    'location_x' => '22.776268',
    'location_y' => '113.826508',
  ),
  'module' => 'default',
  'rule' => '-1',
)

2018-03-25 16:04:00 response :
------------
Array:
errno : -1 ;
message : Invaild value ;

2018-03-25 16:36:57 trace :
------------
String:
<xml><ToUserName><![CDATA[gh_3d9ec5667ec1]]></ToUserName>
<FromUserName><![CDATA[o3hgew3KgLODx2k6KerYxUBm0Fv4]]></FromUserName>
<CreateTime>1521967015</CreateTime>
<MsgType><![CDATA[event]]></MsgType>
<Event><![CDATA[LOCATION]]></Event>
<Latitude>22.769650</Latitude>
<Longitude>113.846230</Longitude>
<Precision>30.000000</Precision>
</xml>

2018-03-25 16:36:57 params :
------------
String:
array (
  'message' => 
  array (
    'tousername' => 'gh_3d9ec5667ec1',
    'fromusername' => 'o3hgew3KgLODx2k6KerYxUBm0Fv4',
    'createtime' => '1521967015',
    'msgtype' => 'event',
    'event' => 'LOCATION',
    'latitude' => '22.769650',
    'longitude' => '113.846230',
    'precision' => '30.000000',
    'from' => 'o3hgew3KgLODx2k6KerYxUBm0Fv4',
    'to' => 'gh_3d9ec5667ec1',
    'time' => '1521967015',
    'type' => 'trace',
    'location_x' => '22.769650',
    'location_y' => '113.846230',
  ),
  'module' => 'default',
  'rule' => '-1',
)

2018-03-25 16:36:57 response :
------------
Array:
errno : -1 ;
message : Invaild value ;

2018-03-25 19:01:04 trace :
------------
String:
<xml><ToUserName><![CDATA[gh_3d9ec5667ec1]]></ToUserName>
<FromUserName><![CDATA[o3hgew8vPq_MlFAM2jus4XzyqNEM]]></FromUserName>
<CreateTime>1521975663</CreateTime>
<MsgType><![CDATA[event]]></MsgType>
<Event><![CDATA[subscribe]]></Event>
<EventKey><![CDATA[]]></EventKey>
</xml>

2018-03-25 19:01:05 params :
------------
String:
array (
  'rule' => -2,
  'module' => '',
  'message' => 
  array (
    'tousername' => 'gh_3d9ec5667ec1',
    'fromusername' => 'o3hgew8vPq_MlFAM2jus4XzyqNEM',
    'createtime' => '1521975663',
    'msgtype' => 'event',
    'event' => 'subscribe',
    'eventkey' => '',
    'from' => 'o3hgew8vPq_MlFAM2jus4XzyqNEM',
    'to' => 'gh_3d9ec5667ec1',
    'time' => '1521975663',
    'type' => 'text',
    'redirection' => true,
    'source' => 'subscribe',
  ),
)

2018-03-25 19:01:05 response :
------------

2018-03-25 19:01:12 trace :
------------
String:
<xml><ToUserName><![CDATA[gh_3d9ec5667ec1]]></ToUserName>
<FromUserName><![CDATA[o3hgew8vPq_MlFAM2jus4XzyqNEM]]></FromUserName>
<CreateTime>1521975672</CreateTime>
<MsgType><![CDATA[event]]></MsgType>
<Event><![CDATA[LOCATION]]></Event>
<Latitude>22.593416</Latitude>
<Longitude>113.248184</Longitude>
<Precision>30.000000</Precision>
</xml>

2018-03-25 19:01:12 params :
------------
String:
array (
  'message' => 
  array (
    'tousername' => 'gh_3d9ec5667ec1',
    'fromusername' => 'o3hgew8vPq_MlFAM2jus4XzyqNEM',
    'createtime' => '1521975672',
    'msgtype' => 'event',
    'event' => 'LOCATION',
    'latitude' => '22.593416',
    'longitude' => '113.248184',
    'precision' => '30.000000',
    'from' => 'o3hgew8vPq_MlFAM2jus4XzyqNEM',
    'to' => 'gh_3d9ec5667ec1',
    'time' => '1521975672',
    'type' => 'trace',
    'location_x' => '22.593416',
    'location_y' => '113.248184',
  ),
  'module' => 'default',
  'rule' => '-1',
)

2018-03-25 19:01:12 response :
------------
Array:
errno : -1 ;
message : Invaild value ;

2018-03-25 19:01:33 trace :
------------
String:
<xml><ToUserName><![CDATA[gh_3d9ec5667ec1]]></ToUserName>
<FromUserName><![CDATA[o3hgew8vPq_MlFAM2jus4XzyqNEM]]></FromUserName>
<CreateTime>1521975693</CreateTime>
<MsgType><![CDATA[event]]></MsgType>
<Event><![CDATA[LOCATION]]></Event>
<Latitude>22.593416</Latitude>
<Longitude>113.248184</Longitude>
<Precision>30.000000</Precision>
</xml>

2018-03-25 19:01:33 params :
------------
String:
array (
  'message' => 
  array (
    'tousername' => 'gh_3d9ec5667ec1',
    'fromusername' => 'o3hgew8vPq_MlFAM2jus4XzyqNEM',
    'createtime' => '1521975693',
    'msgtype' => 'event',
    'event' => 'LOCATION',
    'latitude' => '22.593416',
    'longitude' => '113.248184',
    'precision' => '30.000000',
    'from' => 'o3hgew8vPq_MlFAM2jus4XzyqNEM',
    'to' => 'gh_3d9ec5667ec1',
    'time' => '1521975693',
    'type' => 'trace',
    'location_x' => '22.593416',
    'location_y' => '113.248184',
  ),
  'module' => 'default',
  'rule' => '-1',
)

2018-03-25 19:01:33 response :
------------
Array:
errno : -1 ;
message : Invaild value ;

2018-03-25 19:02:04 trace :
------------
String:
<xml><ToUserName><![CDATA[gh_3d9ec5667ec1]]></ToUserName>
<FromUserName><![CDATA[o3hgew8vPq_MlFAM2jus4XzyqNEM]]></FromUserName>
<CreateTime>1521975723</CreateTime>
<MsgType><![CDATA[event]]></MsgType>
<Event><![CDATA[unsubscribe]]></Event>
<EventKey><![CDATA[]]></EventKey>
</xml>

2018-03-25 19:55:51 trace :
------------
String:
<xml><ToUserName><![CDATA[gh_3d9ec5667ec1]]></ToUserName>
<FromUserName><![CDATA[o3hgew3Oc8i2fGQfsvu6h0_psjnA]]></FromUserName>
<CreateTime>1521978950</CreateTime>
<MsgType><![CDATA[event]]></MsgType>
<Event><![CDATA[LOCATION]]></Event>
<Latitude>22.768850</Latitude>
<Longitude>113.854065</Longitude>
<Precision>30.000000</Precision>
</xml>

2018-03-25 19:55:51 params :
------------
String:
array (
  'message' => 
  array (
    'tousername' => 'gh_3d9ec5667ec1',
    'fromusername' => 'o3hgew3Oc8i2fGQfsvu6h0_psjnA',
    'createtime' => '1521978950',
    'msgtype' => 'event',
    'event' => 'LOCATION',
    'latitude' => '22.768850',
    'longitude' => '113.854065',
    'precision' => '30.000000',
    'from' => 'o3hgew3Oc8i2fGQfsvu6h0_psjnA',
    'to' => 'gh_3d9ec5667ec1',
    'time' => '1521978950',
    'type' => 'trace',
    'location_x' => '22.768850',
    'location_y' => '113.854065',
  ),
  'module' => 'default',
  'rule' => '-1',
)

2018-03-25 19:55:51 response :
------------
Array:
errno : -1 ;
message : Invaild value ;

