2018-03-22 13:24:49 trace :
------------
String:
<xml><ToUserName><![CDATA[gh_3d9ec5667ec1]]></ToUserName>
<FromUserName><![CDATA[o3hgew0gBWJxXMr4ufQKBdt7Yn1Q]]></FromUserName>
<CreateTime>1521696288</CreateTime>
<MsgType><![CDATA[event]]></MsgType>
<Event><![CDATA[subscribe]]></Event>
<EventKey><![CDATA[]]></EventKey>
</xml>

2018-03-22 13:24:50 params :
------------
String:
array (
  'rule' => -2,
  'module' => '',
  'message' => 
  array (
    'tousername' => 'gh_3d9ec5667ec1',
    'fromusername' => 'o3hgew0gBWJxXMr4ufQKBdt7Yn1Q',
    'createtime' => '1521696288',
    'msgtype' => 'event',
    'event' => 'subscribe',
    'eventkey' => '',
    'from' => 'o3hgew0gBWJxXMr4ufQKBdt7Yn1Q',
    'to' => 'gh_3d9ec5667ec1',
    'time' => '1521696288',
    'type' => 'text',
    'redirection' => true,
    'source' => 'subscribe',
  ),
)

2018-03-22 13:24:50 response :
------------

2018-03-22 13:24:52 trace :
------------
String:
<xml><ToUserName><![CDATA[gh_3d9ec5667ec1]]></ToUserName>
<FromUserName><![CDATA[o3hgew0gBWJxXMr4ufQKBdt7Yn1Q]]></FromUserName>
<CreateTime>1521696291</CreateTime>
<MsgType><![CDATA[event]]></MsgType>
<Event><![CDATA[LOCATION]]></Event>
<Latitude>22.936153</Latitude>
<Longitude>113.664513</Longitude>
<Precision>30.000000</Precision>
</xml>

2018-03-22 13:24:52 params :
------------
String:
array (
  'message' => 
  array (
    'tousername' => 'gh_3d9ec5667ec1',
    'fromusername' => 'o3hgew0gBWJxXMr4ufQKBdt7Yn1Q',
    'createtime' => '1521696291',
    'msgtype' => 'event',
    'event' => 'LOCATION',
    'latitude' => '22.936153',
    'longitude' => '113.664513',
    'precision' => '30.000000',
    'from' => 'o3hgew0gBWJxXMr4ufQKBdt7Yn1Q',
    'to' => 'gh_3d9ec5667ec1',
    'time' => '1521696291',
    'type' => 'trace',
    'location_x' => '22.936153',
    'location_y' => '113.664513',
  ),
  'module' => 'default',
  'rule' => '-1',
)

2018-03-22 13:24:52 response :
------------
Array:
errno : -1 ;
message : Invaild value ;

2018-03-22 13:25:11 trace :
------------
String:
<xml><ToUserName><![CDATA[gh_3d9ec5667ec1]]></ToUserName>
<FromUserName><![CDATA[o3hgew0gBWJxXMr4ufQKBdt7Yn1Q]]></FromUserName>
<CreateTime>1521696311</CreateTime>
<MsgType><![CDATA[event]]></MsgType>
<Event><![CDATA[user_get_card]]></Event>
<CardId><![CDATA[p3hgewwmNS6lAo0HM97FfGnv638c]]></CardId>
<IsGiveByFriend>0</IsGiveByFriend>
<UserCardCode><![CDATA[205376412770]]></UserCardCode>
<FriendUserName><![CDATA[]]></FriendUserName>
<OuterId>0</OuterId>
<OldUserCardCode><![CDATA[]]></OldUserCardCode>
<IsRestoreMemberCard>0</IsRestoreMemberCard>
<IsRecommendByFriend>0</IsRecommendByFriend>
<SourceScene><![CDATA[SOURCE_SCENE_QRCODE]]></SourceScene>
<UnionId><![CDATA[oAAAAAGX1cvAFwn9rm8ks-3hxNwQ]]></UnionId>
</xml>

2018-03-22 13:25:11 params :
------------
String:
array (
  'rule' => -2,
  'module' => '',
  'message' => 
  array (
    'tousername' => 'gh_3d9ec5667ec1',
    'fromusername' => 'o3hgew0gBWJxXMr4ufQKBdt7Yn1Q',
    'createtime' => '1521696311',
    'msgtype' => 'event',
    'event' => 'user_get_card',
    'cardid' => 'p3hgewwmNS6lAo0HM97FfGnv638c',
    'isgivebyfriend' => '0',
    'usercardcode' => '205376412770',
    'friendusername' => '',
    'outerid' => '0',
    'oldusercardcode' => '',
    'isrestoremembercard' => '0',
    'isrecommendbyfriend' => '0',
    'sourcescene' => 'SOURCE_SCENE_QRCODE',
    'unionid' => 'oAAAAAGX1cvAFwn9rm8ks-3hxNwQ',
    'from' => 'o3hgew0gBWJxXMr4ufQKBdt7Yn1Q',
    'to' => 'gh_3d9ec5667ec1',
    'time' => '1521696311',
    'type' => 'coupon',
  ),
)

2018-03-22 13:25:11 response :
------------

2018-03-22 13:25:12 trace :
------------
String:
<xml><ToUserName><![CDATA[gh_3d9ec5667ec1]]></ToUserName>
<FromUserName><![CDATA[o3hgew0gBWJxXMr4ufQKBdt7Yn1Q]]></FromUserName>
<CreateTime>1521696311</CreateTime>
<MsgType><![CDATA[event]]></MsgType>
<Event><![CDATA[user_view_card]]></Event>
<CardId><![CDATA[p3hgewwmNS6lAo0HM97FfGnv638c]]></CardId>
<UserCardCode><![CDATA[205376412770]]></UserCardCode>
<OuterStr><![CDATA[]]></OuterStr>
</xml>

2018-03-22 13:25:12 params :
------------
String:
array (
  'rule' => -2,
  'module' => '',
  'message' => 
  array (
    'tousername' => 'gh_3d9ec5667ec1',
    'fromusername' => 'o3hgew0gBWJxXMr4ufQKBdt7Yn1Q',
    'createtime' => '1521696311',
    'msgtype' => 'event',
    'event' => 'user_view_card',
    'cardid' => 'p3hgewwmNS6lAo0HM97FfGnv638c',
    'usercardcode' => '205376412770',
    'outerstr' => '',
    'from' => 'o3hgew0gBWJxXMr4ufQKBdt7Yn1Q',
    'to' => 'gh_3d9ec5667ec1',
    'time' => '1521696311',
    'type' => 'event',
  ),
)

2018-03-22 13:25:12 response :
------------

2018-03-22 13:28:50 trace :
------------
String:
<xml><ToUserName><![CDATA[gh_3d9ec5667ec1]]></ToUserName>
<FromUserName><![CDATA[o3hgew-53Ry1HNJaxTbNJR7yOmzY]]></FromUserName>
<CreateTime>1521696530</CreateTime>
<MsgType><![CDATA[event]]></MsgType>
<Event><![CDATA[subscribe]]></Event>
<EventKey><![CDATA[]]></EventKey>
</xml>

2018-03-22 13:28:51 params :
------------
String:
array (
  'rule' => -2,
  'module' => '',
  'message' => 
  array (
    'tousername' => 'gh_3d9ec5667ec1',
    'fromusername' => 'o3hgew-53Ry1HNJaxTbNJR7yOmzY',
    'createtime' => '1521696530',
    'msgtype' => 'event',
    'event' => 'subscribe',
    'eventkey' => '',
    'from' => 'o3hgew-53Ry1HNJaxTbNJR7yOmzY',
    'to' => 'gh_3d9ec5667ec1',
    'time' => '1521696530',
    'type' => 'text',
    'redirection' => true,
    'source' => 'subscribe',
  ),
)

2018-03-22 13:28:51 response :
------------

2018-03-22 13:28:54 trace :
------------
String:
<xml><ToUserName><![CDATA[gh_3d9ec5667ec1]]></ToUserName>
<FromUserName><![CDATA[o3hgew-53Ry1HNJaxTbNJR7yOmzY]]></FromUserName>
<CreateTime>1521696533</CreateTime>
<MsgType><![CDATA[event]]></MsgType>
<Event><![CDATA[LOCATION]]></Event>
<Latitude>22.936489</Latitude>
<Longitude>113.664223</Longitude>
<Precision>50.000000</Precision>
</xml>

2018-03-22 13:28:54 params :
------------
String:
array (
  'message' => 
  array (
    'tousername' => 'gh_3d9ec5667ec1',
    'fromusername' => 'o3hgew-53Ry1HNJaxTbNJR7yOmzY',
    'createtime' => '1521696533',
    'msgtype' => 'event',
    'event' => 'LOCATION',
    'latitude' => '22.936489',
    'longitude' => '113.664223',
    'precision' => '50.000000',
    'from' => 'o3hgew-53Ry1HNJaxTbNJR7yOmzY',
    'to' => 'gh_3d9ec5667ec1',
    'time' => '1521696533',
    'type' => 'trace',
    'location_x' => '22.936489',
    'location_y' => '113.664223',
  ),
  'module' => 'default',
  'rule' => '-1',
)

2018-03-22 13:28:54 response :
------------
Array:
errno : -1 ;
message : Invaild value ;

2018-03-22 13:39:21 trace :
------------
String:
<xml><ToUserName><![CDATA[gh_3d9ec5667ec1]]></ToUserName>
<FromUserName><![CDATA[o3hgew_sg3h2fcMU1JWPXACcwezQ]]></FromUserName>
<CreateTime>1521697160</CreateTime>
<MsgType><![CDATA[event]]></MsgType>
<Event><![CDATA[subscribe]]></Event>
<EventKey><![CDATA[]]></EventKey>
</xml>

2018-03-22 13:39:22 params :
------------
String:
array (
  'rule' => -2,
  'module' => '',
  'message' => 
  array (
    'tousername' => 'gh_3d9ec5667ec1',
    'fromusername' => 'o3hgew_sg3h2fcMU1JWPXACcwezQ',
    'createtime' => '1521697160',
    'msgtype' => 'event',
    'event' => 'subscribe',
    'eventkey' => '',
    'from' => 'o3hgew_sg3h2fcMU1JWPXACcwezQ',
    'to' => 'gh_3d9ec5667ec1',
    'time' => '1521697160',
    'type' => 'text',
    'redirection' => true,
    'source' => 'subscribe',
  ),
)

2018-03-22 13:39:22 response :
------------

2018-03-22 13:39:24 trace :
------------
String:
<xml><ToUserName><![CDATA[gh_3d9ec5667ec1]]></ToUserName>
<FromUserName><![CDATA[o3hgew_sg3h2fcMU1JWPXACcwezQ]]></FromUserName>
<CreateTime>1521697163</CreateTime>
<MsgType><![CDATA[event]]></MsgType>
<Event><![CDATA[LOCATION]]></Event>
<Latitude>22.936361</Latitude>
<Longitude>113.664650</Longitude>
<Precision>30.000000</Precision>
</xml>

2018-03-22 13:39:24 params :
------------
String:
array (
  'message' => 
  array (
    'tousername' => 'gh_3d9ec5667ec1',
    'fromusername' => 'o3hgew_sg3h2fcMU1JWPXACcwezQ',
    'createtime' => '1521697163',
    'msgtype' => 'event',
    'event' => 'LOCATION',
    'latitude' => '22.936361',
    'longitude' => '113.664650',
    'precision' => '30.000000',
    'from' => 'o3hgew_sg3h2fcMU1JWPXACcwezQ',
    'to' => 'gh_3d9ec5667ec1',
    'time' => '1521697163',
    'type' => 'trace',
    'location_x' => '22.936361',
    'location_y' => '113.664650',
  ),
  'module' => 'default',
  'rule' => '-1',
)

2018-03-22 13:39:24 response :
------------
Array:
errno : -1 ;
message : Invaild value ;

2018-03-22 13:39:33 trace :
------------
String:
<xml><ToUserName><![CDATA[gh_3d9ec5667ec1]]></ToUserName>
<FromUserName><![CDATA[o3hgew_sg3h2fcMU1JWPXACcwezQ]]></FromUserName>
<CreateTime>1521697173</CreateTime>
<MsgType><![CDATA[event]]></MsgType>
<Event><![CDATA[LOCATION]]></Event>
<Latitude>22.936361</Latitude>
<Longitude>113.664650</Longitude>
<Precision>30.000000</Precision>
</xml>

2018-03-22 13:39:33 params :
------------
String:
array (
  'message' => 
  array (
    'tousername' => 'gh_3d9ec5667ec1',
    'fromusername' => 'o3hgew_sg3h2fcMU1JWPXACcwezQ',
    'createtime' => '1521697173',
    'msgtype' => 'event',
    'event' => 'LOCATION',
    'latitude' => '22.936361',
    'longitude' => '113.664650',
    'precision' => '30.000000',
    'from' => 'o3hgew_sg3h2fcMU1JWPXACcwezQ',
    'to' => 'gh_3d9ec5667ec1',
    'time' => '1521697173',
    'type' => 'trace',
    'location_x' => '22.936361',
    'location_y' => '113.664650',
  ),
  'module' => 'default',
  'rule' => '-1',
)

2018-03-22 13:39:33 response :
------------
Array:
errno : -1 ;
message : Invaild value ;

2018-03-22 13:40:01 trace :
------------
String:
<xml><ToUserName><![CDATA[gh_3d9ec5667ec1]]></ToUserName>
<FromUserName><![CDATA[o3hgewyRY3fOLh_UCCNeIobNWvV8]]></FromUserName>
<CreateTime>1521697200</CreateTime>
<MsgType><![CDATA[event]]></MsgType>
<Event><![CDATA[subscribe]]></Event>
<EventKey><![CDATA[]]></EventKey>
</xml>

2018-03-22 13:40:01 params :
------------
String:
array (
  'rule' => -2,
  'module' => '',
  'message' => 
  array (
    'tousername' => 'gh_3d9ec5667ec1',
    'fromusername' => 'o3hgewyRY3fOLh_UCCNeIobNWvV8',
    'createtime' => '1521697200',
    'msgtype' => 'event',
    'event' => 'subscribe',
    'eventkey' => '',
    'from' => 'o3hgewyRY3fOLh_UCCNeIobNWvV8',
    'to' => 'gh_3d9ec5667ec1',
    'time' => '1521697200',
    'type' => 'text',
    'redirection' => true,
    'source' => 'subscribe',
  ),
)

2018-03-22 13:40:01 response :
------------

2018-03-22 13:40:08 trace :
------------
String:
<xml><ToUserName><![CDATA[gh_3d9ec5667ec1]]></ToUserName>
<FromUserName><![CDATA[o3hgewyRY3fOLh_UCCNeIobNWvV8]]></FromUserName>
<CreateTime>1521697207</CreateTime>
<MsgType><![CDATA[event]]></MsgType>
<Event><![CDATA[LOCATION]]></Event>
<Latitude>22.936340</Latitude>
<Longitude>113.664444</Longitude>
<Precision>45.000000</Precision>
</xml>

2018-03-22 13:40:08 params :
------------
String:
array (
  'message' => 
  array (
    'tousername' => 'gh_3d9ec5667ec1',
    'fromusername' => 'o3hgewyRY3fOLh_UCCNeIobNWvV8',
    'createtime' => '1521697207',
    'msgtype' => 'event',
    'event' => 'LOCATION',
    'latitude' => '22.936340',
    'longitude' => '113.664444',
    'precision' => '45.000000',
    'from' => 'o3hgewyRY3fOLh_UCCNeIobNWvV8',
    'to' => 'gh_3d9ec5667ec1',
    'time' => '1521697207',
    'type' => 'trace',
    'location_x' => '22.936340',
    'location_y' => '113.664444',
  ),
  'module' => 'default',
  'rule' => '-1',
)

2018-03-22 13:40:08 response :
------------
Array:
errno : -1 ;
message : Invaild value ;

2018-03-22 13:41:44 trace :
------------
String:
<xml><ToUserName><![CDATA[gh_3d9ec5667ec1]]></ToUserName>
<FromUserName><![CDATA[o3hgew_sg3h2fcMU1JWPXACcwezQ]]></FromUserName>
<CreateTime>1521697304</CreateTime>
<MsgType><![CDATA[event]]></MsgType>
<Event><![CDATA[LOCATION]]></Event>
<Latitude>22.936195</Latitude>
<Longitude>113.664650</Longitude>
<Precision>30.000000</Precision>
</xml>

2018-03-22 13:41:44 params :
------------
String:
array (
  'message' => 
  array (
    'tousername' => 'gh_3d9ec5667ec1',
    'fromusername' => 'o3hgew_sg3h2fcMU1JWPXACcwezQ',
    'createtime' => '1521697304',
    'msgtype' => 'event',
    'event' => 'LOCATION',
    'latitude' => '22.936195',
    'longitude' => '113.664650',
    'precision' => '30.000000',
    'from' => 'o3hgew_sg3h2fcMU1JWPXACcwezQ',
    'to' => 'gh_3d9ec5667ec1',
    'time' => '1521697304',
    'type' => 'trace',
    'location_x' => '22.936195',
    'location_y' => '113.664650',
  ),
  'module' => 'default',
  'rule' => '-1',
)

2018-03-22 13:41:44 response :
------------
Array:
errno : -1 ;
message : Invaild value ;

2018-03-22 13:51:03 trace :
------------
String:
<xml><ToUserName><![CDATA[gh_3d9ec5667ec1]]></ToUserName>
<FromUserName><![CDATA[o3hgewyRY3fOLh_UCCNeIobNWvV8]]></FromUserName>
<CreateTime>1521697862</CreateTime>
<MsgType><![CDATA[event]]></MsgType>
<Event><![CDATA[LOCATION]]></Event>
<Latitude>22.936340</Latitude>
<Longitude>113.664444</Longitude>
<Precision>45.000000</Precision>
</xml>

2018-03-22 13:51:03 params :
------------
String:
array (
  'message' => 
  array (
    'tousername' => 'gh_3d9ec5667ec1',
    'fromusername' => 'o3hgewyRY3fOLh_UCCNeIobNWvV8',
    'createtime' => '1521697862',
    'msgtype' => 'event',
    'event' => 'LOCATION',
    'latitude' => '22.936340',
    'longitude' => '113.664444',
    'precision' => '45.000000',
    'from' => 'o3hgewyRY3fOLh_UCCNeIobNWvV8',
    'to' => 'gh_3d9ec5667ec1',
    'time' => '1521697862',
    'type' => 'trace',
    'location_x' => '22.936340',
    'location_y' => '113.664444',
  ),
  'module' => 'default',
  'rule' => '-1',
)

2018-03-22 13:51:03 response :
------------
Array:
errno : -1 ;
message : Invaild value ;

2018-03-22 13:53:33 trace :
------------
String:
<xml><ToUserName><![CDATA[gh_3d9ec5667ec1]]></ToUserName>
<FromUserName><![CDATA[o3hgew9RbSlvcP5g6OGTC22V-Jtw]]></FromUserName>
<CreateTime>1521698012</CreateTime>
<MsgType><![CDATA[event]]></MsgType>
<Event><![CDATA[subscribe]]></Event>
<EventKey><![CDATA[]]></EventKey>
</xml>

2018-03-22 13:53:34 params :
------------
String:
array (
  'rule' => -2,
  'module' => '',
  'message' => 
  array (
    'tousername' => 'gh_3d9ec5667ec1',
    'fromusername' => 'o3hgew9RbSlvcP5g6OGTC22V-Jtw',
    'createtime' => '1521698012',
    'msgtype' => 'event',
    'event' => 'subscribe',
    'eventkey' => '',
    'from' => 'o3hgew9RbSlvcP5g6OGTC22V-Jtw',
    'to' => 'gh_3d9ec5667ec1',
    'time' => '1521698012',
    'type' => 'text',
    'redirection' => true,
    'source' => 'subscribe',
  ),
)

2018-03-22 13:53:34 response :
------------

2018-03-22 13:53:37 trace :
------------
String:
<xml><ToUserName><![CDATA[gh_3d9ec5667ec1]]></ToUserName>
<FromUserName><![CDATA[o3hgew9RbSlvcP5g6OGTC22V-Jtw]]></FromUserName>
<CreateTime>1521698016</CreateTime>
<MsgType><![CDATA[event]]></MsgType>
<Event><![CDATA[LOCATION]]></Event>
<Latitude>22.936270</Latitude>
<Longitude>113.664574</Longitude>
<Precision>30.000000</Precision>
</xml>

2018-03-22 13:53:37 params :
------------
String:
array (
  'message' => 
  array (
    'tousername' => 'gh_3d9ec5667ec1',
    'fromusername' => 'o3hgew9RbSlvcP5g6OGTC22V-Jtw',
    'createtime' => '1521698016',
    'msgtype' => 'event',
    'event' => 'LOCATION',
    'latitude' => '22.936270',
    'longitude' => '113.664574',
    'precision' => '30.000000',
    'from' => 'o3hgew9RbSlvcP5g6OGTC22V-Jtw',
    'to' => 'gh_3d9ec5667ec1',
    'time' => '1521698016',
    'type' => 'trace',
    'location_x' => '22.936270',
    'location_y' => '113.664574',
  ),
  'module' => 'default',
  'rule' => '-1',
)

2018-03-22 13:53:37 response :
------------
Array:
errno : -1 ;
message : Invaild value ;

2018-03-22 13:53:49 trace :
------------
String:
<xml><ToUserName><![CDATA[gh_3d9ec5667ec1]]></ToUserName>
<FromUserName><![CDATA[o3hgew9RbSlvcP5g6OGTC22V-Jtw]]></FromUserName>
<CreateTime>1521698028</CreateTime>
<MsgType><![CDATA[event]]></MsgType>
<Event><![CDATA[LOCATION]]></Event>
<Latitude>22.936270</Latitude>
<Longitude>113.664574</Longitude>
<Precision>30.000000</Precision>
</xml>

2018-03-22 13:53:49 params :
------------
String:
array (
  'message' => 
  array (
    'tousername' => 'gh_3d9ec5667ec1',
    'fromusername' => 'o3hgew9RbSlvcP5g6OGTC22V-Jtw',
    'createtime' => '1521698028',
    'msgtype' => 'event',
    'event' => 'LOCATION',
    'latitude' => '22.936270',
    'longitude' => '113.664574',
    'precision' => '30.000000',
    'from' => 'o3hgew9RbSlvcP5g6OGTC22V-Jtw',
    'to' => 'gh_3d9ec5667ec1',
    'time' => '1521698028',
    'type' => 'trace',
    'location_x' => '22.936270',
    'location_y' => '113.664574',
  ),
  'module' => 'default',
  'rule' => '-1',
)

2018-03-22 13:53:49 response :
------------
Array:
errno : -1 ;
message : Invaild value ;

2018-03-22 13:56:43 trace :
------------
String:
<xml><ToUserName><![CDATA[gh_3d9ec5667ec1]]></ToUserName>
<FromUserName><![CDATA[o3hgew-bOt265bLs05UKgF6zUHHQ]]></FromUserName>
<CreateTime>1521698203</CreateTime>
<MsgType><![CDATA[event]]></MsgType>
<Event><![CDATA[subscribe]]></Event>
<EventKey><![CDATA[]]></EventKey>
</xml>

2018-03-22 13:56:44 params :
------------
String:
array (
  'rule' => -2,
  'module' => '',
  'message' => 
  array (
    'tousername' => 'gh_3d9ec5667ec1',
    'fromusername' => 'o3hgew-bOt265bLs05UKgF6zUHHQ',
    'createtime' => '1521698203',
    'msgtype' => 'event',
    'event' => 'subscribe',
    'eventkey' => '',
    'from' => 'o3hgew-bOt265bLs05UKgF6zUHHQ',
    'to' => 'gh_3d9ec5667ec1',
    'time' => '1521698203',
    'type' => 'text',
    'redirection' => true,
    'source' => 'subscribe',
  ),
)

2018-03-22 13:56:44 response :
------------

2018-03-22 13:56:46 trace :
------------
String:
<xml><ToUserName><![CDATA[gh_3d9ec5667ec1]]></ToUserName>
<FromUserName><![CDATA[o3hgew-bOt265bLs05UKgF6zUHHQ]]></FromUserName>
<CreateTime>1521698205</CreateTime>
<MsgType><![CDATA[event]]></MsgType>
<Event><![CDATA[LOCATION]]></Event>
<Latitude>22.936359</Latitude>
<Longitude>113.664642</Longitude>
<Precision>30.000000</Precision>
</xml>

2018-03-22 13:56:46 params :
------------
String:
array (
  'message' => 
  array (
    'tousername' => 'gh_3d9ec5667ec1',
    'fromusername' => 'o3hgew-bOt265bLs05UKgF6zUHHQ',
    'createtime' => '1521698205',
    'msgtype' => 'event',
    'event' => 'LOCATION',
    'latitude' => '22.936359',
    'longitude' => '113.664642',
    'precision' => '30.000000',
    'from' => 'o3hgew-bOt265bLs05UKgF6zUHHQ',
    'to' => 'gh_3d9ec5667ec1',
    'time' => '1521698205',
    'type' => 'trace',
    'location_x' => '22.936359',
    'location_y' => '113.664642',
  ),
  'module' => 'default',
  'rule' => '-1',
)

2018-03-22 13:56:46 response :
------------
Array:
errno : -1 ;
message : Invaild value ;

2018-03-22 13:57:23 trace :
------------
String:
<xml><ToUserName><![CDATA[gh_3d9ec5667ec1]]></ToUserName>
<FromUserName><![CDATA[o3hgew-bOt265bLs05UKgF6zUHHQ]]></FromUserName>
<CreateTime>1521698242</CreateTime>
<MsgType><![CDATA[event]]></MsgType>
<Event><![CDATA[LOCATION]]></Event>
<Latitude>22.936359</Latitude>
<Longitude>113.664642</Longitude>
<Precision>30.000000</Precision>
</xml>

2018-03-22 13:57:23 params :
------------
String:
array (
  'message' => 
  array (
    'tousername' => 'gh_3d9ec5667ec1',
    'fromusername' => 'o3hgew-bOt265bLs05UKgF6zUHHQ',
    'createtime' => '1521698242',
    'msgtype' => 'event',
    'event' => 'LOCATION',
    'latitude' => '22.936359',
    'longitude' => '113.664642',
    'precision' => '30.000000',
    'from' => 'o3hgew-bOt265bLs05UKgF6zUHHQ',
    'to' => 'gh_3d9ec5667ec1',
    'time' => '1521698242',
    'type' => 'trace',
    'location_x' => '22.936359',
    'location_y' => '113.664642',
  ),
  'module' => 'default',
  'rule' => '-1',
)

2018-03-22 13:57:23 response :
------------
Array:
errno : -1 ;
message : Invaild value ;

2018-03-22 15:00:45 trace :
------------
String:
<xml><ToUserName><![CDATA[gh_3d9ec5667ec1]]></ToUserName>
<FromUserName><![CDATA[o3hgewyRY3fOLh_UCCNeIobNWvV8]]></FromUserName>
<CreateTime>1521702044</CreateTime>
<MsgType><![CDATA[event]]></MsgType>
<Event><![CDATA[LOCATION]]></Event>
<Latitude>22.935995</Latitude>
<Longitude>113.664238</Longitude>
<Precision>30.000000</Precision>
</xml>

2018-03-22 15:00:45 params :
------------
String:
array (
  'message' => 
  array (
    'tousername' => 'gh_3d9ec5667ec1',
    'fromusername' => 'o3hgewyRY3fOLh_UCCNeIobNWvV8',
    'createtime' => '1521702044',
    'msgtype' => 'event',
    'event' => 'LOCATION',
    'latitude' => '22.935995',
    'longitude' => '113.664238',
    'precision' => '30.000000',
    'from' => 'o3hgewyRY3fOLh_UCCNeIobNWvV8',
    'to' => 'gh_3d9ec5667ec1',
    'time' => '1521702044',
    'type' => 'trace',
    'location_x' => '22.935995',
    'location_y' => '113.664238',
  ),
  'module' => 'default',
  'rule' => '-1',
)

2018-03-22 15:00:45 response :
------------
Array:
errno : -1 ;
message : Invaild value ;

2018-03-22 15:01:15 trace :
------------
String:
<xml><ToUserName><![CDATA[gh_3d9ec5667ec1]]></ToUserName>
<FromUserName><![CDATA[o3hgewyRY3fOLh_UCCNeIobNWvV8]]></FromUserName>
<CreateTime>1521702074</CreateTime>
<MsgType><![CDATA[event]]></MsgType>
<Event><![CDATA[LOCATION]]></Event>
<Latitude>22.935995</Latitude>
<Longitude>113.664238</Longitude>
<Precision>30.000000</Precision>
</xml>

2018-03-22 15:01:15 params :
------------
String:
array (
  'message' => 
  array (
    'tousername' => 'gh_3d9ec5667ec1',
    'fromusername' => 'o3hgewyRY3fOLh_UCCNeIobNWvV8',
    'createtime' => '1521702074',
    'msgtype' => 'event',
    'event' => 'LOCATION',
    'latitude' => '22.935995',
    'longitude' => '113.664238',
    'precision' => '30.000000',
    'from' => 'o3hgewyRY3fOLh_UCCNeIobNWvV8',
    'to' => 'gh_3d9ec5667ec1',
    'time' => '1521702074',
    'type' => 'trace',
    'location_x' => '22.935995',
    'location_y' => '113.664238',
  ),
  'module' => 'default',
  'rule' => '-1',
)

2018-03-22 15:01:15 response :
------------
Array:
errno : -1 ;
message : Invaild value ;

2018-03-22 15:40:04 trace :
------------
String:
<xml><ToUserName><![CDATA[gh_3d9ec5667ec1]]></ToUserName>
<FromUserName><![CDATA[o3hgew4Tov32wh869bSEMsJGqfGU]]></FromUserName>
<CreateTime>1521704403</CreateTime>
<MsgType><![CDATA[event]]></MsgType>
<Event><![CDATA[subscribe]]></Event>
<EventKey><![CDATA[]]></EventKey>
</xml>

2018-03-22 15:40:05 params :
------------
String:
array (
  'rule' => -2,
  'module' => '',
  'message' => 
  array (
    'tousername' => 'gh_3d9ec5667ec1',
    'fromusername' => 'o3hgew4Tov32wh869bSEMsJGqfGU',
    'createtime' => '1521704403',
    'msgtype' => 'event',
    'event' => 'subscribe',
    'eventkey' => '',
    'from' => 'o3hgew4Tov32wh869bSEMsJGqfGU',
    'to' => 'gh_3d9ec5667ec1',
    'time' => '1521704403',
    'type' => 'text',
    'redirection' => true,
    'source' => 'subscribe',
  ),
)

2018-03-22 15:40:05 response :
------------

2018-03-22 15:40:12 trace :
------------
String:
<xml><ToUserName><![CDATA[gh_3d9ec5667ec1]]></ToUserName>
<FromUserName><![CDATA[o3hgew4Tov32wh869bSEMsJGqfGU]]></FromUserName>
<CreateTime>1521704411</CreateTime>
<MsgType><![CDATA[event]]></MsgType>
<Event><![CDATA[LOCATION]]></Event>
<Latitude>22.936277</Latitude>
<Longitude>113.664536</Longitude>
<Precision>30.000000</Precision>
</xml>

2018-03-22 15:40:12 params :
------------
String:
array (
  'message' => 
  array (
    'tousername' => 'gh_3d9ec5667ec1',
    'fromusername' => 'o3hgew4Tov32wh869bSEMsJGqfGU',
    'createtime' => '1521704411',
    'msgtype' => 'event',
    'event' => 'LOCATION',
    'latitude' => '22.936277',
    'longitude' => '113.664536',
    'precision' => '30.000000',
    'from' => 'o3hgew4Tov32wh869bSEMsJGqfGU',
    'to' => 'gh_3d9ec5667ec1',
    'time' => '1521704411',
    'type' => 'trace',
    'location_x' => '22.936277',
    'location_y' => '113.664536',
  ),
  'module' => 'default',
  'rule' => '-1',
)

2018-03-22 15:40:12 response :
------------
Array:
errno : -1 ;
message : Invaild value ;

2018-03-22 15:41:45 trace :
------------
String:
<xml><ToUserName><![CDATA[gh_3d9ec5667ec1]]></ToUserName>
<FromUserName><![CDATA[o3hgew_4M2A2PTixwwD5My79ctmw]]></FromUserName>
<CreateTime>1521704504</CreateTime>
<MsgType><![CDATA[event]]></MsgType>
<Event><![CDATA[subscribe]]></Event>
<EventKey><![CDATA[]]></EventKey>
</xml>

2018-03-22 15:41:45 params :
------------
String:
array (
  'rule' => -2,
  'module' => '',
  'message' => 
  array (
    'tousername' => 'gh_3d9ec5667ec1',
    'fromusername' => 'o3hgew_4M2A2PTixwwD5My79ctmw',
    'createtime' => '1521704504',
    'msgtype' => 'event',
    'event' => 'subscribe',
    'eventkey' => '',
    'from' => 'o3hgew_4M2A2PTixwwD5My79ctmw',
    'to' => 'gh_3d9ec5667ec1',
    'time' => '1521704504',
    'type' => 'text',
    'redirection' => true,
    'source' => 'subscribe',
  ),
)

2018-03-22 15:41:45 response :
------------

2018-03-22 16:00:05 trace :
------------
String:
<xml><ToUserName><![CDATA[gh_3d9ec5667ec1]]></ToUserName>
<FromUserName><![CDATA[o3hgewywF0dc4DxUPQvQiaOe3Ps0]]></FromUserName>
<CreateTime>1521705604</CreateTime>
<MsgType><![CDATA[event]]></MsgType>
<Event><![CDATA[subscribe]]></Event>
<EventKey><![CDATA[]]></EventKey>
</xml>

2018-03-22 16:00:06 params :
------------
String:
array (
  'rule' => -2,
  'module' => '',
  'message' => 
  array (
    'tousername' => 'gh_3d9ec5667ec1',
    'fromusername' => 'o3hgewywF0dc4DxUPQvQiaOe3Ps0',
    'createtime' => '1521705604',
    'msgtype' => 'event',
    'event' => 'subscribe',
    'eventkey' => '',
    'from' => 'o3hgewywF0dc4DxUPQvQiaOe3Ps0',
    'to' => 'gh_3d9ec5667ec1',
    'time' => '1521705604',
    'type' => 'text',
    'redirection' => true,
    'source' => 'subscribe',
  ),
)

2018-03-22 16:00:06 response :
------------

2018-03-22 16:31:38 trace :
------------
String:
<xml><ToUserName><![CDATA[gh_3d9ec5667ec1]]></ToUserName>
<FromUserName><![CDATA[o3hgew30cOlE1cM6wB0abI9RyW_Y]]></FromUserName>
<CreateTime>1521707497</CreateTime>
<MsgType><![CDATA[event]]></MsgType>
<Event><![CDATA[LOCATION]]></Event>
<Latitude>23.027800</Latitude>
<Longitude>113.736099</Longitude>
<Precision>30.000000</Precision>
</xml>

2018-03-22 16:31:38 params :
------------
String:
array (
  'message' => 
  array (
    'tousername' => 'gh_3d9ec5667ec1',
    'fromusername' => 'o3hgew30cOlE1cM6wB0abI9RyW_Y',
    'createtime' => '1521707497',
    'msgtype' => 'event',
    'event' => 'LOCATION',
    'latitude' => '23.027800',
    'longitude' => '113.736099',
    'precision' => '30.000000',
    'from' => 'o3hgew30cOlE1cM6wB0abI9RyW_Y',
    'to' => 'gh_3d9ec5667ec1',
    'time' => '1521707497',
    'type' => 'trace',
    'location_x' => '23.027800',
    'location_y' => '113.736099',
  ),
  'module' => 'default',
  'rule' => '-1',
)

2018-03-22 16:31:38 response :
------------
Array:
errno : -1 ;
message : Invaild value ;

2018-03-22 16:32:05 trace :
------------
String:
<xml><ToUserName><![CDATA[gh_3d9ec5667ec1]]></ToUserName>
<FromUserName><![CDATA[o3hgew30cOlE1cM6wB0abI9RyW_Y]]></FromUserName>
<CreateTime>1521707524</CreateTime>
<MsgType><![CDATA[event]]></MsgType>
<Event><![CDATA[LOCATION]]></Event>
<Latitude>23.027800</Latitude>
<Longitude>113.736099</Longitude>
<Precision>30.000000</Precision>
</xml>

2018-03-22 16:32:05 params :
------------
String:
array (
  'message' => 
  array (
    'tousername' => 'gh_3d9ec5667ec1',
    'fromusername' => 'o3hgew30cOlE1cM6wB0abI9RyW_Y',
    'createtime' => '1521707524',
    'msgtype' => 'event',
    'event' => 'LOCATION',
    'latitude' => '23.027800',
    'longitude' => '113.736099',
    'precision' => '30.000000',
    'from' => 'o3hgew30cOlE1cM6wB0abI9RyW_Y',
    'to' => 'gh_3d9ec5667ec1',
    'time' => '1521707524',
    'type' => 'trace',
    'location_x' => '23.027800',
    'location_y' => '113.736099',
  ),
  'module' => 'default',
  'rule' => '-1',
)

2018-03-22 16:32:05 response :
------------
Array:
errno : -1 ;
message : Invaild value ;

